#
# There is insufficient memory for the Java Runtime Environment to continue.
# Native memory allocation (malloc) failed to allocate 1910416 bytes. Error detail: Chunk::new
# Possible reasons:
#   The system is out of physical RAM or swap space
#   This process is running with CompressedOops enabled, and the Java Heap may be blocking the growth of the native heap
# Possible solutions:
#   Reduce memory load on the system
#   Increase physical memory or swap space
#   Check if swap backing store is full
#   Decrease Java heap size (-Xmx/-Xms)
#   Decrease number of Java threads
#   Decrease Java thread stack sizes (-Xss)
#   Set larger code cache with -XX:ReservedCodeCacheSize=
#   JVM is running with Unscaled Compressed Oops mode in which the Java heap is
#     placed in the first 4GB address space. The Java Heap base address is the
#     maximum limit for the native heap growth. Please use -XX:HeapBaseMinAddress
#     to set the Java Heap base and to place the Java Heap above 4GB virtual address.
# This output file may be truncated or incomplete.
#
#  Out of Memory Error (arena.cpp:191), pid=12276, tid=2056
#
# JRE version: OpenJDK Runtime Environment Microsoft-12574423 (17.0.17+10) (build 17.0.17+10-LTS)
# Java VM: OpenJDK 64-Bit Server VM Microsoft-12574423 (17.0.17+10-LTS, mixed mode, sharing, tiered, compressed oops, compressed class ptrs, g1 gc, windows-amd64)
# No core dump will be written. Minidumps are not enabled by default on client versions of Windows
#

---------------  S U M M A R Y ------------

Command Line: --add-opens=java.base/java.lang=ALL-UNNAMED --add-opens=java.base/java.lang.invoke=ALL-UNNAMED --add-opens=java.base/java.util=ALL-UNNAMED --add-opens=java.prefs/java.util.prefs=ALL-UNNAMED --add-exports=jdk.compiler/com.sun.tools.javac.api=ALL-UNNAMED --add-exports=jdk.compiler/com.sun.tools.javac.util=ALL-UNNAMED --add-opens=java.base/java.util=ALL-UNNAMED --add-opens=java.prefs/java.util.prefs=ALL-UNNAMED --add-opens=java.base/java.nio.charset=ALL-UNNAMED --add-opens=java.base/java.net=ALL-UNNAMED --add-opens=java.base/java.util.concurrent.atomic=ALL-UNNAMED --add-opens=java.xml/javax.xml.namespace=ALL-UNNAMED -Xmx2048m -Dfile.encoding=UTF-8 -Duser.country=US -Duser.language=en -Duser.variant -javaagent:C:\Users\Dell\.gradle\wrapper\dists\gradle-8.13-bin\5xuhj0ry160q40clulazy9h7d\gradle-8.13\lib\agents\gradle-instrumentation-agent-8.13.jar org.gradle.launcher.daemon.bootstrap.GradleDaemon 8.13

Host: Intel(R) Core(TM) i5-7200U CPU @ 2.50GHz, 4 cores, 3G,  Windows 10 , 64 bit Build 19041 (10.0.19041.5915)
Time: Tue Nov 18 22:50:32 2025 Pacific Standard Time elapsed time: 36.237182 seconds (0d 0h 0m 36s)

---------------  T H R E A D  ---------------

Current thread (0x0000019bf204c350):  JavaThread "C2 CompilerThread1" daemon [_thread_in_native, id=2056, stack(0x000000213ab00000,0x000000213ac00000)]


Current CompileTask:
C2:36238 9254       4       org.gradle.internal.instantiation.generator.AbstractClassGenerator::inspectType (602 bytes)

Stack: [0x000000213ab00000,0x000000213ac00000]
Native frames: (J=compiled Java code, j=interpreted, Vv=VM code, C=native code)
V  [jvm.dll+0x68c459]  (no source info available)
V  [jvm.dll+0x845e09]  (no source info available)
V  [jvm.dll+0x847b78]  (no source info available)
V  [jvm.dll+0x848203]  (no source info available)
V  [jvm.dll+0x24cf6f]  (no source info available)
V  [jvm.dll+0xaecb6]  (no source info available)
V  [jvm.dll+0xaf35c]  (no source info available)
V  [jvm.dll+0x37152f]  (no source info available)
V  [jvm.dll+0x1c08f9]  (no source info available)
V  [jvm.dll+0x21e080]  (no source info available)
V  [jvm.dll+0x21d36d]  (no source info available)
V  [jvm.dll+0x1a8ce6]  (no source info available)
V  [jvm.dll+0x22db1b]  (no source info available)
V  [jvm.dll+0x22bca6]  (no source info available)
V  [jvm.dll+0x7fb65b]  (no source info available)
V  [jvm.dll+0x7f5a5c]  (no source info available)
V  [jvm.dll+0x68d9f7]  (no source info available)
C  [ucrtbase.dll+0x21bb2]  (no source info available)
C  [KERNEL32.DLL+0x17374]  (no source info available)
C  [ntdll.dll+0x4cc91]  (no source info available)


---------------  P R O C E S S  ---------------

Threads class SMR info:
_java_thread_list=0x0000019bf09411a0, length=47, elements={
0x0000019b893f31b0, 0x0000019ba6fe7e20, 0x0000019ba6fea900, 0x0000019ba6ffc8c0,
0x0000019ba6fff2a0, 0x0000019ba6fffb70, 0x0000019ba7002450, 0x0000019ba7006550,
0x0000019ba70133f0, 0x0000019ba7015ea0, 0x0000019ba70dff00, 0x0000019ba71d4f30,
0x0000019bed471490, 0x0000019bed8d54a0, 0x0000019bed49e5e0, 0x0000019ba7203740,
0x0000019ba7203c20, 0x0000019ba72044d0, 0x0000019bedb65ef0, 0x0000019bed3d00c0,
0x0000019bed3cf190, 0x0000019bed3d05d0, 0x0000019bed3cdd50, 0x0000019bed3d0ae0,
0x0000019bed3ce770, 0x0000019bed3cec80, 0x0000019bed3cf6a0, 0x0000019bed3d1500,
0x0000019bed3ce260, 0x0000019bf0ca13d0, 0x0000019bf0ca09b0, 0x0000019bf0c9fa80,
0x0000019bf0ca0ec0, 0x0000019bf0ca04a0, 0x0000019bf0ca2810, 0x0000019bf0ca1df0,
0x0000019bf0ca2300, 0x0000019bf0c9f570, 0x0000019bf0c9f060, 0x0000019bf0c9ff90,
0x0000019bf219b230, 0x0000019bf2197a80, 0x0000019bf21993d0, 0x0000019bf204c350,
0x0000019bf219b740, 0x0000019bf2195710, 0x0000019bf21984a0
}

Java Threads: ( => current thread )
  0x0000019b893f31b0 JavaThread "main" [_thread_blocked, id=8556, stack(0x0000002137500000,0x0000002137600000)]
  0x0000019ba6fe7e20 JavaThread "Reference Handler" daemon [_thread_blocked, id=3620, stack(0x0000002137c00000,0x0000002137d00000)]
  0x0000019ba6fea900 JavaThread "Finalizer" daemon [_thread_blocked, id=4820, stack(0x0000002137d00000,0x0000002137e00000)]
  0x0000019ba6ffc8c0 JavaThread "Signal Dispatcher" daemon [_thread_blocked, id=6880, stack(0x0000002137e00000,0x0000002137f00000)]
  0x0000019ba6fff2a0 JavaThread "Attach Listener" daemon [_thread_blocked, id=1432, stack(0x0000002137f00000,0x0000002138000000)]
  0x0000019ba6fffb70 JavaThread "Service Thread" daemon [_thread_blocked, id=11860, stack(0x0000002138000000,0x0000002138100000)]
  0x0000019ba7002450 JavaThread "Monitor Deflation Thread" daemon [_thread_blocked, id=7876, stack(0x0000002138100000,0x0000002138200000)]
  0x0000019ba7006550 JavaThread "C2 CompilerThread0" daemon [_thread_in_native, id=12436, stack(0x0000002138200000,0x0000002138300000)]
  0x0000019ba70133f0 JavaThread "C1 CompilerThread0" daemon [_thread_blocked, id=1280, stack(0x0000002138300000,0x0000002138400000)]
  0x0000019ba7015ea0 JavaThread "Sweeper thread" daemon [_thread_blocked, id=11744, stack(0x0000002138400000,0x0000002138500000)]
  0x0000019ba70dff00 JavaThread "Common-Cleaner" daemon [_thread_blocked, id=5040, stack(0x0000002138500000,0x0000002138600000)]
  0x0000019ba71d4f30 JavaThread "Notification Thread" daemon [_thread_blocked, id=3464, stack(0x0000002138600000,0x0000002138700000)]
  0x0000019bed471490 JavaThread "Daemon health stats" [_thread_blocked, id=7476, stack(0x0000002138c00000,0x0000002138d00000)]
  0x0000019bed8d54a0 JavaThread "Incoming local TCP Connector on port 49607" [_thread_in_native, id=7860, stack(0x0000002138d00000,0x0000002138e00000)]
  0x0000019bed49e5e0 JavaThread "Daemon periodic checks" [_thread_blocked, id=9440, stack(0x0000002138e00000,0x0000002138f00000)]
  0x0000019ba7203740 JavaThread "Daemon" [_thread_blocked, id=12388, stack(0x0000002138f00000,0x0000002139000000)]
  0x0000019ba7203c20 JavaThread "Handler for socket connection from /127.0.0.1:49607 to /127.0.0.1:49608" [_thread_in_native, id=13236, stack(0x0000002139000000,0x0000002139100000)]
  0x0000019ba72044d0 JavaThread "Cancel handler" [_thread_blocked, id=11788, stack(0x0000002139100000,0x0000002139200000)]
  0x0000019bedb65ef0 JavaThread "Daemon worker" [_thread_in_native, id=1700, stack(0x0000002139200000,0x0000002139300000)]
  0x0000019bed3d00c0 JavaThread "Asynchronous log dispatcher for DefaultDaemonConnection: socket connection from /127.0.0.1:49607 to /127.0.0.1:49608" [_thread_blocked, id=6140, stack(0x0000002139300000,0x0000002139400000)]
  0x0000019bed3cf190 JavaThread "Stdin handler" [_thread_blocked, id=12864, stack(0x0000002139400000,0x0000002139500000)]
  0x0000019bed3d05d0 JavaThread "Daemon client event forwarder" [_thread_blocked, id=11076, stack(0x0000002139500000,0x0000002139600000)]
  0x0000019bed3cdd50 JavaThread "Cache worker for journal cache (C:\Users\Dell\.gradle\caches\journal-1)" [_thread_blocked, id=10088, stack(0x0000002139600000,0x0000002139700000)]
  0x0000019bed3d0ae0 JavaThread "File lock request listener" [_thread_in_native, id=13076, stack(0x0000002139700000,0x0000002139800000)]
  0x0000019bed3ce770 JavaThread "Cache worker for file hash cache (C:\Users\Dell\.gradle\caches\8.13\fileHashes)" [_thread_blocked, id=13204, stack(0x0000002139800000,0x0000002139900000)]
  0x0000019bed3cec80 JavaThread "Cache worker for file hash cache (C:\Intel\kinderkingdoom77\KinderKingdom\.gradle\8.13\fileHashes)" [_thread_blocked, id=1340, stack(0x0000002139a00000,0x0000002139b00000)]
  0x0000019bed3cf6a0 JavaThread "Cache worker for Build Output Cleanup Cache (C:\Intel\kinderkingdoom77\KinderKingdom\.gradle\buildOutputCleanup)" [_thread_blocked, id=5956, stack(0x0000002139b00000,0x0000002139c00000)]
  0x0000019bed3d1500 JavaThread "File watcher server" daemon [_thread_in_native, id=6344, stack(0x0000002139c00000,0x0000002139d00000)]
  0x0000019bed3ce260 JavaThread "File watcher consumer" daemon [_thread_blocked, id=7304, stack(0x0000002139d00000,0x0000002139e00000)]
  0x0000019bf0ca13d0 JavaThread "Cache worker for checksums cache (C:\Intel\kinderkingdoom77\KinderKingdom\.gradle\8.13\checksums)" [_thread_blocked, id=13128, stack(0x0000002139900000,0x0000002139a00000)]
  0x0000019bf0ca09b0 JavaThread "Cache worker for file content cache (C:\Users\Dell\.gradle\caches\8.13\fileContent)" [_thread_blocked, id=11168, stack(0x0000002139e00000,0x0000002139f00000)]
  0x0000019bf0c9fa80 JavaThread "Cache worker for cache directory md-supplier (C:\Users\Dell\.gradle\caches\8.13\md-supplier)" [_thread_blocked, id=12008, stack(0x000000213a000000,0x000000213a100000)]
  0x0000019bf0ca0ec0 JavaThread "Cache worker for cache directory md-rule (C:\Users\Dell\.gradle\caches\8.13\md-rule)" [_thread_blocked, id=7660, stack(0x0000002139f00000,0x000000213a000000)]
  0x0000019bf0ca04a0 JavaThread "Unconstrained build operations" [_thread_blocked, id=11784, stack(0x000000213a100000,0x000000213a200000)]
  0x0000019bf0ca2810 JavaThread "Unconstrained build operations Thread 2" [_thread_blocked, id=2480, stack(0x000000213a200000,0x000000213a300000)]
  0x0000019bf0ca1df0 JavaThread "Unconstrained build operations Thread 3" [_thread_blocked, id=8136, stack(0x000000213a300000,0x000000213a400000)]
  0x0000019bf0ca2300 JavaThread "Unconstrained build operations Thread 4" [_thread_blocked, id=3644, stack(0x000000213a500000,0x000000213a600000)]
  0x0000019bf0c9f570 JavaThread "Unconstrained build operations Thread 5" [_thread_blocked, id=12624, stack(0x000000213a600000,0x000000213a700000)]
  0x0000019bf0c9f060 JavaThread "Unconstrained build operations Thread 6" [_thread_blocked, id=11092, stack(0x000000213a700000,0x000000213a800000)]
  0x0000019bf0c9ff90 JavaThread "Unconstrained build operations Thread 7" [_thread_blocked, id=7192, stack(0x000000213a400000,0x000000213a500000)]
  0x0000019bf219b230 JavaThread "Unconstrained build operations Thread 8" [_thread_blocked, id=10536, stack(0x000000213a800000,0x000000213a900000)]
  0x0000019bf2197a80 JavaThread "Unconstrained build operations Thread 9" [_thread_blocked, id=2780, stack(0x000000213a900000,0x000000213aa00000)]
  0x0000019bf21993d0 JavaThread "build event listener" [_thread_blocked, id=6280, stack(0x000000213aa00000,0x000000213ab00000)]
=>0x0000019bf204c350 JavaThread "C2 CompilerThread1" daemon [_thread_in_native, id=2056, stack(0x000000213ab00000,0x000000213ac00000)]
  0x0000019bf219b740 JavaThread "Memory manager" [_thread_blocked, id=8896, stack(0x000000213ac00000,0x000000213ad00000)]
  0x0000019bf2195710 JavaThread "Problems report writer" [_thread_blocked, id=3460, stack(0x000000213ad00000,0x000000213ae00000)]
  0x0000019bf21984a0 JavaThread "build event listener" [_thread_blocked, id=2824, stack(0x000000213ae00000,0x000000213af00000)]

Other Threads:
  0x0000019ba6fe01b0 VMThread "VM Thread" [stack: 0x0000002137b00000,0x0000002137c00000] [id=12584]
  0x0000019ba7277cb0 WatcherThread [stack: 0x0000002138700000,0x0000002138800000] [id=5020]
  0x0000019b89449ce0 GCTaskThread "GC Thread#0" [stack: 0x0000002137600000,0x0000002137700000] [id=7404]
  0x0000019ba72a9210 GCTaskThread "GC Thread#1" [stack: 0x0000002138800000,0x0000002138900000] [id=4988]
  0x0000019ba7368610 GCTaskThread "GC Thread#2" [stack: 0x0000002138900000,0x0000002138a00000] [id=936]
  0x0000019bed51c830 GCTaskThread "GC Thread#3" [stack: 0x0000002138a00000,0x0000002138b00000] [id=6512]
  0x0000019b8945a9f0 ConcurrentGCThread "G1 Main Marker" [stack: 0x0000002137700000,0x0000002137800000] [id=4568]
  0x0000019b8945b1c0 ConcurrentGCThread "G1 Conc#0" [stack: 0x0000002137800000,0x0000002137900000] [id=9004]
  0x0000019b8949eb00 ConcurrentGCThread "G1 Refine#0" [stack: 0x0000002137900000,0x0000002137a00000] [id=3440]
  0x0000019ba79876f0 ConcurrentGCThread "G1 Refine#1" [stack: 0x0000002138b00000,0x0000002138c00000] [id=11260]
  0x0000019ba6eb0480 ConcurrentGCThread "G1 Service" [stack: 0x0000002137a00000,0x0000002137b00000] [id=11556]

Threads with active compile tasks:
C2 CompilerThread0  36383 9487       4       java.util.jar.JarFile::maybeInstantiateVerifier (42 bytes)
C2 CompilerThread1  36383 9254       4       org.gradle.internal.instantiation.generator.AbstractClassGenerator::inspectType (602 bytes)

VM state: not at safepoint (normal execution)

VM Mutex/Monitor currently owned by a thread: None

Heap address: 0x0000000080000000, size: 2048 MB, Compressed Oops mode: 32-bit

CDS archive(s) mapped at: [0x0000019ba8000000-0x0000019ba8bb0000-0x0000019ba8bb0000), size 12255232, SharedBaseAddress: 0x0000019ba8000000, ArchiveRelocationMode: 1.
Compressed class space mapped at: 0x0000019ba9000000-0x0000019be9000000, reserved size: 1073741824
Narrow klass base: 0x0000019ba8000000, Narrow klass shift: 0, Narrow klass range: 0x100000000

GC Precious Log:
 CPUs: 4 total, 4 available
 Memory: 3994M
 Large Page Support: Disabled
 NUMA Support: Disabled
 Compressed Oops: Enabled (32-bit)
 Heap Region Size: 1M
 Heap Min Capacity: 8M
 Heap Initial Capacity: 64M
 Heap Max Capacity: 2G
 Pre-touch: Disabled
 Parallel Workers: 4
 Concurrent Workers: 1
 Concurrent Refinement Workers: 4
 Periodic GC: Disabled

Heap:
 garbage-first heap   total 186368K, used 145632K [0x0000000080000000, 0x0000000100000000)
  region size 1024K, 62 young (63488K), 4 survivors (4096K)
 Metaspace       used 72776K, committed 73472K, reserved 1114112K
  class space    used 9884K, committed 10176K, reserved 1048576K

Heap Regions: E=young(eden), S=young(survivor), O=old, HS=humongous(starts), HC=humongous(continues), CS=collection set, F=free, OA=open archive, CA=closed archive, TAMS=top-at-mark-start (previous, next)
|   0|0x0000000080000000, 0x0000000080100000, 0x0000000080100000|100%|HS|  |TAMS 0x0000000080100000, 0x0000000080000000| Complete 
|   1|0x0000000080100000, 0x0000000080200000, 0x0000000080200000|100%|HC|  |TAMS 0x0000000080200000, 0x0000000080100000| Complete 
|   2|0x0000000080200000, 0x0000000080300000, 0x0000000080300000|100%|HC|  |TAMS 0x0000000080300000, 0x0000000080200000| Complete 
|   3|0x0000000080300000, 0x0000000080400000, 0x0000000080400000|100%| O|  |TAMS 0x0000000080400000, 0x0000000080300000| Untracked 
|   4|0x0000000080400000, 0x0000000080500000, 0x0000000080500000|100%| O|  |TAMS 0x0000000080500000, 0x0000000080400000| Untracked 
|   5|0x0000000080500000, 0x0000000080600000, 0x0000000080600000|100%| O|  |TAMS 0x0000000080600000, 0x0000000080500000| Untracked 
|   6|0x0000000080600000, 0x0000000080700000, 0x0000000080700000|100%| O|  |TAMS 0x0000000080700000, 0x0000000080600000| Untracked 
|   7|0x0000000080700000, 0x0000000080800000, 0x0000000080800000|100%| O|  |TAMS 0x0000000080800000, 0x0000000080700000| Untracked 
|   8|0x0000000080800000, 0x0000000080900000, 0x0000000080900000|100%|HS|  |TAMS 0x0000000080900000, 0x0000000080800000| Complete 
|   9|0x0000000080900000, 0x0000000080a00000, 0x0000000080a00000|100%| O|  |TAMS 0x0000000080a00000, 0x0000000080900000| Untracked 
|  10|0x0000000080a00000, 0x0000000080b00000, 0x0000000080b00000|100%| O|  |TAMS 0x0000000080b00000, 0x0000000080a00000| Untracked 
|  11|0x0000000080b00000, 0x0000000080c00000, 0x0000000080c00000|100%| O|  |TAMS 0x0000000080c00000, 0x0000000080b00000| Untracked 
|  12|0x0000000080c00000, 0x0000000080d00000, 0x0000000080d00000|100%| O|  |TAMS 0x0000000080d00000, 0x0000000080c00000| Untracked 
|  13|0x0000000080d00000, 0x0000000080e00000, 0x0000000080e00000|100%| O|  |TAMS 0x0000000080e00000, 0x0000000080d00000| Untracked 
|  14|0x0000000080e00000, 0x0000000080f00000, 0x0000000080f00000|100%| O|  |TAMS 0x0000000080f00000, 0x0000000080e00000| Untracked 
|  15|0x0000000080f00000, 0x0000000081000000, 0x0000000081000000|100%| O|  |TAMS 0x0000000081000000, 0x0000000080f00000| Untracked 
|  16|0x0000000081000000, 0x0000000081100000, 0x0000000081100000|100%| O|  |TAMS 0x0000000081100000, 0x0000000081000000| Untracked 
|  17|0x0000000081100000, 0x0000000081200000, 0x0000000081200000|100%| O|  |TAMS 0x0000000081200000, 0x0000000081100000| Untracked 
|  18|0x0000000081200000, 0x0000000081300000, 0x0000000081300000|100%| O|  |TAMS 0x0000000081300000, 0x0000000081200000| Untracked 
|  19|0x0000000081300000, 0x0000000081400000, 0x0000000081400000|100%| O|  |TAMS 0x0000000081400000, 0x0000000081300000| Untracked 
|  20|0x0000000081400000, 0x0000000081500000, 0x0000000081500000|100%| O|  |TAMS 0x0000000081500000, 0x0000000081400000| Untracked 
|  21|0x0000000081500000, 0x0000000081600000, 0x0000000081600000|100%| O|  |TAMS 0x0000000081600000, 0x0000000081500000| Untracked 
|  22|0x0000000081600000, 0x0000000081700000, 0x0000000081700000|100%| O|  |TAMS 0x0000000081700000, 0x0000000081600000| Untracked 
|  23|0x0000000081700000, 0x0000000081800000, 0x0000000081800000|100%| O|  |TAMS 0x0000000081800000, 0x0000000081700000| Untracked 
|  24|0x0000000081800000, 0x0000000081900000, 0x0000000081900000|100%| O|  |TAMS 0x0000000081900000, 0x0000000081800000| Untracked 
|  25|0x0000000081900000, 0x0000000081a00000, 0x0000000081a00000|100%| O|  |TAMS 0x0000000081a00000, 0x0000000081900000| Untracked 
|  26|0x0000000081a00000, 0x0000000081b00000, 0x0000000081b00000|100%| O|  |TAMS 0x0000000081b00000, 0x0000000081a00000| Untracked 
|  27|0x0000000081b00000, 0x0000000081c00000, 0x0000000081c00000|100%| O|  |TAMS 0x0000000081c00000, 0x0000000081b00000| Untracked 
|  28|0x0000000081c00000, 0x0000000081d00000, 0x0000000081d00000|100%| O|  |TAMS 0x0000000081d00000, 0x0000000081c00000| Untracked 
|  29|0x0000000081d00000, 0x0000000081e00000, 0x0000000081e00000|100%| O|  |TAMS 0x0000000081e00000, 0x0000000081d00000| Untracked 
|  30|0x0000000081e00000, 0x0000000081f00000, 0x0000000081f00000|100%| O|  |TAMS 0x0000000081f00000, 0x0000000081e00000| Untracked 
|  31|0x0000000081f00000, 0x0000000082000000, 0x0000000082000000|100%| O|  |TAMS 0x0000000082000000, 0x0000000081f00000| Untracked 
|  32|0x0000000082000000, 0x0000000082100000, 0x0000000082100000|100%| O|  |TAMS 0x0000000082100000, 0x0000000082000000| Untracked 
|  33|0x0000000082100000, 0x0000000082200000, 0x0000000082200000|100%| O|  |TAMS 0x0000000082200000, 0x0000000082100000| Untracked 
|  34|0x0000000082200000, 0x0000000082300000, 0x0000000082300000|100%| O|  |TAMS 0x0000000082300000, 0x0000000082200000| Untracked 
|  35|0x0000000082300000, 0x0000000082400000, 0x0000000082400000|100%| O|  |TAMS 0x0000000082400000, 0x0000000082300000| Untracked 
|  36|0x0000000082400000, 0x0000000082500000, 0x0000000082500000|100%|HS|  |TAMS 0x0000000082400000, 0x0000000082400000| Complete 
|  37|0x0000000082500000, 0x0000000082600000, 0x0000000082600000|100%| O|  |TAMS 0x0000000082600000, 0x0000000082500000| Untracked 
|  38|0x0000000082600000, 0x0000000082700000, 0x0000000082700000|100%| O|  |TAMS 0x0000000082700000, 0x0000000082600000| Untracked 
|  39|0x0000000082700000, 0x0000000082800000, 0x0000000082800000|100%| O|  |TAMS 0x0000000082800000, 0x0000000082700000| Untracked 
|  40|0x0000000082800000, 0x0000000082900000, 0x0000000082900000|100%| O|  |TAMS 0x0000000082900000, 0x0000000082800000| Untracked 
|  41|0x0000000082900000, 0x0000000082a00000, 0x0000000082a00000|100%|HS|  |TAMS 0x0000000082900000, 0x0000000082900000| Complete 
|  42|0x0000000082a00000, 0x0000000082b00000, 0x0000000082b00000|100%| O|  |TAMS 0x0000000082a48e00, 0x0000000082a00000| Untracked 
|  43|0x0000000082b00000, 0x0000000082c00000, 0x0000000082c00000|100%| O|  |TAMS 0x0000000082b00000, 0x0000000082b00000| Untracked 
|  44|0x0000000082c00000, 0x0000000082d00000, 0x0000000082d00000|100%| O|  |TAMS 0x0000000082d00000, 0x0000000082c00000| Untracked 
|  45|0x0000000082d00000, 0x0000000082e00000, 0x0000000082e00000|100%| O|  |TAMS 0x0000000082e00000, 0x0000000082d00000| Untracked 
|  46|0x0000000082e00000, 0x0000000082f00000, 0x0000000082f00000|100%| O|  |TAMS 0x0000000082e00000, 0x0000000082e00000| Untracked 
|  47|0x0000000082f00000, 0x0000000083000000, 0x0000000083000000|100%| O|  |TAMS 0x0000000082f00000, 0x0000000082f00000| Untracked 
|  48|0x0000000083000000, 0x0000000083100000, 0x0000000083100000|100%|HS|  |TAMS 0x0000000083000000, 0x0000000083000000| Complete 
|  49|0x0000000083100000, 0x0000000083200000, 0x0000000083200000|100%| O|  |TAMS 0x0000000083100000, 0x0000000083100000| Untracked 
|  50|0x0000000083200000, 0x0000000083300000, 0x0000000083300000|100%|HS|  |TAMS 0x0000000083200000, 0x0000000083200000| Complete 
|  51|0x0000000083300000, 0x0000000083400000, 0x0000000083400000|100%|HC|  |TAMS 0x0000000083300000, 0x0000000083300000| Complete 
|  52|0x0000000083400000, 0x0000000083500000, 0x0000000083500000|100%|HS|  |TAMS 0x0000000083400000, 0x0000000083400000| Complete 
|  53|0x0000000083500000, 0x0000000083600000, 0x0000000083600000|100%|HC|  |TAMS 0x0000000083500000, 0x0000000083500000| Complete 
|  54|0x0000000083600000, 0x0000000083700000, 0x0000000083700000|100%|HS|  |TAMS 0x0000000083600000, 0x0000000083600000| Complete 
|  55|0x0000000083700000, 0x0000000083800000, 0x0000000083800000|100%|HC|  |TAMS 0x0000000083700000, 0x0000000083700000| Complete 
|  56|0x0000000083800000, 0x0000000083900000, 0x0000000083900000|100%|HC|  |TAMS 0x0000000083800000, 0x0000000083800000| Complete 
|  57|0x0000000083900000, 0x0000000083a00000, 0x0000000083a00000|100%|HC|  |TAMS 0x0000000083900000, 0x0000000083900000| Complete 
|  58|0x0000000083a00000, 0x0000000083b00000, 0x0000000083b00000|100%|HS|  |TAMS 0x0000000083a00000, 0x0000000083a00000| Complete 
|  59|0x0000000083b00000, 0x0000000083b00000, 0x0000000083c00000|  0%| F|  |TAMS 0x0000000083b00000, 0x0000000083b00000| Untracked 
|  60|0x0000000083c00000, 0x0000000083d00000, 0x0000000083d00000|100%|HS|  |TAMS 0x0000000083c00000, 0x0000000083c00000| Complete 
|  61|0x0000000083d00000, 0x0000000083e00000, 0x0000000083e00000|100%|HS|  |TAMS 0x0000000083d00000, 0x0000000083d00000| Complete 
|  62|0x0000000083e00000, 0x0000000083e00000, 0x0000000083f00000|  0%| F|  |TAMS 0x0000000083e00000, 0x0000000083e00000| Untracked 
|  63|0x0000000083f00000, 0x0000000083f00000, 0x0000000084000000|  0%| F|  |TAMS 0x0000000083f00000, 0x0000000083f00000| Untracked 
|  64|0x0000000084000000, 0x0000000084100000, 0x0000000084100000|100%|HS|  |TAMS 0x0000000084000000, 0x0000000084000000| Complete 
|  65|0x0000000084100000, 0x0000000084200000, 0x0000000084200000|100%| O|  |TAMS 0x0000000084100000, 0x0000000084100000| Untracked 
|  66|0x0000000084200000, 0x0000000084300000, 0x0000000084300000|100%| O|  |TAMS 0x0000000084200000, 0x0000000084200000| Untracked 
|  67|0x0000000084300000, 0x0000000084400000, 0x0000000084400000|100%| O|  |TAMS 0x0000000084300000, 0x0000000084300000| Untracked 
|  68|0x0000000084400000, 0x0000000084500000, 0x0000000084500000|100%| O|  |TAMS 0x0000000084400000, 0x0000000084400000| Untracked 
|  69|0x0000000084500000, 0x0000000084600000, 0x0000000084600000|100%| O|  |TAMS 0x0000000084500000, 0x0000000084500000| Untracked 
|  70|0x0000000084600000, 0x0000000084700000, 0x0000000084700000|100%| O|  |TAMS 0x0000000084600000, 0x0000000084600000| Untracked 
|  71|0x0000000084700000, 0x0000000084800000, 0x0000000084800000|100%| O|  |TAMS 0x0000000084700000, 0x0000000084700000| Untracked 
|  72|0x0000000084800000, 0x0000000084900000, 0x0000000084900000|100%| O|  |TAMS 0x0000000084800000, 0x0000000084800000| Untracked 
|  73|0x0000000084900000, 0x0000000084a00000, 0x0000000084a00000|100%| O|  |TAMS 0x0000000084900000, 0x0000000084900000| Untracked 
|  74|0x0000000084a00000, 0x0000000084b00000, 0x0000000084b00000|100%| O|  |TAMS 0x0000000084a00000, 0x0000000084a00000| Untracked 
|  75|0x0000000084b00000, 0x0000000084c00000, 0x0000000084c00000|100%| O|  |TAMS 0x0000000084b00000, 0x0000000084b00000| Untracked 
|  76|0x0000000084c00000, 0x0000000084c6b200, 0x0000000084d00000| 41%| O|  |TAMS 0x0000000084c00000, 0x0000000084c00000| Untracked 
|  77|0x0000000084d00000, 0x0000000084e00000, 0x0000000084e00000|100%|HS|  |TAMS 0x0000000084d00000, 0x0000000084d00000| Complete 
|  78|0x0000000084e00000, 0x0000000084f00000, 0x0000000084f00000|100%|HC|  |TAMS 0x0000000084e00000, 0x0000000084e00000| Complete 
|  79|0x0000000084f00000, 0x0000000085000000, 0x0000000085000000|100%|HC|  |TAMS 0x0000000084f00000, 0x0000000084f00000| Complete 
|  80|0x0000000085000000, 0x0000000085100000, 0x0000000085100000|100%|HC|  |TAMS 0x0000000085000000, 0x0000000085000000| Complete 
|  81|0x0000000085100000, 0x0000000085100000, 0x0000000085200000|  0%| F|  |TAMS 0x0000000085100000, 0x0000000085100000| Untracked 
|  82|0x0000000085200000, 0x0000000085200000, 0x0000000085300000|  0%| F|  |TAMS 0x0000000085200000, 0x0000000085200000| Untracked 
|  83|0x0000000085300000, 0x0000000085300000, 0x0000000085400000|  0%| F|  |TAMS 0x0000000085300000, 0x0000000085300000| Untracked 
|  84|0x0000000085400000, 0x0000000085500000, 0x0000000085500000|100%| O|  |TAMS 0x0000000085400000, 0x0000000085400000| Untracked 
|  85|0x0000000085500000, 0x0000000085600000, 0x0000000085600000|100%| O|  |TAMS 0x0000000085500000, 0x0000000085500000| Untracked 
|  86|0x0000000085600000, 0x0000000085700000, 0x0000000085700000|100%| O|  |TAMS 0x0000000085600000, 0x0000000085600000| Untracked 
|  87|0x0000000085700000, 0x0000000085800000, 0x0000000085800000|100%| O|  |TAMS 0x0000000085700000, 0x0000000085700000| Untracked 
|  88|0x0000000085800000, 0x0000000085800000, 0x0000000085900000|  0%| F|  |TAMS 0x0000000085800000, 0x0000000085800000| Untracked 
|  89|0x0000000085900000, 0x0000000085900000, 0x0000000085a00000|  0%| F|  |TAMS 0x0000000085900000, 0x0000000085900000| Untracked 
|  90|0x0000000085a00000, 0x0000000085a00000, 0x0000000085b00000|  0%| F|  |TAMS 0x0000000085a00000, 0x0000000085a00000| Untracked 
|  91|0x0000000085b00000, 0x0000000085b00000, 0x0000000085c00000|  0%| F|  |TAMS 0x0000000085b00000, 0x0000000085b00000| Untracked 
|  92|0x0000000085c00000, 0x0000000085c00000, 0x0000000085d00000|  0%| F|  |TAMS 0x0000000085c00000, 0x0000000085c00000| Untracked 
|  93|0x0000000085d00000, 0x0000000085d00000, 0x0000000085e00000|  0%| F|  |TAMS 0x0000000085d00000, 0x0000000085d00000| Untracked 
|  94|0x0000000085e00000, 0x0000000085e00000, 0x0000000085f00000|  0%| F|  |TAMS 0x0000000085e00000, 0x0000000085e00000| Untracked 
|  95|0x0000000085f00000, 0x0000000085f00000, 0x0000000086000000|  0%| F|  |TAMS 0x0000000085f00000, 0x0000000085f00000| Untracked 
|  96|0x0000000086000000, 0x0000000086000000, 0x0000000086100000|  0%| F|  |TAMS 0x0000000086000000, 0x0000000086000000| Untracked 
|  97|0x0000000086100000, 0x0000000086100000, 0x0000000086200000|  0%| F|  |TAMS 0x0000000086100000, 0x0000000086100000| Untracked 
|  98|0x0000000086200000, 0x0000000086200000, 0x0000000086300000|  0%| F|  |TAMS 0x0000000086200000, 0x0000000086200000| Untracked 
|  99|0x0000000086300000, 0x0000000086300000, 0x0000000086400000|  0%| F|  |TAMS 0x0000000086300000, 0x0000000086300000| Untracked 
| 100|0x0000000086400000, 0x0000000086400000, 0x0000000086500000|  0%| F|  |TAMS 0x0000000086400000, 0x0000000086400000| Untracked 
| 101|0x0000000086500000, 0x0000000086500000, 0x0000000086600000|  0%| F|  |TAMS 0x0000000086500000, 0x0000000086500000| Untracked 
| 102|0x0000000086600000, 0x0000000086600000, 0x0000000086700000|  0%| F|  |TAMS 0x0000000086600000, 0x0000000086600000| Untracked 
| 103|0x0000000086700000, 0x0000000086700000, 0x0000000086800000|  0%| F|  |TAMS 0x0000000086700000, 0x0000000086700000| Untracked 
| 104|0x0000000086800000, 0x0000000086800000, 0x0000000086900000|  0%| F|  |TAMS 0x0000000086800000, 0x0000000086800000| Untracked 
| 105|0x0000000086900000, 0x0000000086900000, 0x0000000086a00000|  0%| F|  |TAMS 0x0000000086900000, 0x0000000086900000| Untracked 
| 106|0x0000000086a00000, 0x0000000086a00000, 0x0000000086b00000|  0%| F|  |TAMS 0x0000000086a00000, 0x0000000086a00000| Untracked 
| 107|0x0000000086b00000, 0x0000000086b00000, 0x0000000086c00000|  0%| F|  |TAMS 0x0000000086b00000, 0x0000000086b00000| Untracked 
| 108|0x0000000086c00000, 0x0000000086c00000, 0x0000000086d00000|  0%| F|  |TAMS 0x0000000086c00000, 0x0000000086c00000| Untracked 
| 109|0x0000000086d00000, 0x0000000086d00000, 0x0000000086e00000|  0%| F|  |TAMS 0x0000000086d00000, 0x0000000086d00000| Untracked 
| 110|0x0000000086e00000, 0x0000000086e00000, 0x0000000086f00000|  0%| F|  |TAMS 0x0000000086e00000, 0x0000000086e00000| Untracked 
| 111|0x0000000086f00000, 0x0000000086f00000, 0x0000000087000000|  0%| F|  |TAMS 0x0000000086f00000, 0x0000000086f00000| Untracked 
| 112|0x0000000087000000, 0x0000000087000000, 0x0000000087100000|  0%| F|  |TAMS 0x0000000087000000, 0x0000000087000000| Untracked 
| 113|0x0000000087100000, 0x0000000087100000, 0x0000000087200000|  0%| F|  |TAMS 0x0000000087100000, 0x0000000087100000| Untracked 
| 114|0x0000000087200000, 0x0000000087200000, 0x0000000087300000|  0%| F|  |TAMS 0x0000000087200000, 0x0000000087200000| Untracked 
| 115|0x0000000087300000, 0x0000000087300000, 0x0000000087400000|  0%| F|  |TAMS 0x0000000087300000, 0x0000000087300000| Untracked 
| 116|0x0000000087400000, 0x0000000087400000, 0x0000000087500000|  0%| F|  |TAMS 0x0000000087400000, 0x0000000087400000| Untracked 
| 117|0x0000000087500000, 0x0000000087500000, 0x0000000087600000|  0%| F|  |TAMS 0x0000000087500000, 0x0000000087500000| Untracked 
| 118|0x0000000087600000, 0x0000000087600000, 0x0000000087700000|  0%| F|  |TAMS 0x0000000087600000, 0x0000000087600000| Untracked 
| 119|0x0000000087700000, 0x00000000877a1598, 0x0000000087800000| 63%| E|  |TAMS 0x0000000087700000, 0x0000000087700000| Complete 
| 120|0x0000000087800000, 0x00000000878ccf30, 0x0000000087900000| 80%| S|CS|TAMS 0x0000000087800000, 0x0000000087800000| Complete 
| 121|0x0000000087900000, 0x0000000087a00000, 0x0000000087a00000|100%| S|CS|TAMS 0x0000000087900000, 0x0000000087900000| Complete 
| 122|0x0000000087a00000, 0x0000000087b00000, 0x0000000087b00000|100%| S|CS|TAMS 0x0000000087a00000, 0x0000000087a00000| Complete 
| 123|0x0000000087b00000, 0x0000000087c00000, 0x0000000087c00000|100%| S|CS|TAMS 0x0000000087b00000, 0x0000000087b00000| Complete 
| 124|0x0000000087c00000, 0x0000000087d00000, 0x0000000087d00000|100%| E|CS|TAMS 0x0000000087c00000, 0x0000000087c00000| Complete 
| 125|0x0000000087d00000, 0x0000000087e00000, 0x0000000087e00000|100%| E|CS|TAMS 0x0000000087d00000, 0x0000000087d00000| Complete 
| 126|0x0000000087e00000, 0x0000000087f00000, 0x0000000087f00000|100%| E|CS|TAMS 0x0000000087e00000, 0x0000000087e00000| Complete 
| 127|0x0000000087f00000, 0x0000000088000000, 0x0000000088000000|100%| E|CS|TAMS 0x0000000087f00000, 0x0000000087f00000| Complete 
| 128|0x0000000088000000, 0x0000000088100000, 0x0000000088100000|100%| E|CS|TAMS 0x0000000088000000, 0x0000000088000000| Complete 
| 129|0x0000000088100000, 0x0000000088200000, 0x0000000088200000|100%| E|CS|TAMS 0x0000000088100000, 0x0000000088100000| Complete 
| 130|0x0000000088200000, 0x0000000088300000, 0x0000000088300000|100%| E|CS|TAMS 0x0000000088200000, 0x0000000088200000| Complete 
| 131|0x0000000088300000, 0x0000000088400000, 0x0000000088400000|100%| E|CS|TAMS 0x0000000088300000, 0x0000000088300000| Complete 
| 132|0x0000000088400000, 0x0000000088500000, 0x0000000088500000|100%| E|CS|TAMS 0x0000000088400000, 0x0000000088400000| Complete 
| 133|0x0000000088500000, 0x0000000088600000, 0x0000000088600000|100%| E|CS|TAMS 0x0000000088500000, 0x0000000088500000| Complete 
| 134|0x0000000088600000, 0x0000000088700000, 0x0000000088700000|100%| E|CS|TAMS 0x0000000088600000, 0x0000000088600000| Complete 
| 135|0x0000000088700000, 0x0000000088800000, 0x0000000088800000|100%| E|CS|TAMS 0x0000000088700000, 0x0000000088700000| Complete 
| 136|0x0000000088800000, 0x0000000088900000, 0x0000000088900000|100%| E|CS|TAMS 0x0000000088800000, 0x0000000088800000| Complete 
| 137|0x0000000088900000, 0x0000000088a00000, 0x0000000088a00000|100%| E|CS|TAMS 0x0000000088900000, 0x0000000088900000| Complete 
| 138|0x0000000088a00000, 0x0000000088b00000, 0x0000000088b00000|100%| E|CS|TAMS 0x0000000088a00000, 0x0000000088a00000| Complete 
| 139|0x0000000088b00000, 0x0000000088c00000, 0x0000000088c00000|100%| E|CS|TAMS 0x0000000088b00000, 0x0000000088b00000| Complete 
| 140|0x0000000088c00000, 0x0000000088d00000, 0x0000000088d00000|100%| E|CS|TAMS 0x0000000088c00000, 0x0000000088c00000| Complete 
| 141|0x0000000088d00000, 0x0000000088e00000, 0x0000000088e00000|100%| E|CS|TAMS 0x0000000088d00000, 0x0000000088d00000| Complete 
| 142|0x0000000088e00000, 0x0000000088f00000, 0x0000000088f00000|100%| E|CS|TAMS 0x0000000088e00000, 0x0000000088e00000| Complete 
| 143|0x0000000088f00000, 0x0000000089000000, 0x0000000089000000|100%| E|CS|TAMS 0x0000000088f00000, 0x0000000088f00000| Complete 
| 144|0x0000000089000000, 0x0000000089100000, 0x0000000089100000|100%| E|CS|TAMS 0x0000000089000000, 0x0000000089000000| Complete 
| 145|0x0000000089100000, 0x0000000089200000, 0x0000000089200000|100%| E|CS|TAMS 0x0000000089100000, 0x0000000089100000| Complete 
| 146|0x0000000089200000, 0x0000000089300000, 0x0000000089300000|100%| E|CS|TAMS 0x0000000089200000, 0x0000000089200000| Complete 
| 147|0x0000000089300000, 0x0000000089400000, 0x0000000089400000|100%| E|CS|TAMS 0x0000000089300000, 0x0000000089300000| Complete 
| 148|0x0000000089400000, 0x0000000089500000, 0x0000000089500000|100%| E|CS|TAMS 0x0000000089400000, 0x0000000089400000| Complete 
| 149|0x0000000089500000, 0x0000000089600000, 0x0000000089600000|100%| E|CS|TAMS 0x0000000089500000, 0x0000000089500000| Complete 
| 150|0x0000000089600000, 0x0000000089700000, 0x0000000089700000|100%| E|CS|TAMS 0x0000000089600000, 0x0000000089600000| Complete 
| 151|0x0000000089700000, 0x0000000089800000, 0x0000000089800000|100%| E|CS|TAMS 0x0000000089700000, 0x0000000089700000| Complete 
| 152|0x0000000089800000, 0x0000000089900000, 0x0000000089900000|100%| E|CS|TAMS 0x0000000089800000, 0x0000000089800000| Complete 
| 153|0x0000000089900000, 0x0000000089a00000, 0x0000000089a00000|100%| E|CS|TAMS 0x0000000089900000, 0x0000000089900000| Complete 
| 154|0x0000000089a00000, 0x0000000089b00000, 0x0000000089b00000|100%| E|CS|TAMS 0x0000000089a00000, 0x0000000089a00000| Complete 
| 155|0x0000000089b00000, 0x0000000089c00000, 0x0000000089c00000|100%| E|CS|TAMS 0x0000000089b00000, 0x0000000089b00000| Complete 
| 156|0x0000000089c00000, 0x0000000089d00000, 0x0000000089d00000|100%| E|CS|TAMS 0x0000000089c00000, 0x0000000089c00000| Complete 
| 157|0x0000000089d00000, 0x0000000089e00000, 0x0000000089e00000|100%| E|CS|TAMS 0x0000000089d00000, 0x0000000089d00000| Complete 
| 158|0x0000000089e00000, 0x0000000089f00000, 0x0000000089f00000|100%| E|CS|TAMS 0x0000000089e00000, 0x0000000089e00000| Complete 
| 159|0x0000000089f00000, 0x000000008a000000, 0x000000008a000000|100%| E|CS|TAMS 0x0000000089f00000, 0x0000000089f00000| Complete 
| 160|0x000000008a000000, 0x000000008a100000, 0x000000008a100000|100%| E|CS|TAMS 0x000000008a000000, 0x000000008a000000| Complete 
| 161|0x000000008a100000, 0x000000008a200000, 0x000000008a200000|100%| E|CS|TAMS 0x000000008a100000, 0x000000008a100000| Complete 
| 162|0x000000008a200000, 0x000000008a300000, 0x000000008a300000|100%| E|CS|TAMS 0x000000008a200000, 0x000000008a200000| Complete 
| 163|0x000000008a300000, 0x000000008a400000, 0x000000008a400000|100%| E|CS|TAMS 0x000000008a300000, 0x000000008a300000| Complete 
| 164|0x000000008a400000, 0x000000008a500000, 0x000000008a500000|100%| E|CS|TAMS 0x000000008a400000, 0x000000008a400000| Complete 
| 165|0x000000008a500000, 0x000000008a600000, 0x000000008a600000|100%| E|CS|TAMS 0x000000008a500000, 0x000000008a500000| Complete 
| 166|0x000000008a600000, 0x000000008a700000, 0x000000008a700000|100%| E|CS|TAMS 0x000000008a600000, 0x000000008a600000| Complete 
| 167|0x000000008a700000, 0x000000008a800000, 0x000000008a800000|100%| E|CS|TAMS 0x000000008a700000, 0x000000008a700000| Complete 
| 168|0x000000008a800000, 0x000000008a900000, 0x000000008a900000|100%| E|CS|TAMS 0x000000008a800000, 0x000000008a800000| Complete 
| 169|0x000000008a900000, 0x000000008aa00000, 0x000000008aa00000|100%| E|CS|TAMS 0x000000008a900000, 0x000000008a900000| Complete 
| 170|0x000000008aa00000, 0x000000008ab00000, 0x000000008ab00000|100%| E|CS|TAMS 0x000000008aa00000, 0x000000008aa00000| Complete 
| 171|0x000000008ab00000, 0x000000008ac00000, 0x000000008ac00000|100%| E|CS|TAMS 0x000000008ab00000, 0x000000008ab00000| Complete 
| 172|0x000000008ac00000, 0x000000008ad00000, 0x000000008ad00000|100%| E|CS|TAMS 0x000000008ac00000, 0x000000008ac00000| Complete 
| 173|0x000000008ad00000, 0x000000008ae00000, 0x000000008ae00000|100%| E|CS|TAMS 0x000000008ad00000, 0x000000008ad00000| Complete 
| 174|0x000000008ae00000, 0x000000008af00000, 0x000000008af00000|100%| E|CS|TAMS 0x000000008ae00000, 0x000000008ae00000| Complete 
| 175|0x000000008af00000, 0x000000008b000000, 0x000000008b000000|100%| E|CS|TAMS 0x000000008af00000, 0x000000008af00000| Complete 
| 176|0x000000008b000000, 0x000000008b100000, 0x000000008b100000|100%| E|CS|TAMS 0x000000008b000000, 0x000000008b000000| Complete 
| 177|0x000000008b100000, 0x000000008b200000, 0x000000008b200000|100%| E|CS|TAMS 0x000000008b100000, 0x000000008b100000| Complete 
| 178|0x000000008b200000, 0x000000008b300000, 0x000000008b300000|100%| E|CS|TAMS 0x000000008b200000, 0x000000008b200000| Complete 
| 179|0x000000008b300000, 0x000000008b400000, 0x000000008b400000|100%| E|CS|TAMS 0x000000008b300000, 0x000000008b300000| Complete 
| 180|0x000000008b400000, 0x000000008b500000, 0x000000008b500000|100%| E|CS|TAMS 0x000000008b400000, 0x000000008b400000| Complete 
| 181|0x000000008b500000, 0x000000008b600000, 0x000000008b600000|100%| E|CS|TAMS 0x000000008b500000, 0x000000008b500000| Complete 

Card table byte_map: [0x0000019ba0370000,0x0000019ba0770000] _byte_map_base: 0x0000019b9ff70000

Marking Bits (Prev, Next): (CMBitMap*) 0x0000019b8944a0c0, (CMBitMap*) 0x0000019b8944a100
 Prev Bits: [0x0000019ba0b70000, 0x0000019ba2b70000)
 Next Bits: [0x0000019ba2b70000, 0x0000019ba4b70000)

Polling page: 0x0000019b88bb0000

Metaspace:

Usage:
  Non-class:     61.44 MB used.
      Class:      9.66 MB used.
       Both:     71.10 MB used.

Virtual space:
  Non-class space:       64.00 MB reserved,      61.81 MB ( 97%) committed,  1 nodes.
      Class space:        1.00 GB reserved,       9.94 MB ( <1%) committed,  1 nodes.
             Both:        1.06 GB reserved,      71.75 MB (  7%) committed. 

Chunk freelists:
   Non-Class:  2.16 MB
       Class:  6.00 MB
        Both:  8.16 MB

MaxMetaspaceSize: unlimited
CompressedClassSpaceSize: 1.00 GB
Initial GC threshold: 21.00 MB
Current GC threshold: 84.69 MB
CDS: on
MetaspaceReclaimPolicy: balanced
 - commit_granule_bytes: 65536.
 - commit_granule_words: 8192.
 - virtual_space_node_default_size: 8388608.
 - enlarge_chunks_in_place: 1.
 - new_chunks_are_fully_committed: 0.
 - uncommit_free_chunks: 1.
 - use_allocation_guard: 0.
 - handle_deallocations: 1.


Internal statistics:

num_allocs_failed_limit: 3.
num_arena_births: 852.
num_arena_deaths: 0.
num_vsnodes_births: 2.
num_vsnodes_deaths: 0.
num_space_committed: 1148.
num_space_uncommitted: 0.
num_chunks_returned_to_freelist: 3.
num_chunks_taken_from_freelist: 3781.
num_chunk_merges: 3.
num_chunk_splits: 2527.
num_chunks_enlarged: 1728.
num_inconsistent_stats: 0.

CodeHeap 'non-profiled nmethods': size=120000Kb used=5043Kb max_used=5043Kb free=114956Kb
 bounds [0x0000019b98a40000, 0x0000019b98f30000, 0x0000019b9ff70000]
CodeHeap 'profiled nmethods': size=120000Kb used=16835Kb max_used=16835Kb free=103164Kb
 bounds [0x0000019b90f70000, 0x0000019b91ff0000, 0x0000019b984a0000]
CodeHeap 'non-nmethods': size=5760Kb used=1694Kb max_used=1774Kb free=4065Kb
 bounds [0x0000019b984a0000, 0x0000019b98710000, 0x0000019b98a40000]
 total_blobs=9478 nmethods=8696 adapters=694
 compilation: enabled
              stopped_count=0, restarted_count=0
 full_count=0

Compilation events (20 events):
Event: 36.126 Thread 0x0000019ba7006550 nmethod 9382 0x0000019b98f27390 code [0x0000019b98f27560, 0x0000019b98f27be8]
Event: 36.126 Thread 0x0000019ba7006550 9271       4       java.util.Collections::emptyMap (4 bytes)
Event: 36.127 Thread 0x0000019ba7006550 nmethod 9271 0x0000019b98f28010 code [0x0000019b98f28180, 0x0000019b98f281d8]
Event: 36.127 Thread 0x0000019ba7006550 9262       4       jdk.internal.loader.URLClassPath$JarLoader$2::getContentLength (9 bytes)
Event: 36.127 Thread 0x0000019ba7006550 nmethod 9262 0x0000019b98f28310 code [0x0000019b98f284a0, 0x0000019b98f28538]
Event: 36.127 Thread 0x0000019ba7006550 9326       4       kotlin.reflect.jvm.internal.impl.metadata.ProtoBuf$Type::getDefaultInstance (4 bytes)
Event: 36.127 Thread 0x0000019ba7006550 nmethod 9326 0x0000019b98f28610 code [0x0000019b98f28780, 0x0000019b98f287d8]
Event: 36.127 Thread 0x0000019ba7006550 9349       4       kotlin.reflect.jvm.internal.impl.protobuf.LiteralByteString::size (6 bytes)
Event: 36.128 Thread 0x0000019ba7006550 nmethod 9349 0x0000019b98f28910 code [0x0000019b98f28aa0, 0x0000019b98f28b38]
Event: 36.128 Thread 0x0000019ba7006550 9389       4       kotlin.reflect.jvm.internal.impl.protobuf.GeneratedMessageLite::makeExtensionsImmutable (1 bytes)
Event: 36.128 Thread 0x0000019ba7006550 nmethod 9389 0x0000019b98f28c10 code [0x0000019b98f28d80, 0x0000019b98f28df8]
Event: 36.148 Thread 0x0000019ba70133f0 9472       3       org.gradle.api.internal.provider.ValueSupplier$Missing::asType (8 bytes)
Event: 36.148 Thread 0x0000019ba70133f0 nmethod 9472 0x0000019b91fd7010 code [0x0000019b91fd71c0, 0x0000019b91fd7318]
Event: 36.195 Thread 0x0000019ba70133f0 9473       3       java.util.regex.Pattern::has (15 bytes)
Event: 36.195 Thread 0x0000019ba70133f0 nmethod 9473 0x0000019b91fd7410 code [0x0000019b91fd75a0, 0x0000019b91fd7718]
Event: 36.200 Thread 0x0000019ba70133f0 9474       3       org.gradle.internal.instantiation.generator.ManagedObjectFactory::displayNameFor (73 bytes)
Event: 36.201 Thread 0x0000019ba70133f0 nmethod 9474 0x0000019b91fd7790 code [0x0000019b91fd7ac0, 0x0000019b91fd8fc8]
Event: 36.206 Thread 0x0000019ba70133f0 9475       3       org.gradle.api.internal.provider.AbstractProperty::assertCanMutate (12 bytes)
Event: 36.206 Thread 0x0000019ba70133f0 nmethod 9475 0x0000019b91fd9690 code [0x0000019b91fd9840, 0x0000019b91fd9ad8]
Event: 36.221 Thread 0x0000019ba7006550 9476       4       java.lang.ThreadLocal::remove (18 bytes)

GC Heap History (20 events):
Event: 26.414 GC heap before
{Heap before GC invocations=27 (full 0):
 garbage-first heap   total 83968K, used 63565K [0x0000000080000000, 0x0000000100000000)
  region size 1024K, 19 young (19456K), 1 survivors (1024K)
 Metaspace       used 51488K, committed 52032K, reserved 1114112K
  class space    used 7247K, committed 7488K, reserved 1048576K
}
Event: 26.417 GC heap after
{Heap after GC invocations=28 (full 0):
 garbage-first heap   total 83968K, used 48316K [0x0000000080000000, 0x0000000100000000)
  region size 1024K, 3 young (3072K), 3 survivors (3072K)
 Metaspace       used 51488K, committed 52032K, reserved 1114112K
  class space    used 7247K, committed 7488K, reserved 1048576K
}
Event: 27.316 GC heap before
{Heap before GC invocations=29 (full 0):
 garbage-first heap   total 86016K, used 64700K [0x0000000080000000, 0x0000000100000000)
  region size 1024K, 20 young (20480K), 3 survivors (3072K)
 Metaspace       used 51522K, committed 52096K, reserved 1114112K
  class space    used 7247K, committed 7488K, reserved 1048576K
}
Event: 27.320 GC heap after
{Heap after GC invocations=30 (full 0):
 garbage-first heap   total 86016K, used 48962K [0x0000000080000000, 0x0000000100000000)
  region size 1024K, 3 young (3072K), 3 survivors (3072K)
 Metaspace       used 51522K, committed 52096K, reserved 1114112K
  class space    used 7247K, committed 7488K, reserved 1048576K
}
Event: 27.357 GC heap before
{Heap before GC invocations=30 (full 0):
 garbage-first heap   total 86016K, used 49986K [0x0000000080000000, 0x0000000100000000)
  region size 1024K, 4 young (4096K), 3 survivors (3072K)
 Metaspace       used 51523K, committed 52096K, reserved 1114112K
  class space    used 7247K, committed 7488K, reserved 1048576K
}
Event: 27.363 GC heap after
{Heap after GC invocations=31 (full 0):
 garbage-first heap   total 86016K, used 47027K [0x0000000080000000, 0x0000000100000000)
  region size 1024K, 1 young (1024K), 1 survivors (1024K)
 Metaspace       used 51523K, committed 52096K, reserved 1114112K
  class space    used 7247K, committed 7488K, reserved 1048576K
}
Event: 28.222 GC heap before
{Heap before GC invocations=31 (full 0):
 garbage-first heap   total 86016K, used 67507K [0x0000000080000000, 0x0000000100000000)
  region size 1024K, 21 young (21504K), 1 survivors (1024K)
 Metaspace       used 51552K, committed 52096K, reserved 1114112K
  class space    used 7248K, committed 7488K, reserved 1048576K
}
Event: 28.227 GC heap after
{Heap after GC invocations=32 (full 0):
 garbage-first heap   total 86016K, used 49320K [0x0000000080000000, 0x0000000100000000)
  region size 1024K, 3 young (3072K), 3 survivors (3072K)
 Metaspace       used 51552K, committed 52096K, reserved 1114112K
  class space    used 7248K, committed 7488K, reserved 1048576K
}
Event: 28.929 GC heap before
{Heap before GC invocations=33 (full 0):
 garbage-first heap   total 91136K, used 66728K [0x0000000080000000, 0x0000000100000000)
  region size 1024K, 21 young (21504K), 3 survivors (3072K)
 Metaspace       used 51557K, committed 52096K, reserved 1114112K
  class space    used 7248K, committed 7488K, reserved 1048576K
}
Event: 28.933 GC heap after
{Heap after GC invocations=34 (full 0):
 garbage-first heap   total 91136K, used 49856K [0x0000000080000000, 0x0000000100000000)
  region size 1024K, 3 young (3072K), 3 survivors (3072K)
 Metaspace       used 51557K, committed 52096K, reserved 1114112K
  class space    used 7248K, committed 7488K, reserved 1048576K
}
Event: 28.954 GC heap before
{Heap before GC invocations=34 (full 0):
 garbage-first heap   total 91136K, used 50880K [0x0000000080000000, 0x0000000100000000)
  region size 1024K, 4 young (4096K), 3 survivors (3072K)
 Metaspace       used 51557K, committed 52096K, reserved 1114112K
  class space    used 7248K, committed 7488K, reserved 1048576K
}
Event: 28.958 GC heap after
{Heap after GC invocations=35 (full 0):
 garbage-first heap   total 91136K, used 47845K [0x0000000080000000, 0x0000000100000000)
  region size 1024K, 1 young (1024K), 1 survivors (1024K)
 Metaspace       used 51557K, committed 52096K, reserved 1114112K
  class space    used 7248K, committed 7488K, reserved 1048576K
}
Event: 29.796 GC heap before
{Heap before GC invocations=35 (full 0):
 garbage-first heap   total 91136K, used 72421K [0x0000000080000000, 0x0000000100000000)
  region size 1024K, 25 young (25600K), 1 survivors (1024K)
 Metaspace       used 51559K, committed 52096K, reserved 1114112K
  class space    used 7248K, committed 7488K, reserved 1048576K
}
Event: 29.801 GC heap after
{Heap after GC invocations=36 (full 0):
 garbage-first heap   total 186368K, used 50119K [0x0000000080000000, 0x0000000100000000)
  region size 1024K, 3 young (3072K), 3 survivors (3072K)
 Metaspace       used 51559K, committed 52096K, reserved 1114112K
  class space    used 7248K, committed 7488K, reserved 1048576K
}
Event: 32.440 GC heap before
{Heap before GC invocations=36 (full 0):
 garbage-first heap   total 186368K, used 164807K [0x0000000080000000, 0x0000000100000000)
  region size 1024K, 101 young (103424K), 3 survivors (3072K)
 Metaspace       used 56778K, committed 57408K, reserved 1114112K
  class space    used 7888K, committed 8192K, reserved 1048576K
}
Event: 32.449 GC heap after
{Heap after GC invocations=37 (full 0):
 garbage-first heap   total 186368K, used 73803K [0x0000000080000000, 0x0000000100000000)
  region size 1024K, 12 young (12288K), 12 survivors (12288K)
 Metaspace       used 56778K, committed 57408K, reserved 1114112K
  class space    used 7888K, committed 8192K, reserved 1048576K
}
Event: 33.659 GC heap before
{Heap before GC invocations=37 (full 0):
 garbage-first heap   total 186368K, used 140363K [0x0000000080000000, 0x0000000100000000)
  region size 1024K, 74 young (75776K), 12 survivors (12288K)
 Metaspace       used 63021K, committed 63680K, reserved 1114112K
  class space    used 8640K, committed 8960K, reserved 1048576K
}
Event: 33.673 GC heap after
{Heap after GC invocations=38 (full 0):
 garbage-first heap   total 186368K, used 83104K [0x0000000080000000, 0x0000000100000000)
  region size 1024K, 7 young (7168K), 7 survivors (7168K)
 Metaspace       used 63021K, committed 63680K, reserved 1114112K
  class space    used 8640K, committed 8960K, reserved 1048576K
}
Event: 34.806 GC heap before
{Heap before GC invocations=38 (full 0):
 garbage-first heap   total 186368K, used 142496K [0x0000000080000000, 0x0000000100000000)
  region size 1024K, 65 young (66560K), 7 survivors (7168K)
 Metaspace       used 67345K, committed 67968K, reserved 1114112K
  class space    used 9172K, committed 9472K, reserved 1048576K
}
Event: 34.816 GC heap after
{Heap after GC invocations=39 (full 0):
 garbage-first heap   total 186368K, used 83168K [0x0000000080000000, 0x0000000100000000)
  region size 1024K, 4 young (4096K), 4 survivors (4096K)
 Metaspace       used 67345K, committed 67968K, reserved 1114112K
  class space    used 9172K, committed 9472K, reserved 1048576K
}

Dll operation events (15 events):
Event: 0.023 Loaded shared library C:\Users\Dell\.jdks\ms-17.0.17\bin\java.dll
Event: 0.103 Loaded shared library C:\Users\Dell\.jdks\ms-17.0.17\bin\jsvml.dll
Event: 0.208 Loaded shared library C:\Users\Dell\.jdks\ms-17.0.17\bin\zip.dll
Event: 0.213 Loaded shared library C:\Users\Dell\.jdks\ms-17.0.17\bin\instrument.dll
Event: 0.226 Loaded shared library C:\Users\Dell\.jdks\ms-17.0.17\bin\net.dll
Event: 0.235 Loaded shared library C:\Users\Dell\.jdks\ms-17.0.17\bin\nio.dll
Event: 0.239 Loaded shared library C:\Users\Dell\.jdks\ms-17.0.17\bin\zip.dll
Event: 0.900 Loaded shared library C:\Users\Dell\.jdks\ms-17.0.17\bin\jimage.dll
Event: 1.226 Loaded shared library C:\Users\Dell\.jdks\ms-17.0.17\bin\verify.dll
Event: 1.388 Loaded shared library C:\Users\Dell\.gradle\native\1def1411415f61bf3af743bc5b6707747c0891f09f0c88961ee8f79bc544acac\windows-amd64\native-platform.dll
Event: 1.423 Loaded shared library C:\Users\Dell\.gradle\native\0.2.7\x86_64-windows-gnu\gradle-fileevents.dll
Event: 4.513 Loaded shared library C:\Users\Dell\.jdks\ms-17.0.17\bin\management.dll
Event: 4.573 Loaded shared library C:\Users\Dell\.jdks\ms-17.0.17\bin\management_ext.dll
Event: 5.934 Loaded shared library C:\Users\Dell\.jdks\ms-17.0.17\bin\extnet.dll
Event: 6.476 Loaded shared library C:\Users\Dell\.jdks\ms-17.0.17\bin\sunmscapi.dll

Deoptimization events (20 events):
Event: 35.532 Thread 0x0000019bedb65ef0 DEOPT PACKING pc=0x0000019b9150ab3e sp=0x00000021392f8580
Event: 35.532 Thread 0x0000019bedb65ef0 DEOPT UNPACKING pc=0x0000019b984f7143 sp=0x00000021392f7b20 mode 0
Event: 35.615 Thread 0x0000019bedb65ef0 Uncommon trap: trap_request=0xffffff45 fr.pc=0x0000019b98cee81c relative=0x0000000000000c7c
Event: 35.615 Thread 0x0000019bedb65ef0 Uncommon trap: reason=unstable_if action=reinterpret pc=0x0000019b98cee81c method=java.util.jar.JarFile.getVersionedEntry(Ljava/lang/String;Ljava/util/jar/JarEntry;)Ljava/util/jar/JarEntry; @ 26 c2
Event: 35.615 Thread 0x0000019bedb65ef0 DEOPT PACKING pc=0x0000019b98cee81c sp=0x00000021392f67d0
Event: 35.615 Thread 0x0000019bedb65ef0 DEOPT UNPACKING pc=0x0000019b984f69a3 sp=0x00000021392f6730 mode 2
Event: 35.628 Thread 0x0000019bedb65ef0 Uncommon trap: trap_request=0xffffff45 fr.pc=0x0000019b98de4914 relative=0x0000000000001374
Event: 35.628 Thread 0x0000019bedb65ef0 Uncommon trap: reason=unstable_if action=reinterpret pc=0x0000019b98de4914 method=java.util.concurrent.ConcurrentHashMap.putVal(Ljava/lang/Object;Ljava/lang/Object;Z)Ljava/lang/Object; @ 245 c2
Event: 35.628 Thread 0x0000019bedb65ef0 DEOPT PACKING pc=0x0000019b98de4914 sp=0x00000021392f5f10
Event: 35.628 Thread 0x0000019bedb65ef0 DEOPT UNPACKING pc=0x0000019b984f69a3 sp=0x00000021392f5e98 mode 2
Event: 35.736 Thread 0x0000019bedb65ef0 Uncommon trap: trap_request=0xffffffde fr.pc=0x0000019b98ce5eac relative=0x00000000000012cc
Event: 35.736 Thread 0x0000019bedb65ef0 Uncommon trap: reason=class_check action=maybe_recompile pc=0x0000019b98ce5eac method=jdk.internal.loader.BuiltinClassLoader.loadClassOrNull(Ljava/lang/String;)Ljava/lang/Class; @ 3 c2
Event: 35.736 Thread 0x0000019bedb65ef0 DEOPT PACKING pc=0x0000019b98ce5eac sp=0x00000021392f6690
Event: 35.736 Thread 0x0000019bedb65ef0 DEOPT UNPACKING pc=0x0000019b984f69a3 sp=0x00000021392f65d8 mode 2
Event: 35.736 Thread 0x0000019bedb65ef0 Uncommon trap: trap_request=0xffffffde fr.pc=0x0000019b98ce5eac relative=0x00000000000012cc
Event: 35.736 Thread 0x0000019bedb65ef0 Uncommon trap: reason=class_check action=maybe_recompile pc=0x0000019b98ce5eac method=jdk.internal.loader.BuiltinClassLoader.loadClassOrNull(Ljava/lang/String;)Ljava/lang/Class; @ 3 c2
Event: 35.736 Thread 0x0000019bedb65ef0 DEOPT PACKING pc=0x0000019b98ce5eac sp=0x00000021392f66f0
Event: 35.736 Thread 0x0000019bedb65ef0 DEOPT UNPACKING pc=0x0000019b984f69a3 sp=0x00000021392f6638 mode 2
Event: 35.967 Thread 0x0000019bedb65ef0 DEOPT PACKING pc=0x0000019b912def5e sp=0x00000021392f7ec0
Event: 35.967 Thread 0x0000019bedb65ef0 DEOPT UNPACKING pc=0x0000019b984f7143 sp=0x00000021392f7388 mode 0

Classes loaded (20 events):
Event: 35.316 Loading class java/time/format/DateTimeFormatterBuilder$WeekBasedFieldPrinterParser
Event: 35.317 Loading class java/time/format/DateTimeFormatterBuilder$WeekBasedFieldPrinterParser done
Event: 35.347 Loading class com/sun/jmx/mbeanserver/StandardMBeanSupport
Event: 35.347 Loading class com/sun/jmx/mbeanserver/StandardMBeanSupport done
Event: 35.347 Loading class com/sun/jmx/mbeanserver/StandardMBeanIntrospector
Event: 35.347 Loading class com/sun/jmx/mbeanserver/StandardMBeanIntrospector done
Event: 35.433 Loading class sun/reflect/misc/MethodUtil
Event: 35.434 Loading class sun/reflect/misc/MethodUtil done
Event: 35.434 Loading class sun/reflect/misc/MethodUtil$1
Event: 35.435 Loading class sun/reflect/misc/MethodUtil$1 done
Event: 35.438 Loading class java/time/temporal/WeekFields
Event: 35.439 Loading class java/time/temporal/WeekFields done
Event: 35.439 Loading class java/time/temporal/WeekFields$ComputedDayOfField
Event: 35.439 Loading class java/time/temporal/WeekFields$ComputedDayOfField done
Event: 35.440 Loading class java/time/Month$1
Event: 35.440 Loading class java/time/Month$1 done
Event: 35.445 Loading class java/nio/channels/Channels$1
Event: 35.445 Loading class java/nio/channels/Channels$1 done
Event: 35.789 Loading class java/lang/Override
Event: 35.789 Loading class java/lang/Override done

Classes unloaded (0 events):
No events

Classes redefined (0 events):
No events

Internal exceptions (20 events):
Event: 31.368 Thread 0x0000019bedb65ef0 Exception <a 'java/lang/ClassNotFoundException'{0x0000000088a62ec8}: org/gradle/api/internal/plugins/DefaultObjectConfigurationActionBeanInfo> (0x0000000088a62ec8) 
thrown [s\src\hotspot\share\classfile\systemDictionary.cpp, line 256]
Event: 31.369 Thread 0x0000019bedb65ef0 Exception <a 'java/lang/ClassNotFoundException'{0x0000000088a78ae0}: org/gradle/api/internal/plugins/DefaultObjectConfigurationActionCustomizer> (0x0000000088a78ae0) 
thrown [s\src\hotspot\share\classfile\systemDictionary.cpp, line 256]
Event: 33.267 Thread 0x0000019bedb65ef0 Exception <a 'java/lang/NoSuchMethodError'{0x0000000088a277b0}: 'void java.lang.invoke.DirectMethodHandle$Holder.invokeVirtual(java.lang.Object, java.lang.Object)'> (0x0000000088a277b0) 
thrown [s\src\hotspot\share\interpreter\linkResolver.cpp, line 759]
Event: 33.491 Thread 0x0000019bedb65ef0 Implicit null exception at 0x0000019b98c24a2c to 0x0000019b98c24b62
Event: 34.870 Thread 0x0000019bedb65ef0 Implicit null exception at 0x0000019b98e5ace9 to 0x0000019b98e5adbc
Event: 35.107 Thread 0x0000019bedb65ef0 Exception <a 'java/lang/NoSuchMethodError'{0x000000008a98a2f0}: static Lorg/jetbrains/kotlin/gradle/plugin/internal/DefaultConfigurationTimePropertiesAccessorVariantFactory;.<clinit>()V> (0x000000008a98a2f0) 
thrown [s\src\hotspot\share\prims\jni.cpp, line 1112]
Event: 35.110 Thread 0x0000019bedb65ef0 Exception <a 'java/lang/NoSuchMethodError'{0x000000008a9a9ff0}: static Lorg/jetbrains/kotlin/gradle/plugin/internal/DefaultProjectIsolationStartParameterAccessorVariantFactory;.<clinit>()V> (0x000000008a9a9ff0) 
thrown [s\src\hotspot\share\prims\jni.cpp, line 1112]
Event: 35.112 Thread 0x0000019bedb65ef0 Exception <a 'java/lang/NoSuchMethodError'{0x000000008a9d29f8}: static Lorg/jetbrains/kotlin/gradle/plugin/internal/DefaultArtifactTypeAttributeAccessorVariantFactory;.<clinit>()V> (0x000000008a9d29f8) 
thrown [s\src\hotspot\share\prims\jni.cpp, line 1112]
Event: 35.113 Thread 0x0000019bedb65ef0 Exception <a 'java/lang/NoSuchMethodError'{0x000000008a9fb140}: static Lorg/jetbrains/kotlin/gradle/plugin/internal/DefaultCompatibilityConventionRegistrar$Factory;.<clinit>()V> (0x000000008a9fb140) 
thrown [s\src\hotspot\share\prims\jni.cpp, line 1112]
Event: 35.115 Thread 0x0000019bedb65ef0 Exception <a 'java/lang/NoSuchMethodError'{0x000000008a819070}: static Lorg/jetbrains/kotlin/gradle/plugin/internal/DefaultJavaSourceSetsAccessorVariantFactory;.<clinit>()V> (0x000000008a819070) 
thrown [s\src\hotspot\share\prims\jni.cpp, line 1112]
Event: 35.117 Thread 0x0000019bedb65ef0 Exception <a 'java/lang/NoSuchMethodError'{0x000000008a836390}: static Lorg/jetbrains/kotlin/gradle/plugin/internal/DefaultIdeaSyncDetectorVariantFactory;.<clinit>()V> (0x000000008a836390) 
thrown [s\src\hotspot\share\prims\jni.cpp, line 1112]
Event: 35.119 Thread 0x0000019bedb65ef0 Exception <a 'java/lang/NoSuchMethodError'{0x000000008a854c10}: static Lorg/jetbrains/kotlin/gradle/plugin/internal/DefaultKotlinTestReportCompatibilityHelperVariantFactory;.<clinit>()V> (0x000000008a854c10) 
thrown [s\src\hotspot\share\prims\jni.cpp, line 1112]
Event: 35.121 Thread 0x0000019bedb65ef0 Exception <a 'java/lang/NoSuchMethodError'{0x000000008a872e10}: static Lorg/jetbrains/kotlin/gradle/plugin/internal/DefaultMppTestReportHelperVariantFactory;.<clinit>()V> (0x000000008a872e10) 
thrown [s\src\hotspot\share\prims\jni.cpp, line 1112]
Event: 35.123 Thread 0x0000019bedb65ef0 Exception <a 'java/lang/NoSuchMethodError'{0x000000008a89c020}: static Lorg/jetbrains/kotlin/gradle/plugin/internal/DefaultConfigurationCacheStartParameterAccessorVariantFactory;.<clinit>()V> (0x000000008a89c020) 
thrown [s\src\hotspot\share\prims\jni.cpp, line 1112]
Event: 35.126 Thread 0x0000019bedb65ef0 Exception <a 'java/lang/NoSuchMethodError'{0x000000008a8baed8}: static Lorg/jetbrains/kotlin/gradle/plugin/internal/MavenPluginConfigurator$DefaultMavenPluginConfiguratorVariantFactory;.<clinit>()V> (0x000000008a8baed8) 
thrown [s\src\hotspot\share\prims\jni.cpp, line 1112]
Event: 35.128 Thread 0x0000019bedb65ef0 Exception <a 'java/lang/NoSuchMethodError'{0x000000008a8d8248}: static Lorg/jetbrains/kotlin/gradle/targets/js/nodejs/DefaultUnameExecutorVariantFactory;.<clinit>()V> (0x000000008a8d8248) 
thrown [s\src\hotspot\share\prims\jni.cpp, line 1112]
Event: 35.130 Thread 0x0000019bedb65ef0 Exception <a 'java/lang/NoSuchMethodError'{0x000000008a8f6020}: static Lorg/jetbrains/kotlin/gradle/plugin/internal/DefaultBasePluginConfigurationVariantFactory;.<clinit>()V> (0x000000008a8f6020) 
thrown [s\src\hotspot\share\prims\jni.cpp, line 1112]
Event: 35.131 Thread 0x0000019bedb65ef0 Exception <a 'java/lang/NoSuchMethodError'{0x000000008a8fe718}: 'void java.lang.invoke.DirectMethodHandle$Holder.invokeSpecial(java.lang.Object, java.lang.Object, java.lang.Object, int)'> (0x000000008a8fe718) 
thrown [s\src\hotspot\share\interpreter\linkResolver.cpp, line 759]
Event: 35.168 Thread 0x0000019bedb65ef0 Exception <a 'java/lang/IncompatibleClassChangeError'{0x000000008a7da048}: Found class java.lang.Object, but interface was expected> (0x000000008a7da048) 
thrown [s\src\hotspot\share\interpreter\linkResolver.cpp, line 826]
Event: 35.435 Thread 0x0000019bedb65ef0 Implicit null exception at 0x0000019b98cef160 to 0x0000019b98cef300

VM Operations (20 events):
Event: 33.429 Executing VM operation: HandshakeAllThreads
Event: 33.430 Executing VM operation: HandshakeAllThreads done
Event: 33.520 Executing VM operation: HandshakeAllThreads
Event: 33.520 Executing VM operation: HandshakeAllThreads done
Event: 33.520 Executing VM operation: Cleanup
Event: 33.521 Executing VM operation: Cleanup done
Event: 33.522 Executing VM operation: HandshakeAllThreads
Event: 33.522 Executing VM operation: HandshakeAllThreads done
Event: 33.659 Executing VM operation: G1CollectForAllocation
Event: 33.673 Executing VM operation: G1CollectForAllocation done
Event: 34.680 Executing VM operation: Cleanup
Event: 34.681 Executing VM operation: Cleanup done
Event: 34.806 Executing VM operation: G1CollectForAllocation
Event: 34.816 Executing VM operation: G1CollectForAllocation done
Event: 35.050 Executing VM operation: HandshakeAllThreads
Event: 35.051 Executing VM operation: HandshakeAllThreads done
Event: 35.465 Executing VM operation: ICBufferFull
Event: 35.465 Executing VM operation: ICBufferFull done
Event: 35.548 Executing VM operation: HandshakeAllThreads
Event: 35.549 Executing VM operation: HandshakeAllThreads done

Memory protections (0 events):
No events

Nmethod flushes (20 events):
Event: 16.818 Thread 0x0000019ba7015ea0 flushing  nmethod 0x0000019b916cba90
Event: 16.818 Thread 0x0000019ba7015ea0 flushing  nmethod 0x0000019b916cd010
Event: 16.818 Thread 0x0000019ba7015ea0 flushing  nmethod 0x0000019b916ce690
Event: 16.818 Thread 0x0000019ba7015ea0 flushing  nmethod 0x0000019b916d5a10
Event: 16.818 Thread 0x0000019ba7015ea0 flushing  nmethod 0x0000019b916e4910
Event: 16.818 Thread 0x0000019ba7015ea0 flushing  nmethod 0x0000019b916f1090
Event: 16.819 Thread 0x0000019ba7015ea0 flushing  nmethod 0x0000019b91708f10
Event: 16.819 Thread 0x0000019ba7015ea0 flushing  nmethod 0x0000019b91709d10
Event: 16.819 Thread 0x0000019ba7015ea0 flushing  nmethod 0x0000019b9170aa10
Event: 16.819 Thread 0x0000019ba7015ea0 flushing  nmethod 0x0000019b9170b090
Event: 16.819 Thread 0x0000019ba7015ea0 flushing  nmethod 0x0000019b9170b590
Event: 16.819 Thread 0x0000019ba7015ea0 flushing  nmethod 0x0000019b9170c710
Event: 16.819 Thread 0x0000019ba7015ea0 flushing  nmethod 0x0000019b91710090
Event: 16.819 Thread 0x0000019ba7015ea0 flushing  nmethod 0x0000019b9176f010
Event: 16.819 Thread 0x0000019ba7015ea0 flushing  nmethod 0x0000019b9177bc10
Event: 16.819 Thread 0x0000019ba7015ea0 flushing  nmethod 0x0000019b917cb590
Event: 16.819 Thread 0x0000019ba7015ea0 flushing  nmethod 0x0000019b917ce610
Event: 16.819 Thread 0x0000019ba7015ea0 flushing  nmethod 0x0000019b9180dd90
Event: 16.819 Thread 0x0000019ba7015ea0 flushing  nmethod 0x0000019b9183a790
Event: 30.668 Thread 0x0000019ba7015ea0 flushing  nmethod 0x0000019b91086790

Events (20 events):
Event: 21.748 Thread 0x0000019bedb65ef0 Thread added: 0x0000019bf0ca04a0
Event: 21.748 Thread 0x0000019bedb65ef0 Thread added: 0x0000019bf0ca2810
Event: 21.748 Thread 0x0000019bedb65ef0 Thread added: 0x0000019bf0ca1df0
Event: 21.795 Thread 0x0000019ba70133f0 Thread added: 0x0000019ba7011eb0
Event: 22.034 Thread 0x0000019ba7011eb0 Thread exited: 0x0000019ba7011eb0
Event: 22.303 Thread 0x0000019ba70133f0 Thread added: 0x0000019ba7011eb0
Event: 22.373 Thread 0x0000019bedb65ef0 Thread added: 0x0000019bf0ca2300
Event: 22.381 Thread 0x0000019bedb65ef0 Thread added: 0x0000019bf0c9f570
Event: 22.388 Thread 0x0000019bedb65ef0 Thread added: 0x0000019bf0c9f060
Event: 23.004 Thread 0x0000019ba7011eb0 Thread exited: 0x0000019ba7011eb0
Event: 25.184 Thread 0x0000019bedb65ef0 Thread added: 0x0000019bf0c9ff90
Event: 25.185 Thread 0x0000019bedb65ef0 Thread added: 0x0000019bf219b230
Event: 25.186 Thread 0x0000019bedb65ef0 Thread added: 0x0000019bf2197a80
Event: 25.739 Thread 0x0000019ba70133f0 Thread added: 0x0000019ba7011eb0
Event: 25.880 Thread 0x0000019ba7011eb0 Thread exited: 0x0000019ba7011eb0
Event: 32.590 Thread 0x0000019bedb65ef0 Thread added: 0x0000019bf21993d0
Event: 33.170 Thread 0x0000019ba70133f0 Thread added: 0x0000019bf204c350
Event: 33.234 Thread 0x0000019bedb65ef0 Thread added: 0x0000019bf219b740
Event: 34.805 Thread 0x0000019bedb65ef0 Thread added: 0x0000019bf2195710
Event: 35.356 Thread 0x0000019bedb65ef0 Thread added: 0x0000019bf21984a0


Dynamic libraries:
0x00007ff6b4520000 - 0x00007ff6b452e000 	C:\Users\Dell\.jdks\ms-17.0.17\bin\java.exe
0x00007fff0ec10000 - 0x00007fff0ee08000 	C:\Windows\SYSTEM32\ntdll.dll
0x00007fff0eb00000 - 0x00007fff0ebc2000 	C:\Windows\System32\KERNEL32.DLL
0x00007fff0c5f0000 - 0x00007fff0c8e6000 	C:\Windows\System32\KERNELBASE.dll
0x00007fff0c2a0000 - 0x00007fff0c3a0000 	C:\Windows\System32\ucrtbase.dll
0x00007fff04c90000 - 0x00007fff04ca8000 	C:\Users\Dell\.jdks\ms-17.0.17\bin\jli.dll
0x00007fff04f50000 - 0x00007fff04f6e000 	C:\Users\Dell\.jdks\ms-17.0.17\bin\VCRUNTIME140.dll
0x00007fff0e0d0000 - 0x00007fff0e271000 	C:\Windows\System32\USER32.dll
0x00007ffef9640000 - 0x00007ffef98db000 	C:\Windows\WinSxS\amd64_microsoft.windows.common-controls_6595b64144ccf1df_6.0.19041.6456_none_60b8a6cb71f64256\COMCTL32.dll
0x00007fff0cc00000 - 0x00007fff0cc22000 	C:\Windows\System32\win32u.dll
0x00007fff0e020000 - 0x00007fff0e0be000 	C:\Windows\System32\msvcrt.dll
0x00007fff0ead0000 - 0x00007fff0eafb000 	C:\Windows\System32\GDI32.dll
0x00007fff0c3d0000 - 0x00007fff0c4e9000 	C:\Windows\System32\gdi32full.dll
0x00007fff0c8f0000 - 0x00007fff0c98d000 	C:\Windows\System32\msvcp_win.dll
0x00007fff0d510000 - 0x00007fff0d53f000 	C:\Windows\System32\IMM32.DLL
0x00007fff07ca0000 - 0x00007fff07cac000 	C:\Users\Dell\.jdks\ms-17.0.17\bin\vcruntime140_1.dll
0x00007ffeee280000 - 0x00007ffeee309000 	C:\Users\Dell\.jdks\ms-17.0.17\bin\msvcp140.dll
0x00007ffedbbd0000 - 0x00007ffedc84a000 	C:\Users\Dell\.jdks\ms-17.0.17\bin\server\jvm.dll
0x00007fff0d770000 - 0x00007fff0d821000 	C:\Windows\System32\ADVAPI32.dll
0x00007fff0d830000 - 0x00007fff0d8cf000 	C:\Windows\System32\sechost.dll
0x00007fff0d8d0000 - 0x00007fff0d9f0000 	C:\Windows\System32\RPCRT4.dll
0x00007fff0c3a0000 - 0x00007fff0c3c7000 	C:\Windows\System32\bcrypt.dll
0x00007fff0da90000 - 0x00007fff0dafb000 	C:\Windows\System32\WS2_32.dll
0x00007ffef95a0000 - 0x00007ffef95c7000 	C:\Windows\SYSTEM32\WINMM.dll
0x00007fff097c0000 - 0x00007fff097ca000 	C:\Windows\SYSTEM32\VERSION.dll
0x00007fff0b7d0000 - 0x00007fff0b81b000 	C:\Windows\SYSTEM32\POWRPROF.dll
0x00007fff0b6a0000 - 0x00007fff0b6b2000 	C:\Windows\SYSTEM32\UMPDC.dll
0x00007fff0aab0000 - 0x00007fff0aac2000 	C:\Windows\SYSTEM32\kernel.appcore.dll
0x00007fff07590000 - 0x00007fff0759a000 	C:\Users\Dell\.jdks\ms-17.0.17\bin\jimage.dll
0x00007fff09fd0000 - 0x00007fff0a1d1000 	C:\Windows\SYSTEM32\DBGHELP.DLL
0x00007fff038f0000 - 0x00007fff03924000 	C:\Windows\SYSTEM32\dbgcore.DLL
0x00007fff0c990000 - 0x00007fff0ca12000 	C:\Windows\System32\bcryptPrimitives.dll
0x00007fff04f80000 - 0x00007fff04f8f000 	C:\Users\Dell\.jdks\ms-17.0.17\bin\instrument.dll
0x00007ffefae70000 - 0x00007ffefae96000 	C:\Users\Dell\.jdks\ms-17.0.17\bin\java.dll
0x00007ffee04a0000 - 0x00007ffee0576000 	C:\Users\Dell\.jdks\ms-17.0.17\bin\jsvml.dll
0x00007fff0cda0000 - 0x00007fff0d510000 	C:\Windows\System32\SHELL32.dll
0x00007fff0a1e0000 - 0x00007fff0a985000 	C:\Windows\SYSTEM32\windows.storage.dll
0x00007fff0e770000 - 0x00007fff0eac4000 	C:\Windows\System32\combase.dll
0x00007fff0bcd0000 - 0x00007fff0bcfb000 	C:\Windows\SYSTEM32\Wldp.dll
0x00007fff0e6a0000 - 0x00007fff0e76d000 	C:\Windows\System32\OLEAUT32.dll
0x00007fff0db00000 - 0x00007fff0dbad000 	C:\Windows\System32\SHCORE.dll
0x00007fff0e360000 - 0x00007fff0e3bb000 	C:\Windows\System32\shlwapi.dll
0x00007fff0c1d0000 - 0x00007fff0c1f4000 	C:\Windows\SYSTEM32\profapi.dll
0x00007ffefc020000 - 0x00007ffefc038000 	C:\Users\Dell\.jdks\ms-17.0.17\bin\zip.dll
0x00007ffefadc0000 - 0x00007ffefaddb000 	C:\Users\Dell\.jdks\ms-17.0.17\bin\net.dll
0x00007fff00ff0000 - 0x00007fff010fa000 	C:\Windows\SYSTEM32\WINHTTP.dll
0x00007fff0ba30000 - 0x00007fff0ba9a000 	C:\Windows\system32\mswsock.dll
0x00007ffefada0000 - 0x00007ffefadb6000 	C:\Users\Dell\.jdks\ms-17.0.17\bin\nio.dll
0x00007fff04f00000 - 0x00007fff04f10000 	C:\Users\Dell\.jdks\ms-17.0.17\bin\verify.dll
0x00007ffefa9b0000 - 0x00007ffefa9d7000 	C:\Users\Dell\.gradle\native\1def1411415f61bf3af743bc5b6707747c0891f09f0c88961ee8f79bc544acac\windows-amd64\native-platform.dll
0x00007ffee9f50000 - 0x00007ffee9fc8000 	C:\Users\Dell\.gradle\native\0.2.7\x86_64-windows-gnu\gradle-fileevents.dll
0x00007fff04ce0000 - 0x00007fff04cea000 	C:\Users\Dell\.jdks\ms-17.0.17\bin\management.dll
0x00007fff04c00000 - 0x00007fff04c0c000 	C:\Users\Dell\.jdks\ms-17.0.17\bin\management_ext.dll
0x00007fff0e0c0000 - 0x00007fff0e0c8000 	C:\Windows\System32\PSAPI.DLL
0x00007fff0b6c0000 - 0x00007fff0b6fb000 	C:\Windows\SYSTEM32\IPHLPAPI.DLL
0x00007fff0cc90000 - 0x00007fff0cc98000 	C:\Windows\System32\NSI.dll
0x00007fff02760000 - 0x00007fff02777000 	C:\Windows\SYSTEM32\dhcpcsvc6.DLL
0x00007fff02da0000 - 0x00007fff02dbd000 	C:\Windows\SYSTEM32\dhcpcsvc.DLL
0x00007fff0b700000 - 0x00007fff0b7ca000 	C:\Windows\SYSTEM32\DNSAPI.dll
0x00007fff04b60000 - 0x00007fff04b69000 	C:\Users\Dell\.jdks\ms-17.0.17\bin\extnet.dll
0x00007fff0bc20000 - 0x00007fff0bc38000 	C:\Windows\SYSTEM32\CRYPTSP.dll
0x00007fff0b2e0000 - 0x00007fff0b318000 	C:\Windows\system32\rsaenh.dll
0x00007fff0c190000 - 0x00007fff0c1be000 	C:\Windows\SYSTEM32\USERENV.dll
0x00007fff0bc40000 - 0x00007fff0bc4c000 	C:\Windows\SYSTEM32\CRYPTBASE.dll
0x00007fff04a00000 - 0x00007fff04a0e000 	C:\Users\Dell\.jdks\ms-17.0.17\bin\sunmscapi.dll
0x00007fff0ca20000 - 0x00007fff0cb7d000 	C:\Windows\System32\CRYPT32.dll
0x00007fff0bd40000 - 0x00007fff0bd67000 	C:\Windows\SYSTEM32\ncrypt.dll
0x00007fff0bd00000 - 0x00007fff0bd3b000 	C:\Windows\SYSTEM32\NTASN1.dll
0x00007fff04a90000 - 0x00007fff04a97000 	C:\Windows\system32\wshunix.dll

dbghelp: loaded successfully - version: 4.0.5 - missing functions: none
symbol engine: initialized successfully - sym options: 0x614 - pdb path: .;C:\Users\Dell\.jdks\ms-17.0.17\bin;C:\Windows\SYSTEM32;C:\Windows\WinSxS\amd64_microsoft.windows.common-controls_6595b64144ccf1df_6.0.19041.6456_none_60b8a6cb71f64256;C:\Users\Dell\.jdks\ms-17.0.17\bin\server;C:\Users\Dell\.gradle\native\1def1411415f61bf3af743bc5b6707747c0891f09f0c88961ee8f79bc544acac\windows-amd64;C:\Users\Dell\.gradle\native\0.2.7\x86_64-windows-gnu

VM Arguments:
jvm_args: --add-opens=java.base/java.lang=ALL-UNNAMED --add-opens=java.base/java.lang.invoke=ALL-UNNAMED --add-opens=java.base/java.util=ALL-UNNAMED --add-opens=java.prefs/java.util.prefs=ALL-UNNAMED --add-exports=jdk.compiler/com.sun.tools.javac.api=ALL-UNNAMED --add-exports=jdk.compiler/com.sun.tools.javac.util=ALL-UNNAMED --add-opens=java.base/java.util=ALL-UNNAMED --add-opens=java.prefs/java.util.prefs=ALL-UNNAMED --add-opens=java.base/java.nio.charset=ALL-UNNAMED --add-opens=java.base/java.net=ALL-UNNAMED --add-opens=java.base/java.util.concurrent.atomic=ALL-UNNAMED --add-opens=java.xml/javax.xml.namespace=ALL-UNNAMED -Xmx2048m -Dfile.encoding=UTF-8 -Duser.country=US -Duser.language=en -Duser.variant -javaagent:C:\Users\Dell\.gradle\wrapper\dists\gradle-8.13-bin\5xuhj0ry160q40clulazy9h7d\gradle-8.13\lib\agents\gradle-instrumentation-agent-8.13.jar 
java_command: org.gradle.launcher.daemon.bootstrap.GradleDaemon 8.13
java_class_path (initial): C:\Users\Dell\.gradle\wrapper\dists\gradle-8.13-bin\5xuhj0ry160q40clulazy9h7d\gradle-8.13\lib\gradle-daemon-main-8.13.jar
Launcher Type: SUN_STANDARD

[Global flags]
     intx CICompilerCount                          = 3                                         {product} {ergonomic}
     uint ConcGCThreads                            = 1                                         {product} {ergonomic}
     uint G1ConcRefinementThreads                  = 4                                         {product} {ergonomic}
   size_t G1HeapRegionSize                         = 1048576                                   {product} {ergonomic}
    uintx GCDrainStackTargetSize                   = 64                                        {product} {ergonomic}
   size_t InitialHeapSize                          = 67108864                                  {product} {ergonomic}
   size_t MarkStackSize                            = 4194304                                   {product} {ergonomic}
   size_t MaxHeapSize                              = 2147483648                                {product} {command line}
   size_t MaxNewSize                               = 1287651328                                {product} {ergonomic}
   size_t MinHeapDeltaBytes                        = 1048576                                   {product} {ergonomic}
   size_t MinHeapSize                              = 8388608                                   {product} {ergonomic}
    uintx NonNMethodCodeHeapSize                   = 5832780                                {pd product} {ergonomic}
    uintx NonProfiledCodeHeapSize                  = 122912730                              {pd product} {ergonomic}
    uintx ProfiledCodeHeapSize                     = 122912730                              {pd product} {ergonomic}
    uintx ReservedCodeCacheSize                    = 251658240                              {pd product} {ergonomic}
     bool SegmentedCodeCache                       = true                                      {product} {ergonomic}
   size_t SoftMaxHeapSize                          = 2147483648                             {manageable} {ergonomic}
     bool UseCompressedClassPointers               = true                           {product lp64_product} {ergonomic}
     bool UseCompressedOops                        = true                           {product lp64_product} {ergonomic}
     bool UseG1GC                                  = true                                      {product} {ergonomic}
     bool UseLargePagesIndividualAllocation        = false                                  {pd product} {ergonomic}

Logging:
Log output configuration:
 #0: stdout all=warning uptime,level,tags
 #1: stderr all=off uptime,level,tags

Environment Variables:
PATH=C:\Program Files\Common Files\Oracle\Java\javapath;E:\oracle\product\10.2.0\db_1\bin;C:\Windows\system32;C:\Windows;C:\Windows\System32\Wbem;C:\Windows\System32\WindowsPowerShell\v1.0\;C:\Windows\System32\OpenSSH\;C:\Program Files (x86)\Intel\Intel(R) Management Engine Components\DAL;C:\Program Files\Intel\Intel(R) Management Engine Components\DAL;C:\Program Files\Microsoft SQL Server\150\Tools\Binn\;C:\Program Files\Microsoft SQL Server\Client SDK\ODBC\170\Tools\Binn\;C:\Program Files\dotnet\;C:\Program Files (x86)\Microsoft SQL Server\160\Tools\Binn\;C:\Program Files\Microsoft SQL Server\160\Tools\Binn\;C:\Program Files\Microsoft SQL Server\160\DTS\Binn\;C:\Users\Dell\AppData\Local\Microsoft\WindowsApps;C:\Users\Dell\.dotnet\tools;C:\Users\Dell\AppData\Local\GitHubDesktop\bin
USERNAME=Dell
OS=Windows_NT
PROCESSOR_IDENTIFIER=Intel64 Family 6 Model 142 Stepping 9, GenuineIntel
TMP=C:\Users\Dell\AppData\Local\Temp
TEMP=C:\Users\Dell\AppData\Local\Temp



Periodic native trim disabled


---------------  S Y S T E M  ---------------

OS:
 Windows 10 , 64 bit Build 19041 (10.0.19041.5915)
OS uptime: 0 days 10:04 hours

CPU: total 4 (initial active 4) (2 cores per cpu, 2 threads per core) family 6 model 142 stepping 9 microcode 0xea, cx8, cmov, fxsr, ht, mmx, 3dnowpref, sse, sse2, sse3, ssse3, sse4.1, sse4.2, popcnt, lzcnt, tsc, tscinvbit, avx, avx2, aes, erms, clmul, bmi1, bmi2, adx, fma, vzeroupper, clflush, clflushopt
Processor Information for the first 4 processors :
  Max Mhz: 2701, Current Mhz: 2701, Mhz Limit: 2701

Memory: 4k page, system-wide physical 3994M (544M free)
TotalPageFile size 16282M (AvailPageFile size 5M)
current process WorkingSet (physical memory assigned to process): 403M, peak: 407M
current process commit charge ("private bytes"): 447M, peak: 452M

vm_info: OpenJDK 64-Bit Server VM (17.0.17+10-LTS) for windows-amd64 JRE (17.0.17+10-LTS), built on Oct 13 2025 22:19:56 by "MicrosoftCorporation" with unknown MS VC++:1944

END.
