#
# There is insufficient memory for the Java Runtime Environment to continue.
# Native memory allocation (mmap) failed to map 85983232 bytes. Error detail: G1 virtual space
# Possible reasons:
#   The system is out of physical RAM or swap space
#   This process is running with CompressedOops enabled, and the Java Heap may be blocking the growth of the native heap
# Possible solutions:
#   Reduce memory load on the system
#   Increase physical memory or swap space
#   Check if swap backing store is full
#   Decrease Java heap size (-Xmx/-Xms)
#   Decrease number of Java threads
#   Decrease Java thread stack sizes (-Xss)
#   Set larger code cache with -XX:ReservedCodeCacheSize=
#   JVM is running with Unscaled Compressed Oops mode in which the Java heap is
#     placed in the first 4GB address space. The Java Heap base address is the
#     maximum limit for the native heap growth. Please use -XX:HeapBaseMinAddress
#     to set the Java Heap base and to place the Java Heap above 4GB virtual address.
# This output file may be truncated or incomplete.
#
#  Out of Memory Error (os_windows.cpp:3690), pid=9648, tid=12616
#
# JRE version: OpenJDK Runtime Environment Microsoft-12574423 (17.0.17+10) (build 17.0.17+10-LTS)
# Java VM: OpenJDK 64-Bit Server VM Microsoft-12574423 (17.0.17+10-LTS, mixed mode, sharing, tiered, compressed oops, compressed class ptrs, g1 gc, windows-amd64)
# No core dump will be written. Minidumps are not enabled by default on client versions of Windows
#

---------------  S U M M A R Y ------------

Command Line: --add-opens=java.base/java.lang=ALL-UNNAMED --add-opens=java.base/java.lang.invoke=ALL-UNNAMED --add-opens=java.base/java.util=ALL-UNNAMED --add-opens=java.prefs/java.util.prefs=ALL-UNNAMED --add-exports=jdk.compiler/com.sun.tools.javac.api=ALL-UNNAMED --add-exports=jdk.compiler/com.sun.tools.javac.util=ALL-UNNAMED --add-opens=java.base/java.util=ALL-UNNAMED --add-opens=java.prefs/java.util.prefs=ALL-UNNAMED --add-opens=java.base/java.nio.charset=ALL-UNNAMED --add-opens=java.base/java.net=ALL-UNNAMED --add-opens=java.base/java.util.concurrent.atomic=ALL-UNNAMED --add-opens=java.xml/javax.xml.namespace=ALL-UNNAMED -Xmx2048m -Dfile.encoding=UTF-8 -Duser.country=US -Duser.language=en -Duser.variant -javaagent:C:\Users\Dell\.gradle\wrapper\dists\gradle-8.13-bin\5xuhj0ry160q40clulazy9h7d\gradle-8.13\lib\agents\gradle-instrumentation-agent-8.13.jar org.gradle.launcher.daemon.bootstrap.GradleDaemon 8.13

Host: Intel(R) Core(TM) i5-7200U CPU @ 2.50GHz, 4 cores, 3G,  Windows 10 , 64 bit Build 19041 (10.0.19041.5915)
Time: Tue Nov 18 23:01:50 2025 Pacific Standard Time elapsed time: 13.863633 seconds (0d 0h 0m 13s)

---------------  T H R E A D  ---------------

Current thread (0x00000273f5903370):  VMThread "VM Thread" [stack: 0x000000c67da00000,0x000000c67db00000] [id=12616]

Stack: [0x000000c67da00000,0x000000c67db00000]
Native frames: (J=compiled Java code, j=interpreted, Vv=VM code, C=native code)
V  [jvm.dll+0x68c459]  (no source info available)
V  [jvm.dll+0x845e09]  (no source info available)
V  [jvm.dll+0x847b78]  (no source info available)
V  [jvm.dll+0x848203]  (no source info available)
V  [jvm.dll+0x24cf6f]  (no source info available)
V  [jvm.dll+0x68b859]  (no source info available)
V  [jvm.dll+0x67fe1a]  (no source info available)
V  [jvm.dll+0x3100f0]  (no source info available)
V  [jvm.dll+0x30ff92]  (no source info available)
V  [jvm.dll+0x3174e9]  (no source info available)
V  [jvm.dll+0x3697c9]  (no source info available)
V  [jvm.dll+0x3699fd]  (no source info available)
V  [jvm.dll+0x2e68fa]  (no source info available)
V  [jvm.dll+0x2e4cf1]  (no source info available)
V  [jvm.dll+0x2e448c]  (no source info available)
V  [jvm.dll+0x328e1b]  (no source info available)
V  [jvm.dll+0x84ca8d]  (no source info available)
V  [jvm.dll+0x84d7a3]  (no source info available)
V  [jvm.dll+0x84dcd4]  (no source info available)
V  [jvm.dll+0x84e0b8]  (no source info available)
V  [jvm.dll+0x84e1ae]  (no source info available)
V  [jvm.dll+0x7f5a5c]  (no source info available)
V  [jvm.dll+0x68d9f7]  (no source info available)
C  [ucrtbase.dll+0x21bb2]  (no source info available)
C  [KERNEL32.DLL+0x17374]  (no source info available)
C  [ntdll.dll+0x4cc91]  (no source info available)

VM_Operation (0x000000c67f0f78b0): G1CollectForAllocation, mode: safepoint, requested by thread 0x00000273fb68caa0


---------------  P R O C E S S  ---------------

Threads class SMR info:
_java_thread_list=0x00000273fc577370, length=33, elements={
0x00000273d7d0f5f0, 0x00000273f59087d0, 0x00000273f590b6b0, 0x00000273f591b9b0,
0x00000273f591e390, 0x00000273f591ec60, 0x00000273f5921540, 0x00000273f59221f0,
0x00000273f5924630, 0x00000273f5925340, 0x00000273f58f5ec0, 0x00000273f5ab3ff0,
0x00000273fb45d010, 0x00000273faeab870, 0x00000273fb25d2c0, 0x00000273fb568d80,
0x00000273fb569e40, 0x00000273fb68c590, 0x00000273fb68caa0, 0x00000273fb68e900,
0x00000273fb68d9d0, 0x00000273fb68f320, 0x00000273fb68f830, 0x00000273fb68ee10,
0x00000273fb68c080, 0x00000273fb68dee0, 0x00000273fb68e3f0, 0x00000273fb68d4c0,
0x00000273fc086060, 0x00000273fc0828b0, 0x00000273fc086a80, 0x00000273fc084710,
0x00000273fc085640
}

Java Threads: ( => current thread )
  0x00000273d7d0f5f0 JavaThread "main" [_thread_blocked, id=4724, stack(0x000000c67d400000,0x000000c67d500000)]
  0x00000273f59087d0 JavaThread "Reference Handler" daemon [_thread_blocked, id=1528, stack(0x000000c67db00000,0x000000c67dc00000)]
  0x00000273f590b6b0 JavaThread "Finalizer" daemon [_thread_blocked, id=6336, stack(0x000000c67dc00000,0x000000c67dd00000)]
  0x00000273f591b9b0 JavaThread "Signal Dispatcher" daemon [_thread_blocked, id=816, stack(0x000000c67dd00000,0x000000c67de00000)]
  0x00000273f591e390 JavaThread "Attach Listener" daemon [_thread_blocked, id=2212, stack(0x000000c67de00000,0x000000c67df00000)]
  0x00000273f591ec60 JavaThread "Service Thread" daemon [_thread_blocked, id=11144, stack(0x000000c67df00000,0x000000c67e000000)]
  0x00000273f5921540 JavaThread "Monitor Deflation Thread" daemon [_thread_blocked, id=10336, stack(0x000000c67e000000,0x000000c67e100000)]
  0x00000273f59221f0 JavaThread "C2 CompilerThread0" daemon [_thread_blocked, id=6732, stack(0x000000c67e100000,0x000000c67e200000)]
  0x00000273f5924630 JavaThread "C1 CompilerThread0" daemon [_thread_blocked, id=11104, stack(0x000000c67e200000,0x000000c67e300000)]
  0x00000273f5925340 JavaThread "Sweeper thread" daemon [_thread_blocked, id=6736, stack(0x000000c67e300000,0x000000c67e400000)]
  0x00000273f58f5ec0 JavaThread "Common-Cleaner" daemon [_thread_blocked, id=2476, stack(0x000000c67e400000,0x000000c67e500000)]
  0x00000273f5ab3ff0 JavaThread "Notification Thread" daemon [_thread_blocked, id=4348, stack(0x000000c67e500000,0x000000c67e600000)]
  0x00000273fb45d010 JavaThread "Daemon health stats" [_thread_blocked, id=10228, stack(0x000000c67ea00000,0x000000c67eb00000)]
  0x00000273faeab870 JavaThread "Incoming local TCP Connector on port 49679" [_thread_in_native, id=12732, stack(0x000000c67eb00000,0x000000c67ec00000)]
  0x00000273fb25d2c0 JavaThread "Daemon periodic checks" [_thread_blocked, id=8260, stack(0x000000c67ec00000,0x000000c67ed00000)]
  0x00000273fb568d80 JavaThread "Daemon" [_thread_blocked, id=8240, stack(0x000000c67ed00000,0x000000c67ee00000)]
  0x00000273fb569e40 JavaThread "Handler for socket connection from /127.0.0.1:49679 to /127.0.0.1:49680" [_thread_in_native, id=11576, stack(0x000000c67ee00000,0x000000c67ef00000)]
  0x00000273fb68c590 JavaThread "Cancel handler" [_thread_blocked, id=12964, stack(0x000000c67ef00000,0x000000c67f000000)]
  0x00000273fb68caa0 JavaThread "Daemon worker" [_thread_blocked, id=6040, stack(0x000000c67f000000,0x000000c67f100000)]
  0x00000273fb68e900 JavaThread "Asynchronous log dispatcher for DefaultDaemonConnection: socket connection from /127.0.0.1:49679 to /127.0.0.1:49680" [_thread_blocked, id=108, stack(0x000000c67f100000,0x000000c67f200000)]
  0x00000273fb68d9d0 JavaThread "Stdin handler" [_thread_blocked, id=2080, stack(0x000000c67f200000,0x000000c67f300000)]
  0x00000273fb68f320 JavaThread "Daemon client event forwarder" [_thread_blocked, id=6560, stack(0x000000c67f300000,0x000000c67f400000)]
  0x00000273fb68f830 JavaThread "Cache worker for journal cache (C:\Users\Dell\.gradle\caches\journal-1)" [_thread_blocked, id=7692, stack(0x000000c67f400000,0x000000c67f500000)]
  0x00000273fb68ee10 JavaThread "File lock request listener" [_thread_in_native, id=8576, stack(0x000000c67f500000,0x000000c67f600000)]
  0x00000273fb68c080 JavaThread "Cache worker for file hash cache (C:\Users\Dell\.gradle\caches\8.13\fileHashes)" [_thread_blocked, id=1656, stack(0x000000c67f600000,0x000000c67f700000)]
  0x00000273fb68dee0 JavaThread "Cache worker for file hash cache (C:\Intel\kinderkingdoom77\KinderKingdom\.gradle\8.13\fileHashes)" [_thread_blocked, id=9736, stack(0x000000c67f700000,0x000000c67f800000)]
  0x00000273fb68e3f0 JavaThread "Cache worker for Build Output Cleanup Cache (C:\Intel\kinderkingdoom77\KinderKingdom\.gradle\buildOutputCleanup)" [_thread_blocked, id=9732, stack(0x000000c67f800000,0x000000c67f900000)]
  0x00000273fb68d4c0 JavaThread "File watcher server" daemon [_thread_in_native, id=9448, stack(0x000000c67f900000,0x000000c67fa00000)]
  0x00000273fc086060 JavaThread "File watcher consumer" daemon [_thread_blocked, id=8280, stack(0x000000c67fa00000,0x000000c67fb00000)]
  0x00000273fc0828b0 JavaThread "Cache worker for checksums cache (C:\Intel\kinderkingdoom77\KinderKingdom\.gradle\8.13\checksums)" [_thread_blocked, id=2908, stack(0x000000c67fc00000,0x000000c67fd00000)]
  0x00000273fc086a80 JavaThread "Cache worker for file content cache (C:\Users\Dell\.gradle\caches\8.13\fileContent)" [_thread_blocked, id=8924, stack(0x000000c67fd00000,0x000000c67fe00000)]
  0x00000273fc084710 JavaThread "Cache worker for cache directory md-supplier (C:\Users\Dell\.gradle\caches\8.13\md-supplier)" [_thread_blocked, id=9616, stack(0x000000c67fe00000,0x000000c67ff00000)]
  0x00000273fc085640 JavaThread "Cache worker for cache directory md-rule (C:\Users\Dell\.gradle\caches\8.13\md-rule)" [_thread_blocked, id=11944, stack(0x000000c67ff00000,0x000000c680000000)]

Other Threads:
=>0x00000273f5903370 VMThread "VM Thread" [stack: 0x000000c67da00000,0x000000c67db00000] [id=12616]
  0x00000273d7d10200 WatcherThread [stack: 0x000000c67e600000,0x000000c67e700000] [id=9828]
  0x00000273d7d6b550 GCTaskThread "GC Thread#0" [stack: 0x000000c67d500000,0x000000c67d600000] [id=3996]
  0x00000273f5c22f60 GCTaskThread "GC Thread#1" [stack: 0x000000c67e700000,0x000000c67e800000] [id=3044]
  0x00000273f5c3e0f0 GCTaskThread "GC Thread#2" [stack: 0x000000c67e800000,0x000000c67e900000] [id=8188]
  0x00000273f5dbe4f0 GCTaskThread "GC Thread#3" [stack: 0x000000c67e900000,0x000000c67ea00000] [id=10116]
  0x00000273d7d7c260 ConcurrentGCThread "G1 Main Marker" [stack: 0x000000c67d600000,0x000000c67d700000] [id=8880]
  0x00000273d7d7d1d0 ConcurrentGCThread "G1 Conc#0" [stack: 0x000000c67d700000,0x000000c67d800000] [id=4056]
  0x00000273d7dccec0 ConcurrentGCThread "G1 Refine#0" [stack: 0x000000c67d800000,0x000000c67d900000] [id=12400]
  0x00000273fcbb0b60 ConcurrentGCThread "G1 Refine#1" [stack: 0x000000c67fb00000,0x000000c67fc00000] [id=3948]
  0x00000273d7dcd6b0 ConcurrentGCThread "G1 Service" [stack: 0x000000c67d900000,0x000000c67da00000] [id=6112]

Threads with active compile tasks:
C2 CompilerThread0  13915 5043       4       org.objectweb.asm.Frame::execute (2303 bytes)
C1 CompilerThread0  13915 5226       2       java.util.regex.Pattern$BmpCharPropertyGreedy::match (89 bytes)

VM state: at safepoint (normal execution)

VM Mutex/Monitor currently owned by a thread:  ([mutex/lock_event])
[0x00000273d7d09e90] Threads_lock - owner thread: 0x00000273f5903370
[0x00000273d7d0a310] Heap_lock - owner thread: 0x00000273fb68caa0

Heap address: 0x0000000080000000, size: 2048 MB, Compressed Oops mode: 32-bit

CDS archive(s) mapped at: [0x0000027380000000-0x0000027380bb0000-0x0000027380bb0000), size 12255232, SharedBaseAddress: 0x0000027380000000, ArchiveRelocationMode: 1.
Compressed class space mapped at: 0x0000027381000000-0x00000273c1000000, reserved size: 1073741824
Narrow klass base: 0x0000027380000000, Narrow klass shift: 0, Narrow klass range: 0x100000000

GC Precious Log:
 CPUs: 4 total, 4 available
 Memory: 3994M
 Large Page Support: Disabled
 NUMA Support: Disabled
 Compressed Oops: Enabled (32-bit)
 Heap Region Size: 1M
 Heap Min Capacity: 8M
 Heap Initial Capacity: 64M
 Heap Max Capacity: 2G
 Pre-touch: Disabled
 Parallel Workers: 4
 Concurrent Workers: 1
 Concurrent Refinement Workers: 4
 Periodic GC: Disabled

Heap:
 garbage-first heap   total 78848K, used 37507K [0x0000000080000000, 0x0000000100000000)
  region size 1024K, 2 young (2048K), 2 survivors (2048K)
 Metaspace       used 49786K, committed 50368K, reserved 1114112K
  class space    used 7104K, committed 7360K, reserved 1048576K

Heap Regions: E=young(eden), S=young(survivor), O=old, HS=humongous(starts), HC=humongous(continues), CS=collection set, F=free, OA=open archive, CA=closed archive, TAMS=top-at-mark-start (previous, next)
|   0|0x0000000080000000, 0x0000000080100000, 0x0000000080100000|100%|HS|  |TAMS 0x0000000080100000, 0x0000000080000000| Complete 
|   1|0x0000000080100000, 0x0000000080200000, 0x0000000080200000|100%|HC|  |TAMS 0x0000000080200000, 0x0000000080100000| Complete 
|   2|0x0000000080200000, 0x0000000080300000, 0x0000000080300000|100%|HC|  |TAMS 0x0000000080300000, 0x0000000080200000| Complete 
|   3|0x0000000080300000, 0x0000000080400000, 0x0000000080400000|100%| O|  |TAMS 0x0000000080400000, 0x0000000080300000| Untracked 
|   4|0x0000000080400000, 0x0000000080500000, 0x0000000080500000|100%| O|  |TAMS 0x0000000080500000, 0x0000000080400000| Untracked 
|   5|0x0000000080500000, 0x0000000080600000, 0x0000000080600000|100%| O|  |TAMS 0x0000000080600000, 0x0000000080500000| Untracked 
|   6|0x0000000080600000, 0x0000000080700000, 0x0000000080700000|100%| O|  |TAMS 0x0000000080700000, 0x0000000080600000| Untracked 
|   7|0x0000000080700000, 0x0000000080800000, 0x0000000080800000|100%|HS|  |TAMS 0x0000000080800000, 0x0000000080700000| Complete 
|   8|0x0000000080800000, 0x0000000080900000, 0x0000000080900000|100%| O|  |TAMS 0x0000000080900000, 0x0000000080800000| Untracked 
|   9|0x0000000080900000, 0x0000000080a00000, 0x0000000080a00000|100%| O|  |TAMS 0x0000000080a00000, 0x0000000080900000| Untracked 
|  10|0x0000000080a00000, 0x0000000080b00000, 0x0000000080b00000|100%| O|  |TAMS 0x0000000080b00000, 0x0000000080a00000| Untracked 
|  11|0x0000000080b00000, 0x0000000080c00000, 0x0000000080c00000|100%| O|  |TAMS 0x0000000080c00000, 0x0000000080b00000| Untracked 
|  12|0x0000000080c00000, 0x0000000080d00000, 0x0000000080d00000|100%| O|  |TAMS 0x0000000080d00000, 0x0000000080c00000| Untracked 
|  13|0x0000000080d00000, 0x0000000080e00000, 0x0000000080e00000|100%| O|  |TAMS 0x0000000080e00000, 0x0000000080d00000| Untracked 
|  14|0x0000000080e00000, 0x0000000080f00000, 0x0000000080f00000|100%| O|  |TAMS 0x0000000080f00000, 0x0000000080e00000| Untracked 
|  15|0x0000000080f00000, 0x0000000081000000, 0x0000000081000000|100%| O|  |TAMS 0x0000000081000000, 0x0000000080f00000| Untracked 
|  16|0x0000000081000000, 0x0000000081100000, 0x0000000081100000|100%| O|  |TAMS 0x0000000081100000, 0x0000000081000000| Untracked 
|  17|0x0000000081100000, 0x0000000081200000, 0x0000000081200000|100%| O|  |TAMS 0x0000000081200000, 0x0000000081100000| Untracked 
|  18|0x0000000081200000, 0x0000000081300000, 0x0000000081300000|100%| O|  |TAMS 0x0000000081200000, 0x0000000081200000| Untracked 
|  19|0x0000000081300000, 0x0000000081400000, 0x0000000081400000|100%| O|  |TAMS 0x0000000081400000, 0x0000000081300000| Untracked 
|  20|0x0000000081400000, 0x0000000081500000, 0x0000000081500000|100%| O|  |TAMS 0x0000000081500000, 0x0000000081400000| Untracked 
|  21|0x0000000081500000, 0x0000000081600000, 0x0000000081600000|100%| O|  |TAMS 0x0000000081500000, 0x0000000081500000| Untracked 
|  22|0x0000000081600000, 0x0000000081700000, 0x0000000081700000|100%| O|  |TAMS 0x0000000081700000, 0x0000000081600000| Untracked 
|  23|0x0000000081700000, 0x0000000081800000, 0x0000000081800000|100%| O|  |TAMS 0x0000000081800000, 0x0000000081700000| Untracked 
|  24|0x0000000081800000, 0x0000000081900000, 0x0000000081900000|100%| O|  |TAMS 0x0000000081900000, 0x0000000081800000| Untracked 
|  25|0x0000000081900000, 0x0000000081a00000, 0x0000000081a00000|100%| O|  |TAMS 0x0000000081a00000, 0x0000000081900000| Untracked 
|  26|0x0000000081a00000, 0x0000000081b00000, 0x0000000081b00000|100%| O|  |TAMS 0x0000000081b00000, 0x0000000081a00000| Untracked 
|  27|0x0000000081b00000, 0x0000000081c00000, 0x0000000081c00000|100%| O|  |TAMS 0x0000000081b00000, 0x0000000081b00000| Untracked 
|  28|0x0000000081c00000, 0x0000000081d00000, 0x0000000081d00000|100%| O|  |TAMS 0x0000000081d00000, 0x0000000081c00000| Untracked 
|  29|0x0000000081d00000, 0x0000000081e00000, 0x0000000081e00000|100%| O|  |TAMS 0x0000000081e00000, 0x0000000081d00000| Untracked 
|  30|0x0000000081e00000, 0x0000000081f00000, 0x0000000081f00000|100%| O|  |TAMS 0x0000000081e0b400, 0x0000000081e00000| Untracked 
|  31|0x0000000081f00000, 0x0000000082000000, 0x0000000082000000|100%| O|  |TAMS 0x0000000081f00000, 0x0000000081f00000| Untracked 
|  32|0x0000000082000000, 0x0000000082100000, 0x0000000082100000|100%| O|  |TAMS 0x0000000082000000, 0x0000000082000000| Untracked 
|  33|0x0000000082100000, 0x0000000082200000, 0x0000000082200000|100%| O|  |TAMS 0x0000000082100000, 0x0000000082100000| Untracked 
|  34|0x0000000082200000, 0x00000000822d4e08, 0x0000000082300000| 83%| O|  |TAMS 0x0000000082200000, 0x0000000082200000| Untracked 
|  35|0x0000000082300000, 0x0000000082300000, 0x0000000082400000|  0%| F|  |TAMS 0x0000000082300000, 0x0000000082300000| Untracked 
|  36|0x0000000082400000, 0x0000000082400000, 0x0000000082500000|  0%| F|  |TAMS 0x0000000082400000, 0x0000000082400000| Untracked 
|  37|0x0000000082500000, 0x0000000082500000, 0x0000000082600000|  0%| F|  |TAMS 0x0000000082500000, 0x0000000082500000| Untracked 
|  38|0x0000000082600000, 0x0000000082600000, 0x0000000082700000|  0%| F|  |TAMS 0x0000000082600000, 0x0000000082600000| Untracked 
|  39|0x0000000082700000, 0x0000000082700000, 0x0000000082800000|  0%| F|  |TAMS 0x0000000082700000, 0x0000000082700000| Untracked 
|  40|0x0000000082800000, 0x0000000082800000, 0x0000000082900000|  0%| F|  |TAMS 0x0000000082800000, 0x0000000082800000| Untracked 
|  41|0x0000000082900000, 0x0000000082900000, 0x0000000082a00000|  0%| F|  |TAMS 0x0000000082900000, 0x0000000082900000| Untracked 
|  42|0x0000000082a00000, 0x0000000082a00000, 0x0000000082b00000|  0%| F|  |TAMS 0x0000000082a00000, 0x0000000082a00000| Untracked 
|  43|0x0000000082b00000, 0x0000000082b00000, 0x0000000082c00000|  0%| F|  |TAMS 0x0000000082b00000, 0x0000000082b00000| Untracked 
|  44|0x0000000082c00000, 0x0000000082c00000, 0x0000000082d00000|  0%| F|  |TAMS 0x0000000082c00000, 0x0000000082c00000| Untracked 
|  45|0x0000000082d00000, 0x0000000082d00000, 0x0000000082e00000|  0%| F|  |TAMS 0x0000000082d00000, 0x0000000082d00000| Untracked 
|  46|0x0000000082e00000, 0x0000000082e00000, 0x0000000082f00000|  0%| F|  |TAMS 0x0000000082e00000, 0x0000000082e00000| Untracked 
|  47|0x0000000082f00000, 0x0000000082fcc000, 0x0000000083000000| 79%| S|CS|TAMS 0x0000000082f00000, 0x0000000082f00000| Complete 
|  48|0x0000000083000000, 0x0000000083100000, 0x0000000083100000|100%| S|CS|TAMS 0x0000000083000000, 0x0000000083000000| Complete 
|  49|0x0000000083100000, 0x0000000083100000, 0x0000000083200000|  0%| F|  |TAMS 0x0000000083100000, 0x0000000083100000| Untracked 
|  50|0x0000000083200000, 0x0000000083200000, 0x0000000083300000|  0%| F|  |TAMS 0x0000000083200000, 0x0000000083200000| Untracked 
|  51|0x0000000083300000, 0x0000000083300000, 0x0000000083400000|  0%| F|  |TAMS 0x0000000083300000, 0x0000000083300000| Untracked 
|  52|0x0000000083400000, 0x0000000083400000, 0x0000000083500000|  0%| F|  |TAMS 0x0000000083400000, 0x0000000083400000| Untracked 
|  53|0x0000000083500000, 0x0000000083500000, 0x0000000083600000|  0%| F|  |TAMS 0x0000000083500000, 0x0000000083500000| Untracked 
|  54|0x0000000083600000, 0x0000000083600000, 0x0000000083700000|  0%| F|  |TAMS 0x0000000083600000, 0x0000000083600000| Untracked 
|  55|0x0000000083700000, 0x0000000083700000, 0x0000000083800000|  0%| F|  |TAMS 0x0000000083700000, 0x0000000083700000| Untracked 
|  56|0x0000000083800000, 0x0000000083800000, 0x0000000083900000|  0%| F|  |TAMS 0x0000000083800000, 0x0000000083800000| Untracked 
|  57|0x0000000083900000, 0x0000000083900000, 0x0000000083a00000|  0%| F|  |TAMS 0x0000000083900000, 0x0000000083900000| Untracked 
|  58|0x0000000083a00000, 0x0000000083a00000, 0x0000000083b00000|  0%| F|  |TAMS 0x0000000083a00000, 0x0000000083a00000| Untracked 
|  59|0x0000000083b00000, 0x0000000083b00000, 0x0000000083c00000|  0%| F|  |TAMS 0x0000000083b00000, 0x0000000083b00000| Untracked 
|  60|0x0000000083c00000, 0x0000000083c00000, 0x0000000083d00000|  0%| F|  |TAMS 0x0000000083c00000, 0x0000000083c00000| Untracked 
|  61|0x0000000083d00000, 0x0000000083d00000, 0x0000000083e00000|  0%| F|  |TAMS 0x0000000083d00000, 0x0000000083d00000| Untracked 
|  62|0x0000000083e00000, 0x0000000083e00000, 0x0000000083f00000|  0%| F|  |TAMS 0x0000000083e00000, 0x0000000083e00000| Untracked 
|  63|0x0000000083f00000, 0x0000000083f00000, 0x0000000084000000|  0%| F|  |TAMS 0x0000000083f00000, 0x0000000083f00000| Untracked 
|  64|0x0000000084000000, 0x0000000084000000, 0x0000000084100000|  0%| F|  |TAMS 0x0000000084000000, 0x0000000084000000| Untracked 
|  65|0x0000000084100000, 0x0000000084100000, 0x0000000084200000|  0%| F|  |TAMS 0x0000000084100000, 0x0000000084100000| Untracked 
|  66|0x0000000084200000, 0x0000000084200000, 0x0000000084300000|  0%| F|  |TAMS 0x0000000084200000, 0x0000000084200000| Untracked 
|  67|0x0000000084300000, 0x0000000084300000, 0x0000000084400000|  0%| F|  |TAMS 0x0000000084300000, 0x0000000084300000| Untracked 
|  68|0x0000000084400000, 0x0000000084400000, 0x0000000084500000|  0%| F|  |TAMS 0x0000000084400000, 0x0000000084400000| Untracked 
|  69|0x0000000084500000, 0x0000000084500000, 0x0000000084600000|  0%| F|  |TAMS 0x0000000084500000, 0x0000000084500000| Untracked 
|  70|0x0000000084600000, 0x0000000084600000, 0x0000000084700000|  0%| F|  |TAMS 0x0000000084600000, 0x0000000084600000| Untracked 
|  71|0x0000000084700000, 0x0000000084700000, 0x0000000084800000|  0%| F|  |TAMS 0x0000000084700000, 0x0000000084700000| Untracked 
|  72|0x0000000084800000, 0x0000000084800000, 0x0000000084900000|  0%| F|  |TAMS 0x0000000084800000, 0x0000000084800000| Untracked 
|  73|0x0000000084900000, 0x0000000084900000, 0x0000000084a00000|  0%| F|  |TAMS 0x0000000084900000, 0x0000000084900000| Untracked 
|  74|0x0000000084a00000, 0x0000000084a00000, 0x0000000084b00000|  0%| F|  |TAMS 0x0000000084a00000, 0x0000000084a00000| Untracked 
|  75|0x0000000084b00000, 0x0000000084b00000, 0x0000000084c00000|  0%| F|  |TAMS 0x0000000084b00000, 0x0000000084b00000| Untracked 
|  76|0x0000000084c00000, 0x0000000084c00000, 0x0000000084d00000|  0%| F|  |TAMS 0x0000000084c00000, 0x0000000084c00000| Untracked 

Card table byte_map: [0x00000273eec90000,0x00000273ef090000] _byte_map_base: 0x00000273ee890000

Marking Bits (Prev, Next): (CMBitMap*) 0x00000273d7d6b930, (CMBitMap*) 0x00000273d7d6b970
 Prev Bits: [0x00000273ef490000, 0x00000273f1490000)
 Next Bits: [0x00000273f1490000, 0x00000273f3490000)

Polling page: 0x00000273d74d0000

Metaspace:

Usage:
  Non-class:     41.68 MB used.
      Class:      6.94 MB used.
       Both:     48.62 MB used.

Virtual space:
  Non-class space:       64.00 MB reserved,      42.00 MB ( 66%) committed,  1 nodes.
      Class space:        1.00 GB reserved,       7.19 MB ( <1%) committed,  1 nodes.
             Both:        1.06 GB reserved,      49.19 MB (  5%) committed. 

Chunk freelists:
   Non-Class:  5.77 MB
       Class:  8.72 MB
        Both:  14.49 MB

MaxMetaspaceSize: unlimited
CompressedClassSpaceSize: 1.00 GB
Initial GC threshold: 21.00 MB
Current GC threshold: 59.19 MB
CDS: on
MetaspaceReclaimPolicy: balanced
 - commit_granule_bytes: 65536.
 - commit_granule_words: 8192.
 - virtual_space_node_default_size: 8388608.
 - enlarge_chunks_in_place: 1.
 - new_chunks_are_fully_committed: 0.
 - uncommit_free_chunks: 1.
 - use_allocation_guard: 0.
 - handle_deallocations: 1.


Internal statistics:

num_allocs_failed_limit: 6.
num_arena_births: 646.
num_arena_deaths: 0.
num_vsnodes_births: 2.
num_vsnodes_deaths: 0.
num_space_committed: 787.
num_space_uncommitted: 0.
num_chunks_returned_to_freelist: 6.
num_chunks_taken_from_freelist: 2631.
num_chunk_merges: 6.
num_chunk_splits: 1746.
num_chunks_enlarged: 1218.
num_inconsistent_stats: 0.

CodeHeap 'non-profiled nmethods': size=120000Kb used=2564Kb max_used=2564Kb free=117435Kb
 bounds [0x00000273e7360000, 0x00000273e75f0000, 0x00000273ee890000]
CodeHeap 'profiled nmethods': size=120000Kb used=9857Kb max_used=9857Kb free=110142Kb
 bounds [0x00000273df890000, 0x00000273e0240000, 0x00000273e6dc0000]
CodeHeap 'non-nmethods': size=5760Kb used=1651Kb max_used=1724Kb free=4108Kb
 bounds [0x00000273e6dc0000, 0x00000273e7030000, 0x00000273e7360000]
 total_blobs=5928 nmethods=5196 adapters=644
 compilation: enabled
              stopped_count=0, restarted_count=0
 full_count=0

Compilation events (20 events):
Event: 13.847 Thread 0x00000273f5924630 nmethod 5216 0x00000273e022d990 code [0x00000273e022db40, 0x00000273e022dcc8]
Event: 13.847 Thread 0x00000273f5924630 5217       2       com.google.common.collect.Sets$1$1::<init> (42 bytes)
Event: 13.847 Thread 0x00000273f5924630 nmethod 5217 0x00000273e022dd90 code [0x00000273e022df60, 0x00000273e022e258]
Event: 13.847 Thread 0x00000273f5924630 5218       2       org.gradle.api.internal.attributes.DefaultMutableAttributeContainer::keySet (29 bytes)
Event: 13.848 Thread 0x00000273f5924630 nmethod 5218 0x00000273e022e390 code [0x00000273e022e5e0, 0x00000273e022ec68]
Event: 13.848 Thread 0x00000273f5924630 5219       2       java.util.Collections$EmptyMap::keySet (4 bytes)
Event: 13.848 Thread 0x00000273f5924630 nmethod 5219 0x00000273e022f010 code [0x00000273e022f1a0, 0x00000273e022f2b8]
Event: 13.848 Thread 0x00000273f5924630 5220       1       org.gradle.internal.component.external.model.ImmutableCapabilities::asSet (5 bytes)
Event: 13.848 Thread 0x00000273f5924630 nmethod 5220 0x00000273e75e0d90 code [0x00000273e75e0f20, 0x00000273e75e0ff8]
Event: 13.848 Thread 0x00000273f5924630 5221       2       java.lang.reflect.Constructor::setAccessible (21 bytes)
Event: 13.849 Thread 0x00000273f5924630 nmethod 5221 0x00000273e022f390 code [0x00000273e022f560, 0x00000273e022f7f8]
Event: 13.849 Thread 0x00000273f5924630 5222       2       com.google.common.collect.RegularImmutableMap$KeySet::size (8 bytes)
Event: 13.849 Thread 0x00000273f5924630 nmethod 5222 0x00000273e022f990 code [0x00000273e022fb20, 0x00000273e022fc38]
Event: 13.849 Thread 0x00000273f5924630 5223       1       org.gradle.api.internal.attributes.matching.CachingAttributeSelectionSchema$MatchValueKey::hashCode (5 bytes)
Event: 13.849 Thread 0x00000273f5924630 nmethod 5223 0x00000273e75e1090 code [0x00000273e75e1220, 0x00000273e75e12f8]
Event: 13.849 Thread 0x00000273f5924630 5224       2       com.google.common.collect.IndexedImmutableSet$1::size (8 bytes)
Event: 13.849 Thread 0x00000273f5924630 nmethod 5224 0x00000273e022fd10 code [0x00000273e022fea0, 0x00000273e022ffb8]
Event: 13.850 Thread 0x00000273f5924630 5225       2       java.util.regex.Pattern$Branch::match (66 bytes)
Event: 13.850 Thread 0x00000273f5924630 nmethod 5225 0x00000273e0230110 code [0x00000273e02302e0, 0x00000273e0230598]
Event: 13.850 Thread 0x00000273f5924630 5226       2       java.util.regex.Pattern$BmpCharPropertyGreedy::match (89 bytes)

GC Heap History (20 events):
Event: 8.858 GC heap after
{Heap after GC invocations=10 (full 0):
 garbage-first heap   total 78848K, used 26104K [0x0000000080000000, 0x0000000100000000)
  region size 1024K, 4 young (4096K), 4 survivors (4096K)
 Metaspace       used 27243K, committed 27648K, reserved 1114112K
  class space    used 3909K, committed 4096K, reserved 1048576K
}
Event: 8.884 GC heap before
{Heap before GC invocations=10 (full 0):
 garbage-first heap   total 78848K, used 26104K [0x0000000080000000, 0x0000000100000000)
  region size 1024K, 5 young (5120K), 4 survivors (4096K)
 Metaspace       used 27477K, committed 27840K, reserved 1114112K
  class space    used 3923K, committed 4096K, reserved 1048576K
}
Event: 8.892 GC heap after
{Heap after GC invocations=11 (full 0):
 garbage-first heap   total 78848K, used 26405K [0x0000000080000000, 0x0000000100000000)
  region size 1024K, 1 young (1024K), 1 survivors (1024K)
 Metaspace       used 27477K, committed 27840K, reserved 1114112K
  class space    used 3923K, committed 4096K, reserved 1048576K
}
Event: 9.605 GC heap before
{Heap before GC invocations=11 (full 0):
 garbage-first heap   total 78848K, used 60197K [0x0000000080000000, 0x0000000100000000)
  region size 1024K, 35 young (35840K), 1 survivors (1024K)
 Metaspace       used 30659K, committed 31040K, reserved 1114112K
  class space    used 4306K, committed 4480K, reserved 1048576K
}
Event: 9.610 GC heap after
{Heap after GC invocations=12 (full 0):
 garbage-first heap   total 78848K, used 29282K [0x0000000080000000, 0x0000000100000000)
  region size 1024K, 4 young (4096K), 4 survivors (4096K)
 Metaspace       used 30659K, committed 31040K, reserved 1114112K
  class space    used 4306K, committed 4480K, reserved 1048576K
}
Event: 9.921 GC heap before
{Heap before GC invocations=12 (full 0):
 garbage-first heap   total 78848K, used 63074K [0x0000000080000000, 0x0000000100000000)
  region size 1024K, 35 young (35840K), 4 survivors (4096K)
 Metaspace       used 32050K, committed 32448K, reserved 1114112K
  class space    used 4395K, committed 4608K, reserved 1048576K
}
Event: 9.926 GC heap after
{Heap after GC invocations=13 (full 0):
 garbage-first heap   total 78848K, used 29301K [0x0000000080000000, 0x0000000100000000)
  region size 1024K, 1 young (1024K), 1 survivors (1024K)
 Metaspace       used 32050K, committed 32448K, reserved 1114112K
  class space    used 4395K, committed 4608K, reserved 1048576K
}
Event: 10.808 GC heap before
{Heap before GC invocations=13 (full 0):
 garbage-first heap   total 78848K, used 62069K [0x0000000080000000, 0x0000000100000000)
  region size 1024K, 33 young (33792K), 1 survivors (1024K)
 Metaspace       used 35673K, committed 36096K, reserved 1114112K
  class space    used 4968K, committed 5184K, reserved 1048576K
}
Event: 10.813 GC heap after
{Heap after GC invocations=14 (full 0):
 garbage-first heap   total 78848K, used 31500K [0x0000000080000000, 0x0000000100000000)
  region size 1024K, 3 young (3072K), 3 survivors (3072K)
 Metaspace       used 35673K, committed 36096K, reserved 1114112K
  class space    used 4968K, committed 5184K, reserved 1048576K
}
Event: 10.814 GC heap before
{Heap before GC invocations=14 (full 0):
 garbage-first heap   total 78848K, used 31500K [0x0000000080000000, 0x0000000100000000)
  region size 1024K, 4 young (4096K), 3 survivors (3072K)
 Metaspace       used 35675K, committed 36096K, reserved 1114112K
  class space    used 4969K, committed 5184K, reserved 1048576K
}
Event: 10.818 GC heap after
{Heap after GC invocations=15 (full 0):
 garbage-first heap   total 78848K, used 31685K [0x0000000080000000, 0x0000000100000000)
  region size 1024K, 3 young (3072K), 3 survivors (3072K)
 Metaspace       used 35675K, committed 36096K, reserved 1114112K
  class space    used 4969K, committed 5184K, reserved 1048576K
}
Event: 11.560 GC heap before
{Heap before GC invocations=16 (full 0):
 garbage-first heap   total 78848K, used 63429K [0x0000000080000000, 0x0000000100000000)
  region size 1024K, 34 young (34816K), 3 survivors (3072K)
 Metaspace       used 39118K, committed 39680K, reserved 1114112K
  class space    used 5551K, committed 5824K, reserved 1048576K
}
Event: 11.565 GC heap after
{Heap after GC invocations=17 (full 0):
 garbage-first heap   total 78848K, used 32962K [0x0000000080000000, 0x0000000100000000)
  region size 1024K, 4 young (4096K), 4 survivors (4096K)
 Metaspace       used 39118K, committed 39680K, reserved 1114112K
  class space    used 5551K, committed 5824K, reserved 1048576K
}
Event: 11.584 GC heap before
{Heap before GC invocations=17 (full 0):
 garbage-first heap   total 78848K, used 33986K [0x0000000080000000, 0x0000000100000000)
  region size 1024K, 5 young (5120K), 4 survivors (4096K)
 Metaspace       used 39311K, committed 39872K, reserved 1114112K
  class space    used 5567K, committed 5824K, reserved 1048576K
}
Event: 11.592 GC heap after
{Heap after GC invocations=18 (full 0):
 garbage-first heap   total 78848K, used 32977K [0x0000000080000000, 0x0000000100000000)
  region size 1024K, 1 young (1024K), 1 survivors (1024K)
 Metaspace       used 39311K, committed 39872K, reserved 1114112K
  class space    used 5567K, committed 5824K, reserved 1048576K
}
Event: 12.365 GC heap before
{Heap before GC invocations=18 (full 0):
 garbage-first heap   total 78848K, used 64721K [0x0000000080000000, 0x0000000100000000)
  region size 1024K, 32 young (32768K), 1 survivors (1024K)
 Metaspace       used 43086K, committed 43584K, reserved 1114112K
  class space    used 6073K, committed 6336K, reserved 1048576K
}
Event: 12.370 GC heap after
{Heap after GC invocations=19 (full 0):
 garbage-first heap   total 78848K, used 33618K [0x0000000080000000, 0x0000000100000000)
  region size 1024K, 2 young (2048K), 2 survivors (2048K)
 Metaspace       used 43086K, committed 43584K, reserved 1114112K
  class space    used 6073K, committed 6336K, reserved 1048576K
}
Event: 13.109 GC heap before
{Heap before GC invocations=19 (full 0):
 garbage-first heap   total 78848K, used 64338K [0x0000000080000000, 0x0000000100000000)
  region size 1024K, 32 young (32768K), 2 survivors (2048K)
 Metaspace       used 46787K, committed 47360K, reserved 1114112K
  class space    used 6637K, committed 6912K, reserved 1048576K
}
Event: 13.120 GC heap after
{Heap after GC invocations=20 (full 0):
 garbage-first heap   total 78848K, used 35748K [0x0000000080000000, 0x0000000100000000)
  region size 1024K, 4 young (4096K), 4 survivors (4096K)
 Metaspace       used 46787K, committed 47360K, reserved 1114112K
  class space    used 6637K, committed 6912K, reserved 1048576K
}
Event: 13.850 GC heap before
{Heap before GC invocations=20 (full 0):
 garbage-first heap   total 78848K, used 64420K [0x0000000080000000, 0x0000000100000000)
  region size 1024K, 32 young (32768K), 4 survivors (4096K)
 Metaspace       used 49786K, committed 50368K, reserved 1114112K
  class space    used 7104K, committed 7360K, reserved 1048576K
}

Dll operation events (15 events):
Event: 0.016 Loaded shared library C:\Users\Dell\.jdks\ms-17.0.17\bin\java.dll
Event: 0.128 Loaded shared library C:\Users\Dell\.jdks\ms-17.0.17\bin\jsvml.dll
Event: 0.231 Loaded shared library C:\Users\Dell\.jdks\ms-17.0.17\bin\zip.dll
Event: 0.235 Loaded shared library C:\Users\Dell\.jdks\ms-17.0.17\bin\instrument.dll
Event: 0.241 Loaded shared library C:\Users\Dell\.jdks\ms-17.0.17\bin\net.dll
Event: 0.243 Loaded shared library C:\Users\Dell\.jdks\ms-17.0.17\bin\nio.dll
Event: 0.246 Loaded shared library C:\Users\Dell\.jdks\ms-17.0.17\bin\zip.dll
Event: 0.651 Loaded shared library C:\Users\Dell\.jdks\ms-17.0.17\bin\jimage.dll
Event: 0.971 Loaded shared library C:\Users\Dell\.jdks\ms-17.0.17\bin\verify.dll
Event: 1.197 Loaded shared library C:\Users\Dell\.gradle\native\1def1411415f61bf3af743bc5b6707747c0891f09f0c88961ee8f79bc544acac\windows-amd64\native-platform.dll
Event: 1.236 Loaded shared library C:\Users\Dell\.gradle\native\0.2.7\x86_64-windows-gnu\gradle-fileevents.dll
Event: 2.867 Loaded shared library C:\Users\Dell\.jdks\ms-17.0.17\bin\management.dll
Event: 2.874 Loaded shared library C:\Users\Dell\.jdks\ms-17.0.17\bin\management_ext.dll
Event: 3.293 Loaded shared library C:\Users\Dell\.jdks\ms-17.0.17\bin\extnet.dll
Event: 4.353 Loaded shared library C:\Users\Dell\.jdks\ms-17.0.17\bin\sunmscapi.dll

Deoptimization events (20 events):
Event: 13.356 Thread 0x00000273fb68caa0 DEOPT PACKING pc=0x00000273e01babc3 sp=0x000000c67f0f8360
Event: 13.356 Thread 0x00000273fb68caa0 DEOPT UNPACKING pc=0x00000273e6e17143 sp=0x000000c67f0f77d0 mode 0
Event: 13.536 Thread 0x00000273fb68caa0 Uncommon trap: trap_request=0xffffffc6 fr.pc=0x00000273e74d66ac relative=0x000000000000026c
Event: 13.536 Thread 0x00000273fb68caa0 Uncommon trap: reason=bimorphic_or_optimized_type_check action=maybe_recompile pc=0x00000273e74d66ac method=com.google.common.base.CharMatcher.indexIn(Ljava/lang/CharSequence;I)I @ 31 c2
Event: 13.536 Thread 0x00000273fb68caa0 DEOPT PACKING pc=0x00000273e74d66ac sp=0x000000c67f0f9c80
Event: 13.536 Thread 0x00000273fb68caa0 DEOPT UNPACKING pc=0x00000273e6e169a3 sp=0x000000c67f0f9c28 mode 2
Event: 13.536 Thread 0x00000273fb68caa0 Uncommon trap: trap_request=0xffffffc6 fr.pc=0x00000273e74d66ac relative=0x000000000000026c
Event: 13.536 Thread 0x00000273fb68caa0 Uncommon trap: reason=bimorphic_or_optimized_type_check action=maybe_recompile pc=0x00000273e74d66ac method=com.google.common.base.CharMatcher.indexIn(Ljava/lang/CharSequence;I)I @ 31 c2
Event: 13.536 Thread 0x00000273fb68caa0 DEOPT PACKING pc=0x00000273e74d66ac sp=0x000000c67f0f9c80
Event: 13.536 Thread 0x00000273fb68caa0 DEOPT UNPACKING pc=0x00000273e6e169a3 sp=0x000000c67f0f9c28 mode 2
Event: 13.536 Thread 0x00000273fb68caa0 Uncommon trap: trap_request=0xffffffc6 fr.pc=0x00000273e74d66ac relative=0x000000000000026c
Event: 13.536 Thread 0x00000273fb68caa0 Uncommon trap: reason=bimorphic_or_optimized_type_check action=maybe_recompile pc=0x00000273e74d66ac method=com.google.common.base.CharMatcher.indexIn(Ljava/lang/CharSequence;I)I @ 31 c2
Event: 13.536 Thread 0x00000273fb68caa0 DEOPT PACKING pc=0x00000273e74d66ac sp=0x000000c67f0f9c80
Event: 13.536 Thread 0x00000273fb68caa0 DEOPT UNPACKING pc=0x00000273e6e169a3 sp=0x000000c67f0f9c28 mode 2
Event: 13.536 Thread 0x00000273fb68caa0 Uncommon trap: trap_request=0xffffffc6 fr.pc=0x00000273e74d66ac relative=0x000000000000026c
Event: 13.536 Thread 0x00000273fb68caa0 Uncommon trap: reason=bimorphic_or_optimized_type_check action=maybe_recompile pc=0x00000273e74d66ac method=com.google.common.base.CharMatcher.indexIn(Ljava/lang/CharSequence;I)I @ 31 c2
Event: 13.536 Thread 0x00000273fb68caa0 DEOPT PACKING pc=0x00000273e74d66ac sp=0x000000c67f0f9c80
Event: 13.536 Thread 0x00000273fb68caa0 DEOPT UNPACKING pc=0x00000273e6e169a3 sp=0x000000c67f0f9c28 mode 2
Event: 13.769 Thread 0x00000273fb68caa0 DEOPT PACKING pc=0x00000273e0122bb1 sp=0x000000c67f0f8100
Event: 13.769 Thread 0x00000273fb68caa0 DEOPT UNPACKING pc=0x00000273e6e17143 sp=0x000000c67f0f75f8 mode 0

Classes loaded (20 events):
Event: 13.064 Loading class java/io/ObjectStreamClass$1
Event: 13.065 Loading class java/io/ObjectStreamClass$1 done
Event: 13.065 Loading class java/io/ObjectStreamClass$MemberSignature
Event: 13.065 Loading class java/io/ObjectStreamClass$MemberSignature done
Event: 13.065 Loading class java/io/ObjectStreamClass$3
Event: 13.065 Loading class java/io/ObjectStreamClass$3 done
Event: 13.065 Loading class java/io/ObjectStreamClass$4
Event: 13.066 Loading class java/io/ObjectStreamClass$4 done
Event: 13.066 Loading class java/io/ObjectStreamClass$5
Event: 13.066 Loading class java/io/ObjectStreamClass$5 done
Event: 13.066 Loading class java/io/ObjectStreamClass$ClassDataSlot
Event: 13.067 Loading class java/io/ObjectStreamClass$ClassDataSlot done
Event: 13.070 Loading class jdk/internal/reflect/UnsafeQualifiedStaticLongFieldAccessorImpl
Event: 13.070 Loading class jdk/internal/reflect/UnsafeQualifiedStaticLongFieldAccessorImpl done
Event: 13.073 Loading class java/io/SerialCallbackContext
Event: 13.074 Loading class java/io/SerialCallbackContext done
Event: 13.211 Loading class java/util/DualPivotQuicksort
Event: 13.212 Loading class java/util/DualPivotQuicksort done
Event: 13.260 Loading class java/util/function/LongUnaryOperator
Event: 13.261 Loading class java/util/function/LongUnaryOperator done

Classes unloaded (0 events):
No events

Classes redefined (0 events):
No events

Internal exceptions (20 events):
Event: 11.352 Thread 0x00000273fb68caa0 Exception <a 'java/lang/NoSuchMethodError'{0x000000008349cf18}: 'java.lang.Object java.lang.invoke.DirectMethodHandle$Holder.newInvokeSpecial(java.lang.Object, int, java.lang.Object)'> (0x000000008349cf18) 
thrown [s\src\hotspot\share\interpreter\linkResolver.cpp, line 759]
Event: 11.480 Thread 0x00000273fb68caa0 Exception <a 'java/lang/NoSuchMethodError'{0x0000000082e1ff38}: 'java.lang.Object java.lang.invoke.DirectMethodHandle$Holder.invokeSpecial(java.lang.Object, java.lang.Object, long, java.lang.Object, java.lang.Object)'> (0x0000000082e1ff38) 
thrown [s\src\hotspot\share\interpreter\linkResolver.cpp, line 759]
Event: 11.498 Thread 0x00000273fb68caa0 Exception <a 'java/lang/NoSuchMethodError'{0x0000000082d02cc0}: 'java.lang.Object java.lang.invoke.DirectMethodHandle$Holder.newInvokeSpecial(java.lang.Object, java.lang.Object, int, java.lang.Object)'> (0x0000000082d02cc0) 
thrown [s\src\hotspot\share\interpreter\linkResolver.cpp, line 759]
Event: 11.499 Thread 0x00000273fb68caa0 Exception <a 'java/lang/NoSuchMethodError'{0x0000000082d07788}: 'java.lang.Object java.lang.invoke.DirectMethodHandle$Holder.invokeSpecial(java.lang.Object, java.lang.Object, java.lang.Object, int, java.lang.Object)'> (0x0000000082d07788) 
thrown [s\src\hotspot\share\interpreter\linkResolver.cpp, line 759]
Event: 12.481 Thread 0x00000273fb68caa0 Exception <a 'sun/nio/fs/WindowsException'{0x00000000847312f0}> (0x00000000847312f0) 
thrown [s\src\hotspot\share\prims\jni.cpp, line 516]
Event: 12.481 Thread 0x00000273fb68caa0 Exception <a 'sun/nio/fs/WindowsException'{0x0000000084732978}> (0x0000000084732978) 
thrown [s\src\hotspot\share\prims\jni.cpp, line 516]
Event: 12.501 Thread 0x00000273fb68caa0 Exception <a 'java/lang/NoSuchMethodError'{0x0000000084653cc0}: 'java.lang.Object java.lang.invoke.DirectMethodHandle$Holder.newInvokeSpecial(java.lang.Object, java.lang.Object, java.lang.Object, int)'> (0x0000000084653cc0) 
thrown [s\src\hotspot\share\interpreter\linkResolver.cpp, line 759]
Event: 12.502 Thread 0x00000273fb68caa0 Exception <a 'java/lang/NoSuchMethodError'{0x00000000846587d8}: 'java.lang.Object java.lang.invoke.DirectMethodHandle$Holder.invokeSpecial(java.lang.Object, java.lang.Object, java.lang.Object, java.lang.Object, int)'> (0x00000000846587d8) 
thrown [s\src\hotspot\share\interpreter\linkResolver.cpp, line 759]
Event: 12.502 Thread 0x00000273fb68caa0 Exception <a 'java/lang/NoSuchMethodError'{0x000000008465cc50}: 'java.lang.Object java.lang.invoke.Invokers$Holder.linkToTargetMethod(java.lang.Object, java.lang.Object, int, java.lang.Object)'> (0x000000008465cc50) 
thrown [s\src\hotspot\share\interpreter\linkResolver.cpp, line 759]
Event: 12.526 Thread 0x00000273fb68caa0 Exception <a 'sun/nio/fs/WindowsException'{0x000000008452d7e8}> (0x000000008452d7e8) 
thrown [s\src\hotspot\share\prims\jni.cpp, line 516]
Event: 12.614 Thread 0x00000273fb68caa0 Exception <a 'java/lang/NoSuchMethodError'{0x000000008423d9d0}: 'int java.lang.invoke.DirectMethodHandle$Holder.invokeInterface(java.lang.Object, java.lang.Object, java.lang.Object, java.lang.Object, java.lang.Object)'> (0x000000008423d9d0) 
thrown [s\src\hotspot\share\interpreter\linkResolver.cpp, line 759]
Event: 12.810 Thread 0x00000273fb68caa0 Exception <a 'java/lang/NoSuchMethodError'{0x0000000083a74c40}: 'void java.lang.invoke.DirectMethodHandle$Holder.invokeStatic(java.lang.Object, java.lang.Object, java.lang.Object, java.lang.Object, java.lang.Object, java.lang.Object, java.lang.Object)'> (0x0000000083a74c40) 
thrown [s\src\hotspot\share\interpreter\linkResolver.cpp, line 759]
Event: 13.065 Thread 0x00000273fb68f320 Exception <a 'java/lang/NoSuchMethodError'{0x0000000082f17d58}: static Lorg/gradle/internal/build/event/types/DefaultOperationStartedProgressEvent;.<clinit>()V> (0x0000000082f17d58) 
thrown [s\src\hotspot\share\prims\jni.cpp, line 1112]
Event: 13.066 Thread 0x00000273fb68f320 Exception <a 'java/lang/NoSuchMethodError'{0x0000000082f1b278}: static Lorg/gradle/internal/build/event/types/AbstractProgressEvent;.<clinit>()V> (0x0000000082f1b278) 
thrown [s\src\hotspot\share\prims\jni.cpp, line 1112]
Event: 13.069 Thread 0x00000273fb68f320 Exception <a 'java/lang/NoSuchMethodError'{0x0000000082f30048}: static Lorg/gradle/internal/build/event/types/DefaultProjectConfigurationDescriptor;.<clinit>()V> (0x0000000082f30048) 
thrown [s\src\hotspot\share\prims\jni.cpp, line 1112]
Event: 13.069 Thread 0x00000273fb68f320 Exception <a 'java/lang/NoSuchMethodError'{0x0000000082f32cd0}: static Lorg/gradle/internal/build/event/types/DefaultOperationDescriptor;.<clinit>()V> (0x0000000082f32cd0) 
thrown [s\src\hotspot\share\prims\jni.cpp, line 1112]
Event: 13.072 Thread 0x00000273fb68f320 Exception <a 'java/lang/NoSuchMethodError'{0x0000000082f4e4a0}: static Lorg/gradle/internal/operations/OperationIdentifier;.<clinit>()V> (0x0000000082f4e4a0) 
thrown [s\src\hotspot\share\prims\jni.cpp, line 1112]
Event: 13.261 Thread 0x00000273fb68caa0 Exception <a 'java/lang/NoSuchMethodError'{0x00000000846b4828}: 'long java.lang.invoke.DirectMethodHandle$Holder.invokeStatic(java.lang.Object, long)'> (0x00000000846b4828) 
thrown [s\src\hotspot\share\interpreter\linkResolver.cpp, line 759]
Event: 13.669 Thread 0x00000273fb68caa0 Exception <a 'java/lang/NoSuchMethodError'{0x0000000083885170}: 'int java.lang.invoke.DirectMethodHandle$Holder.invokeSpecialIFC(java.lang.Object, java.lang.Object, java.lang.Object)'> (0x0000000083885170) 
thrown [s\src\hotspot\share\interpreter\linkResolver.cpp, line 759]
Event: 13.750 Thread 0x00000273fb68caa0 Exception <a 'java/lang/NoSuchMethodError'{0x0000000083463608}: 'void java.lang.invoke.DirectMethodHandle$Holder.invokeStatic(java.lang.Object, java.lang.Object, java.lang.Object, int, java.lang.Object)'> (0x0000000083463608) 
thrown [s\src\hotspot\share\interpreter\linkResolver.cpp, line 759]

VM Operations (20 events):
Event: 10.950 Executing VM operation: HandshakeAllThreads done
Event: 10.958 Executing VM operation: HandshakeAllThreads
Event: 10.958 Executing VM operation: HandshakeAllThreads done
Event: 11.463 Executing VM operation: HandshakeAllThreads
Event: 11.463 Executing VM operation: HandshakeAllThreads done
Event: 11.523 Executing VM operation: HandshakeAllThreads
Event: 11.523 Executing VM operation: HandshakeAllThreads done
Event: 11.560 Executing VM operation: G1CollectForAllocation
Event: 11.565 Executing VM operation: G1CollectForAllocation done
Event: 11.584 Executing VM operation: G1CollectForAllocation
Event: 11.592 Executing VM operation: G1CollectForAllocation done
Event: 12.365 Executing VM operation: G1CollectForAllocation
Event: 12.370 Executing VM operation: G1CollectForAllocation done
Event: 12.957 Executing VM operation: HandshakeAllThreads
Event: 12.957 Executing VM operation: HandshakeAllThreads done
Event: 13.034 Executing VM operation: ICBufferFull
Event: 13.035 Executing VM operation: ICBufferFull done
Event: 13.109 Executing VM operation: G1CollectForAllocation
Event: 13.120 Executing VM operation: G1CollectForAllocation done
Event: 13.850 Executing VM operation: G1CollectForAllocation

Memory protections (0 events):
No events

Nmethod flushes (0 events):
No events

Events (20 events):
Event: 3.589 Thread 0x00000273d7d0f5f0 Thread added: 0x00000273faeab870
Event: 4.324 Thread 0x00000273d7d0f5f0 Thread added: 0x00000273fb25d2c0
Event: 4.413 Thread 0x00000273faeab870 Thread added: 0x00000273fb568d80
Event: 4.418 Thread 0x00000273fb568d80 Thread added: 0x00000273fb569e40
Event: 4.483 Thread 0x00000273fb568d80 Thread added: 0x00000273fb68c590
Event: 4.581 Thread 0x00000273fb568d80 Thread added: 0x00000273fb68caa0
Event: 4.594 Thread 0x00000273fb68caa0 Thread added: 0x00000273fb68e900
Event: 4.600 Thread 0x00000273fb68caa0 Thread added: 0x00000273fb68d9d0
Event: 4.603 Thread 0x00000273fb68caa0 Thread added: 0x00000273fb68f320
Event: 5.447 Thread 0x00000273fb68caa0 Thread added: 0x00000273fb68f830
Event: 5.491 Thread 0x00000273fb68caa0 Thread added: 0x00000273fb68ee10
Event: 5.532 Thread 0x00000273fb68caa0 Thread added: 0x00000273fb68c080
Event: 7.323 Thread 0x00000273fb68caa0 Thread added: 0x00000273fb68dee0
Event: 7.397 Thread 0x00000273fb68caa0 Thread added: 0x00000273fb68e3f0
Event: 7.911 Thread 0x00000273fb68caa0 Thread added: 0x00000273fb68d4c0
Event: 7.924 Thread 0x00000273fb68caa0 Thread added: 0x00000273fc086060
Event: 10.286 Thread 0x00000273fb68caa0 Thread added: 0x00000273fc0828b0
Event: 10.349 Thread 0x00000273fb68caa0 Thread added: 0x00000273fc086a80
Event: 10.619 Thread 0x00000273fb68caa0 Thread added: 0x00000273fc084710
Event: 10.687 Thread 0x00000273fb68caa0 Thread added: 0x00000273fc085640


Dynamic libraries:
0x00007ff76b500000 - 0x00007ff76b50e000 	C:\Users\Dell\.jdks\ms-17.0.17\bin\java.exe
0x00007fff0ec10000 - 0x00007fff0ee08000 	C:\Windows\SYSTEM32\ntdll.dll
0x00007fff0eb00000 - 0x00007fff0ebc2000 	C:\Windows\System32\KERNEL32.DLL
0x00007fff0c5f0000 - 0x00007fff0c8e6000 	C:\Windows\System32\KERNELBASE.dll
0x00007fff0c2a0000 - 0x00007fff0c3a0000 	C:\Windows\System32\ucrtbase.dll
0x00007fff05520000 - 0x00007fff05538000 	C:\Users\Dell\.jdks\ms-17.0.17\bin\jli.dll
0x00007fff0e0d0000 - 0x00007fff0e271000 	C:\Windows\System32\USER32.dll
0x00007fff05360000 - 0x00007fff0537e000 	C:\Users\Dell\.jdks\ms-17.0.17\bin\VCRUNTIME140.dll
0x00007fff0cc00000 - 0x00007fff0cc22000 	C:\Windows\System32\win32u.dll
0x00007fff0ead0000 - 0x00007fff0eafb000 	C:\Windows\System32\GDI32.dll
0x00007fff0c3d0000 - 0x00007fff0c4e9000 	C:\Windows\System32\gdi32full.dll
0x00007fff0c8f0000 - 0x00007fff0c98d000 	C:\Windows\System32\msvcp_win.dll
0x00007ffef9640000 - 0x00007ffef98db000 	C:\Windows\WinSxS\amd64_microsoft.windows.common-controls_6595b64144ccf1df_6.0.19041.6456_none_60b8a6cb71f64256\COMCTL32.dll
0x00007fff0e020000 - 0x00007fff0e0be000 	C:\Windows\System32\msvcrt.dll
0x00007fff0d510000 - 0x00007fff0d53f000 	C:\Windows\System32\IMM32.DLL
0x00007fff07ca0000 - 0x00007fff07cac000 	C:\Users\Dell\.jdks\ms-17.0.17\bin\vcruntime140_1.dll
0x00007ffef5660000 - 0x00007ffef56e9000 	C:\Users\Dell\.jdks\ms-17.0.17\bin\msvcp140.dll
0x00007ffed70e0000 - 0x00007ffed7d5a000 	C:\Users\Dell\.jdks\ms-17.0.17\bin\server\jvm.dll
0x00007fff0d770000 - 0x00007fff0d821000 	C:\Windows\System32\ADVAPI32.dll
0x00007fff0d830000 - 0x00007fff0d8cf000 	C:\Windows\System32\sechost.dll
0x00007fff0d8d0000 - 0x00007fff0d9f0000 	C:\Windows\System32\RPCRT4.dll
0x00007fff0c3a0000 - 0x00007fff0c3c7000 	C:\Windows\System32\bcrypt.dll
0x00007fff0da90000 - 0x00007fff0dafb000 	C:\Windows\System32\WS2_32.dll
0x00007fff0b7d0000 - 0x00007fff0b81b000 	C:\Windows\SYSTEM32\POWRPROF.dll
0x00007ffef95a0000 - 0x00007ffef95c7000 	C:\Windows\SYSTEM32\WINMM.dll
0x00007fff097c0000 - 0x00007fff097ca000 	C:\Windows\SYSTEM32\VERSION.dll
0x00007fff0b6a0000 - 0x00007fff0b6b2000 	C:\Windows\SYSTEM32\UMPDC.dll
0x00007fff0aab0000 - 0x00007fff0aac2000 	C:\Windows\SYSTEM32\kernel.appcore.dll
0x00007fff07590000 - 0x00007fff0759a000 	C:\Users\Dell\.jdks\ms-17.0.17\bin\jimage.dll
0x00007fff09fd0000 - 0x00007fff0a1d1000 	C:\Windows\SYSTEM32\DBGHELP.DLL
0x00007fff038f0000 - 0x00007fff03924000 	C:\Windows\SYSTEM32\dbgcore.DLL
0x00007fff0c990000 - 0x00007fff0ca12000 	C:\Windows\System32\bcryptPrimitives.dll
0x00007fff04f80000 - 0x00007fff04f8f000 	C:\Users\Dell\.jdks\ms-17.0.17\bin\instrument.dll
0x00007ffefb010000 - 0x00007ffefb036000 	C:\Users\Dell\.jdks\ms-17.0.17\bin\java.dll
0x00007ffee0040000 - 0x00007ffee0116000 	C:\Users\Dell\.jdks\ms-17.0.17\bin\jsvml.dll
0x00007fff0cda0000 - 0x00007fff0d510000 	C:\Windows\System32\SHELL32.dll
0x00007fff0a1e0000 - 0x00007fff0a985000 	C:\Windows\SYSTEM32\windows.storage.dll
0x00007fff0e770000 - 0x00007fff0eac4000 	C:\Windows\System32\combase.dll
0x00007fff0bcd0000 - 0x00007fff0bcfb000 	C:\Windows\SYSTEM32\Wldp.dll
0x00007fff0e6a0000 - 0x00007fff0e76d000 	C:\Windows\System32\OLEAUT32.dll
0x00007fff0db00000 - 0x00007fff0dbad000 	C:\Windows\System32\SHCORE.dll
0x00007fff0e360000 - 0x00007fff0e3bb000 	C:\Windows\System32\shlwapi.dll
0x00007fff0c1d0000 - 0x00007fff0c1f4000 	C:\Windows\SYSTEM32\profapi.dll
0x00007fff04f50000 - 0x00007fff04f68000 	C:\Users\Dell\.jdks\ms-17.0.17\bin\zip.dll
0x00007fff04c90000 - 0x00007fff04cab000 	C:\Users\Dell\.jdks\ms-17.0.17\bin\net.dll
0x00007fff00ff0000 - 0x00007fff010fa000 	C:\Windows\SYSTEM32\WINHTTP.dll
0x00007fff0ba30000 - 0x00007fff0ba9a000 	C:\Windows\system32\mswsock.dll
0x00007fff01d90000 - 0x00007fff01da6000 	C:\Users\Dell\.jdks\ms-17.0.17\bin\nio.dll
0x00007fff04f00000 - 0x00007fff04f10000 	C:\Users\Dell\.jdks\ms-17.0.17\bin\verify.dll
0x00007ffefa9b0000 - 0x00007ffefa9d7000 	C:\Users\Dell\.gradle\native\1def1411415f61bf3af743bc5b6707747c0891f09f0c88961ee8f79bc544acac\windows-amd64\native-platform.dll
0x00007ffef53f0000 - 0x00007ffef5468000 	C:\Users\Dell\.gradle\native\0.2.7\x86_64-windows-gnu\gradle-fileevents.dll
0x00007fff04ce0000 - 0x00007fff04cea000 	C:\Users\Dell\.jdks\ms-17.0.17\bin\management.dll
0x00007fff04c00000 - 0x00007fff04c0c000 	C:\Users\Dell\.jdks\ms-17.0.17\bin\management_ext.dll
0x00007fff0e0c0000 - 0x00007fff0e0c8000 	C:\Windows\System32\PSAPI.DLL
0x00007fff0b6c0000 - 0x00007fff0b6fb000 	C:\Windows\SYSTEM32\IPHLPAPI.DLL
0x00007fff0cc90000 - 0x00007fff0cc98000 	C:\Windows\System32\NSI.dll
0x00007fff02760000 - 0x00007fff02777000 	C:\Windows\SYSTEM32\dhcpcsvc6.DLL
0x00007fff02da0000 - 0x00007fff02dbd000 	C:\Windows\SYSTEM32\dhcpcsvc.DLL
0x00007fff0b700000 - 0x00007fff0b7ca000 	C:\Windows\SYSTEM32\DNSAPI.dll
0x00007fff04b60000 - 0x00007fff04b69000 	C:\Users\Dell\.jdks\ms-17.0.17\bin\extnet.dll
0x00007fff0bc20000 - 0x00007fff0bc38000 	C:\Windows\SYSTEM32\CRYPTSP.dll
0x00007fff0b2e0000 - 0x00007fff0b318000 	C:\Windows\system32\rsaenh.dll
0x00007fff0c190000 - 0x00007fff0c1be000 	C:\Windows\SYSTEM32\USERENV.dll
0x00007fff0bc40000 - 0x00007fff0bc4c000 	C:\Windows\SYSTEM32\CRYPTBASE.dll
0x00007fff04a00000 - 0x00007fff04a0e000 	C:\Users\Dell\.jdks\ms-17.0.17\bin\sunmscapi.dll
0x00007fff0ca20000 - 0x00007fff0cb7d000 	C:\Windows\System32\CRYPT32.dll
0x00007fff0bd40000 - 0x00007fff0bd67000 	C:\Windows\SYSTEM32\ncrypt.dll
0x00007fff0bd00000 - 0x00007fff0bd3b000 	C:\Windows\SYSTEM32\NTASN1.dll
0x00007fff04a90000 - 0x00007fff04a97000 	C:\Windows\system32\wshunix.dll

dbghelp: loaded successfully - version: 4.0.5 - missing functions: none
symbol engine: initialized successfully - sym options: 0x614 - pdb path: .;C:\Users\Dell\.jdks\ms-17.0.17\bin;C:\Windows\SYSTEM32;C:\Windows\WinSxS\amd64_microsoft.windows.common-controls_6595b64144ccf1df_6.0.19041.6456_none_60b8a6cb71f64256;C:\Users\Dell\.jdks\ms-17.0.17\bin\server;C:\Users\Dell\.gradle\native\1def1411415f61bf3af743bc5b6707747c0891f09f0c88961ee8f79bc544acac\windows-amd64;C:\Users\Dell\.gradle\native\0.2.7\x86_64-windows-gnu

VM Arguments:
jvm_args: --add-opens=java.base/java.lang=ALL-UNNAMED --add-opens=java.base/java.lang.invoke=ALL-UNNAMED --add-opens=java.base/java.util=ALL-UNNAMED --add-opens=java.prefs/java.util.prefs=ALL-UNNAMED --add-exports=jdk.compiler/com.sun.tools.javac.api=ALL-UNNAMED --add-exports=jdk.compiler/com.sun.tools.javac.util=ALL-UNNAMED --add-opens=java.base/java.util=ALL-UNNAMED --add-opens=java.prefs/java.util.prefs=ALL-UNNAMED --add-opens=java.base/java.nio.charset=ALL-UNNAMED --add-opens=java.base/java.net=ALL-UNNAMED --add-opens=java.base/java.util.concurrent.atomic=ALL-UNNAMED --add-opens=java.xml/javax.xml.namespace=ALL-UNNAMED -Xmx2048m -Dfile.encoding=UTF-8 -Duser.country=US -Duser.language=en -Duser.variant -javaagent:C:\Users\Dell\.gradle\wrapper\dists\gradle-8.13-bin\5xuhj0ry160q40clulazy9h7d\gradle-8.13\lib\agents\gradle-instrumentation-agent-8.13.jar 
java_command: org.gradle.launcher.daemon.bootstrap.GradleDaemon 8.13
java_class_path (initial): C:\Users\Dell\.gradle\wrapper\dists\gradle-8.13-bin\5xuhj0ry160q40clulazy9h7d\gradle-8.13\lib\gradle-daemon-main-8.13.jar
Launcher Type: SUN_STANDARD

[Global flags]
     intx CICompilerCount                          = 3                                         {product} {ergonomic}
     uint ConcGCThreads                            = 1                                         {product} {ergonomic}
     uint G1ConcRefinementThreads                  = 4                                         {product} {ergonomic}
   size_t G1HeapRegionSize                         = 1048576                                   {product} {ergonomic}
    uintx GCDrainStackTargetSize                   = 64                                        {product} {ergonomic}
   size_t InitialHeapSize                          = 67108864                                  {product} {ergonomic}
   size_t MarkStackSize                            = 4194304                                   {product} {ergonomic}
   size_t MaxHeapSize                              = 2147483648                                {product} {command line}
   size_t MaxNewSize                               = 1287651328                                {product} {ergonomic}
   size_t MinHeapDeltaBytes                        = 1048576                                   {product} {ergonomic}
   size_t MinHeapSize                              = 8388608                                   {product} {ergonomic}
    uintx NonNMethodCodeHeapSize                   = 5832780                                {pd product} {ergonomic}
    uintx NonProfiledCodeHeapSize                  = 122912730                              {pd product} {ergonomic}
    uintx ProfiledCodeHeapSize                     = 122912730                              {pd product} {ergonomic}
    uintx ReservedCodeCacheSize                    = 251658240                              {pd product} {ergonomic}
     bool SegmentedCodeCache                       = true                                      {product} {ergonomic}
   size_t SoftMaxHeapSize                          = 2147483648                             {manageable} {ergonomic}
     bool UseCompressedClassPointers               = true                           {product lp64_product} {ergonomic}
     bool UseCompressedOops                        = true                           {product lp64_product} {ergonomic}
     bool UseG1GC                                  = true                                      {product} {ergonomic}
     bool UseLargePagesIndividualAllocation        = false                                  {pd product} {ergonomic}

Logging:
Log output configuration:
 #0: stdout all=warning uptime,level,tags
 #1: stderr all=off uptime,level,tags

Environment Variables:
PATH=C:\Program Files\Common Files\Oracle\Java\javapath;E:\oracle\product\10.2.0\db_1\bin;C:\Windows\system32;C:\Windows;C:\Windows\System32\Wbem;C:\Windows\System32\WindowsPowerShell\v1.0\;C:\Windows\System32\OpenSSH\;C:\Program Files (x86)\Intel\Intel(R) Management Engine Components\DAL;C:\Program Files\Intel\Intel(R) Management Engine Components\DAL;C:\Program Files\Microsoft SQL Server\150\Tools\Binn\;C:\Program Files\Microsoft SQL Server\Client SDK\ODBC\170\Tools\Binn\;C:\Program Files\dotnet\;C:\Program Files (x86)\Microsoft SQL Server\160\Tools\Binn\;C:\Program Files\Microsoft SQL Server\160\Tools\Binn\;C:\Program Files\Microsoft SQL Server\160\DTS\Binn\;C:\Users\Dell\AppData\Local\Microsoft\WindowsApps;C:\Users\Dell\.dotnet\tools;C:\Users\Dell\AppData\Local\GitHubDesktop\bin
USERNAME=Dell
OS=Windows_NT
PROCESSOR_IDENTIFIER=Intel64 Family 6 Model 142 Stepping 9, GenuineIntel
TMP=C:\Users\Dell\AppData\Local\Temp
TEMP=C:\Users\Dell\AppData\Local\Temp



Periodic native trim disabled


---------------  S Y S T E M  ---------------

OS:
 Windows 10 , 64 bit Build 19041 (10.0.19041.5915)
OS uptime: 0 days 10:15 hours

CPU: total 4 (initial active 4) (2 cores per cpu, 2 threads per core) family 6 model 142 stepping 9 microcode 0xea, cx8, cmov, fxsr, ht, mmx, 3dnowpref, sse, sse2, sse3, ssse3, sse4.1, sse4.2, popcnt, lzcnt, tsc, tscinvbit, avx, avx2, aes, erms, clmul, bmi1, bmi2, adx, fma, vzeroupper, clflush, clflushopt
Processor Information for the first 4 processors :
  Max Mhz: 2701, Current Mhz: 2701, Mhz Limit: 2701

Memory: 4k page, system-wide physical 3994M (227M free)
TotalPageFile size 16282M (AvailPageFile size 51M)
current process WorkingSet (physical memory assigned to process): 240M, peak: 245M
current process commit charge ("private bytes"): 272M, peak: 352M

vm_info: OpenJDK 64-Bit Server VM (17.0.17+10-LTS) for windows-amd64 JRE (17.0.17+10-LTS), built on Oct 13 2025 22:19:56 by "MicrosoftCorporation" with unknown MS VC++:1944

END.
