#
# There is insufficient memory for the Java Runtime Environment to continue.
# Native memory allocation (malloc) failed to allocate 1661456 bytes. Error detail: Chunk::new
# Possible reasons:
#   The system is out of physical RAM or swap space
#   This process is running with CompressedOops enabled, and the Java Heap may be blocking the growth of the native heap
# Possible solutions:
#   Reduce memory load on the system
#   Increase physical memory or swap space
#   Check if swap backing store is full
#   Decrease Java heap size (-Xmx/-Xms)
#   Decrease number of Java threads
#   Decrease Java thread stack sizes (-Xss)
#   Set larger code cache with -XX:ReservedCodeCacheSize=
#   JVM is running with Unscaled Compressed Oops mode in which the Java heap is
#     placed in the first 4GB address space. The Java Heap base address is the
#     maximum limit for the native heap growth. Please use -XX:HeapBaseMinAddress
#     to set the Java Heap base and to place the Java Heap above 4GB virtual address.
# This output file may be truncated or incomplete.
#
#  Out of Memory Error (arena.cpp:191), pid=12632, tid=12084
#
# JRE version: OpenJDK Runtime Environment Microsoft-12574423 (17.0.17+10) (build 17.0.17+10-LTS)
# Java VM: OpenJDK 64-Bit Server VM Microsoft-12574423 (17.0.17+10-LTS, mixed mode, sharing, tiered, compressed oops, compressed class ptrs, g1 gc, windows-amd64)
# No core dump will be written. Minidumps are not enabled by default on client versions of Windows
#

---------------  S U M M A R Y ------------

Command Line: --add-opens=java.base/java.lang=ALL-UNNAMED --add-opens=java.base/java.lang.invoke=ALL-UNNAMED --add-opens=java.base/java.util=ALL-UNNAMED --add-opens=java.prefs/java.util.prefs=ALL-UNNAMED --add-exports=jdk.compiler/com.sun.tools.javac.api=ALL-UNNAMED --add-exports=jdk.compiler/com.sun.tools.javac.util=ALL-UNNAMED --add-opens=java.base/java.util=ALL-UNNAMED --add-opens=java.prefs/java.util.prefs=ALL-UNNAMED --add-opens=java.base/java.nio.charset=ALL-UNNAMED --add-opens=java.base/java.net=ALL-UNNAMED --add-opens=java.base/java.util.concurrent.atomic=ALL-UNNAMED --add-opens=java.xml/javax.xml.namespace=ALL-UNNAMED -Xmx2048m -Dfile.encoding=UTF-8 -Duser.country=US -Duser.language=en -Duser.variant -javaagent:C:\Users\Dell\.gradle\wrapper\dists\gradle-8.13-bin\5xuhj0ry160q40clulazy9h7d\gradle-8.13\lib\agents\gradle-instrumentation-agent-8.13.jar org.gradle.launcher.daemon.bootstrap.GradleDaemon 8.13

Host: Intel(R) Core(TM) i5-7200U CPU @ 2.50GHz, 4 cores, 3G,  Windows 10 , 64 bit Build 19041 (10.0.19041.5915)
Time: Tue Nov 18 22:53:05 2025 Pacific Standard Time elapsed time: 28.524578 seconds (0d 0h 0m 28s)

---------------  T H R E A D  ---------------

Current thread (0x0000022ecf547e70):  JavaThread "C2 CompilerThread0" daemon [_thread_in_native, id=12084, stack(0x0000009c63800000,0x0000009c63900000)]


Current CompileTask:
C2:28525 11553       4       java.lang.Class::annotationData (44 bytes)

Stack: [0x0000009c63800000,0x0000009c63900000]
Native frames: (J=compiled Java code, j=interpreted, Vv=VM code, C=native code)
V  [jvm.dll+0x68c459]  (no source info available)
V  [jvm.dll+0x845e09]  (no source info available)
V  [jvm.dll+0x847b78]  (no source info available)
V  [jvm.dll+0x848203]  (no source info available)
V  [jvm.dll+0x24cf6f]  (no source info available)
V  [jvm.dll+0xaecb6]  (no source info available)
V  [jvm.dll+0xaf35c]  (no source info available)
V  [jvm.dll+0x37157e]  (no source info available)
V  [jvm.dll+0x1c0703]  (no source info available)
V  [jvm.dll+0x21e080]  (no source info available)
V  [jvm.dll+0x21d36d]  (no source info available)
V  [jvm.dll+0x1a8ce6]  (no source info available)
V  [jvm.dll+0x22db1b]  (no source info available)
V  [jvm.dll+0x22bca6]  (no source info available)
V  [jvm.dll+0x7fb65b]  (no source info available)
V  [jvm.dll+0x7f5a5c]  (no source info available)
V  [jvm.dll+0x68d9f7]  (no source info available)
C  [ucrtbase.dll+0x21bb2]  (no source info available)
C  [KERNEL32.DLL+0x17374]  (no source info available)
C  [ntdll.dll+0x4cc91]  (no source info available)


---------------  P R O C E S S  ---------------

Threads class SMR info:
_java_thread_list=0x0000022f18e07970, length=46, elements={
0x0000022eb192fb10, 0x0000022ecf5294c0, 0x0000022ecf52bfa0, 0x0000022ecf53e130,
0x0000022ecf540b10, 0x0000022ecf5413e0, 0x0000022ecf543cc0, 0x0000022ecf547e70,
0x0000022ecf551250, 0x0000022ecf551f70, 0x0000022ecf5de340, 0x0000022ecf6f8eb0,
0x0000022f15c3d5f0, 0x0000022f16c9a5d0, 0x0000022f151dbf20, 0x0000022f158885d0,
0x0000022f157f33e0, 0x0000022f15171f50, 0x0000022f151700f0, 0x0000022f15171020,
0x0000022f15170600, 0x0000022f1516f6d0, 0x0000022f1516e7a0, 0x0000022f15171530,
0x0000022f1516f1c0, 0x0000022f1516ecb0, 0x0000022f17a334a0, 0x0000022f17a385a0,
0x0000022f17a37670, 0x0000022f17a32570, 0x0000022f17a339b0, 0x0000022f17a38fc0,
0x0000022f17a32f90, 0x0000022f17a394d0, 0x0000022f17a35d20, 0x0000022f17a348e0,
0x0000022f17a35810, 0x0000022f17a32060, 0x0000022f17a399e0, 0x0000022f17a34df0,
0x0000022f17a35300, 0x0000022f17a37b80, 0x0000022f193b5cf0, 0x0000022f193b52d0,
0x0000022f193b7130, 0x0000022f193b6710
}

Java Threads: ( => current thread )
  0x0000022eb192fb10 JavaThread "main" [_thread_blocked, id=5824, stack(0x0000009c62b00000,0x0000009c62c00000)]
  0x0000022ecf5294c0 JavaThread "Reference Handler" daemon [_thread_blocked, id=13284, stack(0x0000009c63200000,0x0000009c63300000)]
  0x0000022ecf52bfa0 JavaThread "Finalizer" daemon [_thread_blocked, id=10988, stack(0x0000009c63300000,0x0000009c63400000)]
  0x0000022ecf53e130 JavaThread "Signal Dispatcher" daemon [_thread_blocked, id=13228, stack(0x0000009c63400000,0x0000009c63500000)]
  0x0000022ecf540b10 JavaThread "Attach Listener" daemon [_thread_blocked, id=7140, stack(0x0000009c63500000,0x0000009c63600000)]
  0x0000022ecf5413e0 JavaThread "Service Thread" daemon [_thread_blocked, id=11636, stack(0x0000009c63600000,0x0000009c63700000)]
  0x0000022ecf543cc0 JavaThread "Monitor Deflation Thread" daemon [_thread_blocked, id=8128, stack(0x0000009c63700000,0x0000009c63800000)]
=>0x0000022ecf547e70 JavaThread "C2 CompilerThread0" daemon [_thread_in_native, id=12084, stack(0x0000009c63800000,0x0000009c63900000)]
  0x0000022ecf551250 JavaThread "C1 CompilerThread0" daemon [_thread_blocked, id=9388, stack(0x0000009c63900000,0x0000009c63a00000)]
  0x0000022ecf551f70 JavaThread "Sweeper thread" daemon [_thread_blocked, id=11232, stack(0x0000009c63a00000,0x0000009c63b00000)]
  0x0000022ecf5de340 JavaThread "Common-Cleaner" daemon [_thread_blocked, id=10860, stack(0x0000009c63b00000,0x0000009c63c00000)]
  0x0000022ecf6f8eb0 JavaThread "Notification Thread" daemon [_thread_blocked, id=4828, stack(0x0000009c63c00000,0x0000009c63d00000)]
  0x0000022f15c3d5f0 JavaThread "Daemon health stats" [_thread_blocked, id=11220, stack(0x0000009c63e00000,0x0000009c63f00000)]
  0x0000022f16c9a5d0 JavaThread "Incoming local TCP Connector on port 49621" [_thread_in_native, id=6348, stack(0x0000009c64200000,0x0000009c64300000)]
  0x0000022f151dbf20 JavaThread "Daemon periodic checks" [_thread_blocked, id=11104, stack(0x0000009c64300000,0x0000009c64400000)]
  0x0000022f158885d0 JavaThread "Daemon" [_thread_blocked, id=7392, stack(0x0000009c64400000,0x0000009c64500000)]
  0x0000022f157f33e0 JavaThread "Handler for socket connection from /127.0.0.1:49621 to /127.0.0.1:49622" [_thread_in_native, id=1208, stack(0x0000009c64500000,0x0000009c64600000)]
  0x0000022f15171f50 JavaThread "Cancel handler" [_thread_blocked, id=11708, stack(0x0000009c64600000,0x0000009c64700000)]
  0x0000022f151700f0 JavaThread "Daemon worker" [_thread_in_vm, id=5724, stack(0x0000009c64700000,0x0000009c64800000)]
  0x0000022f15171020 JavaThread "Asynchronous log dispatcher for DefaultDaemonConnection: socket connection from /127.0.0.1:49621 to /127.0.0.1:49622" [_thread_blocked, id=12104, stack(0x0000009c64800000,0x0000009c64900000)]
  0x0000022f15170600 JavaThread "Stdin handler" [_thread_blocked, id=3632, stack(0x0000009c64900000,0x0000009c64a00000)]
  0x0000022f1516f6d0 JavaThread "Daemon client event forwarder" [_thread_blocked, id=11796, stack(0x0000009c64a00000,0x0000009c64b00000)]
  0x0000022f1516e7a0 JavaThread "Cache worker for journal cache (C:\Users\Dell\.gradle\caches\journal-1)" [_thread_blocked, id=10272, stack(0x0000009c64b00000,0x0000009c64c00000)]
  0x0000022f15171530 JavaThread "File lock request listener" [_thread_in_native, id=3220, stack(0x0000009c64c00000,0x0000009c64d00000)]
  0x0000022f1516f1c0 JavaThread "Cache worker for file hash cache (C:\Users\Dell\.gradle\caches\8.13\fileHashes)" [_thread_blocked, id=1124, stack(0x0000009c64d00000,0x0000009c64e00000)]
  0x0000022f1516ecb0 JavaThread "Cache worker for file hash cache (C:\Intel\kinderkingdoom77\KinderKingdom\.gradle\8.13\fileHashes)" [_thread_blocked, id=10260, stack(0x0000009c64e00000,0x0000009c64f00000)]
  0x0000022f17a334a0 JavaThread "Cache worker for Build Output Cleanup Cache (C:\Intel\kinderkingdoom77\KinderKingdom\.gradle\buildOutputCleanup)" [_thread_blocked, id=11496, stack(0x0000009c64f00000,0x0000009c65000000)]
  0x0000022f17a385a0 JavaThread "File watcher server" daemon [_thread_in_native, id=12144, stack(0x0000009c65000000,0x0000009c65100000)]
  0x0000022f17a37670 JavaThread "File watcher consumer" daemon [_thread_blocked, id=2544, stack(0x0000009c65100000,0x0000009c65200000)]
  0x0000022f17a32570 JavaThread "Cache worker for checksums cache (C:\Intel\kinderkingdoom77\KinderKingdom\.gradle\8.13\checksums)" [_thread_blocked, id=12640, stack(0x0000009c65200000,0x0000009c65300000)]
  0x0000022f17a339b0 JavaThread "Cache worker for file content cache (C:\Users\Dell\.gradle\caches\8.13\fileContent)" [_thread_blocked, id=4052, stack(0x0000009c65300000,0x0000009c65400000)]
  0x0000022f17a38fc0 JavaThread "Cache worker for cache directory md-supplier (C:\Users\Dell\.gradle\caches\8.13\md-supplier)" [_thread_blocked, id=1004, stack(0x0000009c65400000,0x0000009c65500000)]
  0x0000022f17a32f90 JavaThread "Cache worker for cache directory md-rule (C:\Users\Dell\.gradle\caches\8.13\md-rule)" [_thread_blocked, id=5756, stack(0x0000009c65500000,0x0000009c65600000)]
  0x0000022f17a394d0 JavaThread "Unconstrained build operations" [_thread_blocked, id=11964, stack(0x0000009c65600000,0x0000009c65700000)]
  0x0000022f17a35d20 JavaThread "Unconstrained build operations Thread 2" [_thread_blocked, id=8992, stack(0x0000009c65700000,0x0000009c65800000)]
  0x0000022f17a348e0 JavaThread "Unconstrained build operations Thread 3" [_thread_blocked, id=7136, stack(0x0000009c65800000,0x0000009c65900000)]
  0x0000022f17a35810 JavaThread "Unconstrained build operations Thread 4" [_thread_blocked, id=2072, stack(0x0000009c65900000,0x0000009c65a00000)]
  0x0000022f17a32060 JavaThread "Unconstrained build operations Thread 5" [_thread_blocked, id=12860, stack(0x0000009c65a00000,0x0000009c65b00000)]
  0x0000022f17a399e0 JavaThread "Unconstrained build operations Thread 6" [_thread_blocked, id=6976, stack(0x0000009c65b00000,0x0000009c65c00000)]
  0x0000022f17a34df0 JavaThread "Unconstrained build operations Thread 7" [_thread_blocked, id=12992, stack(0x0000009c65c00000,0x0000009c65d00000)]
  0x0000022f17a35300 JavaThread "Unconstrained build operations Thread 8" [_thread_blocked, id=10824, stack(0x0000009c65d00000,0x0000009c65e00000)]
  0x0000022f17a37b80 JavaThread "Unconstrained build operations Thread 9" [_thread_blocked, id=6672, stack(0x0000009c65e00000,0x0000009c65f00000)]
  0x0000022f193b5cf0 JavaThread "build event listener" [_thread_blocked, id=4464, stack(0x0000009c65f00000,0x0000009c66000000)]
  0x0000022f193b52d0 JavaThread "Memory manager" [_thread_blocked, id=7108, stack(0x0000009c66000000,0x0000009c66100000)]
  0x0000022f193b7130 JavaThread "Problems report writer" [_thread_blocked, id=8480, stack(0x0000009c66100000,0x0000009c66200000)]
  0x0000022f193b6710 JavaThread "build event listener" [_thread_blocked, id=832, stack(0x0000009c66200000,0x0000009c66300000)]

Other Threads:
  0x0000022ecf523c60 VMThread "VM Thread" [stack: 0x0000009c63100000,0x0000009c63200000] [id=4688]
  0x0000022ecf6f9390 WatcherThread [stack: 0x0000009c63d00000,0x0000009c63e00000] [id=7824]
  0x0000022eb198ba70 GCTaskThread "GC Thread#0" [stack: 0x0000009c62c00000,0x0000009c62d00000] [id=12260]
  0x0000022ecf8d4ae0 GCTaskThread "GC Thread#1" [stack: 0x0000009c63f00000,0x0000009c64000000] [id=2028]
  0x0000022ecf8ef050 GCTaskThread "GC Thread#2" [stack: 0x0000009c64000000,0x0000009c64100000] [id=7656]
  0x0000022f15d71aa0 GCTaskThread "GC Thread#3" [stack: 0x0000009c64100000,0x0000009c64200000] [id=7968]
  0x0000022eb199c780 ConcurrentGCThread "G1 Main Marker" [stack: 0x0000009c62d00000,0x0000009c62e00000] [id=3936]
  0x0000022eb199cf50 ConcurrentGCThread "G1 Conc#0" [stack: 0x0000009c62e00000,0x0000009c62f00000] [id=12672]
  0x0000022eb19edc50 ConcurrentGCThread "G1 Refine#0" [stack: 0x0000009c62f00000,0x0000009c63000000] [id=12824]
  0x0000022eb19ee440 ConcurrentGCThread "G1 Service" [stack: 0x0000009c63000000,0x0000009c63100000] [id=7112]

Threads with active compile tasks:
C2 CompilerThread0  28586 11553       4       java.lang.Class::annotationData (44 bytes)
C1 CompilerThread0  28587 11922       2       com.google.protobuf.GeneratedMessageV3$Builder::markClean (6 bytes)

VM state: not at safepoint (normal execution)

VM Mutex/Monitor currently owned by a thread: None

Heap address: 0x0000000080000000, size: 2048 MB, Compressed Oops mode: 32-bit

CDS archive(s) mapped at: [0x0000022ed0000000-0x0000022ed0bb0000-0x0000022ed0bb0000), size 12255232, SharedBaseAddress: 0x0000022ed0000000, ArchiveRelocationMode: 1.
Compressed class space mapped at: 0x0000022ed1000000-0x0000022f11000000, reserved size: 1073741824
Narrow klass base: 0x0000022ed0000000, Narrow klass shift: 0, Narrow klass range: 0x100000000

GC Precious Log:
 CPUs: 4 total, 4 available
 Memory: 3994M
 Large Page Support: Disabled
 NUMA Support: Disabled
 Compressed Oops: Enabled (32-bit)
 Heap Region Size: 1M
 Heap Min Capacity: 8M
 Heap Initial Capacity: 64M
 Heap Max Capacity: 2G
 Pre-touch: Disabled
 Parallel Workers: 4
 Concurrent Workers: 1
 Concurrent Refinement Workers: 4
 Periodic GC: Disabled

Heap:
 garbage-first heap   total 190464K, used 133181K [0x0000000080000000, 0x0000000100000000)
  region size 1024K, 34 young (34816K), 3 survivors (3072K)
 Metaspace       used 93935K, committed 94784K, reserved 1179648K
  class space    used 13002K, committed 13376K, reserved 1048576K

Heap Regions: E=young(eden), S=young(survivor), O=old, HS=humongous(starts), HC=humongous(continues), CS=collection set, F=free, OA=open archive, CA=closed archive, TAMS=top-at-mark-start (previous, next)
|   0|0x0000000080000000, 0x0000000080100000, 0x0000000080100000|100%|HS|  |TAMS 0x0000000080100000, 0x0000000080000000| Complete 
|   1|0x0000000080100000, 0x0000000080200000, 0x0000000080200000|100%|HC|  |TAMS 0x0000000080200000, 0x0000000080100000| Complete 
|   2|0x0000000080200000, 0x0000000080300000, 0x0000000080300000|100%|HC|  |TAMS 0x0000000080300000, 0x0000000080200000| Complete 
|   3|0x0000000080300000, 0x0000000080400000, 0x0000000080400000|100%| O|  |TAMS 0x0000000080400000, 0x0000000080300000| Untracked 
|   4|0x0000000080400000, 0x0000000080500000, 0x0000000080500000|100%| O|  |TAMS 0x0000000080500000, 0x0000000080400000| Untracked 
|   5|0x0000000080500000, 0x0000000080600000, 0x0000000080600000|100%| O|  |TAMS 0x0000000080600000, 0x0000000080500000| Untracked 
|   6|0x0000000080600000, 0x0000000080700000, 0x0000000080700000|100%| O|  |TAMS 0x0000000080700000, 0x0000000080600000| Untracked 
|   7|0x0000000080700000, 0x0000000080800000, 0x0000000080800000|100%| O|  |TAMS 0x0000000080800000, 0x0000000080700000| Untracked 
|   8|0x0000000080800000, 0x0000000080900000, 0x0000000080900000|100%|HS|  |TAMS 0x0000000080900000, 0x0000000080800000| Complete 
|   9|0x0000000080900000, 0x0000000080a00000, 0x0000000080a00000|100%| O|  |TAMS 0x0000000080a00000, 0x0000000080900000| Untracked 
|  10|0x0000000080a00000, 0x0000000080b00000, 0x0000000080b00000|100%| O|  |TAMS 0x0000000080b00000, 0x0000000080a00000| Untracked 
|  11|0x0000000080b00000, 0x0000000080c00000, 0x0000000080c00000|100%| O|  |TAMS 0x0000000080c00000, 0x0000000080b00000| Untracked 
|  12|0x0000000080c00000, 0x0000000080d00000, 0x0000000080d00000|100%| O|  |TAMS 0x0000000080d00000, 0x0000000080c00000| Untracked 
|  13|0x0000000080d00000, 0x0000000080e00000, 0x0000000080e00000|100%| O|  |TAMS 0x0000000080e00000, 0x0000000080d00000| Untracked 
|  14|0x0000000080e00000, 0x0000000080f00000, 0x0000000080f00000|100%| O|  |TAMS 0x0000000080f00000, 0x0000000080e00000| Untracked 
|  15|0x0000000080f00000, 0x0000000081000000, 0x0000000081000000|100%| O|  |TAMS 0x0000000081000000, 0x0000000080f00000| Untracked 
|  16|0x0000000081000000, 0x0000000081100000, 0x0000000081100000|100%| O|  |TAMS 0x0000000081100000, 0x0000000081000000| Untracked 
|  17|0x0000000081100000, 0x0000000081200000, 0x0000000081200000|100%| O|  |TAMS 0x0000000081200000, 0x0000000081100000| Untracked 
|  18|0x0000000081200000, 0x0000000081300000, 0x0000000081300000|100%| O|  |TAMS 0x0000000081300000, 0x0000000081200000| Untracked 
|  19|0x0000000081300000, 0x0000000081400000, 0x0000000081400000|100%| O|  |TAMS 0x0000000081400000, 0x0000000081300000| Untracked 
|  20|0x0000000081400000, 0x0000000081500000, 0x0000000081500000|100%| O|  |TAMS 0x0000000081500000, 0x0000000081400000| Untracked 
|  21|0x0000000081500000, 0x0000000081600000, 0x0000000081600000|100%| O|  |TAMS 0x0000000081600000, 0x0000000081500000| Untracked 
|  22|0x0000000081600000, 0x0000000081700000, 0x0000000081700000|100%| O|  |TAMS 0x0000000081700000, 0x0000000081600000| Untracked 
|  23|0x0000000081700000, 0x0000000081800000, 0x0000000081800000|100%| O|  |TAMS 0x0000000081800000, 0x0000000081700000| Untracked 
|  24|0x0000000081800000, 0x0000000081900000, 0x0000000081900000|100%| O|  |TAMS 0x0000000081900000, 0x0000000081800000| Untracked 
|  25|0x0000000081900000, 0x0000000081a00000, 0x0000000081a00000|100%| O|  |TAMS 0x0000000081a00000, 0x0000000081900000| Untracked 
|  26|0x0000000081a00000, 0x0000000081b00000, 0x0000000081b00000|100%| O|  |TAMS 0x0000000081b00000, 0x0000000081a00000| Untracked 
|  27|0x0000000081b00000, 0x0000000081c00000, 0x0000000081c00000|100%| O|  |TAMS 0x0000000081c00000, 0x0000000081b00000| Untracked 
|  28|0x0000000081c00000, 0x0000000081d00000, 0x0000000081d00000|100%| O|  |TAMS 0x0000000081d00000, 0x0000000081c00000| Untracked 
|  29|0x0000000081d00000, 0x0000000081e00000, 0x0000000081e00000|100%| O|  |TAMS 0x0000000081e00000, 0x0000000081d00000| Untracked 
|  30|0x0000000081e00000, 0x0000000081f00000, 0x0000000081f00000|100%| O|  |TAMS 0x0000000081f00000, 0x0000000081e00000| Untracked 
|  31|0x0000000081f00000, 0x0000000082000000, 0x0000000082000000|100%| O|  |TAMS 0x0000000082000000, 0x0000000081f00000| Untracked 
|  32|0x0000000082000000, 0x0000000082100000, 0x0000000082100000|100%| O|  |TAMS 0x0000000082100000, 0x0000000082000000| Untracked 
|  33|0x0000000082100000, 0x0000000082200000, 0x0000000082200000|100%| O|  |TAMS 0x0000000082200000, 0x0000000082100000| Untracked 
|  34|0x0000000082200000, 0x0000000082300000, 0x0000000082300000|100%| O|  |TAMS 0x0000000082300000, 0x0000000082200000| Untracked 
|  35|0x0000000082300000, 0x0000000082400000, 0x0000000082400000|100%|HS|  |TAMS 0x0000000082400000, 0x0000000082300000| Complete 
|  36|0x0000000082400000, 0x0000000082500000, 0x0000000082500000|100%| O|  |TAMS 0x0000000082500000, 0x0000000082400000| Untracked 
|  37|0x0000000082500000, 0x0000000082600000, 0x0000000082600000|100%| O|  |TAMS 0x0000000082600000, 0x0000000082500000| Untracked 
|  38|0x0000000082600000, 0x0000000082700000, 0x0000000082700000|100%| O|  |TAMS 0x0000000082700000, 0x0000000082600000| Untracked 
|  39|0x0000000082700000, 0x0000000082800000, 0x0000000082800000|100%| O|  |TAMS 0x0000000082800000, 0x0000000082700000| Untracked 
|  40|0x0000000082800000, 0x0000000082900000, 0x0000000082900000|100%| O|  |TAMS 0x0000000082900000, 0x0000000082800000| Untracked 
|  41|0x0000000082900000, 0x0000000082a00000, 0x0000000082a00000|100%| O|  |TAMS 0x0000000082a00000, 0x0000000082900000| Untracked 
|  42|0x0000000082a00000, 0x0000000082b00000, 0x0000000082b00000|100%| O|  |TAMS 0x0000000082b00000, 0x0000000082a00000| Untracked 
|  43|0x0000000082b00000, 0x0000000082c00000, 0x0000000082c00000|100%| O|  |TAMS 0x0000000082c00000, 0x0000000082b00000| Untracked 
|  44|0x0000000082c00000, 0x0000000082d00000, 0x0000000082d00000|100%| O|  |TAMS 0x0000000082c00000, 0x0000000082c00000| Untracked 
|  45|0x0000000082d00000, 0x0000000082e00000, 0x0000000082e00000|100%| O|  |TAMS 0x0000000082e00000, 0x0000000082d00000| Untracked 
|  46|0x0000000082e00000, 0x0000000082f00000, 0x0000000082f00000|100%| O|  |TAMS 0x0000000082f00000, 0x0000000082e00000| Untracked 
|  47|0x0000000082f00000, 0x0000000083000000, 0x0000000083000000|100%|HS|  |TAMS 0x0000000083000000, 0x0000000082f00000| Complete 
|  48|0x0000000083000000, 0x0000000083100000, 0x0000000083100000|100%|HS|  |TAMS 0x0000000083100000, 0x0000000083000000| Complete 
|  49|0x0000000083100000, 0x0000000083200000, 0x0000000083200000|100%|HC|  |TAMS 0x0000000083200000, 0x0000000083100000| Complete 
|  50|0x0000000083200000, 0x0000000083300000, 0x0000000083300000|100%|HS|  |TAMS 0x0000000083300000, 0x0000000083200000| Complete 
|  51|0x0000000083300000, 0x0000000083400000, 0x0000000083400000|100%|HC|  |TAMS 0x0000000083400000, 0x0000000083300000| Complete 
|  52|0x0000000083400000, 0x0000000083500000, 0x0000000083500000|100%|HS|  |TAMS 0x0000000083500000, 0x0000000083400000| Complete 
|  53|0x0000000083500000, 0x0000000083600000, 0x0000000083600000|100%|HS|  |TAMS 0x0000000083600000, 0x0000000083500000| Complete 
|  54|0x0000000083600000, 0x0000000083700000, 0x0000000083700000|100%|HC|  |TAMS 0x0000000083700000, 0x0000000083600000| Complete 
|  55|0x0000000083700000, 0x0000000083800000, 0x0000000083800000|100%|HC|  |TAMS 0x0000000083800000, 0x0000000083700000| Complete 
|  56|0x0000000083800000, 0x0000000083900000, 0x0000000083900000|100%|HC|  |TAMS 0x0000000083900000, 0x0000000083800000| Complete 
|  57|0x0000000083900000, 0x0000000083a00000, 0x0000000083a00000|100%|HS|  |TAMS 0x0000000083a00000, 0x0000000083900000| Complete 
|  58|0x0000000083a00000, 0x0000000083b00000, 0x0000000083b00000|100%| O|  |TAMS 0x0000000083b00000, 0x0000000083a00000| Untracked 
|  59|0x0000000083b00000, 0x0000000083c00000, 0x0000000083c00000|100%|HS|  |TAMS 0x0000000083c00000, 0x0000000083b00000| Complete 
|  60|0x0000000083c00000, 0x0000000083d00000, 0x0000000083d00000|100%|HS|  |TAMS 0x0000000083d00000, 0x0000000083c00000| Complete 
|  61|0x0000000083d00000, 0x0000000083e00000, 0x0000000083e00000|100%| O|  |TAMS 0x0000000083e00000, 0x0000000083d00000| Untracked 
|  62|0x0000000083e00000, 0x0000000083f00000, 0x0000000083f00000|100%| O|  |TAMS 0x0000000083f00000, 0x0000000083e00000| Untracked 
|  63|0x0000000083f00000, 0x0000000084000000, 0x0000000084000000|100%| O|  |TAMS 0x0000000084000000, 0x0000000083f00000| Untracked 
|  64|0x0000000084000000, 0x0000000084100000, 0x0000000084100000|100%| O|  |TAMS 0x0000000084100000, 0x0000000084000000| Untracked 
|  65|0x0000000084100000, 0x0000000084200000, 0x0000000084200000|100%| O|  |TAMS 0x0000000084200000, 0x0000000084100000| Untracked 
|  66|0x0000000084200000, 0x0000000084300000, 0x0000000084300000|100%| O|  |TAMS 0x0000000084300000, 0x0000000084200000| Untracked 
|  67|0x0000000084300000, 0x0000000084400000, 0x0000000084400000|100%| O|  |TAMS 0x0000000084400000, 0x0000000084300000| Untracked 
|  68|0x0000000084400000, 0x0000000084500000, 0x0000000084500000|100%| O|  |TAMS 0x0000000084500000, 0x0000000084400000| Untracked 
|  69|0x0000000084500000, 0x0000000084600000, 0x0000000084600000|100%| O|  |TAMS 0x0000000084500000, 0x0000000084500000| Untracked 
|  70|0x0000000084600000, 0x0000000084600000, 0x0000000084700000|  0%| F|  |TAMS 0x0000000084600000, 0x0000000084600000| Untracked 
|  71|0x0000000084700000, 0x0000000084800000, 0x0000000084800000|100%| O|  |TAMS 0x0000000084800000, 0x0000000084700000| Untracked 
|  72|0x0000000084800000, 0x0000000084900000, 0x0000000084900000|100%| O|  |TAMS 0x0000000084900000, 0x0000000084800000| Untracked 
|  73|0x0000000084900000, 0x0000000084a00000, 0x0000000084a00000|100%| O|  |TAMS 0x0000000084a00000, 0x0000000084900000| Untracked 
|  74|0x0000000084a00000, 0x0000000084b00000, 0x0000000084b00000|100%| O|  |TAMS 0x0000000084b00000, 0x0000000084a00000| Untracked 
|  75|0x0000000084b00000, 0x0000000084c00000, 0x0000000084c00000|100%| O|  |TAMS 0x0000000084c00000, 0x0000000084b00000| Untracked 
|  76|0x0000000084c00000, 0x0000000084d00000, 0x0000000084d00000|100%|HS|  |TAMS 0x0000000084d00000, 0x0000000084c00000| Complete 
|  77|0x0000000084d00000, 0x0000000084e00000, 0x0000000084e00000|100%|HS|  |TAMS 0x0000000084e00000, 0x0000000084d00000| Complete 
|  78|0x0000000084e00000, 0x0000000084f00000, 0x0000000084f00000|100%|HC|  |TAMS 0x0000000084f00000, 0x0000000084e00000| Complete 
|  79|0x0000000084f00000, 0x0000000085000000, 0x0000000085000000|100%|HC|  |TAMS 0x0000000085000000, 0x0000000084f00000| Complete 
|  80|0x0000000085000000, 0x0000000085100000, 0x0000000085100000|100%|HC|  |TAMS 0x0000000085100000, 0x0000000085000000| Complete 
|  81|0x0000000085100000, 0x0000000085200000, 0x0000000085200000|100%| O|  |TAMS 0x0000000085200000, 0x0000000085100000| Untracked 
|  82|0x0000000085200000, 0x0000000085300000, 0x0000000085300000|100%| O|  |TAMS 0x0000000085300000, 0x0000000085200000| Untracked 
|  83|0x0000000085300000, 0x0000000085400000, 0x0000000085400000|100%| O|  |TAMS 0x0000000085400000, 0x0000000085300000| Untracked 
|  84|0x0000000085400000, 0x0000000085400000, 0x0000000085500000|  0%| F|  |TAMS 0x0000000085400000, 0x0000000085400000| Untracked 
|  85|0x0000000085500000, 0x0000000085600000, 0x0000000085600000|100%| O|  |TAMS 0x0000000085600000, 0x0000000085500000| Untracked 
|  86|0x0000000085600000, 0x0000000085700000, 0x0000000085700000|100%| O|  |TAMS 0x0000000085700000, 0x0000000085600000| Untracked 
|  87|0x0000000085700000, 0x0000000085800000, 0x0000000085800000|100%| O|  |TAMS 0x0000000085800000, 0x0000000085700000| Untracked 
|  88|0x0000000085800000, 0x0000000085900000, 0x0000000085900000|100%| O|  |TAMS 0x0000000085900000, 0x0000000085800000| Untracked 
|  89|0x0000000085900000, 0x0000000085a00000, 0x0000000085a00000|100%| O|  |TAMS 0x0000000085a00000, 0x0000000085900000| Untracked 
|  90|0x0000000085a00000, 0x0000000085b00000, 0x0000000085b00000|100%| O|  |TAMS 0x0000000085b00000, 0x0000000085a00000| Untracked 
|  91|0x0000000085b00000, 0x0000000085c00000, 0x0000000085c00000|100%| O|  |TAMS 0x0000000085c00000, 0x0000000085b00000| Untracked 
|  92|0x0000000085c00000, 0x0000000085d00000, 0x0000000085d00000|100%| O|  |TAMS 0x0000000085d00000, 0x0000000085c00000| Untracked 
|  93|0x0000000085d00000, 0x0000000085e00000, 0x0000000085e00000|100%| O|  |TAMS 0x0000000085e00000, 0x0000000085d00000| Untracked 
|  94|0x0000000085e00000, 0x0000000085f00000, 0x0000000085f00000|100%| O|  |TAMS 0x0000000085f00000, 0x0000000085e00000| Untracked 
|  95|0x0000000085f00000, 0x0000000086000000, 0x0000000086000000|100%| O|  |TAMS 0x0000000085f8ae00, 0x0000000085f00000| Untracked 
|  96|0x0000000086000000, 0x0000000086100000, 0x0000000086100000|100%| O|  |TAMS 0x0000000086000000, 0x0000000086000000| Untracked 
|  97|0x0000000086100000, 0x0000000086200000, 0x0000000086200000|100%| O|  |TAMS 0x0000000086100000, 0x0000000086100000| Untracked 
|  98|0x0000000086200000, 0x0000000086300000, 0x0000000086300000|100%| O|  |TAMS 0x0000000086200000, 0x0000000086200000| Untracked 
|  99|0x0000000086300000, 0x0000000086400000, 0x0000000086400000|100%| O|  |TAMS 0x0000000086300000, 0x0000000086300000| Untracked 
| 100|0x0000000086400000, 0x0000000086452800, 0x0000000086500000| 32%| O|  |TAMS 0x0000000086400000, 0x0000000086400000| Untracked 
| 101|0x0000000086500000, 0x0000000086500000, 0x0000000086600000|  0%| F|  |TAMS 0x0000000086500000, 0x0000000086500000| Untracked 
| 102|0x0000000086600000, 0x0000000086600000, 0x0000000086700000|  0%| F|  |TAMS 0x0000000086600000, 0x0000000086600000| Untracked 
| 103|0x0000000086700000, 0x0000000086700000, 0x0000000086800000|  0%| F|  |TAMS 0x0000000086700000, 0x0000000086700000| Untracked 
| 104|0x0000000086800000, 0x0000000086800000, 0x0000000086900000|  0%| F|  |TAMS 0x0000000086800000, 0x0000000086800000| Untracked 
| 105|0x0000000086900000, 0x0000000086900000, 0x0000000086a00000|  0%| F|  |TAMS 0x0000000086900000, 0x0000000086900000| Untracked 
| 106|0x0000000086a00000, 0x0000000086a00000, 0x0000000086b00000|  0%| F|  |TAMS 0x0000000086a00000, 0x0000000086a00000| Untracked 
| 107|0x0000000086b00000, 0x0000000086b00000, 0x0000000086c00000|  0%| F|  |TAMS 0x0000000086b00000, 0x0000000086b00000| Untracked 
| 108|0x0000000086c00000, 0x0000000086c00000, 0x0000000086d00000|  0%| F|  |TAMS 0x0000000086c00000, 0x0000000086c00000| Untracked 
| 109|0x0000000086d00000, 0x0000000086d00000, 0x0000000086e00000|  0%| F|  |TAMS 0x0000000086d00000, 0x0000000086d00000| Untracked 
| 110|0x0000000086e00000, 0x0000000086e00000, 0x0000000086f00000|  0%| F|  |TAMS 0x0000000086e00000, 0x0000000086e00000| Untracked 
| 111|0x0000000086f00000, 0x0000000086f00000, 0x0000000087000000|  0%| F|  |TAMS 0x0000000086f00000, 0x0000000086f00000| Untracked 
| 112|0x0000000087000000, 0x0000000087000000, 0x0000000087100000|  0%| F|  |TAMS 0x0000000087000000, 0x0000000087000000| Untracked 
| 113|0x0000000087100000, 0x0000000087100000, 0x0000000087200000|  0%| F|  |TAMS 0x0000000087100000, 0x0000000087100000| Untracked 
| 114|0x0000000087200000, 0x0000000087200000, 0x0000000087300000|  0%| F|  |TAMS 0x0000000087200000, 0x0000000087200000| Untracked 
| 115|0x0000000087300000, 0x0000000087300000, 0x0000000087400000|  0%| F|  |TAMS 0x0000000087300000, 0x0000000087300000| Untracked 
| 116|0x0000000087400000, 0x0000000087400000, 0x0000000087500000|  0%| F|  |TAMS 0x0000000087400000, 0x0000000087400000| Untracked 
| 117|0x0000000087500000, 0x0000000087500000, 0x0000000087600000|  0%| F|  |TAMS 0x0000000087500000, 0x0000000087500000| Untracked 
| 118|0x0000000087600000, 0x0000000087600000, 0x0000000087700000|  0%| F|  |TAMS 0x0000000087600000, 0x0000000087600000| Untracked 
| 119|0x0000000087700000, 0x0000000087700000, 0x0000000087800000|  0%| F|  |TAMS 0x0000000087700000, 0x0000000087700000| Untracked 
| 120|0x0000000087800000, 0x0000000087800000, 0x0000000087900000|  0%| F|  |TAMS 0x0000000087800000, 0x0000000087800000| Untracked 
| 121|0x0000000087900000, 0x0000000087900000, 0x0000000087a00000|  0%| F|  |TAMS 0x0000000087900000, 0x0000000087900000| Untracked 
| 122|0x0000000087a00000, 0x0000000087a00000, 0x0000000087b00000|  0%| F|  |TAMS 0x0000000087a00000, 0x0000000087a00000| Untracked 
| 123|0x0000000087b00000, 0x0000000087b00000, 0x0000000087c00000|  0%| F|  |TAMS 0x0000000087b00000, 0x0000000087b00000| Untracked 
| 124|0x0000000087c00000, 0x0000000087c00000, 0x0000000087d00000|  0%| F|  |TAMS 0x0000000087c00000, 0x0000000087c00000| Untracked 
| 125|0x0000000087d00000, 0x0000000087d00000, 0x0000000087e00000|  0%| F|  |TAMS 0x0000000087d00000, 0x0000000087d00000| Untracked 
| 126|0x0000000087e00000, 0x0000000087e00000, 0x0000000087f00000|  0%| F|  |TAMS 0x0000000087e00000, 0x0000000087e00000| Untracked 
| 127|0x0000000087f00000, 0x0000000087fbce48, 0x0000000088000000| 73%| S|CS|TAMS 0x0000000087f00000, 0x0000000087f00000| Complete 
| 128|0x0000000088000000, 0x0000000088100000, 0x0000000088100000|100%| S|CS|TAMS 0x0000000088000000, 0x0000000088000000| Complete 
| 129|0x0000000088100000, 0x0000000088200000, 0x0000000088200000|100%| S|CS|TAMS 0x0000000088100000, 0x0000000088100000| Complete 
| 130|0x0000000088200000, 0x0000000088200000, 0x0000000088300000|  0%| F|  |TAMS 0x0000000088200000, 0x0000000088200000| Untracked 
| 131|0x0000000088300000, 0x0000000088300000, 0x0000000088400000|  0%| F|  |TAMS 0x0000000088300000, 0x0000000088300000| Untracked 
| 132|0x0000000088400000, 0x0000000088400000, 0x0000000088500000|  0%| F|  |TAMS 0x0000000088400000, 0x0000000088400000| Untracked 
| 133|0x0000000088500000, 0x0000000088500000, 0x0000000088600000|  0%| F|  |TAMS 0x0000000088500000, 0x0000000088500000| Untracked 
| 134|0x0000000088600000, 0x0000000088600000, 0x0000000088700000|  0%| F|  |TAMS 0x0000000088600000, 0x0000000088600000| Untracked 
| 135|0x0000000088700000, 0x0000000088700000, 0x0000000088800000|  0%| F|  |TAMS 0x0000000088700000, 0x0000000088700000| Untracked 
| 136|0x0000000088800000, 0x0000000088800000, 0x0000000088900000|  0%| F|  |TAMS 0x0000000088800000, 0x0000000088800000| Untracked 
| 137|0x0000000088900000, 0x0000000088900000, 0x0000000088a00000|  0%| F|  |TAMS 0x0000000088900000, 0x0000000088900000| Untracked 
| 138|0x0000000088a00000, 0x0000000088a00000, 0x0000000088b00000|  0%| F|  |TAMS 0x0000000088a00000, 0x0000000088a00000| Untracked 
| 139|0x0000000088b00000, 0x0000000088b00000, 0x0000000088c00000|  0%| F|  |TAMS 0x0000000088b00000, 0x0000000088b00000| Untracked 
| 140|0x0000000088c00000, 0x0000000088c00000, 0x0000000088d00000|  0%| F|  |TAMS 0x0000000088c00000, 0x0000000088c00000| Untracked 
| 141|0x0000000088d00000, 0x0000000088d00000, 0x0000000088e00000|  0%| F|  |TAMS 0x0000000088d00000, 0x0000000088d00000| Untracked 
| 142|0x0000000088e00000, 0x0000000088e00000, 0x0000000088f00000|  0%| F|  |TAMS 0x0000000088e00000, 0x0000000088e00000| Untracked 
| 143|0x0000000088f00000, 0x0000000088f00000, 0x0000000089000000|  0%| F|  |TAMS 0x0000000088f00000, 0x0000000088f00000| Untracked 
| 144|0x0000000089000000, 0x0000000089000000, 0x0000000089100000|  0%| F|  |TAMS 0x0000000089000000, 0x0000000089000000| Untracked 
| 145|0x0000000089100000, 0x0000000089100000, 0x0000000089200000|  0%| F|  |TAMS 0x0000000089100000, 0x0000000089100000| Untracked 
| 146|0x0000000089200000, 0x0000000089200000, 0x0000000089300000|  0%| F|  |TAMS 0x0000000089200000, 0x0000000089200000| Untracked 
| 147|0x0000000089300000, 0x0000000089300000, 0x0000000089400000|  0%| F|  |TAMS 0x0000000089300000, 0x0000000089300000| Untracked 
| 148|0x0000000089400000, 0x0000000089400000, 0x0000000089500000|  0%| F|  |TAMS 0x0000000089400000, 0x0000000089400000| Untracked 
| 149|0x0000000089500000, 0x0000000089500000, 0x0000000089600000|  0%| F|  |TAMS 0x0000000089500000, 0x0000000089500000| Untracked 
| 150|0x0000000089600000, 0x0000000089600000, 0x0000000089700000|  0%| F|  |TAMS 0x0000000089600000, 0x0000000089600000| Untracked 
| 151|0x0000000089700000, 0x0000000089700000, 0x0000000089800000|  0%| F|  |TAMS 0x0000000089700000, 0x0000000089700000| Untracked 
| 152|0x0000000089800000, 0x0000000089800000, 0x0000000089900000|  0%| F|  |TAMS 0x0000000089800000, 0x0000000089800000| Untracked 
| 153|0x0000000089900000, 0x0000000089900000, 0x0000000089a00000|  0%| F|  |TAMS 0x0000000089900000, 0x0000000089900000| Untracked 
| 154|0x0000000089a00000, 0x0000000089a00000, 0x0000000089b00000|  0%| F|  |TAMS 0x0000000089a00000, 0x0000000089a00000| Untracked 
| 155|0x0000000089b00000, 0x0000000089b80000, 0x0000000089c00000| 50%| E|  |TAMS 0x0000000089b00000, 0x0000000089b00000| Complete 
| 156|0x0000000089c00000, 0x0000000089d00000, 0x0000000089d00000|100%| E|CS|TAMS 0x0000000089c00000, 0x0000000089c00000| Complete 
| 157|0x0000000089d00000, 0x0000000089e00000, 0x0000000089e00000|100%| E|CS|TAMS 0x0000000089d00000, 0x0000000089d00000| Complete 
| 158|0x0000000089e00000, 0x0000000089f00000, 0x0000000089f00000|100%| E|CS|TAMS 0x0000000089e00000, 0x0000000089e00000| Complete 
| 159|0x0000000089f00000, 0x000000008a000000, 0x000000008a000000|100%| E|CS|TAMS 0x0000000089f00000, 0x0000000089f00000| Complete 
| 160|0x000000008a000000, 0x000000008a100000, 0x000000008a100000|100%| E|CS|TAMS 0x000000008a000000, 0x000000008a000000| Complete 
| 161|0x000000008a100000, 0x000000008a200000, 0x000000008a200000|100%| E|CS|TAMS 0x000000008a100000, 0x000000008a100000| Complete 
| 162|0x000000008a200000, 0x000000008a300000, 0x000000008a300000|100%| E|  |TAMS 0x000000008a200000, 0x000000008a200000| Complete 
| 163|0x000000008a300000, 0x000000008a400000, 0x000000008a400000|100%| E|CS|TAMS 0x000000008a300000, 0x000000008a300000| Complete 
| 164|0x000000008a400000, 0x000000008a500000, 0x000000008a500000|100%| E|CS|TAMS 0x000000008a400000, 0x000000008a400000| Complete 
| 165|0x000000008a500000, 0x000000008a600000, 0x000000008a600000|100%| E|CS|TAMS 0x000000008a500000, 0x000000008a500000| Complete 
| 166|0x000000008a600000, 0x000000008a700000, 0x000000008a700000|100%| E|CS|TAMS 0x000000008a600000, 0x000000008a600000| Complete 
| 167|0x000000008a700000, 0x000000008a800000, 0x000000008a800000|100%| E|CS|TAMS 0x000000008a700000, 0x000000008a700000| Complete 
| 168|0x000000008a800000, 0x000000008a900000, 0x000000008a900000|100%| E|CS|TAMS 0x000000008a800000, 0x000000008a800000| Complete 
| 169|0x000000008a900000, 0x000000008aa00000, 0x000000008aa00000|100%| E|CS|TAMS 0x000000008a900000, 0x000000008a900000| Complete 
| 170|0x000000008aa00000, 0x000000008ab00000, 0x000000008ab00000|100%| E|CS|TAMS 0x000000008aa00000, 0x000000008aa00000| Complete 
| 171|0x000000008ab00000, 0x000000008ac00000, 0x000000008ac00000|100%| E|CS|TAMS 0x000000008ab00000, 0x000000008ab00000| Complete 
| 172|0x000000008ac00000, 0x000000008ad00000, 0x000000008ad00000|100%| E|CS|TAMS 0x000000008ac00000, 0x000000008ac00000| Complete 
| 173|0x000000008ad00000, 0x000000008ae00000, 0x000000008ae00000|100%| E|CS|TAMS 0x000000008ad00000, 0x000000008ad00000| Complete 
| 174|0x000000008ae00000, 0x000000008af00000, 0x000000008af00000|100%| E|CS|TAMS 0x000000008ae00000, 0x000000008ae00000| Complete 
| 175|0x000000008af00000, 0x000000008b000000, 0x000000008b000000|100%| E|CS|TAMS 0x000000008af00000, 0x000000008af00000| Complete 
| 176|0x000000008b000000, 0x000000008b100000, 0x000000008b100000|100%| E|CS|TAMS 0x000000008b000000, 0x000000008b000000| Complete 
| 177|0x000000008b100000, 0x000000008b200000, 0x000000008b200000|100%| E|CS|TAMS 0x000000008b100000, 0x000000008b100000| Complete 
| 178|0x000000008b200000, 0x000000008b300000, 0x000000008b300000|100%| E|CS|TAMS 0x000000008b200000, 0x000000008b200000| Complete 
| 179|0x000000008b300000, 0x000000008b400000, 0x000000008b400000|100%| E|CS|TAMS 0x000000008b300000, 0x000000008b300000| Complete 
| 180|0x000000008b400000, 0x000000008b500000, 0x000000008b500000|100%| E|CS|TAMS 0x000000008b400000, 0x000000008b400000| Complete 
| 181|0x000000008b500000, 0x000000008b600000, 0x000000008b600000|100%| E|CS|TAMS 0x000000008b500000, 0x000000008b500000| Complete 
| 182|0x000000008b600000, 0x000000008b700000, 0x000000008b700000|100%| E|CS|TAMS 0x000000008b600000, 0x000000008b600000| Complete 
| 183|0x000000008b700000, 0x000000008b800000, 0x000000008b800000|100%| E|CS|TAMS 0x000000008b700000, 0x000000008b700000| Complete 
| 184|0x000000008b800000, 0x000000008b900000, 0x000000008b900000|100%| E|CS|TAMS 0x000000008b800000, 0x000000008b800000| Complete 
| 185|0x000000008b900000, 0x000000008ba00000, 0x000000008ba00000|100%| E|CS|TAMS 0x000000008b900000, 0x000000008b900000| Complete 

Card table byte_map: [0x0000022ec88b0000,0x0000022ec8cb0000] _byte_map_base: 0x0000022ec84b0000

Marking Bits (Prev, Next): (CMBitMap*) 0x0000022eb198be50, (CMBitMap*) 0x0000022eb198be90
 Prev Bits: [0x0000022ec90b0000, 0x0000022ecb0b0000)
 Next Bits: [0x0000022ecb0b0000, 0x0000022ecd0b0000)

Polling page: 0x0000022eaf680000

Metaspace:

Usage:
  Non-class:     79.05 MB used.
      Class:     12.70 MB used.
       Both:     91.75 MB used.

Virtual space:
  Non-class space:      128.00 MB reserved,      79.50 MB ( 62%) committed,  2 nodes.
      Class space:        1.00 GB reserved,      13.06 MB (  1%) committed,  1 nodes.
             Both:        1.12 GB reserved,      92.56 MB (  8%) committed. 

Chunk freelists:
   Non-Class:  224.00 KB
       Class:  2.78 MB
        Both:  3.00 MB

MaxMetaspaceSize: unlimited
CompressedClassSpaceSize: 1.00 GB
Initial GC threshold: 21.00 MB
Current GC threshold: 138.06 MB
CDS: on
MetaspaceReclaimPolicy: balanced
 - commit_granule_bytes: 65536.
 - commit_granule_words: 8192.
 - virtual_space_node_default_size: 8388608.
 - enlarge_chunks_in_place: 1.
 - new_chunks_are_fully_committed: 0.
 - uncommit_free_chunks: 1.
 - use_allocation_guard: 0.
 - handle_deallocations: 1.


Internal statistics:

num_allocs_failed_limit: 6.
num_arena_births: 1164.
num_arena_deaths: 0.
num_vsnodes_births: 3.
num_vsnodes_deaths: 0.
num_space_committed: 1481.
num_space_uncommitted: 0.
num_chunks_returned_to_freelist: 6.
num_chunks_taken_from_freelist: 5086.
num_chunk_merges: 6.
num_chunk_splits: 3377.
num_chunks_enlarged: 2259.
num_inconsistent_stats: 0.

CodeHeap 'non-profiled nmethods': size=120000Kb used=4431Kb max_used=4589Kb free=115568Kb
 bounds [0x0000022ec0f80000, 0x0000022ec1400000, 0x0000022ec84b0000]
CodeHeap 'profiled nmethods': size=120000Kb used=16833Kb max_used=18179Kb free=103166Kb
 bounds [0x0000022eb94b0000, 0x0000022eba680000, 0x0000022ec09e0000]
CodeHeap 'non-nmethods': size=5760Kb used=1726Kb max_used=1792Kb free=4033Kb
 bounds [0x0000022ec09e0000, 0x0000022ec0c50000, 0x0000022ec0f80000]
 total_blobs=10620 nmethods=9798 adapters=734
 compilation: enabled
              stopped_count=0, restarted_count=0
 full_count=0

Compilation events (20 events):
Event: 28.455 Thread 0x0000022ecf551250 11911       2       org.gradle.execution.plan.OrdinalGroup::asOrdinal (2 bytes)
Event: 28.455 Thread 0x0000022ecf551250 nmethod 11911 0x0000022eb9ffac10 code [0x0000022eb9ffada0, 0x0000022eb9ffaeb8]
Event: 28.455 Thread 0x0000022ecf551250 11913       2       org.gradle.internal.execution.model.annotations.AbstractInputFilePropertyAnnotationHandler::determineDirectorySensitivity (21 bytes)
Event: 28.456 Thread 0x0000022ecf551250 nmethod 11913 0x0000022eba040310 code [0x0000022eba0404c0, 0x0000022eba0406a8]
Event: 28.456 Thread 0x0000022ecf551250 11915       2       org.gradle.internal.execution.model.annotations.AbstractInputFilePropertyAnnotationHandler::lambda$visitPropertyValue$0 (71 bytes)
Event: 28.456 Thread 0x0000022ecf551250 nmethod 11915 0x0000022eba1e9910 code [0x0000022eba1e9b60, 0x0000022eba1ea128]
Event: 28.456 Thread 0x0000022ecf551250 11916       2       org.gradle.internal.execution.model.annotations.AbstractInputFilePropertyAnnotationHandler::determineBehavior (38 bytes)
Event: 28.457 Thread 0x0000022ecf551250 nmethod 11916 0x0000022eba03fc10 code [0x0000022eba03fde0, 0x0000022eba040098]
Event: 28.457 Thread 0x0000022ecf551250 11914       1       org.gradle.execution.plan.DetermineExecutionPlanAction$TaskClassifier::isDestroyer (5 bytes)
Event: 28.457 Thread 0x0000022ecf551250 nmethod 11914 0x0000022ec0fef790 code [0x0000022ec0fef920, 0x0000022ec0fef9f8]
Event: 28.461 Thread 0x0000022ecf551250 11917       2       java.lang.invoke.SimpleMethodHandle::speciesData (4 bytes)
Event: 28.461 Thread 0x0000022ecf551250 nmethod 11917 0x0000022eba21de10 code [0x0000022eba21dfa0, 0x0000022eba21e0b8]
Event: 28.462 Thread 0x0000022ecf551250 11918       2       java.lang.invoke.SimpleMethodHandle::copyWithExtendL (7 bytes)
Event: 28.462 Thread 0x0000022ecf551250 nmethod 11918 0x0000022eba21da90 code [0x0000022eba21dc40, 0x0000022eba21dd68]
Event: 28.469 Thread 0x0000022ecf551250 11919       2       java.util.ArrayDeque::remove (5 bytes)
Event: 28.469 Thread 0x0000022ecf551250 nmethod 11919 0x0000022eba21d590 code [0x0000022eba21d740, 0x0000022eba21d918]
Event: 28.490 Thread 0x0000022ecf551250 11920       2       java.util.TreeSet::isEmpty (10 bytes)
Event: 28.490 Thread 0x0000022ecf551250 nmethod 11920 0x0000022eb9c8e910 code [0x0000022eb9c8eac0, 0x0000022eb9c8ebe8]
Event: 28.503 Thread 0x0000022ecf551250 11921       2       org.gradle.tooling.internal.provider.runner.ClientBuildEventGenerator$Disabled::accept (20 bytes)
Event: 28.503 Thread 0x0000022ecf551250 nmethod 11921 0x0000022eb9c8e510 code [0x0000022eb9c8e6c0, 0x0000022eb9c8e838]

GC Heap History (20 events):
Event: 17.933 GC heap before
{Heap before GC invocations=29 (full 0):
 garbage-first heap   total 190464K, used 138630K [0x0000000080000000, 0x0000000100000000)
  region size 1024K, 63 young (64512K), 1 survivors (1024K)
 Metaspace       used 62998K, committed 63616K, reserved 1114112K
  class space    used 8636K, committed 8960K, reserved 1048576K
}
Event: 17.939 GC heap after
{Heap after GC invocations=30 (full 0):
 garbage-first heap   total 190464K, used 77506K [0x0000000080000000, 0x0000000100000000)
  region size 1024K, 4 young (4096K), 4 survivors (4096K)
 Metaspace       used 62998K, committed 63616K, reserved 1114112K
  class space    used 8636K, committed 8960K, reserved 1048576K
}
Event: 19.041 GC heap before
{Heap before GC invocations=30 (full 0):
 garbage-first heap   total 190464K, used 145090K [0x0000000080000000, 0x0000000100000000)
  region size 1024K, 67 young (68608K), 4 survivors (4096K)
 Metaspace       used 67321K, committed 67968K, reserved 1114112K
  class space    used 9170K, committed 9472K, reserved 1048576K
}
Event: 19.049 GC heap after
{Heap after GC invocations=31 (full 0):
 garbage-first heap   total 190464K, used 82229K [0x0000000080000000, 0x0000000100000000)
  region size 1024K, 8 young (8192K), 8 survivors (8192K)
 Metaspace       used 67321K, committed 67968K, reserved 1114112K
  class space    used 9170K, committed 9472K, reserved 1048576K
}
Event: 20.315 GC heap before
{Heap before GC invocations=31 (full 0):
 garbage-first heap   total 190464K, used 150837K [0x0000000080000000, 0x0000000100000000)
  region size 1024K, 71 young (72704K), 8 survivors (8192K)
 Metaspace       used 73067K, committed 73728K, reserved 1114112K
  class space    used 9929K, committed 10240K, reserved 1048576K
}
Event: 20.327 GC heap after
{Heap after GC invocations=32 (full 0):
 garbage-first heap   total 190464K, used 90124K [0x0000000080000000, 0x0000000100000000)
  region size 1024K, 4 young (4096K), 4 survivors (4096K)
 Metaspace       used 73067K, committed 73728K, reserved 1114112K
  class space    used 9929K, committed 10240K, reserved 1048576K
}
Event: 22.066 GC heap before
{Heap before GC invocations=32 (full 0):
 garbage-first heap   total 190464K, used 151564K [0x0000000080000000, 0x0000000100000000)
  region size 1024K, 64 young (65536K), 4 survivors (4096K)
 Metaspace       used 75288K, committed 75968K, reserved 1179648K
  class space    used 10215K, committed 10560K, reserved 1048576K
}
Event: 22.077 GC heap after
{Heap after GC invocations=33 (full 0):
 garbage-first heap   total 190464K, used 95232K [0x0000000080000000, 0x0000000100000000)
  region size 1024K, 8 young (8192K), 8 survivors (8192K)
 Metaspace       used 75288K, committed 75968K, reserved 1179648K
  class space    used 10215K, committed 10560K, reserved 1048576K
}
Event: 23.221 GC heap before
{Heap before GC invocations=34 (full 0):
 garbage-first heap   total 190464K, used 153600K [0x0000000080000000, 0x0000000100000000)
  region size 1024K, 65 young (66560K), 8 survivors (8192K)
 Metaspace       used 79251K, committed 79936K, reserved 1179648K
  class space    used 10857K, committed 11200K, reserved 1048576K
}
Event: 23.234 GC heap after
{Heap after GC invocations=35 (full 0):
 garbage-first heap   total 190464K, used 97786K [0x0000000080000000, 0x0000000100000000)
  region size 1024K, 7 young (7168K), 7 survivors (7168K)
 Metaspace       used 79251K, committed 79936K, reserved 1179648K
  class space    used 10857K, committed 11200K, reserved 1048576K
}
Event: 23.298 GC heap before
{Heap before GC invocations=35 (full 0):
 garbage-first heap   total 190464K, used 99834K [0x0000000080000000, 0x0000000100000000)
  region size 1024K, 9 young (9216K), 7 survivors (7168K)
 Metaspace       used 79423K, committed 80128K, reserved 1179648K
  class space    used 10888K, committed 11200K, reserved 1048576K
}
Event: 23.307 GC heap after
{Heap after GC invocations=36 (full 0):
 garbage-first heap   total 190464K, used 96811K [0x0000000080000000, 0x0000000100000000)
  region size 1024K, 1 young (1024K), 1 survivors (1024K)
 Metaspace       used 79423K, committed 80128K, reserved 1179648K
  class space    used 10888K, committed 11200K, reserved 1048576K
}
Event: 25.021 GC heap before
{Heap before GC invocations=36 (full 0):
 garbage-first heap   total 190464K, used 156203K [0x0000000080000000, 0x0000000100000000)
  region size 1024K, 59 young (60416K), 1 survivors (1024K)
 Metaspace       used 83525K, committed 84288K, reserved 1179648K
  class space    used 11544K, committed 11904K, reserved 1048576K
}
Event: 25.027 GC heap after
{Heap after GC invocations=37 (full 0):
 garbage-first heap   total 190464K, used 98319K [0x0000000080000000, 0x0000000100000000)
  region size 1024K, 3 young (3072K), 3 survivors (3072K)
 Metaspace       used 83525K, committed 84288K, reserved 1179648K
  class space    used 11544K, committed 11904K, reserved 1048576K
}
Event: 26.410 GC heap before
{Heap before GC invocations=38 (full 0):
 garbage-first heap   total 190464K, used 157711K [0x0000000080000000, 0x0000000100000000)
  region size 1024K, 61 young (62464K), 3 survivors (3072K)
 Metaspace       used 87136K, committed 87872K, reserved 1179648K
  class space    used 12096K, committed 12416K, reserved 1048576K
}
Event: 26.421 GC heap after
{Heap after GC invocations=39 (full 0):
 garbage-first heap   total 190464K, used 102152K [0x0000000080000000, 0x0000000100000000)
  region size 1024K, 7 young (7168K), 7 survivors (7168K)
 Metaspace       used 87136K, committed 87872K, reserved 1179648K
  class space    used 12096K, committed 12416K, reserved 1048576K
}
Event: 26.742 GC heap before
{Heap before GC invocations=39 (full 0):
 garbage-first heap   total 190464K, used 104200K [0x0000000080000000, 0x0000000100000000)
  region size 1024K, 9 young (9216K), 7 survivors (7168K)
 Metaspace       used 87280K, committed 88064K, reserved 1179648K
  class space    used 12124K, committed 12480K, reserved 1048576K
}
Event: 26.780 GC heap after
{Heap after GC invocations=40 (full 0):
 garbage-first heap   total 190464K, used 101699K [0x0000000080000000, 0x0000000100000000)
  region size 1024K, 1 young (1024K), 1 survivors (1024K)
 Metaspace       used 87280K, committed 88064K, reserved 1179648K
  class space    used 12124K, committed 12480K, reserved 1048576K
}
Event: 28.053 GC heap before
{Heap before GC invocations=40 (full 0):
 garbage-first heap   total 190464K, used 158019K [0x0000000080000000, 0x0000000100000000)
  region size 1024K, 56 young (57344K), 1 survivors (1024K)
 Metaspace       used 92068K, committed 92800K, reserved 1179648K
  class space    used 12775K, committed 13120K, reserved 1048576K
}
Event: 28.061 GC heap after
{Heap after GC invocations=41 (full 0):
 garbage-first heap   total 190464K, used 103485K [0x0000000080000000, 0x0000000100000000)
  region size 1024K, 3 young (3072K), 3 survivors (3072K)
 Metaspace       used 92068K, committed 92800K, reserved 1179648K
  class space    used 12775K, committed 13120K, reserved 1048576K
}

Dll operation events (15 events):
Event: 0.008 Loaded shared library C:\Users\Dell\.jdks\ms-17.0.17\bin\java.dll
Event: 0.026 Loaded shared library C:\Users\Dell\.jdks\ms-17.0.17\bin\jsvml.dll
Event: 0.084 Loaded shared library C:\Users\Dell\.jdks\ms-17.0.17\bin\zip.dll
Event: 0.086 Loaded shared library C:\Users\Dell\.jdks\ms-17.0.17\bin\instrument.dll
Event: 0.091 Loaded shared library C:\Users\Dell\.jdks\ms-17.0.17\bin\net.dll
Event: 0.093 Loaded shared library C:\Users\Dell\.jdks\ms-17.0.17\bin\nio.dll
Event: 0.095 Loaded shared library C:\Users\Dell\.jdks\ms-17.0.17\bin\zip.dll
Event: 0.401 Loaded shared library C:\Users\Dell\.jdks\ms-17.0.17\bin\jimage.dll
Event: 0.654 Loaded shared library C:\Users\Dell\.jdks\ms-17.0.17\bin\verify.dll
Event: 0.780 Loaded shared library C:\Users\Dell\.gradle\native\1def1411415f61bf3af743bc5b6707747c0891f09f0c88961ee8f79bc544acac\windows-amd64\native-platform.dll
Event: 0.805 Loaded shared library C:\Users\Dell\.gradle\native\0.2.7\x86_64-windows-gnu\gradle-fileevents.dll
Event: 2.629 Loaded shared library C:\Users\Dell\.jdks\ms-17.0.17\bin\management.dll
Event: 2.634 Loaded shared library C:\Users\Dell\.jdks\ms-17.0.17\bin\management_ext.dll
Event: 3.003 Loaded shared library C:\Users\Dell\.jdks\ms-17.0.17\bin\extnet.dll
Event: 3.337 Loaded shared library C:\Users\Dell\.jdks\ms-17.0.17\bin\sunmscapi.dll

Deoptimization events (20 events):
Event: 28.502 Thread 0x0000022f151700f0 Uncommon trap: trap_request=0xfffffff4 fr.pc=0x0000022ec131d50c relative=0x00000000000001cc
Event: 28.502 Thread 0x0000022f151700f0 Uncommon trap: reason=null_check action=make_not_entrant pc=0x0000022ec131d50c method=org.gradle.tooling.internal.provider.runner.ClientBuildEventGenerator$Enabled.accept(Lorg/gradle/internal/operations/BuildOperationDescriptor;)Lorg/gradle/tooling/intern
Event: 28.502 Thread 0x0000022f151700f0 DEOPT PACKING pc=0x0000022ec131d50c sp=0x0000009c647f8af0
Event: 28.502 Thread 0x0000022f151700f0 DEOPT UNPACKING pc=0x0000022ec0a369a3 sp=0x0000009c647f8a88 mode 2
Event: 28.502 Thread 0x0000022f151700f0 Uncommon trap: trap_request=0xfffffff4 fr.pc=0x0000022ec13a5500 relative=0x00000000000000e0
Event: 28.502 Thread 0x0000022f151700f0 Uncommon trap: reason=null_check action=make_not_entrant pc=0x0000022ec13a5500 method=org.gradle.tooling.internal.provider.runner.ClientBuildEventGenerator$Disabled.accept(Lorg/gradle/internal/operations/BuildOperationDescriptor;)Lorg/gradle/tooling/inter
Event: 28.502 Thread 0x0000022f151700f0 DEOPT PACKING pc=0x0000022ec13a5500 sp=0x0000009c647f8b00
Event: 28.503 Thread 0x0000022f151700f0 DEOPT UNPACKING pc=0x0000022ec0a369a3 sp=0x0000009c647f8a98 mode 2
Event: 28.503 Thread 0x0000022f151700f0 Uncommon trap: trap_request=0xffffffbe fr.pc=0x0000022ec13ad23c relative=0x0000000000000ddc
Event: 28.503 Thread 0x0000022f151700f0 Uncommon trap: reason=profile_predicate action=maybe_recompile pc=0x0000022ec13ad23c method=org.gradle.tooling.internal.provider.runner.ClientBuildEventGenerator.started(Lorg/gradle/internal/operations/BuildOperationDescriptor;Lorg/gradle/internal/operati
Event: 28.503 Thread 0x0000022f151700f0 DEOPT PACKING pc=0x0000022ec13ad23c sp=0x0000009c647f8b60
Event: 28.503 Thread 0x0000022f151700f0 DEOPT UNPACKING pc=0x0000022ec0a369a3 sp=0x0000009c647f8b18 mode 2
Event: 28.503 Thread 0x0000022f151700f0 Uncommon trap: trap_request=0xffffffbe fr.pc=0x0000022ec13ad23c relative=0x0000000000000ddc
Event: 28.503 Thread 0x0000022f151700f0 Uncommon trap: reason=profile_predicate action=maybe_recompile pc=0x0000022ec13ad23c method=org.gradle.tooling.internal.provider.runner.ClientBuildEventGenerator.started(Lorg/gradle/internal/operations/BuildOperationDescriptor;Lorg/gradle/internal/operati
Event: 28.503 Thread 0x0000022f151700f0 DEOPT PACKING pc=0x0000022ec13ad23c sp=0x0000009c647f8b60
Event: 28.503 Thread 0x0000022f151700f0 DEOPT UNPACKING pc=0x0000022ec0a369a3 sp=0x0000009c647f8b18 mode 2
Event: 28.505 Thread 0x0000022f151700f0 Uncommon trap: trap_request=0xffffffbe fr.pc=0x0000022ec13ad23c relative=0x0000000000000ddc
Event: 28.505 Thread 0x0000022f151700f0 Uncommon trap: reason=profile_predicate action=maybe_recompile pc=0x0000022ec13ad23c method=org.gradle.tooling.internal.provider.runner.ClientBuildEventGenerator.started(Lorg/gradle/internal/operations/BuildOperationDescriptor;Lorg/gradle/internal/operati
Event: 28.505 Thread 0x0000022f151700f0 DEOPT PACKING pc=0x0000022ec13ad23c sp=0x0000009c647f8410
Event: 28.505 Thread 0x0000022f151700f0 DEOPT UNPACKING pc=0x0000022ec0a369a3 sp=0x0000009c647f83c8 mode 2

Classes loaded (20 events):
Event: 27.739 Loading class java/net/InetAddress$NameServiceAddresses
Event: 27.740 Loading class java/net/InetAddress$Addresses
Event: 27.740 Loading class java/net/InetAddress$Addresses done
Event: 27.740 Loading class java/net/InetAddress$NameServiceAddresses done
Event: 27.792 Loading class sun/net/InetAddressCachePolicy
Event: 27.793 Loading class sun/net/InetAddressCachePolicy done
Event: 27.793 Loading class sun/net/InetAddressCachePolicy$1
Event: 27.793 Loading class sun/net/InetAddressCachePolicy$1 done
Event: 27.793 Loading class sun/net/InetAddressCachePolicy$2
Event: 27.793 Loading class sun/net/InetAddressCachePolicy$2 done
Event: 27.793 Loading class java/net/InetAddress$CachedAddresses
Event: 27.793 Loading class java/net/InetAddress$CachedAddresses done
Event: 27.794 Loading class java/net/InetAddress$CachedLocalHost
Event: 27.794 Loading class java/net/InetAddress$CachedLocalHost done
Event: 27.900 Loading class java/io/ObjectStreamClass$ExceptionInfo
Event: 27.901 Loading class java/io/ObjectStreamClass$ExceptionInfo done
Event: 28.470 Loading class java/util/TreeMap$KeySpliterator
Event: 28.470 Loading class java/util/TreeMap$TreeMapSpliterator
Event: 28.471 Loading class java/util/TreeMap$TreeMapSpliterator done
Event: 28.471 Loading class java/util/TreeMap$KeySpliterator done

Classes unloaded (0 events):
No events

Classes redefined (0 events):
No events

Internal exceptions (20 events):
Event: 26.110 Thread 0x0000022f151700f0 Exception <a 'java/lang/IncompatibleClassChangeError'{0x0000000088a60e88}: Found class java.lang.Object, but interface was expected> (0x0000000088a60e88) 
thrown [s\src\hotspot\share\interpreter\linkResolver.cpp, line 826]
Event: 26.300 Thread 0x0000022f151700f0 Exception <a 'sun/nio/fs/WindowsException'{0x0000000088071878}> (0x0000000088071878) 
thrown [s\src\hotspot\share\prims\jni.cpp, line 516]
Event: 26.300 Thread 0x0000022f151700f0 Exception <a 'sun/nio/fs/WindowsException'{0x0000000088072ec8}> (0x0000000088072ec8) 
thrown [s\src\hotspot\share\prims\jni.cpp, line 516]
Event: 26.301 Thread 0x0000022f151700f0 Exception <a 'sun/nio/fs/WindowsException'{0x0000000088074568}> (0x0000000088074568) 
thrown [s\src\hotspot\share\prims\jni.cpp, line 516]
Event: 26.301 Thread 0x0000022f151700f0 Exception <a 'sun/nio/fs/WindowsException'{0x0000000088075c08}> (0x0000000088075c08) 
thrown [s\src\hotspot\share\prims\jni.cpp, line 516]
Event: 27.006 Thread 0x0000022f151700f0 Exception <a 'java/lang/NullPointerException'{0x000000008ae02a20}> (0x000000008ae02a20) 
thrown [s\src\hotspot\share\interpreter\linkResolver.cpp, line 1433]
Event: 27.165 Thread 0x0000022f151700f0 Implicit null exception at 0x0000022ec1162c02 to 0x0000022ec116ae10
Event: 27.605 Thread 0x0000022f151700f0 Exception <a 'java/lang/NoSuchMethodError'{0x000000008962bf80}: 'java.lang.Object java.lang.invoke.DirectMethodHandle$Holder.invokeSpecial(java.lang.Object, java.lang.Object, long, java.lang.Object, java.lang.Object, java.lang.Object, java.lang.Object, java.lang.Object, java.lang.Object, java.lang.Object, java.lang.Object, java.lang.Object)'> (0x000000008962bf80) 
thrown [s\src\hotspot\share\interpreter\linkResolver.cpp, line 759]
Event: 27.606 Thread 0x0000022f151700f0 Exception <a 'java/lang/NoSuchMethodError'{0x0000000089631210}: 'java.lang.Object java.lang.invoke.DelegatingMethodHandle$Holder.reinvoke_L(java.lang.Object, long, java.lang.Object, java.lang.Object, java.lang.Object, java.lang.Object, java.lang.Object, java.lang.Object, java.lang.Object, java.lang.Object, java.lang.Object)'> (0x0000000089631210) 
thrown [s\src\hotspot\share\interpreter\linkResolver.cpp, line 759]
Event: 27.893 Thread 0x0000022f151700f0 Exception <a 'java/lang/NoSuchMethodError'{0x0000000088aa97e8}: static Lorg/gradle/api/internal/catalog/DependencyModel;.<clinit>()V> (0x0000000088aa97e8) 
thrown [s\src\hotspot\share\prims\jni.cpp, line 1112]
Event: 27.893 Thread 0x0000022f151700f0 Exception <a 'java/lang/NoSuchMethodError'{0x0000000088aacf80}: static Lorg/gradle/api/internal/catalog/AbstractContextAwareModel;.<clinit>()V> (0x0000000088aacf80) 
thrown [s\src\hotspot\share\prims\jni.cpp, line 1112]
Event: 27.895 Thread 0x0000022f151700f0 Exception <a 'java/lang/NoSuchMethodError'{0x0000000088ac6418}: static Lorg/gradle/api/internal/artifacts/dependencies/AbstractVersionConstraint;.<clinit>()V> (0x0000000088ac6418) 
thrown [s\src\hotspot\share\prims\jni.cpp, line 1112]
Event: 27.901 Thread 0x0000022f151700f0 Exception <a 'java/lang/NoSuchMethodError'{0x00000000889107d8}: static [Ljava/lang/Object;.<clinit>()V> (0x00000000889107d8) 
thrown [s\src\hotspot\share\prims\jni.cpp, line 1112]
Event: 28.061 Thread 0x0000022ecf52bfa0 Implicit null exception at 0x0000022ec1296380 to 0x0000022ec1296a0c
Event: 28.502 Thread 0x0000022f151700f0 Implicit null exception at 0x0000022ec13ac852 to 0x0000022ec13ad228
Event: 28.502 Thread 0x0000022f151700f0 Implicit null exception at 0x0000022ec131d388 to 0x0000022ec131d500
Event: 28.502 Thread 0x0000022f151700f0 Implicit null exception at 0x0000022ec13a5460 to 0x0000022ec13a54f4
Event: 28.503 Thread 0x0000022f151700f0 Implicit null exception at 0x0000022ec13ac852 to 0x0000022ec13ad228
Event: 28.503 Thread 0x0000022f151700f0 Implicit null exception at 0x0000022ec13ac852 to 0x0000022ec13ad228
Event: 28.505 Thread 0x0000022f151700f0 Implicit null exception at 0x0000022ec13ac852 to 0x0000022ec13ad228

VM Operations (20 events):
Event: 26.121 Executing VM operation: HandshakeAllThreads
Event: 26.121 Executing VM operation: HandshakeAllThreads done
Event: 26.148 Executing VM operation: HandshakeAllThreads
Event: 26.148 Executing VM operation: HandshakeAllThreads done
Event: 26.181 Executing VM operation: HandshakeAllThreads
Event: 26.181 Executing VM operation: HandshakeAllThreads done
Event: 26.410 Executing VM operation: G1CollectForAllocation
Event: 26.421 Executing VM operation: G1CollectForAllocation done
Event: 26.741 Executing VM operation: G1CollectForAllocation
Event: 26.780 Executing VM operation: G1CollectForAllocation done
Event: 26.896 Executing VM operation: HandshakeAllThreads
Event: 26.896 Executing VM operation: HandshakeAllThreads done
Event: 27.458 Executing VM operation: HandshakeAllThreads
Event: 27.459 Executing VM operation: HandshakeAllThreads done
Event: 27.549 Executing VM operation: HandshakeAllThreads
Event: 27.550 Executing VM operation: HandshakeAllThreads done
Event: 27.843 Executing VM operation: ICBufferFull
Event: 27.843 Executing VM operation: ICBufferFull done
Event: 28.053 Executing VM operation: G1CollectForAllocation
Event: 28.061 Executing VM operation: G1CollectForAllocation done

Memory protections (0 events):
No events

Nmethod flushes (20 events):
Event: 26.195 Thread 0x0000022ecf551f70 flushing  nmethod 0x0000022eba577690
Event: 26.195 Thread 0x0000022ecf551f70 flushing  nmethod 0x0000022eba577a90
Event: 26.196 Thread 0x0000022ecf551f70 flushing  nmethod 0x0000022eba5f5790
Event: 26.196 Thread 0x0000022ecf551f70 flushing  nmethod 0x0000022eba5f6110
Event: 26.196 Thread 0x0000022ecf551f70 flushing  nmethod 0x0000022eba5f8390
Event: 26.196 Thread 0x0000022ecf551f70 flushing  nmethod 0x0000022eba5f8d10
Event: 26.196 Thread 0x0000022ecf551f70 flushing  nmethod 0x0000022eba5f9990
Event: 26.196 Thread 0x0000022ecf551f70 flushing  nmethod 0x0000022eba5ffd90
Event: 26.196 Thread 0x0000022ecf551f70 flushing  nmethod 0x0000022eba601f90
Event: 26.196 Thread 0x0000022ecf551f70 flushing  nmethod 0x0000022eba60f010
Event: 26.196 Thread 0x0000022ecf551f70 flushing  nmethod 0x0000022eba60ff10
Event: 26.196 Thread 0x0000022ecf551f70 flushing  nmethod 0x0000022eba610810
Event: 26.196 Thread 0x0000022ecf551f70 flushing  nmethod 0x0000022eba611890
Event: 26.196 Thread 0x0000022ecf551f70 flushing  nmethod 0x0000022eba611c10
Event: 26.196 Thread 0x0000022ecf551f70 flushing  nmethod 0x0000022eba611f90
Event: 26.196 Thread 0x0000022ecf551f70 flushing  nmethod 0x0000022eba612390
Event: 26.196 Thread 0x0000022ecf551f70 flushing  nmethod 0x0000022eba612990
Event: 26.196 Thread 0x0000022ecf551f70 flushing  nmethod 0x0000022eba615590
Event: 26.196 Thread 0x0000022ecf551f70 flushing  nmethod 0x0000022eba61d110
Event: 26.196 Thread 0x0000022ecf551f70 flushing  nmethod 0x0000022eba622d10

Events (20 events):
Event: 5.744 Thread 0x0000022f151700f0 Thread added: 0x0000022f17a334a0
Event: 6.035 Thread 0x0000022f151700f0 Thread added: 0x0000022f17a385a0
Event: 6.045 Thread 0x0000022f151700f0 Thread added: 0x0000022f17a37670
Event: 8.353 Thread 0x0000022f151700f0 Thread added: 0x0000022f17a32570
Event: 8.486 Thread 0x0000022f151700f0 Thread added: 0x0000022f17a339b0
Event: 8.777 Thread 0x0000022f151700f0 Thread added: 0x0000022f17a38fc0
Event: 8.858 Thread 0x0000022f151700f0 Thread added: 0x0000022f17a32f90
Event: 12.370 Thread 0x0000022f151700f0 Thread added: 0x0000022f17a394d0
Event: 12.371 Thread 0x0000022f151700f0 Thread added: 0x0000022f17a35d20
Event: 12.371 Thread 0x0000022f151700f0 Thread added: 0x0000022f17a348e0
Event: 12.553 Thread 0x0000022f151700f0 Thread added: 0x0000022f17a35810
Event: 12.556 Thread 0x0000022f151700f0 Thread added: 0x0000022f17a32060
Event: 12.560 Thread 0x0000022f151700f0 Thread added: 0x0000022f17a399e0
Event: 13.168 Thread 0x0000022f151700f0 Thread added: 0x0000022f17a34df0
Event: 13.169 Thread 0x0000022f151700f0 Thread added: 0x0000022f17a35300
Event: 13.170 Thread 0x0000022f151700f0 Thread added: 0x0000022f17a37b80
Event: 16.739 Thread 0x0000022f151700f0 Thread added: 0x0000022f193b5cf0
Event: 17.591 Thread 0x0000022f151700f0 Thread added: 0x0000022f193b52d0
Event: 19.041 Thread 0x0000022f151700f0 Thread added: 0x0000022f193b7130
Event: 19.535 Thread 0x0000022f151700f0 Thread added: 0x0000022f193b6710


Dynamic libraries:
0x00007ff669b70000 - 0x00007ff669b7e000 	C:\Users\Dell\.jdks\ms-17.0.17\bin\java.exe
0x00007fff0ec10000 - 0x00007fff0ee08000 	C:\Windows\SYSTEM32\ntdll.dll
0x00007fff0eb00000 - 0x00007fff0ebc2000 	C:\Windows\System32\KERNEL32.DLL
0x00007fff0c5f0000 - 0x00007fff0c8e6000 	C:\Windows\System32\KERNELBASE.dll
0x00007fff0c2a0000 - 0x00007fff0c3a0000 	C:\Windows\System32\ucrtbase.dll
0x00007fff04c90000 - 0x00007fff04cae000 	C:\Users\Dell\.jdks\ms-17.0.17\bin\VCRUNTIME140.dll
0x00007fff04f50000 - 0x00007fff04f68000 	C:\Users\Dell\.jdks\ms-17.0.17\bin\jli.dll
0x00007fff0e0d0000 - 0x00007fff0e271000 	C:\Windows\System32\USER32.dll
0x00007ffef9640000 - 0x00007ffef98db000 	C:\Windows\WinSxS\amd64_microsoft.windows.common-controls_6595b64144ccf1df_6.0.19041.6456_none_60b8a6cb71f64256\COMCTL32.dll
0x00007fff0cc00000 - 0x00007fff0cc22000 	C:\Windows\System32\win32u.dll
0x00007fff0e020000 - 0x00007fff0e0be000 	C:\Windows\System32\msvcrt.dll
0x00007fff0ead0000 - 0x00007fff0eafb000 	C:\Windows\System32\GDI32.dll
0x00007fff0c3d0000 - 0x00007fff0c4e9000 	C:\Windows\System32\gdi32full.dll
0x00007fff0c8f0000 - 0x00007fff0c98d000 	C:\Windows\System32\msvcp_win.dll
0x00007fff0d510000 - 0x00007fff0d53f000 	C:\Windows\System32\IMM32.DLL
0x00007fff07ca0000 - 0x00007fff07cac000 	C:\Users\Dell\.jdks\ms-17.0.17\bin\vcruntime140_1.dll
0x00007ffef54d0000 - 0x00007ffef5559000 	C:\Users\Dell\.jdks\ms-17.0.17\bin\msvcp140.dll
0x00007ffedd3c0000 - 0x00007ffede03a000 	C:\Users\Dell\.jdks\ms-17.0.17\bin\server\jvm.dll
0x00007fff0d770000 - 0x00007fff0d821000 	C:\Windows\System32\ADVAPI32.dll
0x00007fff0d830000 - 0x00007fff0d8cf000 	C:\Windows\System32\sechost.dll
0x00007fff0d8d0000 - 0x00007fff0d9f0000 	C:\Windows\System32\RPCRT4.dll
0x00007fff0c3a0000 - 0x00007fff0c3c7000 	C:\Windows\System32\bcrypt.dll
0x00007fff0da90000 - 0x00007fff0dafb000 	C:\Windows\System32\WS2_32.dll
0x00007fff0b7d0000 - 0x00007fff0b81b000 	C:\Windows\SYSTEM32\POWRPROF.dll
0x00007ffef95a0000 - 0x00007ffef95c7000 	C:\Windows\SYSTEM32\WINMM.dll
0x00007fff097c0000 - 0x00007fff097ca000 	C:\Windows\SYSTEM32\VERSION.dll
0x00007fff0b6a0000 - 0x00007fff0b6b2000 	C:\Windows\SYSTEM32\UMPDC.dll
0x00007fff0aab0000 - 0x00007fff0aac2000 	C:\Windows\SYSTEM32\kernel.appcore.dll
0x00007fff07590000 - 0x00007fff0759a000 	C:\Users\Dell\.jdks\ms-17.0.17\bin\jimage.dll
0x00007fff09fd0000 - 0x00007fff0a1d1000 	C:\Windows\SYSTEM32\DBGHELP.DLL
0x00007fff038f0000 - 0x00007fff03924000 	C:\Windows\SYSTEM32\dbgcore.DLL
0x00007fff0c990000 - 0x00007fff0ca12000 	C:\Windows\System32\bcryptPrimitives.dll
0x00007fff04f80000 - 0x00007fff04f8f000 	C:\Users\Dell\.jdks\ms-17.0.17\bin\instrument.dll
0x00007ffefaf30000 - 0x00007ffefaf56000 	C:\Users\Dell\.jdks\ms-17.0.17\bin\java.dll
0x00007ffee04a0000 - 0x00007ffee0576000 	C:\Users\Dell\.jdks\ms-17.0.17\bin\jsvml.dll
0x00007fff0cda0000 - 0x00007fff0d510000 	C:\Windows\System32\SHELL32.dll
0x00007fff0a1e0000 - 0x00007fff0a985000 	C:\Windows\SYSTEM32\windows.storage.dll
0x00007fff0e770000 - 0x00007fff0eac4000 	C:\Windows\System32\combase.dll
0x00007fff0bcd0000 - 0x00007fff0bcfb000 	C:\Windows\SYSTEM32\Wldp.dll
0x00007fff0e6a0000 - 0x00007fff0e76d000 	C:\Windows\System32\OLEAUT32.dll
0x00007fff0db00000 - 0x00007fff0dbad000 	C:\Windows\System32\SHCORE.dll
0x00007fff0e360000 - 0x00007fff0e3bb000 	C:\Windows\System32\shlwapi.dll
0x00007fff0c1d0000 - 0x00007fff0c1f4000 	C:\Windows\SYSTEM32\profapi.dll
0x00007ffefc020000 - 0x00007ffefc038000 	C:\Users\Dell\.jdks\ms-17.0.17\bin\zip.dll
0x00007ffefaf10000 - 0x00007ffefaf2b000 	C:\Users\Dell\.jdks\ms-17.0.17\bin\net.dll
0x00007fff00ff0000 - 0x00007fff010fa000 	C:\Windows\SYSTEM32\WINHTTP.dll
0x00007fff0ba30000 - 0x00007fff0ba9a000 	C:\Windows\system32\mswsock.dll
0x00007ffefaef0000 - 0x00007ffefaf06000 	C:\Users\Dell\.jdks\ms-17.0.17\bin\nio.dll
0x00007fff04f00000 - 0x00007fff04f10000 	C:\Users\Dell\.jdks\ms-17.0.17\bin\verify.dll
0x00007ffefa9b0000 - 0x00007ffefa9d7000 	C:\Users\Dell\.gradle\native\1def1411415f61bf3af743bc5b6707747c0891f09f0c88961ee8f79bc544acac\windows-amd64\native-platform.dll
0x00007ffef53f0000 - 0x00007ffef5468000 	C:\Users\Dell\.gradle\native\0.2.7\x86_64-windows-gnu\gradle-fileevents.dll
0x00007fff04ce0000 - 0x00007fff04cea000 	C:\Users\Dell\.jdks\ms-17.0.17\bin\management.dll
0x00007fff04c00000 - 0x00007fff04c0c000 	C:\Users\Dell\.jdks\ms-17.0.17\bin\management_ext.dll
0x00007fff0e0c0000 - 0x00007fff0e0c8000 	C:\Windows\System32\PSAPI.DLL
0x00007fff0b6c0000 - 0x00007fff0b6fb000 	C:\Windows\SYSTEM32\IPHLPAPI.DLL
0x00007fff0cc90000 - 0x00007fff0cc98000 	C:\Windows\System32\NSI.dll
0x00007fff02760000 - 0x00007fff02777000 	C:\Windows\SYSTEM32\dhcpcsvc6.DLL
0x00007fff02da0000 - 0x00007fff02dbd000 	C:\Windows\SYSTEM32\dhcpcsvc.DLL
0x00007fff0b700000 - 0x00007fff0b7ca000 	C:\Windows\SYSTEM32\DNSAPI.dll
0x00007fff04b60000 - 0x00007fff04b69000 	C:\Users\Dell\.jdks\ms-17.0.17\bin\extnet.dll
0x00007fff0bc20000 - 0x00007fff0bc38000 	C:\Windows\SYSTEM32\CRYPTSP.dll
0x00007fff0b2e0000 - 0x00007fff0b318000 	C:\Windows\system32\rsaenh.dll
0x00007fff0c190000 - 0x00007fff0c1be000 	C:\Windows\SYSTEM32\USERENV.dll
0x00007fff0bc40000 - 0x00007fff0bc4c000 	C:\Windows\SYSTEM32\CRYPTBASE.dll
0x00007fff04a00000 - 0x00007fff04a0e000 	C:\Users\Dell\.jdks\ms-17.0.17\bin\sunmscapi.dll
0x00007fff0ca20000 - 0x00007fff0cb7d000 	C:\Windows\System32\CRYPT32.dll
0x00007fff0bd40000 - 0x00007fff0bd67000 	C:\Windows\SYSTEM32\ncrypt.dll
0x00007fff0bd00000 - 0x00007fff0bd3b000 	C:\Windows\SYSTEM32\NTASN1.dll
0x00007fff04a90000 - 0x00007fff04a97000 	C:\Windows\system32\wshunix.dll
0x00007ffea7ba0000 - 0x00007ffea7bb7000 	C:\Windows\system32\napinsp.dll
0x00007ffea7bc0000 - 0x00007ffea7bdb000 	C:\Windows\system32\pnrpnsp.dll
0x00007fff086c0000 - 0x00007fff086dd000 	C:\Windows\system32\wshbth.dll
0x00007fff03bb0000 - 0x00007fff03bcd000 	C:\Windows\system32\NLAapi.dll
0x00007ffea7be0000 - 0x00007ffea7bf2000 	C:\Windows\System32\winrnr.dll
0x00007fff05290000 - 0x00007fff0529a000 	C:\Windows\System32\rasadhlp.dll
0x00007ffef99e0000 - 0x00007ffef9a60000 	C:\Windows\System32\fwpuclnt.dll

dbghelp: loaded successfully - version: 4.0.5 - missing functions: none
symbol engine: initialized successfully - sym options: 0x614 - pdb path: .;C:\Users\Dell\.jdks\ms-17.0.17\bin;C:\Windows\SYSTEM32;C:\Windows\WinSxS\amd64_microsoft.windows.common-controls_6595b64144ccf1df_6.0.19041.6456_none_60b8a6cb71f64256;C:\Users\Dell\.jdks\ms-17.0.17\bin\server;C:\Users\Dell\.gradle\native\1def1411415f61bf3af743bc5b6707747c0891f09f0c88961ee8f79bc544acac\windows-amd64;C:\Users\Dell\.gradle\native\0.2.7\x86_64-windows-gnu

VM Arguments:
jvm_args: --add-opens=java.base/java.lang=ALL-UNNAMED --add-opens=java.base/java.lang.invoke=ALL-UNNAMED --add-opens=java.base/java.util=ALL-UNNAMED --add-opens=java.prefs/java.util.prefs=ALL-UNNAMED --add-exports=jdk.compiler/com.sun.tools.javac.api=ALL-UNNAMED --add-exports=jdk.compiler/com.sun.tools.javac.util=ALL-UNNAMED --add-opens=java.base/java.util=ALL-UNNAMED --add-opens=java.prefs/java.util.prefs=ALL-UNNAMED --add-opens=java.base/java.nio.charset=ALL-UNNAMED --add-opens=java.base/java.net=ALL-UNNAMED --add-opens=java.base/java.util.concurrent.atomic=ALL-UNNAMED --add-opens=java.xml/javax.xml.namespace=ALL-UNNAMED -Xmx2048m -Dfile.encoding=UTF-8 -Duser.country=US -Duser.language=en -Duser.variant -javaagent:C:\Users\Dell\.gradle\wrapper\dists\gradle-8.13-bin\5xuhj0ry160q40clulazy9h7d\gradle-8.13\lib\agents\gradle-instrumentation-agent-8.13.jar 
java_command: org.gradle.launcher.daemon.bootstrap.GradleDaemon 8.13
java_class_path (initial): C:\Users\Dell\.gradle\wrapper\dists\gradle-8.13-bin\5xuhj0ry160q40clulazy9h7d\gradle-8.13\lib\gradle-daemon-main-8.13.jar
Launcher Type: SUN_STANDARD

[Global flags]
     intx CICompilerCount                          = 3                                         {product} {ergonomic}
     uint ConcGCThreads                            = 1                                         {product} {ergonomic}
     uint G1ConcRefinementThreads                  = 4                                         {product} {ergonomic}
   size_t G1HeapRegionSize                         = 1048576                                   {product} {ergonomic}
    uintx GCDrainStackTargetSize                   = 64                                        {product} {ergonomic}
   size_t InitialHeapSize                          = 67108864                                  {product} {ergonomic}
   size_t MarkStackSize                            = 4194304                                   {product} {ergonomic}
   size_t MaxHeapSize                              = 2147483648                                {product} {command line}
   size_t MaxNewSize                               = 1287651328                                {product} {ergonomic}
   size_t MinHeapDeltaBytes                        = 1048576                                   {product} {ergonomic}
   size_t MinHeapSize                              = 8388608                                   {product} {ergonomic}
    uintx NonNMethodCodeHeapSize                   = 5832780                                {pd product} {ergonomic}
    uintx NonProfiledCodeHeapSize                  = 122912730                              {pd product} {ergonomic}
    uintx ProfiledCodeHeapSize                     = 122912730                              {pd product} {ergonomic}
    uintx ReservedCodeCacheSize                    = 251658240                              {pd product} {ergonomic}
     bool SegmentedCodeCache                       = true                                      {product} {ergonomic}
   size_t SoftMaxHeapSize                          = 2147483648                             {manageable} {ergonomic}
     bool UseCompressedClassPointers               = true                           {product lp64_product} {ergonomic}
     bool UseCompressedOops                        = true                           {product lp64_product} {ergonomic}
     bool UseG1GC                                  = true                                      {product} {ergonomic}
     bool UseLargePagesIndividualAllocation        = false                                  {pd product} {ergonomic}

Logging:
Log output configuration:
 #0: stdout all=warning uptime,level,tags
 #1: stderr all=off uptime,level,tags

Environment Variables:
PATH=C:\Program Files\Common Files\Oracle\Java\javapath;E:\oracle\product\10.2.0\db_1\bin;C:\Windows\system32;C:\Windows;C:\Windows\System32\Wbem;C:\Windows\System32\WindowsPowerShell\v1.0\;C:\Windows\System32\OpenSSH\;C:\Program Files (x86)\Intel\Intel(R) Management Engine Components\DAL;C:\Program Files\Intel\Intel(R) Management Engine Components\DAL;C:\Program Files\Microsoft SQL Server\150\Tools\Binn\;C:\Program Files\Microsoft SQL Server\Client SDK\ODBC\170\Tools\Binn\;C:\Program Files\dotnet\;C:\Program Files (x86)\Microsoft SQL Server\160\Tools\Binn\;C:\Program Files\Microsoft SQL Server\160\Tools\Binn\;C:\Program Files\Microsoft SQL Server\160\DTS\Binn\;C:\Users\Dell\AppData\Local\Microsoft\WindowsApps;C:\Users\Dell\.dotnet\tools;C:\Users\Dell\AppData\Local\GitHubDesktop\bin
USERNAME=Dell
OS=Windows_NT
PROCESSOR_IDENTIFIER=Intel64 Family 6 Model 142 Stepping 9, GenuineIntel
TMP=C:\Users\Dell\AppData\Local\Temp
TEMP=C:\Users\Dell\AppData\Local\Temp



Periodic native trim disabled


---------------  S Y S T E M  ---------------

OS:
 Windows 10 , 64 bit Build 19041 (10.0.19041.5915)
OS uptime: 0 days 10:06 hours

CPU: total 4 (initial active 4) (2 cores per cpu, 2 threads per core) family 6 model 142 stepping 9 microcode 0xea, cx8, cmov, fxsr, ht, mmx, 3dnowpref, sse, sse2, sse3, ssse3, sse4.1, sse4.2, popcnt, lzcnt, tsc, tscinvbit, avx, avx2, aes, erms, clmul, bmi1, bmi2, adx, fma, vzeroupper, clflush, clflushopt
Processor Information for the first 4 processors :
  Max Mhz: 2701, Current Mhz: 2701, Mhz Limit: 2701

Memory: 4k page, system-wide physical 3994M (283M free)
TotalPageFile size 16282M (AvailPageFile size 4M)
current process WorkingSet (physical memory assigned to process): 330M, peak: 365M
current process commit charge ("private bytes"): 465M, peak: 466M

vm_info: OpenJDK 64-Bit Server VM (17.0.17+10-LTS) for windows-amd64 JRE (17.0.17+10-LTS), built on Oct 13 2025 22:19:56 by "MicrosoftCorporation" with unknown MS VC++:1944

END.
