#
# There is insufficient memory for the Java Runtime Environment to continue.
# Native memory allocation (mmap) failed to map 100663296 bytes. Error detail: G1 virtual space
# Possible reasons:
#   The system is out of physical RAM or swap space
#   This process is running with CompressedOops enabled, and the Java Heap may be blocking the growth of the native heap
# Possible solutions:
#   Reduce memory load on the system
#   Increase physical memory or swap space
#   Check if swap backing store is full
#   Decrease Java heap size (-Xmx/-Xms)
#   Decrease number of Java threads
#   Decrease Java thread stack sizes (-Xss)
#   Set larger code cache with -XX:ReservedCodeCacheSize=
#   JVM is running with Unscaled Compressed Oops mode in which the Java heap is
#     placed in the first 4GB address space. The Java Heap base address is the
#     maximum limit for the native heap growth. Please use -XX:HeapBaseMinAddress
#     to set the Java Heap base and to place the Java Heap above 4GB virtual address.
# This output file may be truncated or incomplete.
#
#  Out of Memory Error (os_windows.cpp:3690), pid=1188, tid=8664
#
# JRE version: OpenJDK Runtime Environment Microsoft-12574423 (17.0.17+10) (build 17.0.17+10-LTS)
# Java VM: OpenJDK 64-Bit Server VM Microsoft-12574423 (17.0.17+10-LTS, mixed mode, sharing, tiered, compressed oops, compressed class ptrs, g1 gc, windows-amd64)
# No core dump will be written. Minidumps are not enabled by default on client versions of Windows
#

---------------  S U M M A R Y ------------

Command Line: --add-opens=java.base/java.lang=ALL-UNNAMED --add-opens=java.base/java.lang.invoke=ALL-UNNAMED --add-opens=java.base/java.util=ALL-UNNAMED --add-opens=java.prefs/java.util.prefs=ALL-UNNAMED --add-exports=jdk.compiler/com.sun.tools.javac.api=ALL-UNNAMED --add-exports=jdk.compiler/com.sun.tools.javac.util=ALL-UNNAMED --add-opens=java.base/java.util=ALL-UNNAMED --add-opens=java.prefs/java.util.prefs=ALL-UNNAMED --add-opens=java.base/java.nio.charset=ALL-UNNAMED --add-opens=java.base/java.net=ALL-UNNAMED --add-opens=java.base/java.util.concurrent.atomic=ALL-UNNAMED --add-opens=java.xml/javax.xml.namespace=ALL-UNNAMED -Xmx2048m -Dfile.encoding=UTF-8 -Duser.country=US -Duser.language=en -Duser.variant -javaagent:C:\Users\Dell\.gradle\wrapper\dists\gradle-8.13-bin\5xuhj0ry160q40clulazy9h7d\gradle-8.13\lib\agents\gradle-instrumentation-agent-8.13.jar org.gradle.launcher.daemon.bootstrap.GradleDaemon 8.13

Host: Intel(R) Core(TM) i5-7200U CPU @ 2.50GHz, 4 cores, 3G,  Windows 10 , 64 bit Build 19041 (10.0.19041.5915)
Time: Tue Nov 18 23:03:46 2025 Pacific Standard Time elapsed time: 22.680745 seconds (0d 0h 0m 22s)

---------------  T H R E A D  ---------------

Current thread (0x0000024a4cd70fb0):  VMThread "VM Thread" [stack: 0x0000007953f00000,0x0000007954000000] [id=8664]

Stack: [0x0000007953f00000,0x0000007954000000]
Native frames: (J=compiled Java code, j=interpreted, Vv=VM code, C=native code)
V  [jvm.dll+0x68c459]  (no source info available)
V  [jvm.dll+0x845e09]  (no source info available)
V  [jvm.dll+0x847b78]  (no source info available)
V  [jvm.dll+0x848203]  (no source info available)
V  [jvm.dll+0x24cf6f]  (no source info available)
V  [jvm.dll+0x68b859]  (no source info available)
V  [jvm.dll+0x67fe1a]  (no source info available)
V  [jvm.dll+0x3100f0]  (no source info available)
V  [jvm.dll+0x30ff92]  (no source info available)
V  [jvm.dll+0x3174e9]  (no source info available)
V  [jvm.dll+0x3697c9]  (no source info available)
V  [jvm.dll+0x3699fd]  (no source info available)
V  [jvm.dll+0x2e68fa]  (no source info available)
V  [jvm.dll+0x2e4cf1]  (no source info available)
V  [jvm.dll+0x2e448c]  (no source info available)
V  [jvm.dll+0x328e1b]  (no source info available)
V  [jvm.dll+0x84ca8d]  (no source info available)
V  [jvm.dll+0x84d7a3]  (no source info available)
V  [jvm.dll+0x84dcd4]  (no source info available)
V  [jvm.dll+0x84e0b8]  (no source info available)
V  [jvm.dll+0x84e1ae]  (no source info available)
V  [jvm.dll+0x7f5a5c]  (no source info available)
V  [jvm.dll+0x68d9f7]  (no source info available)
C  [ucrtbase.dll+0x21bb2]  (no source info available)
C  [KERNEL32.DLL+0x17374]  (no source info available)
C  [ntdll.dll+0x4cc91]  (no source info available)

VM_Operation (0x0000007956dfd440): G1CollectForAllocation, mode: safepoint, requested by thread 0x0000024a942ffe10


---------------  P R O C E S S  ---------------

Threads class SMR info:
_java_thread_list=0x0000024a95705110, length=42, elements={
0x0000024a2f185040, 0x0000024a4cd76fb0, 0x0000024a4cd7a840, 0x0000024a4cd8c260,
0x0000024a4cd8eb40, 0x0000024a4cd8fbb0, 0x0000024a4cd92c30, 0x0000024a4cd97d90,
0x0000024a4cdb9510, 0x0000024a4cdba6d0, 0x0000024a4cd647d0, 0x0000024a92146270,
0x0000024a930cccd0, 0x0000024a9338f510, 0x0000024a93b1e5a0, 0x0000024a92c75a50,
0x0000024a92c75f30, 0x0000024a931369b0, 0x0000024a931364a0, 0x0000024a93138810,
0x0000024a93135f90, 0x0000024a931373d0, 0x0000024a93137df0, 0x0000024a931378e0,
0x0000024a93135a80, 0x0000024a93135570, 0x0000024a942fdfb0, 0x0000024a942fcb70,
0x0000024a942fd080, 0x0000024a942fc660, 0x0000024a942fc150, 0x0000024a94301c70,
0x0000024a942fe4c0, 0x0000024a94302180, 0x0000024a942fe9d0, 0x0000024a942ff900,
0x0000024a94302690, 0x0000024a943030b0, 0x0000024a942feee0, 0x0000024a943035c0,
0x0000024a942ffe10, 0x0000024a94301760
}

Java Threads: ( => current thread )
  0x0000024a2f185040 JavaThread "main" [_thread_blocked, id=10700, stack(0x0000007953900000,0x0000007953a00000)]
  0x0000024a4cd76fb0 JavaThread "Reference Handler" daemon [_thread_blocked, id=7812, stack(0x0000007954000000,0x0000007954100000)]
  0x0000024a4cd7a840 JavaThread "Finalizer" daemon [_thread_blocked, id=9248, stack(0x0000007954100000,0x0000007954200000)]
  0x0000024a4cd8c260 JavaThread "Signal Dispatcher" daemon [_thread_blocked, id=6316, stack(0x0000007954200000,0x0000007954300000)]
  0x0000024a4cd8eb40 JavaThread "Attach Listener" daemon [_thread_blocked, id=11588, stack(0x0000007954300000,0x0000007954400000)]
  0x0000024a4cd8fbb0 JavaThread "Service Thread" daemon [_thread_blocked, id=6412, stack(0x0000007954400000,0x0000007954500000)]
  0x0000024a4cd92c30 JavaThread "Monitor Deflation Thread" daemon [_thread_blocked, id=9884, stack(0x0000007954500000,0x0000007954600000)]
  0x0000024a4cd97d90 JavaThread "C2 CompilerThread0" daemon [_thread_blocked, id=8480, stack(0x0000007954600000,0x0000007954700000)]
  0x0000024a4cdb9510 JavaThread "C1 CompilerThread0" daemon [_thread_blocked, id=13064, stack(0x0000007954700000,0x0000007954800000)]
  0x0000024a4cdba6d0 JavaThread "Sweeper thread" daemon [_thread_blocked, id=11984, stack(0x0000007954800000,0x0000007954900000)]
  0x0000024a4cd647d0 JavaThread "Common-Cleaner" daemon [_thread_blocked, id=2920, stack(0x0000007954900000,0x0000007954a00000)]
  0x0000024a92146270 JavaThread "Notification Thread" daemon [_thread_blocked, id=11988, stack(0x0000007954a00000,0x0000007954b00000)]
  0x0000024a930cccd0 JavaThread "Daemon health stats" [_thread_blocked, id=10812, stack(0x0000007954f00000,0x0000007955000000)]
  0x0000024a9338f510 JavaThread "Incoming local TCP Connector on port 49687" [_thread_in_native, id=9788, stack(0x0000007955000000,0x0000007955100000)]
  0x0000024a93b1e5a0 JavaThread "Daemon periodic checks" [_thread_blocked, id=5400, stack(0x0000007955100000,0x0000007955200000)]
  0x0000024a92c75a50 JavaThread "Daemon" [_thread_blocked, id=2864, stack(0x0000007955200000,0x0000007955300000)]
  0x0000024a92c75f30 JavaThread "Handler for socket connection from /127.0.0.1:49687 to /127.0.0.1:49688" [_thread_in_native, id=5692, stack(0x0000007955300000,0x0000007955400000)]
  0x0000024a931369b0 JavaThread "Cancel handler" [_thread_blocked, id=12004, stack(0x0000007955400000,0x0000007955500000)]
  0x0000024a931364a0 JavaThread "Daemon worker" [_thread_blocked, id=7704, stack(0x0000007955500000,0x0000007955600000)]
  0x0000024a93138810 JavaThread "Asynchronous log dispatcher for DefaultDaemonConnection: socket connection from /127.0.0.1:49687 to /127.0.0.1:49688" [_thread_blocked, id=2824, stack(0x0000007955600000,0x0000007955700000)]
  0x0000024a93135f90 JavaThread "Stdin handler" [_thread_blocked, id=1336, stack(0x0000007955700000,0x0000007955800000)]
  0x0000024a931373d0 JavaThread "Daemon client event forwarder" [_thread_blocked, id=2948, stack(0x0000007955800000,0x0000007955900000)]
  0x0000024a93137df0 JavaThread "Cache worker for journal cache (C:\Users\Dell\.gradle\caches\journal-1)" [_thread_blocked, id=12624, stack(0x0000007955900000,0x0000007955a00000)]
  0x0000024a931378e0 JavaThread "File lock request listener" [_thread_in_native, id=7676, stack(0x0000007955a00000,0x0000007955b00000)]
  0x0000024a93135a80 JavaThread "Cache worker for file hash cache (C:\Users\Dell\.gradle\caches\8.13\fileHashes)" [_thread_blocked, id=10832, stack(0x0000007955b00000,0x0000007955c00000)]
  0x0000024a93135570 JavaThread "Cache worker for file hash cache (C:\Intel\kinderkingdoom77\KinderKingdom\.gradle\8.13\fileHashes)" [_thread_blocked, id=4668, stack(0x0000007955c00000,0x0000007955d00000)]
  0x0000024a942fdfb0 JavaThread "Cache worker for Build Output Cleanup Cache (C:\Intel\kinderkingdoom77\KinderKingdom\.gradle\buildOutputCleanup)" [_thread_blocked, id=7000, stack(0x0000007955d00000,0x0000007955e00000)]
  0x0000024a942fcb70 JavaThread "File watcher server" daemon [_thread_in_native, id=12544, stack(0x0000007955e00000,0x0000007955f00000)]
  0x0000024a942fd080 JavaThread "File watcher consumer" daemon [_thread_blocked, id=7612, stack(0x0000007955f00000,0x0000007956000000)]
  0x0000024a942fc660 JavaThread "Cache worker for checksums cache (C:\Intel\kinderkingdoom77\KinderKingdom\.gradle\8.13\checksums)" [_thread_blocked, id=2292, stack(0x0000007956200000,0x0000007956300000)]
  0x0000024a942fc150 JavaThread "Cache worker for file content cache (C:\Users\Dell\.gradle\caches\8.13\fileContent)" [_thread_blocked, id=7996, stack(0x0000007956300000,0x0000007956400000)]
  0x0000024a94301c70 JavaThread "Cache worker for cache directory md-supplier (C:\Users\Dell\.gradle\caches\8.13\md-supplier)" [_thread_blocked, id=6044, stack(0x0000007956400000,0x0000007956500000)]
  0x0000024a942fe4c0 JavaThread "Cache worker for cache directory md-rule (C:\Users\Dell\.gradle\caches\8.13\md-rule)" [_thread_blocked, id=5716, stack(0x0000007956500000,0x0000007956600000)]
  0x0000024a94302180 JavaThread "Unconstrained build operations" [_thread_blocked, id=8672, stack(0x0000007956600000,0x0000007956700000)]
  0x0000024a942fe9d0 JavaThread "Unconstrained build operations Thread 2" [_thread_blocked, id=9868, stack(0x0000007956700000,0x0000007956800000)]
  0x0000024a942ff900 JavaThread "Unconstrained build operations Thread 3" [_thread_blocked, id=11924, stack(0x0000007956800000,0x0000007956900000)]
  0x0000024a94302690 JavaThread "Unconstrained build operations Thread 4" [_thread_blocked, id=12000, stack(0x0000007956900000,0x0000007956a00000)]
  0x0000024a943030b0 JavaThread "Unconstrained build operations Thread 5" [_thread_blocked, id=9800, stack(0x0000007956a00000,0x0000007956b00000)]
  0x0000024a942feee0 JavaThread "Unconstrained build operations Thread 6" [_thread_blocked, id=13304, stack(0x0000007956b00000,0x0000007956c00000)]
  0x0000024a943035c0 JavaThread "Unconstrained build operations Thread 7" [_thread_blocked, id=7480, stack(0x0000007956c00000,0x0000007956d00000)]
  0x0000024a942ffe10 JavaThread "Unconstrained build operations Thread 8" [_thread_blocked, id=4776, stack(0x0000007956d00000,0x0000007956e00000)]
  0x0000024a94301760 JavaThread "Unconstrained build operations Thread 9" [_thread_blocked, id=11488, stack(0x0000007956e00000,0x0000007956f00000)]

Other Threads:
=>0x0000024a4cd70fb0 VMThread "VM Thread" [stack: 0x0000007953f00000,0x0000007954000000] [id=8664]
  0x0000024a92146960 WatcherThread [stack: 0x0000007954b00000,0x0000007954c00000] [id=12676]
  0x0000024a2cfbaff0 GCTaskThread "GC Thread#0" [stack: 0x0000007953a00000,0x0000007953b00000] [id=7136]
  0x0000024a92276310 GCTaskThread "GC Thread#1" [stack: 0x0000007954c00000,0x0000007954d00000] [id=7920]
  0x0000024a922767f0 GCTaskThread "GC Thread#2" [stack: 0x0000007954d00000,0x0000007954e00000] [id=10784]
  0x0000024a92ca9a20 GCTaskThread "GC Thread#3" [stack: 0x0000007954e00000,0x0000007954f00000] [id=3108]
  0x0000024a2f1f0920 ConcurrentGCThread "G1 Main Marker" [stack: 0x0000007953b00000,0x0000007953c00000] [id=12348]
  0x0000024a2f1f10f0 ConcurrentGCThread "G1 Conc#0" [stack: 0x0000007953c00000,0x0000007953d00000] [id=11640]
  0x0000024a2f230db0 ConcurrentGCThread "G1 Refine#0" [stack: 0x0000007953d00000,0x0000007953e00000] [id=10332]
  0x0000024a93020d50 ConcurrentGCThread "G1 Refine#1" [stack: 0x0000007956000000,0x0000007956100000] [id=7052]
  0x0000024a94a6f030 ConcurrentGCThread "G1 Refine#2" [stack: 0x0000007956100000,0x0000007956200000] [id=7556]
  0x0000024a2f2315a0 ConcurrentGCThread "G1 Service" [stack: 0x0000007953e00000,0x0000007953f00000] [id=3048]

Threads with active compile tasks:
C2 CompilerThread0  22761 7585       4       org.gradle.cache.internal.btree.CachingBlockStore::read (56 bytes)

VM state: at safepoint (normal execution)

VM Mutex/Monitor currently owned by a thread:  ([mutex/lock_event])
[0x0000024a2f1800c0] Threads_lock - owner thread: 0x0000024a4cd70fb0
[0x0000024a2f17ff10] Heap_lock - owner thread: 0x0000024a942ffe10

Heap address: 0x0000000080000000, size: 2048 MB, Compressed Oops mode: 32-bit

CDS archive(s) mapped at: [0x0000024a4d000000-0x0000024a4dbb0000-0x0000024a4dbb0000), size 12255232, SharedBaseAddress: 0x0000024a4d000000, ArchiveRelocationMode: 1.
Compressed class space mapped at: 0x0000024a4e000000-0x0000024a8e000000, reserved size: 1073741824
Narrow klass base: 0x0000024a4d000000, Narrow klass shift: 0, Narrow klass range: 0x100000000

GC Precious Log:
 CPUs: 4 total, 4 available
 Memory: 3994M
 Large Page Support: Disabled
 NUMA Support: Disabled
 Compressed Oops: Enabled (32-bit)
 Heap Region Size: 1M
 Heap Min Capacity: 8M
 Heap Initial Capacity: 64M
 Heap Max Capacity: 2G
 Pre-touch: Disabled
 Parallel Workers: 4
 Concurrent Workers: 1
 Concurrent Refinement Workers: 4
 Periodic GC: Disabled

Heap:
 garbage-first heap   total 98304K, used 45731K [0x0000000080000000, 0x0000000100000000)
  region size 1024K, 4 young (4096K), 4 survivors (4096K)
 Metaspace       used 51595K, committed 52160K, reserved 1114112K
  class space    used 7238K, committed 7488K, reserved 1048576K

Heap Regions: E=young(eden), S=young(survivor), O=old, HS=humongous(starts), HC=humongous(continues), CS=collection set, F=free, OA=open archive, CA=closed archive, TAMS=top-at-mark-start (previous, next)
|   0|0x0000000080000000, 0x0000000080100000, 0x0000000080100000|100%|HS|  |TAMS 0x0000000080100000, 0x0000000080000000| Complete 
|   1|0x0000000080100000, 0x0000000080200000, 0x0000000080200000|100%|HC|  |TAMS 0x0000000080200000, 0x0000000080100000| Complete 
|   2|0x0000000080200000, 0x0000000080300000, 0x0000000080300000|100%|HC|  |TAMS 0x0000000080300000, 0x0000000080200000| Complete 
|   3|0x0000000080300000, 0x0000000080400000, 0x0000000080400000|100%| O|  |TAMS 0x0000000080400000, 0x0000000080300000| Untracked 
|   4|0x0000000080400000, 0x0000000080500000, 0x0000000080500000|100%| O|  |TAMS 0x0000000080500000, 0x0000000080400000| Untracked 
|   5|0x0000000080500000, 0x0000000080600000, 0x0000000080600000|100%| O|  |TAMS 0x0000000080600000, 0x0000000080500000| Untracked 
|   6|0x0000000080600000, 0x0000000080700000, 0x0000000080700000|100%| O|  |TAMS 0x0000000080700000, 0x0000000080600000| Untracked 
|   7|0x0000000080700000, 0x0000000080800000, 0x0000000080800000|100%|HS|  |TAMS 0x0000000080800000, 0x0000000080700000| Complete 
|   8|0x0000000080800000, 0x0000000080900000, 0x0000000080900000|100%| O|  |TAMS 0x0000000080900000, 0x0000000080800000| Untracked 
|   9|0x0000000080900000, 0x0000000080a00000, 0x0000000080a00000|100%| O|  |TAMS 0x0000000080a00000, 0x0000000080900000| Untracked 
|  10|0x0000000080a00000, 0x0000000080b00000, 0x0000000080b00000|100%| O|  |TAMS 0x0000000080b00000, 0x0000000080a00000| Untracked 
|  11|0x0000000080b00000, 0x0000000080c00000, 0x0000000080c00000|100%| O|  |TAMS 0x0000000080b00000, 0x0000000080b00000| Untracked 
|  12|0x0000000080c00000, 0x0000000080d00000, 0x0000000080d00000|100%| O|  |TAMS 0x0000000080d00000, 0x0000000080c00000| Untracked 
|  13|0x0000000080d00000, 0x0000000080e00000, 0x0000000080e00000|100%| O|  |TAMS 0x0000000080e00000, 0x0000000080d00000| Untracked 
|  14|0x0000000080e00000, 0x0000000080f00000, 0x0000000080f00000|100%| O|  |TAMS 0x0000000080f00000, 0x0000000080e00000| Untracked 
|  15|0x0000000080f00000, 0x0000000081000000, 0x0000000081000000|100%| O|  |TAMS 0x0000000081000000, 0x0000000080f00000| Untracked 
|  16|0x0000000081000000, 0x0000000081100000, 0x0000000081100000|100%| O|  |TAMS 0x0000000081100000, 0x0000000081000000| Untracked 
|  17|0x0000000081100000, 0x0000000081200000, 0x0000000081200000|100%| O|  |TAMS 0x0000000081200000, 0x0000000081100000| Untracked 
|  18|0x0000000081200000, 0x0000000081300000, 0x0000000081300000|100%| O|  |TAMS 0x0000000081300000, 0x0000000081200000| Untracked 
|  19|0x0000000081300000, 0x0000000081400000, 0x0000000081400000|100%| O|  |TAMS 0x0000000081400000, 0x0000000081300000| Untracked 
|  20|0x0000000081400000, 0x0000000081500000, 0x0000000081500000|100%| O|  |TAMS 0x0000000081500000, 0x0000000081400000| Untracked 
|  21|0x0000000081500000, 0x0000000081600000, 0x0000000081600000|100%| O|  |TAMS 0x0000000081500000, 0x0000000081500000| Untracked 
|  22|0x0000000081600000, 0x0000000081700000, 0x0000000081700000|100%| O|  |TAMS 0x0000000081700000, 0x0000000081600000| Untracked 
|  23|0x0000000081700000, 0x0000000081800000, 0x0000000081800000|100%| O|  |TAMS 0x0000000081800000, 0x0000000081700000| Untracked 
|  24|0x0000000081800000, 0x0000000081900000, 0x0000000081900000|100%| O|  |TAMS 0x0000000081900000, 0x0000000081800000| Untracked 
|  25|0x0000000081900000, 0x0000000081a00000, 0x0000000081a00000|100%| O|  |TAMS 0x0000000081900000, 0x0000000081900000| Untracked 
|  26|0x0000000081a00000, 0x0000000081b00000, 0x0000000081b00000|100%| O|  |TAMS 0x0000000081a00000, 0x0000000081a00000| Untracked 
|  27|0x0000000081b00000, 0x0000000081c00000, 0x0000000081c00000|100%| O|  |TAMS 0x0000000081b00000, 0x0000000081b00000| Untracked 
|  28|0x0000000081c00000, 0x0000000081d00000, 0x0000000081d00000|100%| O|  |TAMS 0x0000000081c00000, 0x0000000081c00000| Untracked 
|  29|0x0000000081d00000, 0x0000000081e00000, 0x0000000081e00000|100%| O|  |TAMS 0x0000000081d00000, 0x0000000081d00000| Untracked 
|  30|0x0000000081e00000, 0x0000000081f00000, 0x0000000081f00000|100%| O|  |TAMS 0x0000000081e00000, 0x0000000081e00000| Untracked 
|  31|0x0000000081f00000, 0x0000000082000000, 0x0000000082000000|100%| O|  |TAMS 0x0000000081f00000, 0x0000000081f00000| Untracked 
|  32|0x0000000082000000, 0x0000000082100000, 0x0000000082100000|100%| O|  |TAMS 0x0000000082000000, 0x0000000082000000| Untracked 
|  33|0x0000000082100000, 0x0000000082200000, 0x0000000082200000|100%| O|  |TAMS 0x0000000082100000, 0x0000000082100000| Untracked 
|  34|0x0000000082200000, 0x0000000082300000, 0x0000000082300000|100%| O|  |TAMS 0x0000000082200000, 0x0000000082200000| Untracked 
|  35|0x0000000082300000, 0x0000000082400000, 0x0000000082400000|100%| O|  |TAMS 0x0000000082300000, 0x0000000082300000| Untracked 
|  36|0x0000000082400000, 0x0000000082500000, 0x0000000082500000|100%| O|  |TAMS 0x0000000082400000, 0x0000000082400000| Untracked 
|  37|0x0000000082500000, 0x0000000082600000, 0x0000000082600000|100%| O|  |TAMS 0x0000000082500000, 0x0000000082500000| Untracked 
|  38|0x0000000082600000, 0x0000000082700000, 0x0000000082700000|100%| O|  |TAMS 0x0000000082600000, 0x0000000082600000| Untracked 
|  39|0x0000000082700000, 0x0000000082800000, 0x0000000082800000|100%| O|  |TAMS 0x0000000082700000, 0x0000000082700000| Untracked 
|  40|0x0000000082800000, 0x0000000082900000, 0x0000000082900000|100%| O|  |TAMS 0x0000000082800000, 0x0000000082800000| Untracked 
|  41|0x0000000082900000, 0x0000000082922000, 0x0000000082a00000| 13%| O|  |TAMS 0x0000000082900000, 0x0000000082900000| Untracked 
|  42|0x0000000082a00000, 0x0000000082a00000, 0x0000000082b00000|  0%| F|  |TAMS 0x0000000082a00000, 0x0000000082a00000| Untracked 
|  43|0x0000000082b00000, 0x0000000082b00000, 0x0000000082c00000|  0%| F|  |TAMS 0x0000000082b00000, 0x0000000082b00000| Untracked 
|  44|0x0000000082c00000, 0x0000000082c00000, 0x0000000082d00000|  0%| F|  |TAMS 0x0000000082c00000, 0x0000000082c00000| Untracked 
|  45|0x0000000082d00000, 0x0000000082d00000, 0x0000000082e00000|  0%| F|  |TAMS 0x0000000082d00000, 0x0000000082d00000| Untracked 
|  46|0x0000000082e00000, 0x0000000082e00000, 0x0000000082f00000|  0%| F|  |TAMS 0x0000000082e00000, 0x0000000082e00000| Untracked 
|  47|0x0000000082f00000, 0x0000000082f00000, 0x0000000083000000|  0%| F|  |TAMS 0x0000000082f00000, 0x0000000082f00000| Untracked 
|  48|0x0000000083000000, 0x0000000083000000, 0x0000000083100000|  0%| F|  |TAMS 0x0000000083000000, 0x0000000083000000| Untracked 
|  49|0x0000000083100000, 0x0000000083100000, 0x0000000083200000|  0%| F|  |TAMS 0x0000000083100000, 0x0000000083100000| Untracked 
|  50|0x0000000083200000, 0x0000000083200000, 0x0000000083300000|  0%| F|  |TAMS 0x0000000083200000, 0x0000000083200000| Untracked 
|  51|0x0000000083300000, 0x0000000083300000, 0x0000000083400000|  0%| F|  |TAMS 0x0000000083300000, 0x0000000083300000| Untracked 
|  52|0x0000000083400000, 0x0000000083400000, 0x0000000083500000|  0%| F|  |TAMS 0x0000000083400000, 0x0000000083400000| Untracked 
|  53|0x0000000083500000, 0x0000000083500000, 0x0000000083600000|  0%| F|  |TAMS 0x0000000083500000, 0x0000000083500000| Untracked 
|  54|0x0000000083600000, 0x0000000083600000, 0x0000000083700000|  0%| F|  |TAMS 0x0000000083600000, 0x0000000083600000| Untracked 
|  55|0x0000000083700000, 0x0000000083700000, 0x0000000083800000|  0%| F|  |TAMS 0x0000000083700000, 0x0000000083700000| Untracked 
|  56|0x0000000083800000, 0x0000000083886fa0, 0x0000000083900000| 52%| S|CS|TAMS 0x0000000083800000, 0x0000000083800000| Complete 
|  57|0x0000000083900000, 0x0000000083a00000, 0x0000000083a00000|100%| S|CS|TAMS 0x0000000083900000, 0x0000000083900000| Complete 
|  58|0x0000000083a00000, 0x0000000083b00000, 0x0000000083b00000|100%| S|CS|TAMS 0x0000000083a00000, 0x0000000083a00000| Complete 
|  59|0x0000000083b00000, 0x0000000083b00000, 0x0000000083c00000|  0%| F|  |TAMS 0x0000000083b00000, 0x0000000083b00000| Untracked 
|  60|0x0000000083c00000, 0x0000000083c00000, 0x0000000083d00000|  0%| F|  |TAMS 0x0000000083c00000, 0x0000000083c00000| Untracked 
|  61|0x0000000083d00000, 0x0000000083d00000, 0x0000000083e00000|  0%| F|  |TAMS 0x0000000083d00000, 0x0000000083d00000| Untracked 
|  62|0x0000000083e00000, 0x0000000083e00000, 0x0000000083f00000|  0%| F|  |TAMS 0x0000000083e00000, 0x0000000083e00000| Untracked 
|  63|0x0000000083f00000, 0x0000000084000000, 0x0000000084000000|100%| S|CS|TAMS 0x0000000083f00000, 0x0000000083f00000| Complete 
|  64|0x0000000084000000, 0x0000000084000000, 0x0000000084100000|  0%| F|  |TAMS 0x0000000084000000, 0x0000000084000000| Untracked 
|  65|0x0000000084100000, 0x0000000084100000, 0x0000000084200000|  0%| F|  |TAMS 0x0000000084100000, 0x0000000084100000| Untracked 
|  66|0x0000000084200000, 0x0000000084200000, 0x0000000084300000|  0%| F|  |TAMS 0x0000000084200000, 0x0000000084200000| Untracked 
|  67|0x0000000084300000, 0x0000000084300000, 0x0000000084400000|  0%| F|  |TAMS 0x0000000084300000, 0x0000000084300000| Untracked 
|  68|0x0000000084400000, 0x0000000084400000, 0x0000000084500000|  0%| F|  |TAMS 0x0000000084400000, 0x0000000084400000| Untracked 
|  69|0x0000000084500000, 0x0000000084500000, 0x0000000084600000|  0%| F|  |TAMS 0x0000000084500000, 0x0000000084500000| Untracked 
|  70|0x0000000084600000, 0x0000000084600000, 0x0000000084700000|  0%| F|  |TAMS 0x0000000084600000, 0x0000000084600000| Untracked 
|  71|0x0000000084700000, 0x0000000084700000, 0x0000000084800000|  0%| F|  |TAMS 0x0000000084700000, 0x0000000084700000| Untracked 
|  72|0x0000000084800000, 0x0000000084800000, 0x0000000084900000|  0%| F|  |TAMS 0x0000000084800000, 0x0000000084800000| Untracked 
|  73|0x0000000084900000, 0x0000000084900000, 0x0000000084a00000|  0%| F|  |TAMS 0x0000000084900000, 0x0000000084900000| Untracked 
|  74|0x0000000084a00000, 0x0000000084a00000, 0x0000000084b00000|  0%| F|  |TAMS 0x0000000084a00000, 0x0000000084a00000| Untracked 
|  75|0x0000000084b00000, 0x0000000084b00000, 0x0000000084c00000|  0%| F|  |TAMS 0x0000000084b00000, 0x0000000084b00000| Untracked 
|  76|0x0000000084c00000, 0x0000000084c00000, 0x0000000084d00000|  0%| F|  |TAMS 0x0000000084c00000, 0x0000000084c00000| Untracked 
|  77|0x0000000084d00000, 0x0000000084d00000, 0x0000000084e00000|  0%| F|  |TAMS 0x0000000084d00000, 0x0000000084d00000| Untracked 
|  78|0x0000000084e00000, 0x0000000084e00000, 0x0000000084f00000|  0%| F|  |TAMS 0x0000000084e00000, 0x0000000084e00000| Untracked 
|  79|0x0000000084f00000, 0x0000000084f00000, 0x0000000085000000|  0%| F|  |TAMS 0x0000000084f00000, 0x0000000084f00000| Untracked 
|  80|0x0000000085000000, 0x0000000085000000, 0x0000000085100000|  0%| F|  |TAMS 0x0000000085000000, 0x0000000085000000| Untracked 
|  81|0x0000000085100000, 0x0000000085100000, 0x0000000085200000|  0%| F|  |TAMS 0x0000000085100000, 0x0000000085100000| Untracked 
|  82|0x0000000085200000, 0x0000000085200000, 0x0000000085300000|  0%| F|  |TAMS 0x0000000085200000, 0x0000000085200000| Untracked 
|  83|0x0000000085300000, 0x0000000085300000, 0x0000000085400000|  0%| F|  |TAMS 0x0000000085300000, 0x0000000085300000| Untracked 
|  84|0x0000000085400000, 0x0000000085400000, 0x0000000085500000|  0%| F|  |TAMS 0x0000000085400000, 0x0000000085400000| Untracked 
|  85|0x0000000085500000, 0x0000000085500000, 0x0000000085600000|  0%| F|  |TAMS 0x0000000085500000, 0x0000000085500000| Untracked 
|  86|0x0000000085600000, 0x0000000085600000, 0x0000000085700000|  0%| F|  |TAMS 0x0000000085600000, 0x0000000085600000| Untracked 
|  87|0x0000000085700000, 0x0000000085700000, 0x0000000085800000|  0%| F|  |TAMS 0x0000000085700000, 0x0000000085700000| Untracked 
|  88|0x0000000085800000, 0x0000000085800000, 0x0000000085900000|  0%| F|  |TAMS 0x0000000085800000, 0x0000000085800000| Untracked 
|  89|0x0000000085900000, 0x0000000085900000, 0x0000000085a00000|  0%| F|  |TAMS 0x0000000085900000, 0x0000000085900000| Untracked 
|  90|0x0000000085a00000, 0x0000000085a00000, 0x0000000085b00000|  0%| F|  |TAMS 0x0000000085a00000, 0x0000000085a00000| Untracked 
|  91|0x0000000085b00000, 0x0000000085b00000, 0x0000000085c00000|  0%| F|  |TAMS 0x0000000085b00000, 0x0000000085b00000| Untracked 
|  92|0x0000000085c00000, 0x0000000085c00000, 0x0000000085d00000|  0%| F|  |TAMS 0x0000000085c00000, 0x0000000085c00000| Untracked 
|  93|0x0000000085d00000, 0x0000000085d00000, 0x0000000085e00000|  0%| F|  |TAMS 0x0000000085d00000, 0x0000000085d00000| Untracked 
|  94|0x0000000085e00000, 0x0000000085e00000, 0x0000000085f00000|  0%| F|  |TAMS 0x0000000085e00000, 0x0000000085e00000| Untracked 
|  95|0x0000000085f00000, 0x0000000085f00000, 0x0000000086000000|  0%| F|  |TAMS 0x0000000085f00000, 0x0000000085f00000| Untracked 

Card table byte_map: [0x0000024a46100000,0x0000024a46500000] _byte_map_base: 0x0000024a45d00000

Marking Bits (Prev, Next): (CMBitMap*) 0x0000024a2cfbb3d0, (CMBitMap*) 0x0000024a2cfbb410
 Prev Bits: [0x0000024a46900000, 0x0000024a48900000)
 Next Bits: [0x0000024a48900000, 0x0000024a4a900000)

Polling page: 0x0000024a2e940000

Metaspace:

Usage:
  Non-class:     43.32 MB used.
      Class:      7.07 MB used.
       Both:     50.39 MB used.

Virtual space:
  Non-class space:       64.00 MB reserved,      43.62 MB ( 68%) committed,  1 nodes.
      Class space:        1.00 GB reserved,       7.31 MB ( <1%) committed,  1 nodes.
             Both:        1.06 GB reserved,      50.94 MB (  5%) committed. 

Chunk freelists:
   Non-Class:  4.39 MB
       Class:  8.59 MB
        Both:  12.99 MB

MaxMetaspaceSize: unlimited
CompressedClassSpaceSize: 1.00 GB
Initial GC threshold: 21.00 MB
Current GC threshold: 59.00 MB
CDS: on
MetaspaceReclaimPolicy: balanced
 - commit_granule_bytes: 65536.
 - commit_granule_words: 8192.
 - virtual_space_node_default_size: 8388608.
 - enlarge_chunks_in_place: 1.
 - new_chunks_are_fully_committed: 0.
 - uncommit_free_chunks: 1.
 - use_allocation_guard: 0.
 - handle_deallocations: 1.


Internal statistics:

num_allocs_failed_limit: 6.
num_arena_births: 660.
num_arena_deaths: 0.
num_vsnodes_births: 2.
num_vsnodes_deaths: 0.
num_space_committed: 815.
num_space_uncommitted: 0.
num_chunks_returned_to_freelist: 6.
num_chunks_taken_from_freelist: 2724.
num_chunk_merges: 6.
num_chunk_splits: 1825.
num_chunks_enlarged: 1251.
num_inconsistent_stats: 0.

CodeHeap 'non-profiled nmethods': size=120000Kb used=2923Kb max_used=2945Kb free=117076Kb
 bounds [0x0000024a3e7d0000, 0x0000024a3eac0000, 0x0000024a45d00000]
CodeHeap 'profiled nmethods': size=120000Kb used=13209Kb max_used=13209Kb free=106790Kb
 bounds [0x0000024a36d00000, 0x0000024a379f0000, 0x0000024a3e230000]
CodeHeap 'non-nmethods': size=5760Kb used=1658Kb max_used=1721Kb free=4101Kb
 bounds [0x0000024a3e230000, 0x0000024a3e4a0000, 0x0000024a3e7d0000]
 total_blobs=7651 nmethods=6916 adapters=647
 compilation: enabled
              stopped_count=0, restarted_count=0
 full_count=0

Compilation events (20 events):
Event: 22.579 Thread 0x0000024a4cdb9510 7702       3       org.gradle.cache.internal.CrossProcessSynchronizingIndexedCache$$Lambda$483/0x0000024a4e4aa770::get (12 bytes)
Event: 22.580 Thread 0x0000024a4cdb9510 nmethod 7702 0x0000024a379e0210 code [0x0000024a379e03c0, 0x0000024a379e0608]
Event: 22.580 Thread 0x0000024a4cdb9510 7703   !   3       org.gradle.cache.internal.InMemoryDecoratedCache::get (44 bytes)
Event: 22.581 Thread 0x0000024a4cdb9510 nmethod 7703 0x0000024a379e0710 code [0x0000024a379e0960, 0x0000024a379e14a8]
Event: 22.586 Thread 0x0000024a4cdb9510 7704       3       org.gradle.internal.file.FileHierarchySet$PrefixFileSet::contains (10 bytes)
Event: 22.587 Thread 0x0000024a4cdb9510 nmethod 7704 0x0000024a379e1890 code [0x0000024a379e1a40, 0x0000024a379e1ba8]
Event: 22.587 Thread 0x0000024a4cdb9510 7705       3       org.gradle.cache.internal.CrossProcessSynchronizingIndexedCache::getIfPresent (17 bytes)
Event: 22.588 Thread 0x0000024a4cdb9510 nmethod 7705 0x0000024a379e1c90 code [0x0000024a379e1ea0, 0x0000024a379e25f8]
Event: 22.588 Thread 0x0000024a4cdb9510 7706   !   3       org.gradle.cache.internal.LockOnDemandCrossProcessCacheAccess::withFileLock (24 bytes)
Event: 22.588 Thread 0x0000024a4cdb9510 nmethod 7706 0x0000024a379e2890 code [0x0000024a379e2a60, 0x0000024a379e2d18]
Event: 22.596 Thread 0x0000024a4cdb9510 7710       3       com.google.common.collect.ImmutableMultimap$Builder::put (50 bytes)
Event: 22.596 Thread 0x0000024a4cdb9510 nmethod 7710 0x0000024a379e2e90 code [0x0000024a379e3080, 0x0000024a379e3668]
Event: 22.603 Thread 0x0000024a4cdb9510 7711       3       com.google.common.collect.ImmutableMultimap$Builder::newMutableValueCollection (8 bytes)
Event: 22.604 Thread 0x0000024a4cdb9510 nmethod 7711 0x0000024a379e3810 code [0x0000024a379e39e0, 0x0000024a379e3d38]
Event: 22.632 Thread 0x0000024a4cdb9510 7712       3       java.util.TimSort::binarySort (223 bytes)
Event: 22.632 Thread 0x0000024a4cdb9510 nmethod 7712 0x0000024a379e3e90 code [0x0000024a379e40c0, 0x0000024a379e4bb8]
Event: 22.636 Thread 0x0000024a4cdb9510 7714       3       java.security.MessageDigestSpi::clone (46 bytes)
Event: 22.637 Thread 0x0000024a4cdb9510 nmethod 7714 0x0000024a379e4e90 code [0x0000024a379e5080, 0x0000024a379e5748]
Event: 22.640 Thread 0x0000024a4cdb9510 7715       3       java.util.TimSort::countRunAndMakeAscending (128 bytes)
Event: 22.641 Thread 0x0000024a4cdb9510 nmethod 7715 0x0000024a379e5910 code [0x0000024a379e5b20, 0x0000024a379e6238]

GC Heap History (20 events):
Event: 11.751 GC heap after
{Heap after GC invocations=11 (full 0):
 garbage-first heap   total 65536K, used 24921K [0x0000000080000000, 0x0000000100000000)
  region size 1024K, 1 young (1024K), 1 survivors (1024K)
 Metaspace       used 24854K, committed 25216K, reserved 1114112K
  class space    used 3668K, committed 3840K, reserved 1048576K
}
Event: 13.272 GC heap before
{Heap before GC invocations=11 (full 0):
 garbage-first heap   total 65536K, used 50521K [0x0000000080000000, 0x0000000100000000)
  region size 1024K, 27 young (27648K), 1 survivors (1024K)
 Metaspace       used 29686K, committed 30080K, reserved 1114112K
  class space    used 4153K, committed 4352K, reserved 1048576K
}
Event: 13.277 GC heap after
{Heap after GC invocations=12 (full 0):
 garbage-first heap   total 98304K, used 28147K [0x0000000080000000, 0x0000000100000000)
  region size 1024K, 4 young (4096K), 4 survivors (4096K)
 Metaspace       used 29686K, committed 30080K, reserved 1114112K
  class space    used 4153K, committed 4352K, reserved 1048576K
}
Event: 14.497 GC heap before
{Heap before GC invocations=12 (full 0):
 garbage-first heap   total 98304K, used 76275K [0x0000000080000000, 0x0000000100000000)
  region size 1024K, 50 young (51200K), 4 survivors (4096K)
 Metaspace       used 32068K, committed 32512K, reserved 1114112K
  class space    used 4398K, committed 4608K, reserved 1048576K
}
Event: 14.503 GC heap after
{Heap after GC invocations=13 (full 0):
 garbage-first heap   total 98304K, used 29195K [0x0000000080000000, 0x0000000100000000)
  region size 1024K, 5 young (5120K), 5 survivors (5120K)
 Metaspace       used 32068K, committed 32512K, reserved 1114112K
  class space    used 4398K, committed 4608K, reserved 1048576K
}
Event: 16.542 GC heap before
{Heap before GC invocations=13 (full 0):
 garbage-first heap   total 98304K, used 64011K [0x0000000080000000, 0x0000000100000000)
  region size 1024K, 40 young (40960K), 5 survivors (5120K)
 Metaspace       used 35699K, committed 36160K, reserved 1114112K
  class space    used 4969K, committed 5184K, reserved 1048576K
}
Event: 16.552 GC heap after
{Heap after GC invocations=14 (full 0):
 garbage-first heap   total 98304K, used 31854K [0x0000000080000000, 0x0000000100000000)
  region size 1024K, 5 young (5120K), 5 survivors (5120K)
 Metaspace       used 35699K, committed 36160K, reserved 1114112K
  class space    used 4969K, committed 5184K, reserved 1048576K
}
Event: 17.796 GC heap before
{Heap before GC invocations=15 (full 0):
 garbage-first heap   total 98304K, used 75886K [0x0000000080000000, 0x0000000100000000)
  region size 1024K, 48 young (49152K), 5 survivors (5120K)
 Metaspace       used 40682K, committed 41216K, reserved 1114112K
  class space    used 5752K, committed 6016K, reserved 1048576K
}
Event: 17.807 GC heap after
{Heap after GC invocations=16 (full 0):
 garbage-first heap   total 98304K, used 33580K [0x0000000080000000, 0x0000000100000000)
  region size 1024K, 5 young (5120K), 5 survivors (5120K)
 Metaspace       used 40682K, committed 41216K, reserved 1114112K
  class space    used 5752K, committed 6016K, reserved 1048576K
}
Event: 17.820 GC heap before
{Heap before GC invocations=16 (full 0):
 garbage-first heap   total 98304K, used 34604K [0x0000000080000000, 0x0000000100000000)
  region size 1024K, 6 young (6144K), 5 survivors (5120K)
 Metaspace       used 40850K, committed 41344K, reserved 1114112K
  class space    used 5771K, committed 6016K, reserved 1048576K
}
Event: 17.830 GC heap after
{Heap after GC invocations=17 (full 0):
 garbage-first heap   total 98304K, used 33725K [0x0000000080000000, 0x0000000100000000)
  region size 1024K, 1 young (1024K), 1 survivors (1024K)
 Metaspace       used 40850K, committed 41344K, reserved 1114112K
  class space    used 5771K, committed 6016K, reserved 1048576K
}
Event: 18.899 GC heap before
{Heap before GC invocations=17 (full 0):
 garbage-first heap   total 98304K, used 77757K [0x0000000080000000, 0x0000000100000000)
  region size 1024K, 44 young (45056K), 1 survivors (1024K)
 Metaspace       used 46354K, committed 46912K, reserved 1114112K
  class space    used 6560K, committed 6784K, reserved 1048576K
}
Event: 18.911 GC heap after
{Heap after GC invocations=18 (full 0):
 garbage-first heap   total 98304K, used 35692K [0x0000000080000000, 0x0000000100000000)
  region size 1024K, 3 young (3072K), 3 survivors (3072K)
 Metaspace       used 46354K, committed 46912K, reserved 1114112K
  class space    used 6560K, committed 6784K, reserved 1048576K
}
Event: 20.478 GC heap before
{Heap before GC invocations=18 (full 0):
 garbage-first heap   total 98304K, used 77676K [0x0000000080000000, 0x0000000100000000)
  region size 1024K, 44 young (45056K), 3 survivors (3072K)
 Metaspace       used 50177K, committed 50752K, reserved 1114112K
  class space    used 7124K, committed 7360K, reserved 1048576K
}
Event: 20.487 GC heap after
{Heap after GC invocations=19 (full 0):
 garbage-first heap   total 98304K, used 39472K [0x0000000080000000, 0x0000000100000000)
  region size 1024K, 6 young (6144K), 6 survivors (6144K)
 Metaspace       used 50177K, committed 50752K, reserved 1114112K
  class space    used 7124K, committed 7360K, reserved 1048576K
}
Event: 21.577 GC heap before
{Heap before GC invocations=19 (full 0):
 garbage-first heap   total 98304K, used 77360K [0x0000000080000000, 0x0000000100000000)
  region size 1024K, 44 young (45056K), 6 survivors (6144K)
 Metaspace       used 51100K, committed 51648K, reserved 1114112K
  class space    used 7212K, committed 7488K, reserved 1048576K
}
Event: 21.592 GC heap after
{Heap after GC invocations=20 (full 0):
 garbage-first heap   total 98304K, used 43770K [0x0000000080000000, 0x0000000100000000)
  region size 1024K, 5 young (5120K), 5 survivors (5120K)
 Metaspace       used 51100K, committed 51648K, reserved 1114112K
  class space    used 7212K, committed 7488K, reserved 1048576K
}
Event: 22.177 GC heap before
{Heap before GC invocations=20 (full 0):
 garbage-first heap   total 98304K, used 77562K [0x0000000080000000, 0x0000000100000000)
  region size 1024K, 38 young (38912K), 5 survivors (5120K)
 Metaspace       used 51501K, committed 52032K, reserved 1114112K
  class space    used 7238K, committed 7488K, reserved 1048576K
}
Event: 22.184 GC heap after
{Heap after GC invocations=21 (full 0):
 garbage-first heap   total 98304K, used 44716K [0x0000000080000000, 0x0000000100000000)
  region size 1024K, 4 young (4096K), 4 survivors (4096K)
 Metaspace       used 51501K, committed 52032K, reserved 1114112K
  class space    used 7238K, committed 7488K, reserved 1048576K
}
Event: 22.652 GC heap before
{Heap before GC invocations=21 (full 0):
 garbage-first heap   total 98304K, used 76460K [0x0000000080000000, 0x0000000100000000)
  region size 1024K, 36 young (36864K), 4 survivors (4096K)
 Metaspace       used 51595K, committed 52160K, reserved 1114112K
  class space    used 7238K, committed 7488K, reserved 1048576K
}

Dll operation events (15 events):
Event: 0.011 Loaded shared library C:\Users\Dell\.jdks\ms-17.0.17\bin\java.dll
Event: 0.037 Loaded shared library C:\Users\Dell\.jdks\ms-17.0.17\bin\jsvml.dll
Event: 0.123 Loaded shared library C:\Users\Dell\.jdks\ms-17.0.17\bin\zip.dll
Event: 0.126 Loaded shared library C:\Users\Dell\.jdks\ms-17.0.17\bin\instrument.dll
Event: 0.133 Loaded shared library C:\Users\Dell\.jdks\ms-17.0.17\bin\net.dll
Event: 0.135 Loaded shared library C:\Users\Dell\.jdks\ms-17.0.17\bin\nio.dll
Event: 0.138 Loaded shared library C:\Users\Dell\.jdks\ms-17.0.17\bin\zip.dll
Event: 0.681 Loaded shared library C:\Users\Dell\.jdks\ms-17.0.17\bin\jimage.dll
Event: 1.046 Loaded shared library C:\Users\Dell\.jdks\ms-17.0.17\bin\verify.dll
Event: 1.182 Loaded shared library C:\Users\Dell\.gradle\native\1def1411415f61bf3af743bc5b6707747c0891f09f0c88961ee8f79bc544acac\windows-amd64\native-platform.dll
Event: 1.201 Loaded shared library C:\Users\Dell\.gradle\native\0.2.7\x86_64-windows-gnu\gradle-fileevents.dll
Event: 2.825 Loaded shared library C:\Users\Dell\.jdks\ms-17.0.17\bin\management.dll
Event: 2.832 Loaded shared library C:\Users\Dell\.jdks\ms-17.0.17\bin\management_ext.dll
Event: 3.186 Loaded shared library C:\Users\Dell\.jdks\ms-17.0.17\bin\extnet.dll
Event: 4.004 Loaded shared library C:\Users\Dell\.jdks\ms-17.0.17\bin\sunmscapi.dll

Deoptimization events (20 events):
Event: 22.515 Thread 0x0000024a942ffe10 Uncommon trap: trap_request=0xffffffde fr.pc=0x0000024a3e8f49ec relative=0x00000000000002ac
Event: 22.515 Thread 0x0000024a942ffe10 Uncommon trap: reason=class_check action=maybe_recompile pc=0x0000024a3e8f49ec method=java.util.concurrent.ConcurrentHashMap.get(Ljava/lang/Object;)Ljava/lang/Object; @ 93 c2
Event: 22.515 Thread 0x0000024a942ffe10 DEOPT PACKING pc=0x0000024a3e8f49ec sp=0x0000007956dfe200
Event: 22.515 Thread 0x0000024a942ffe10 DEOPT UNPACKING pc=0x0000024a3e2869a3 sp=0x0000007956dfe158 mode 2
Event: 22.515 Thread 0x0000024a942ffe10 Uncommon trap: trap_request=0xffffff45 fr.pc=0x0000024a3e8fc5f4 relative=0x00000000000011b4
Event: 22.515 Thread 0x0000024a942ffe10 Uncommon trap: reason=unstable_if action=reinterpret pc=0x0000024a3e8fc5f4 method=java.util.concurrent.ConcurrentHashMap.computeIfAbsent(Ljava/lang/Object;Ljava/util/function/Function;)Ljava/lang/Object; @ 199 c2
Event: 22.515 Thread 0x0000024a942ffe10 DEOPT PACKING pc=0x0000024a3e8fc5f4 sp=0x0000007956dfe300
Event: 22.515 Thread 0x0000024a942ffe10 DEOPT UNPACKING pc=0x0000024a3e2869a3 sp=0x0000007956dfe290 mode 2
Event: 22.516 Thread 0x0000024a942ffe10 Uncommon trap: trap_request=0xffffff45 fr.pc=0x0000024a3e8be630 relative=0x00000000000012d0
Event: 22.516 Thread 0x0000024a942ffe10 Uncommon trap: reason=unstable_if action=reinterpret pc=0x0000024a3e8be630 method=java.util.concurrent.ConcurrentHashMap.transfer([Ljava/util/concurrent/ConcurrentHashMap$Node;[Ljava/util/concurrent/ConcurrentHashMap$Node;)V @ 273 c2
Event: 22.516 Thread 0x0000024a942ffe10 DEOPT PACKING pc=0x0000024a3e8be630 sp=0x0000007956dfe150
Event: 22.516 Thread 0x0000024a942ffe10 DEOPT UNPACKING pc=0x0000024a3e2869a3 sp=0x0000007956dfe0d8 mode 2
Event: 22.516 Thread 0x0000024a931364a0 Uncommon trap: trap_request=0xffffffde fr.pc=0x0000024a3e8f49ec relative=0x00000000000002ac
Event: 22.516 Thread 0x0000024a931364a0 Uncommon trap: reason=class_check action=maybe_recompile pc=0x0000024a3e8f49ec method=java.util.concurrent.ConcurrentHashMap.get(Ljava/lang/Object;)Ljava/lang/Object; @ 93 c2
Event: 22.516 Thread 0x0000024a931364a0 DEOPT PACKING pc=0x0000024a3e8f49ec sp=0x00000079555f73a0
Event: 22.516 Thread 0x0000024a931364a0 DEOPT UNPACKING pc=0x0000024a3e2869a3 sp=0x00000079555f72f8 mode 2
Event: 22.516 Thread 0x0000024a94301760 Uncommon trap: trap_request=0xffffffde fr.pc=0x0000024a3e8f49ec relative=0x00000000000002ac
Event: 22.516 Thread 0x0000024a94301760 Uncommon trap: reason=class_check action=maybe_recompile pc=0x0000024a3e8f49ec method=java.util.concurrent.ConcurrentHashMap.get(Ljava/lang/Object;)Ljava/lang/Object; @ 93 c2
Event: 22.517 Thread 0x0000024a94301760 DEOPT PACKING pc=0x0000024a3e8f49ec sp=0x0000007956efde40
Event: 22.517 Thread 0x0000024a94301760 DEOPT UNPACKING pc=0x0000024a3e2869a3 sp=0x0000007956efdd98 mode 2

Classes loaded (20 events):
Event: 19.015 Loading class java/io/ObjectStreamClass$5
Event: 19.015 Loading class java/io/ObjectStreamClass$5 done
Event: 19.015 Loading class java/io/ObjectStreamClass$ClassDataSlot
Event: 19.016 Loading class java/io/ObjectStreamClass$ClassDataSlot done
Event: 19.021 Loading class jdk/internal/reflect/UnsafeQualifiedStaticLongFieldAccessorImpl
Event: 19.022 Loading class jdk/internal/reflect/UnsafeQualifiedStaticLongFieldAccessorImpl done
Event: 19.025 Loading class java/io/SerialCallbackContext
Event: 19.025 Loading class java/io/SerialCallbackContext done
Event: 19.176 Loading class java/util/DualPivotQuicksort
Event: 19.177 Loading class java/util/DualPivotQuicksort done
Event: 19.306 Loading class java/util/function/LongUnaryOperator
Event: 19.307 Loading class java/util/function/LongUnaryOperator done
Event: 20.468 Loading class java/util/Collections$ReverseComparator
Event: 20.468 Loading class java/util/Collections$ReverseComparator done
Event: 20.468 Loading class java/util/Collections$ReverseComparator2
Event: 20.469 Loading class java/util/Collections$ReverseComparator2 done
Event: 20.780 Loading class sun/reflect/ReflectionFactory
Event: 20.781 Loading class sun/reflect/ReflectionFactory done
Event: 20.781 Loading class sun/reflect/ReflectionFactory$1
Event: 20.781 Loading class sun/reflect/ReflectionFactory$1 done

Classes unloaded (0 events):
No events

Classes redefined (0 events):
No events

Internal exceptions (20 events):
Event: 17.469 Thread 0x0000024a931364a0 Exception <a 'java/lang/NoSuchMethodError'{0x0000000084345cb8}: 'java.lang.Object java.lang.invoke.DirectMethodHandle$Holder.invokeSpecial(java.lang.Object, java.lang.Object, java.lang.Object, int, java.lang.Object)'> (0x0000000084345cb8) 
thrown [s\src\hotspot\share\interpreter\linkResolver.cpp, line 759]
Event: 18.385 Thread 0x0000024a931364a0 Exception <a 'sun/nio/fs/WindowsException'{0x0000000084701ce0}> (0x0000000084701ce0) 
thrown [s\src\hotspot\share\prims\jni.cpp, line 516]
Event: 18.385 Thread 0x0000024a931364a0 Exception <a 'sun/nio/fs/WindowsException'{0x0000000084703368}> (0x0000000084703368) 
thrown [s\src\hotspot\share\prims\jni.cpp, line 516]
Event: 18.406 Thread 0x0000024a931364a0 Exception <a 'java/lang/NoSuchMethodError'{0x00000000846216a8}: 'java.lang.Object java.lang.invoke.DirectMethodHandle$Holder.newInvokeSpecial(java.lang.Object, java.lang.Object, java.lang.Object, int)'> (0x00000000846216a8) 
thrown [s\src\hotspot\share\interpreter\linkResolver.cpp, line 759]
Event: 18.407 Thread 0x0000024a931364a0 Exception <a 'java/lang/NoSuchMethodError'{0x00000000846261c0}: 'java.lang.Object java.lang.invoke.DirectMethodHandle$Holder.invokeSpecial(java.lang.Object, java.lang.Object, java.lang.Object, java.lang.Object, int)'> (0x00000000846261c0) 
thrown [s\src\hotspot\share\interpreter\linkResolver.cpp, line 759]
Event: 18.407 Thread 0x0000024a931364a0 Exception <a 'java/lang/NoSuchMethodError'{0x000000008462a638}: 'java.lang.Object java.lang.invoke.Invokers$Holder.linkToTargetMethod(java.lang.Object, java.lang.Object, int, java.lang.Object)'> (0x000000008462a638) 
thrown [s\src\hotspot\share\interpreter\linkResolver.cpp, line 759]
Event: 18.432 Thread 0x0000024a931364a0 Exception <a 'sun/nio/fs/WindowsException'{0x00000000846f72c0}> (0x00000000846f72c0) 
thrown [s\src\hotspot\share\prims\jni.cpp, line 516]
Event: 18.509 Thread 0x0000024a931364a0 Exception <a 'java/lang/NoSuchMethodError'{0x00000000843f1848}: 'int java.lang.invoke.DirectMethodHandle$Holder.invokeInterface(java.lang.Object, java.lang.Object, java.lang.Object, java.lang.Object, java.lang.Object)'> (0x00000000843f1848) 
thrown [s\src\hotspot\share\interpreter\linkResolver.cpp, line 759]
Event: 18.708 Thread 0x0000024a931364a0 Exception <a 'java/lang/NoSuchMethodError'{0x0000000083a12838}: 'void java.lang.invoke.DirectMethodHandle$Holder.invokeStatic(java.lang.Object, java.lang.Object, java.lang.Object, java.lang.Object, java.lang.Object, java.lang.Object, java.lang.Object)'> (0x0000000083a12838) 
thrown [s\src\hotspot\share\interpreter\linkResolver.cpp, line 759]
Event: 19.014 Thread 0x0000024a931373d0 Exception <a 'java/lang/NoSuchMethodError'{0x0000000085ca6898}: static Lorg/gradle/internal/build/event/types/DefaultOperationStartedProgressEvent;.<clinit>()V> (0x0000000085ca6898) 
thrown [s\src\hotspot\share\prims\jni.cpp, line 1112]
Event: 19.015 Thread 0x0000024a931373d0 Exception <a 'java/lang/NoSuchMethodError'{0x0000000085ca9db8}: static Lorg/gradle/internal/build/event/types/AbstractProgressEvent;.<clinit>()V> (0x0000000085ca9db8) 
thrown [s\src\hotspot\share\prims\jni.cpp, line 1112]
Event: 19.020 Thread 0x0000024a931373d0 Exception <a 'java/lang/NoSuchMethodError'{0x0000000085cbeb88}: static Lorg/gradle/internal/build/event/types/DefaultProjectConfigurationDescriptor;.<clinit>()V> (0x0000000085cbeb88) 
thrown [s\src\hotspot\share\prims\jni.cpp, line 1112]
Event: 19.021 Thread 0x0000024a931373d0 Exception <a 'java/lang/NoSuchMethodError'{0x0000000085cc1810}: static Lorg/gradle/internal/build/event/types/DefaultOperationDescriptor;.<clinit>()V> (0x0000000085cc1810) 
thrown [s\src\hotspot\share\prims\jni.cpp, line 1112]
Event: 19.024 Thread 0x0000024a931373d0 Exception <a 'java/lang/NoSuchMethodError'{0x0000000085cdcfe0}: static Lorg/gradle/internal/operations/OperationIdentifier;.<clinit>()V> (0x0000000085cdcfe0) 
thrown [s\src\hotspot\share\prims\jni.cpp, line 1112]
Event: 19.308 Thread 0x0000024a931364a0 Exception <a 'java/lang/NoSuchMethodError'{0x0000000085446a08}: 'long java.lang.invoke.DirectMethodHandle$Holder.invokeStatic(java.lang.Object, long)'> (0x0000000085446a08) 
thrown [s\src\hotspot\share\interpreter\linkResolver.cpp, line 759]
Event: 19.780 Thread 0x0000024a931364a0 Exception <a 'java/lang/NoSuchMethodError'{0x00000000847ebe88}: 'int java.lang.invoke.DirectMethodHandle$Holder.invokeSpecialIFC(java.lang.Object, java.lang.Object, java.lang.Object)'> (0x00000000847ebe88) 
thrown [s\src\hotspot\share\interpreter\linkResolver.cpp, line 759]
Event: 19.853 Thread 0x0000024a931364a0 Exception <a 'java/lang/NoSuchMethodError'{0x00000000843c10e0}: 'void java.lang.invoke.DirectMethodHandle$Holder.invokeStatic(java.lang.Object, java.lang.Object, java.lang.Object, int, java.lang.Object)'> (0x00000000843c10e0) 
thrown [s\src\hotspot\share\interpreter\linkResolver.cpp, line 759]
Event: 20.787 Thread 0x0000024a931364a0 Exception <a 'java/lang/NoSuchMethodError'{0x0000000085699b00}: 'java.lang.Object java.lang.invoke.DirectMethodHandle$Holder.newInvokeSpecial(java.lang.Object, java.lang.Object, java.lang.Object, java.lang.Object, int, java.lang.Object)'> (0x0000000085699b00) 
thrown [s\src\hotspot\share\interpreter\linkResolver.cpp, line 759]
Event: 20.788 Thread 0x0000024a931364a0 Exception <a 'java/lang/NoSuchMethodError'{0x00000000856a2990}: 'java.lang.Object java.lang.invoke.Invokers$Holder.linkToTargetMethod(java.lang.Object, java.lang.Object, java.lang.Object, int, java.lang.Object, java.lang.Object)'> (0x00000000856a2990) 
thrown [s\src\hotspot\share\interpreter\linkResolver.cpp, line 759]
Event: 21.791 Thread 0x0000024a931364a0 Exception <a 'java/lang/NoSuchMethodError'{0x00000000852dd920}: 'java.lang.Object java.lang.invoke.DirectMethodHandle$Holder.invokeSpecialIFC(java.lang.Object, java.lang.Object, java.lang.Object)'> (0x00000000852dd920) 
thrown [s\src\hotspot\share\interpreter\linkResolver.cpp, line 759]

VM Operations (20 events):
Event: 20.487 Executing VM operation: G1CollectForAllocation done
Event: 20.783 Executing VM operation: HandshakeAllThreads
Event: 20.783 Executing VM operation: HandshakeAllThreads done
Event: 20.851 Executing VM operation: ICBufferFull
Event: 20.851 Executing VM operation: ICBufferFull done
Event: 20.851 Executing VM operation: ICBufferFull
Event: 20.851 Executing VM operation: ICBufferFull done
Event: 21.429 Executing VM operation: ICBufferFull
Event: 21.429 Executing VM operation: ICBufferFull done
Event: 21.577 Executing VM operation: G1CollectForAllocation
Event: 21.592 Executing VM operation: G1CollectForAllocation done
Event: 21.751 Executing VM operation: HandshakeAllThreads
Event: 21.751 Executing VM operation: HandshakeAllThreads done
Event: 21.779 Executing VM operation: HandshakeAllThreads
Event: 21.779 Executing VM operation: HandshakeAllThreads done
Event: 21.899 Executing VM operation: ICBufferFull
Event: 21.904 Executing VM operation: ICBufferFull done
Event: 22.177 Executing VM operation: G1CollectForAllocation
Event: 22.184 Executing VM operation: G1CollectForAllocation done
Event: 22.652 Executing VM operation: G1CollectForAllocation

Memory protections (0 events):
No events

Nmethod flushes (20 events):
Event: 19.077 Thread 0x0000024a4cdba6d0 flushing  nmethod 0x0000024a3745a990
Event: 19.078 Thread 0x0000024a4cdba6d0 flushing  nmethod 0x0000024a37480810
Event: 19.078 Thread 0x0000024a4cdba6d0 flushing  nmethod 0x0000024a37480d10
Event: 19.078 Thread 0x0000024a4cdba6d0 flushing  nmethod 0x0000024a37490190
Event: 19.078 Thread 0x0000024a4cdba6d0 flushing  nmethod 0x0000024a37495790
Event: 19.078 Thread 0x0000024a4cdba6d0 flushing  nmethod 0x0000024a374a3e90
Event: 19.078 Thread 0x0000024a4cdba6d0 flushing  nmethod 0x0000024a374b7610
Event: 19.078 Thread 0x0000024a4cdba6d0 flushing  nmethod 0x0000024a374b8f90
Event: 19.078 Thread 0x0000024a4cdba6d0 flushing  nmethod 0x0000024a374da610
Event: 19.078 Thread 0x0000024a4cdba6d0 flushing  nmethod 0x0000024a374db410
Event: 19.078 Thread 0x0000024a4cdba6d0 flushing  nmethod 0x0000024a374dc110
Event: 19.078 Thread 0x0000024a4cdba6d0 flushing  nmethod 0x0000024a374dc790
Event: 19.078 Thread 0x0000024a4cdba6d0 flushing  nmethod 0x0000024a374dcc90
Event: 19.078 Thread 0x0000024a4cdba6d0 flushing  nmethod 0x0000024a374dde10
Event: 19.078 Thread 0x0000024a4cdba6d0 flushing  nmethod 0x0000024a374e9110
Event: 19.078 Thread 0x0000024a4cdba6d0 flushing  nmethod 0x0000024a374f5b10
Event: 19.078 Thread 0x0000024a4cdba6d0 flushing  nmethod 0x0000024a37593110
Event: 19.078 Thread 0x0000024a4cdba6d0 flushing  nmethod 0x0000024a375b0590
Event: 19.079 Thread 0x0000024a4cdba6d0 flushing  nmethod 0x0000024a375e5090
Event: 19.079 Thread 0x0000024a4cdba6d0 flushing  nmethod 0x0000024a375ebf10

Events (20 events):
Event: 4.890 Thread 0x0000024a931364a0 Thread added: 0x0000024a93137df0
Event: 5.009 Thread 0x0000024a931364a0 Thread added: 0x0000024a931378e0
Event: 5.338 Thread 0x0000024a931364a0 Thread added: 0x0000024a93135a80
Event: 9.512 Thread 0x0000024a931364a0 Thread added: 0x0000024a93135570
Event: 9.859 Thread 0x0000024a931364a0 Thread added: 0x0000024a942fdfb0
Event: 10.486 Thread 0x0000024a931364a0 Thread added: 0x0000024a942fcb70
Event: 10.502 Thread 0x0000024a931364a0 Thread added: 0x0000024a942fd080
Event: 15.494 Thread 0x0000024a931364a0 Thread added: 0x0000024a942fc660
Event: 15.792 Thread 0x0000024a931364a0 Thread added: 0x0000024a942fc150
Event: 16.290 Thread 0x0000024a931364a0 Thread added: 0x0000024a94301c70
Event: 16.384 Thread 0x0000024a931364a0 Thread added: 0x0000024a942fe4c0
Event: 20.591 Thread 0x0000024a931364a0 Thread added: 0x0000024a94302180
Event: 20.592 Thread 0x0000024a931364a0 Thread added: 0x0000024a942fe9d0
Event: 20.592 Thread 0x0000024a931364a0 Thread added: 0x0000024a942ff900
Event: 20.847 Thread 0x0000024a931364a0 Thread added: 0x0000024a94302690
Event: 20.850 Thread 0x0000024a931364a0 Thread added: 0x0000024a943030b0
Event: 20.854 Thread 0x0000024a931364a0 Thread added: 0x0000024a942feee0
Event: 21.793 Thread 0x0000024a931364a0 Thread added: 0x0000024a943035c0
Event: 21.793 Thread 0x0000024a931364a0 Thread added: 0x0000024a942ffe10
Event: 21.796 Thread 0x0000024a931364a0 Thread added: 0x0000024a94301760


Dynamic libraries:
0x00007ff6fadf0000 - 0x00007ff6fadfe000 	C:\Users\Dell\.jdks\ms-17.0.17\bin\java.exe
0x00007fff0ec10000 - 0x00007fff0ee08000 	C:\Windows\SYSTEM32\ntdll.dll
0x00007fff0eb00000 - 0x00007fff0ebc2000 	C:\Windows\System32\KERNEL32.DLL
0x00007fff0c5f0000 - 0x00007fff0c8e6000 	C:\Windows\System32\KERNELBASE.dll
0x00007fff0c2a0000 - 0x00007fff0c3a0000 	C:\Windows\System32\ucrtbase.dll
0x00007fff05360000 - 0x00007fff05378000 	C:\Users\Dell\.jdks\ms-17.0.17\bin\jli.dll
0x00007fff05520000 - 0x00007fff0553e000 	C:\Users\Dell\.jdks\ms-17.0.17\bin\VCRUNTIME140.dll
0x00007fff0e0d0000 - 0x00007fff0e271000 	C:\Windows\System32\USER32.dll
0x00007ffef9640000 - 0x00007ffef98db000 	C:\Windows\WinSxS\amd64_microsoft.windows.common-controls_6595b64144ccf1df_6.0.19041.6456_none_60b8a6cb71f64256\COMCTL32.dll
0x00007fff0e020000 - 0x00007fff0e0be000 	C:\Windows\System32\msvcrt.dll
0x00007fff0cc00000 - 0x00007fff0cc22000 	C:\Windows\System32\win32u.dll
0x00007fff0ead0000 - 0x00007fff0eafb000 	C:\Windows\System32\GDI32.dll
0x00007fff0c3d0000 - 0x00007fff0c4e9000 	C:\Windows\System32\gdi32full.dll
0x00007fff0c8f0000 - 0x00007fff0c98d000 	C:\Windows\System32\msvcp_win.dll
0x00007fff0d510000 - 0x00007fff0d53f000 	C:\Windows\System32\IMM32.DLL
0x00007fff07ca0000 - 0x00007fff07cac000 	C:\Users\Dell\.jdks\ms-17.0.17\bin\vcruntime140_1.dll
0x00007ffef5660000 - 0x00007ffef56e9000 	C:\Users\Dell\.jdks\ms-17.0.17\bin\msvcp140.dll
0x00007ffed70e0000 - 0x00007ffed7d5a000 	C:\Users\Dell\.jdks\ms-17.0.17\bin\server\jvm.dll
0x00007fff0d770000 - 0x00007fff0d821000 	C:\Windows\System32\ADVAPI32.dll
0x00007fff0d830000 - 0x00007fff0d8cf000 	C:\Windows\System32\sechost.dll
0x00007fff0d8d0000 - 0x00007fff0d9f0000 	C:\Windows\System32\RPCRT4.dll
0x00007fff0c3a0000 - 0x00007fff0c3c7000 	C:\Windows\System32\bcrypt.dll
0x00007fff0da90000 - 0x00007fff0dafb000 	C:\Windows\System32\WS2_32.dll
0x00007fff0b7d0000 - 0x00007fff0b81b000 	C:\Windows\SYSTEM32\POWRPROF.dll
0x00007fff097c0000 - 0x00007fff097ca000 	C:\Windows\SYSTEM32\VERSION.dll
0x00007ffef95a0000 - 0x00007ffef95c7000 	C:\Windows\SYSTEM32\WINMM.dll
0x00007fff0b6a0000 - 0x00007fff0b6b2000 	C:\Windows\SYSTEM32\UMPDC.dll
0x00007fff0aab0000 - 0x00007fff0aac2000 	C:\Windows\SYSTEM32\kernel.appcore.dll
0x00007fff07590000 - 0x00007fff0759a000 	C:\Users\Dell\.jdks\ms-17.0.17\bin\jimage.dll
0x00007fff09fd0000 - 0x00007fff0a1d1000 	C:\Windows\SYSTEM32\DBGHELP.DLL
0x00007fff038f0000 - 0x00007fff03924000 	C:\Windows\SYSTEM32\dbgcore.DLL
0x00007fff0c990000 - 0x00007fff0ca12000 	C:\Windows\System32\bcryptPrimitives.dll
0x00007fff04f80000 - 0x00007fff04f8f000 	C:\Users\Dell\.jdks\ms-17.0.17\bin\instrument.dll
0x00007ffefb010000 - 0x00007ffefb036000 	C:\Users\Dell\.jdks\ms-17.0.17\bin\java.dll
0x00007ffee0040000 - 0x00007ffee0116000 	C:\Users\Dell\.jdks\ms-17.0.17\bin\jsvml.dll
0x00007fff0cda0000 - 0x00007fff0d510000 	C:\Windows\System32\SHELL32.dll
0x00007fff0a1e0000 - 0x00007fff0a985000 	C:\Windows\SYSTEM32\windows.storage.dll
0x00007fff0e770000 - 0x00007fff0eac4000 	C:\Windows\System32\combase.dll
0x00007fff0bcd0000 - 0x00007fff0bcfb000 	C:\Windows\SYSTEM32\Wldp.dll
0x00007fff0e6a0000 - 0x00007fff0e76d000 	C:\Windows\System32\OLEAUT32.dll
0x00007fff0db00000 - 0x00007fff0dbad000 	C:\Windows\System32\SHCORE.dll
0x00007fff0e360000 - 0x00007fff0e3bb000 	C:\Windows\System32\shlwapi.dll
0x00007fff0c1d0000 - 0x00007fff0c1f4000 	C:\Windows\SYSTEM32\profapi.dll
0x00007fff04f50000 - 0x00007fff04f68000 	C:\Users\Dell\.jdks\ms-17.0.17\bin\zip.dll
0x00007fff04c90000 - 0x00007fff04cab000 	C:\Users\Dell\.jdks\ms-17.0.17\bin\net.dll
0x00007fff00ff0000 - 0x00007fff010fa000 	C:\Windows\SYSTEM32\WINHTTP.dll
0x00007fff0ba30000 - 0x00007fff0ba9a000 	C:\Windows\system32\mswsock.dll
0x00007fff01d90000 - 0x00007fff01da6000 	C:\Users\Dell\.jdks\ms-17.0.17\bin\nio.dll
0x00007fff04f00000 - 0x00007fff04f10000 	C:\Users\Dell\.jdks\ms-17.0.17\bin\verify.dll
0x00007ffefa9b0000 - 0x00007ffefa9d7000 	C:\Users\Dell\.gradle\native\1def1411415f61bf3af743bc5b6707747c0891f09f0c88961ee8f79bc544acac\windows-amd64\native-platform.dll
0x00007ffef53f0000 - 0x00007ffef5468000 	C:\Users\Dell\.gradle\native\0.2.7\x86_64-windows-gnu\gradle-fileevents.dll
0x00007fff04ce0000 - 0x00007fff04cea000 	C:\Users\Dell\.jdks\ms-17.0.17\bin\management.dll
0x00007fff04c00000 - 0x00007fff04c0c000 	C:\Users\Dell\.jdks\ms-17.0.17\bin\management_ext.dll
0x00007fff0e0c0000 - 0x00007fff0e0c8000 	C:\Windows\System32\PSAPI.DLL
0x00007fff0b6c0000 - 0x00007fff0b6fb000 	C:\Windows\SYSTEM32\IPHLPAPI.DLL
0x00007fff0cc90000 - 0x00007fff0cc98000 	C:\Windows\System32\NSI.dll
0x00007fff02760000 - 0x00007fff02777000 	C:\Windows\SYSTEM32\dhcpcsvc6.DLL
0x00007fff02da0000 - 0x00007fff02dbd000 	C:\Windows\SYSTEM32\dhcpcsvc.DLL
0x00007fff0b700000 - 0x00007fff0b7ca000 	C:\Windows\SYSTEM32\DNSAPI.dll
0x00007fff04b60000 - 0x00007fff04b69000 	C:\Users\Dell\.jdks\ms-17.0.17\bin\extnet.dll
0x00007fff0bc20000 - 0x00007fff0bc38000 	C:\Windows\SYSTEM32\CRYPTSP.dll
0x00007fff0b2e0000 - 0x00007fff0b318000 	C:\Windows\system32\rsaenh.dll
0x00007fff0c190000 - 0x00007fff0c1be000 	C:\Windows\SYSTEM32\USERENV.dll
0x00007fff0bc40000 - 0x00007fff0bc4c000 	C:\Windows\SYSTEM32\CRYPTBASE.dll
0x00007fff04a00000 - 0x00007fff04a0e000 	C:\Users\Dell\.jdks\ms-17.0.17\bin\sunmscapi.dll
0x00007fff0ca20000 - 0x00007fff0cb7d000 	C:\Windows\System32\CRYPT32.dll
0x00007fff0bd40000 - 0x00007fff0bd67000 	C:\Windows\SYSTEM32\ncrypt.dll
0x00007fff0bd00000 - 0x00007fff0bd3b000 	C:\Windows\SYSTEM32\NTASN1.dll
0x00007fff04a90000 - 0x00007fff04a97000 	C:\Windows\system32\wshunix.dll

dbghelp: loaded successfully - version: 4.0.5 - missing functions: none
symbol engine: initialized successfully - sym options: 0x614 - pdb path: .;C:\Users\Dell\.jdks\ms-17.0.17\bin;C:\Windows\SYSTEM32;C:\Windows\WinSxS\amd64_microsoft.windows.common-controls_6595b64144ccf1df_6.0.19041.6456_none_60b8a6cb71f64256;C:\Users\Dell\.jdks\ms-17.0.17\bin\server;C:\Users\Dell\.gradle\native\1def1411415f61bf3af743bc5b6707747c0891f09f0c88961ee8f79bc544acac\windows-amd64;C:\Users\Dell\.gradle\native\0.2.7\x86_64-windows-gnu

VM Arguments:
jvm_args: --add-opens=java.base/java.lang=ALL-UNNAMED --add-opens=java.base/java.lang.invoke=ALL-UNNAMED --add-opens=java.base/java.util=ALL-UNNAMED --add-opens=java.prefs/java.util.prefs=ALL-UNNAMED --add-exports=jdk.compiler/com.sun.tools.javac.api=ALL-UNNAMED --add-exports=jdk.compiler/com.sun.tools.javac.util=ALL-UNNAMED --add-opens=java.base/java.util=ALL-UNNAMED --add-opens=java.prefs/java.util.prefs=ALL-UNNAMED --add-opens=java.base/java.nio.charset=ALL-UNNAMED --add-opens=java.base/java.net=ALL-UNNAMED --add-opens=java.base/java.util.concurrent.atomic=ALL-UNNAMED --add-opens=java.xml/javax.xml.namespace=ALL-UNNAMED -Xmx2048m -Dfile.encoding=UTF-8 -Duser.country=US -Duser.language=en -Duser.variant -javaagent:C:\Users\Dell\.gradle\wrapper\dists\gradle-8.13-bin\5xuhj0ry160q40clulazy9h7d\gradle-8.13\lib\agents\gradle-instrumentation-agent-8.13.jar 
java_command: org.gradle.launcher.daemon.bootstrap.GradleDaemon 8.13
java_class_path (initial): C:\Users\Dell\.gradle\wrapper\dists\gradle-8.13-bin\5xuhj0ry160q40clulazy9h7d\gradle-8.13\lib\gradle-daemon-main-8.13.jar
Launcher Type: SUN_STANDARD

[Global flags]
     intx CICompilerCount                          = 3                                         {product} {ergonomic}
     uint ConcGCThreads                            = 1                                         {product} {ergonomic}
     uint G1ConcRefinementThreads                  = 4                                         {product} {ergonomic}
   size_t G1HeapRegionSize                         = 1048576                                   {product} {ergonomic}
    uintx GCDrainStackTargetSize                   = 64                                        {product} {ergonomic}
   size_t InitialHeapSize                          = 67108864                                  {product} {ergonomic}
   size_t MarkStackSize                            = 4194304                                   {product} {ergonomic}
   size_t MaxHeapSize                              = 2147483648                                {product} {command line}
   size_t MaxNewSize                               = 1287651328                                {product} {ergonomic}
   size_t MinHeapDeltaBytes                        = 1048576                                   {product} {ergonomic}
   size_t MinHeapSize                              = 8388608                                   {product} {ergonomic}
    uintx NonNMethodCodeHeapSize                   = 5832780                                {pd product} {ergonomic}
    uintx NonProfiledCodeHeapSize                  = 122912730                              {pd product} {ergonomic}
    uintx ProfiledCodeHeapSize                     = 122912730                              {pd product} {ergonomic}
    uintx ReservedCodeCacheSize                    = 251658240                              {pd product} {ergonomic}
     bool SegmentedCodeCache                       = true                                      {product} {ergonomic}
   size_t SoftMaxHeapSize                          = 2147483648                             {manageable} {ergonomic}
     bool UseCompressedClassPointers               = true                           {product lp64_product} {ergonomic}
     bool UseCompressedOops                        = true                           {product lp64_product} {ergonomic}
     bool UseG1GC                                  = true                                      {product} {ergonomic}
     bool UseLargePagesIndividualAllocation        = false                                  {pd product} {ergonomic}

Logging:
Log output configuration:
 #0: stdout all=warning uptime,level,tags
 #1: stderr all=off uptime,level,tags

Environment Variables:
PATH=C:\Program Files\Common Files\Oracle\Java\javapath;E:\oracle\product\10.2.0\db_1\bin;C:\Windows\system32;C:\Windows;C:\Windows\System32\Wbem;C:\Windows\System32\WindowsPowerShell\v1.0\;C:\Windows\System32\OpenSSH\;C:\Program Files (x86)\Intel\Intel(R) Management Engine Components\DAL;C:\Program Files\Intel\Intel(R) Management Engine Components\DAL;C:\Program Files\Microsoft SQL Server\150\Tools\Binn\;C:\Program Files\Microsoft SQL Server\Client SDK\ODBC\170\Tools\Binn\;C:\Program Files\dotnet\;C:\Program Files (x86)\Microsoft SQL Server\160\Tools\Binn\;C:\Program Files\Microsoft SQL Server\160\Tools\Binn\;C:\Program Files\Microsoft SQL Server\160\DTS\Binn\;C:\Users\Dell\AppData\Local\Microsoft\WindowsApps;C:\Users\Dell\.dotnet\tools;C:\Users\Dell\AppData\Local\GitHubDesktop\bin
USERNAME=Dell
OS=Windows_NT
PROCESSOR_IDENTIFIER=Intel64 Family 6 Model 142 Stepping 9, GenuineIntel
TMP=C:\Users\Dell\AppData\Local\Temp
TEMP=C:\Users\Dell\AppData\Local\Temp



Periodic native trim disabled


---------------  S Y S T E M  ---------------

OS:
 Windows 10 , 64 bit Build 19041 (10.0.19041.5915)
OS uptime: 0 days 10:17 hours

CPU: total 4 (initial active 4) (2 cores per cpu, 2 threads per core) family 6 model 142 stepping 9 microcode 0xea, cx8, cmov, fxsr, ht, mmx, 3dnowpref, sse, sse2, sse3, ssse3, sse4.1, sse4.2, popcnt, lzcnt, tsc, tscinvbit, avx, avx2, aes, erms, clmul, bmi1, bmi2, adx, fma, vzeroupper, clflush, clflushopt
Processor Information for the first 4 processors :
  Max Mhz: 2701, Current Mhz: 2701, Mhz Limit: 2701

Memory: 4k page, system-wide physical 3994M (177M free)
TotalPageFile size 16282M (AvailPageFile size 31M)
current process WorkingSet (physical memory assigned to process): 221M, peak: 244M
current process commit charge ("private bytes"): 297M, peak: 393M

vm_info: OpenJDK 64-Bit Server VM (17.0.17+10-LTS) for windows-amd64 JRE (17.0.17+10-LTS), built on Oct 13 2025 22:19:56 by "MicrosoftCorporation" with unknown MS VC++:1944

END.
