#
# There is insufficient memory for the Java Runtime Environment to continue.
# Native memory allocation (malloc) failed to allocate 2067216 bytes. Error detail: Chunk::new
# Possible reasons:
#   The system is out of physical RAM or swap space
#   This process is running with CompressedOops enabled, and the Java Heap may be blocking the growth of the native heap
# Possible solutions:
#   Reduce memory load on the system
#   Increase physical memory or swap space
#   Check if swap backing store is full
#   Decrease Java heap size (-Xmx/-Xms)
#   Decrease number of Java threads
#   Decrease Java thread stack sizes (-Xss)
#   Set larger code cache with -XX:ReservedCodeCacheSize=
#   JVM is running with Unscaled Compressed Oops mode in which the Java heap is
#     placed in the first 4GB address space. The Java Heap base address is the
#     maximum limit for the native heap growth. Please use -XX:HeapBaseMinAddress
#     to set the Java Heap base and to place the Java Heap above 4GB virtual address.
# This output file may be truncated or incomplete.
#
#  Out of Memory Error (arena.cpp:191), pid=5568, tid=7736
#
# JRE version: OpenJDK Runtime Environment Microsoft-12574423 (17.0.17+10) (build 17.0.17+10-LTS)
# Java VM: OpenJDK 64-Bit Server VM Microsoft-12574423 (17.0.17+10-LTS, mixed mode, sharing, tiered, compressed oops, compressed class ptrs, g1 gc, windows-amd64)
# No core dump will be written. Minidumps are not enabled by default on client versions of Windows
#

---------------  S U M M A R Y ------------

Command Line: --add-opens=java.base/java.lang=ALL-UNNAMED --add-opens=java.base/java.lang.invoke=ALL-UNNAMED --add-opens=java.base/java.util=ALL-UNNAMED --add-opens=java.prefs/java.util.prefs=ALL-UNNAMED --add-exports=jdk.compiler/com.sun.tools.javac.api=ALL-UNNAMED --add-exports=jdk.compiler/com.sun.tools.javac.util=ALL-UNNAMED --add-opens=java.base/java.util=ALL-UNNAMED --add-opens=java.prefs/java.util.prefs=ALL-UNNAMED --add-opens=java.base/java.nio.charset=ALL-UNNAMED --add-opens=java.base/java.net=ALL-UNNAMED --add-opens=java.base/java.util.concurrent.atomic=ALL-UNNAMED --add-opens=java.xml/javax.xml.namespace=ALL-UNNAMED -Xmx2048m -Dfile.encoding=UTF-8 -Duser.country=US -Duser.language=en -Duser.variant -javaagent:C:\Users\Dell\.gradle\wrapper\dists\gradle-8.13-bin\5xuhj0ry160q40clulazy9h7d\gradle-8.13\lib\agents\gradle-instrumentation-agent-8.13.jar org.gradle.launcher.daemon.bootstrap.GradleDaemon 8.13

Host: Intel(R) Core(TM) i5-7200U CPU @ 2.50GHz, 4 cores, 3G,  Windows 10 , 64 bit Build 19041 (10.0.19041.5915)
Time: Tue Nov 18 22:57:54 2025 Pacific Standard Time elapsed time: 15.143162 seconds (0d 0h 0m 15s)

---------------  T H R E A D  ---------------

Current thread (0x000002566e2e4b50):  JavaThread "C2 CompilerThread0" daemon [_thread_in_native, id=7736, stack(0x0000006990000000,0x0000006990100000)]


Current CompileTask:
C2:15143 5014       4       java.lang.Class::annotationData (44 bytes)

Stack: [0x0000006990000000,0x0000006990100000]
Native frames: (J=compiled Java code, j=interpreted, Vv=VM code, C=native code)
V  [jvm.dll+0x68c459]  (no source info available)
V  [jvm.dll+0x845e09]  (no source info available)
V  [jvm.dll+0x847b78]  (no source info available)
V  [jvm.dll+0x848203]  (no source info available)
V  [jvm.dll+0x24cf6f]  (no source info available)
V  [jvm.dll+0xaecb6]  (no source info available)
V  [jvm.dll+0xaf35c]  (no source info available)
V  [jvm.dll+0x37152f]  (no source info available)
V  [jvm.dll+0x33b8d5]  (no source info available)
V  [jvm.dll+0x33ad3a]  (no source info available)
V  [jvm.dll+0x21df29]  (no source info available)
V  [jvm.dll+0x21d36d]  (no source info available)
V  [jvm.dll+0x1a8ce6]  (no source info available)
V  [jvm.dll+0x22db1b]  (no source info available)
V  [jvm.dll+0x22bca6]  (no source info available)
V  [jvm.dll+0x7fb65b]  (no source info available)
V  [jvm.dll+0x7f5a5c]  (no source info available)
V  [jvm.dll+0x68d9f7]  (no source info available)
C  [ucrtbase.dll+0x21bb2]  (no source info available)
C  [KERNEL32.DLL+0x17374]  (no source info available)
C  [ntdll.dll+0x4cc91]  (no source info available)


---------------  P R O C E S S  ---------------

Threads class SMR info:
_java_thread_list=0x0000025674b08b10, length=33, elements={
0x00000256506d50a0, 0x000002566e2c3a60, 0x000002566e2c6dd0, 0x000002566e2d7260,
0x000002566e2d7e20, 0x000002566e2dcfa0, 0x000002566e2e0110, 0x000002566e2e4b50,
0x000002566e2e5da0, 0x000002566e2e6f40, 0x000002566e37e930, 0x000002566e484020,
0x00000256737d4320, 0x00000256737bf350, 0x0000025673a00360, 0x0000025673c1e8b0,
0x00000256736881c0, 0x0000025673134ba0, 0x0000025673137420, 0x0000025673136f10,
0x0000025673134690, 0x00000256731364f0, 0x00000256731355c0, 0x00000256731350b0,
0x0000025673135ad0, 0x0000025673136a00, 0x00000256752c05a0, 0x00000256752bd300,
0x00000256752baa80, 0x00000256752bc8e0, 0x00000256752bbec0, 0x00000256752baf90,
0x00000256752bb4a0
}

Java Threads: ( => current thread )
  0x00000256506d50a0 JavaThread "main" [_thread_blocked, id=10060, stack(0x000000698f300000,0x000000698f400000)]
  0x000002566e2c3a60 JavaThread "Reference Handler" daemon [_thread_blocked, id=4108, stack(0x000000698fa00000,0x000000698fb00000)]
  0x000002566e2c6dd0 JavaThread "Finalizer" daemon [_thread_blocked, id=8292, stack(0x000000698fb00000,0x000000698fc00000)]
  0x000002566e2d7260 JavaThread "Signal Dispatcher" daemon [_thread_blocked, id=9896, stack(0x000000698fc00000,0x000000698fd00000)]
  0x000002566e2d7e20 JavaThread "Attach Listener" daemon [_thread_blocked, id=3440, stack(0x000000698fd00000,0x000000698fe00000)]
  0x000002566e2dcfa0 JavaThread "Service Thread" daemon [_thread_blocked, id=7304, stack(0x000000698fe00000,0x000000698ff00000)]
  0x000002566e2e0110 JavaThread "Monitor Deflation Thread" daemon [_thread_blocked, id=13128, stack(0x000000698ff00000,0x0000006990000000)]
=>0x000002566e2e4b50 JavaThread "C2 CompilerThread0" daemon [_thread_in_native, id=7736, stack(0x0000006990000000,0x0000006990100000)]
  0x000002566e2e5da0 JavaThread "C1 CompilerThread0" daemon [_thread_blocked, id=11228, stack(0x0000006990100000,0x0000006990200000)]
  0x000002566e2e6f40 JavaThread "Sweeper thread" daemon [_thread_blocked, id=5596, stack(0x0000006990200000,0x0000006990300000)]
  0x000002566e37e930 JavaThread "Common-Cleaner" daemon [_thread_blocked, id=260, stack(0x0000006990300000,0x0000006990400000)]
  0x000002566e484020 JavaThread "Notification Thread" daemon [_thread_blocked, id=10048, stack(0x0000006990400000,0x0000006990500000)]
  0x00000256737d4320 JavaThread "Daemon health stats" [_thread_blocked, id=3828, stack(0x0000006990a00000,0x0000006990b00000)]
  0x00000256737bf350 JavaThread "Incoming local TCP Connector on port 49646" [_thread_in_native, id=9592, stack(0x0000006990b00000,0x0000006990c00000)]
  0x0000025673a00360 JavaThread "Daemon periodic checks" [_thread_blocked, id=3624, stack(0x0000006990c00000,0x0000006990d00000)]
  0x0000025673c1e8b0 JavaThread "Daemon" [_thread_blocked, id=5228, stack(0x0000006990d00000,0x0000006990e00000)]
  0x00000256736881c0 JavaThread "Handler for socket connection from /127.0.0.1:49646 to /127.0.0.1:49647" [_thread_in_native, id=3116, stack(0x0000006990e00000,0x0000006990f00000)]
  0x0000025673134ba0 JavaThread "Cancel handler" [_thread_blocked, id=6512, stack(0x0000006990f00000,0x0000006991000000)]
  0x0000025673137420 JavaThread "Daemon worker" [_thread_in_native, id=9580, stack(0x0000006991000000,0x0000006991100000)]
  0x0000025673136f10 JavaThread "Asynchronous log dispatcher for DefaultDaemonConnection: socket connection from /127.0.0.1:49646 to /127.0.0.1:49647" [_thread_blocked, id=12300, stack(0x0000006991100000,0x0000006991200000)]
  0x0000025673134690 JavaThread "Stdin handler" [_thread_blocked, id=9284, stack(0x0000006991200000,0x0000006991300000)]
  0x00000256731364f0 JavaThread "Daemon client event forwarder" [_thread_blocked, id=13208, stack(0x0000006991300000,0x0000006991400000)]
  0x00000256731355c0 JavaThread "Cache worker for journal cache (C:\Users\Dell\.gradle\caches\journal-1)" [_thread_blocked, id=6224, stack(0x0000006991400000,0x0000006991500000)]
  0x00000256731350b0 JavaThread "File lock request listener" [_thread_in_native, id=2572, stack(0x0000006991500000,0x0000006991600000)]
  0x0000025673135ad0 JavaThread "Cache worker for file hash cache (C:\Users\Dell\.gradle\caches\8.13\fileHashes)" [_thread_blocked, id=5452, stack(0x0000006991600000,0x0000006991700000)]
  0x0000025673136a00 JavaThread "Cache worker for file hash cache (C:\Intel\kinderkingdoom77\KinderKingdom\.gradle\8.13\fileHashes)" [_thread_blocked, id=2056, stack(0x0000006991700000,0x0000006991800000)]
  0x00000256752c05a0 JavaThread "Cache worker for Build Output Cleanup Cache (C:\Intel\kinderkingdoom77\KinderKingdom\.gradle\buildOutputCleanup)" [_thread_blocked, id=4284, stack(0x0000006991800000,0x0000006991900000)]
  0x00000256752bd300 JavaThread "File watcher server" daemon [_thread_in_native, id=5872, stack(0x0000006991900000,0x0000006991a00000)]
  0x00000256752baa80 JavaThread "File watcher consumer" daemon [_thread_blocked, id=11596, stack(0x0000006991a00000,0x0000006991b00000)]
  0x00000256752bc8e0 JavaThread "Cache worker for checksums cache (C:\Intel\kinderkingdoom77\KinderKingdom\.gradle\8.13\checksums)" [_thread_blocked, id=8132, stack(0x0000006991b00000,0x0000006991c00000)]
  0x00000256752bbec0 JavaThread "Cache worker for file content cache (C:\Users\Dell\.gradle\caches\8.13\fileContent)" [_thread_blocked, id=332, stack(0x0000006991c00000,0x0000006991d00000)]
  0x00000256752baf90 JavaThread "Cache worker for cache directory md-supplier (C:\Users\Dell\.gradle\caches\8.13\md-supplier)" [_thread_blocked, id=4184, stack(0x0000006991d00000,0x0000006991e00000)]
  0x00000256752bb4a0 JavaThread "Cache worker for cache directory md-rule (C:\Users\Dell\.gradle\caches\8.13\md-rule)" [_thread_blocked, id=12404, stack(0x0000006991e00000,0x0000006991f00000)]

Other Threads:
  0x000002566e2bd4b0 VMThread "VM Thread" [stack: 0x000000698f900000,0x000000698fa00000] [id=2276]
  0x000002566e484500 WatcherThread [stack: 0x0000006990500000,0x0000006990600000] [id=2992]
  0x000002564e49b010 GCTaskThread "GC Thread#0" [stack: 0x000000698f400000,0x000000698f500000] [id=4836]
  0x000002566e5e2c60 GCTaskThread "GC Thread#1" [stack: 0x0000006990600000,0x0000006990700000] [id=11024]
  0x000002566e6627e0 GCTaskThread "GC Thread#2" [stack: 0x0000006990700000,0x0000006990800000] [id=10328]
  0x000002566ef176e0 GCTaskThread "GC Thread#3" [stack: 0x0000006990800000,0x0000006990900000] [id=6192]
  0x00000256507409e0 ConcurrentGCThread "G1 Main Marker" [stack: 0x000000698f500000,0x000000698f600000] [id=12044]
  0x00000256507412a0 ConcurrentGCThread "G1 Conc#0" [stack: 0x000000698f600000,0x000000698f700000] [id=12996]
  0x000002565078dd70 ConcurrentGCThread "G1 Refine#0" [stack: 0x000000698f700000,0x000000698f800000] [id=9052]
  0x000002566edc59a0 ConcurrentGCThread "G1 Refine#1" [stack: 0x0000006990900000,0x0000006990a00000] [id=2708]
  0x000002565078e650 ConcurrentGCThread "G1 Service" [stack: 0x000000698f800000,0x000000698f900000] [id=13104]

Threads with active compile tasks:
C2 CompilerThread0  15192 5014       4       java.lang.Class::annotationData (44 bytes)

VM state: not at safepoint (normal execution)

VM Mutex/Monitor currently owned by a thread: None

Heap address: 0x0000000080000000, size: 2048 MB, Compressed Oops mode: 32-bit

CDS archive(s) mapped at: [0x0000025600000000-0x0000025600bb0000-0x0000025600bb0000), size 12255232, SharedBaseAddress: 0x0000025600000000, ArchiveRelocationMode: 1.
Compressed class space mapped at: 0x0000025601000000-0x0000025641000000, reserved size: 1073741824
Narrow klass base: 0x0000025600000000, Narrow klass shift: 0, Narrow klass range: 0x100000000

GC Precious Log:
 CPUs: 4 total, 4 available
 Memory: 3994M
 Large Page Support: Disabled
 NUMA Support: Disabled
 Compressed Oops: Enabled (32-bit)
 Heap Region Size: 1M
 Heap Min Capacity: 8M
 Heap Initial Capacity: 64M
 Heap Max Capacity: 2G
 Pre-touch: Disabled
 Parallel Workers: 4
 Concurrent Workers: 1
 Concurrent Refinement Workers: 4
 Periodic GC: Disabled

Heap:
 garbage-first heap   total 101376K, used 51148K [0x0000000080000000, 0x0000000100000000)
  region size 1024K, 19 young (19456K), 3 survivors (3072K)
 Metaspace       used 49027K, committed 49600K, reserved 1114112K
  class space    used 6998K, committed 7232K, reserved 1048576K

Heap Regions: E=young(eden), S=young(survivor), O=old, HS=humongous(starts), HC=humongous(continues), CS=collection set, F=free, OA=open archive, CA=closed archive, TAMS=top-at-mark-start (previous, next)
|   0|0x0000000080000000, 0x0000000080100000, 0x0000000080100000|100%|HS|  |TAMS 0x0000000080100000, 0x0000000080000000| Complete 
|   1|0x0000000080100000, 0x0000000080200000, 0x0000000080200000|100%|HC|  |TAMS 0x0000000080200000, 0x0000000080100000| Complete 
|   2|0x0000000080200000, 0x0000000080300000, 0x0000000080300000|100%|HC|  |TAMS 0x0000000080300000, 0x0000000080200000| Complete 
|   3|0x0000000080300000, 0x0000000080400000, 0x0000000080400000|100%| O|  |TAMS 0x0000000080400000, 0x0000000080300000| Untracked 
|   4|0x0000000080400000, 0x0000000080500000, 0x0000000080500000|100%| O|  |TAMS 0x0000000080500000, 0x0000000080400000| Untracked 
|   5|0x0000000080500000, 0x0000000080600000, 0x0000000080600000|100%| O|  |TAMS 0x0000000080600000, 0x0000000080500000| Untracked 
|   6|0x0000000080600000, 0x0000000080700000, 0x0000000080700000|100%| O|  |TAMS 0x0000000080700000, 0x0000000080600000| Untracked 
|   7|0x0000000080700000, 0x0000000080800000, 0x0000000080800000|100%|HS|  |TAMS 0x0000000080800000, 0x0000000080700000| Complete 
|   8|0x0000000080800000, 0x0000000080900000, 0x0000000080900000|100%| O|  |TAMS 0x0000000080900000, 0x0000000080800000| Untracked 
|   9|0x0000000080900000, 0x0000000080a00000, 0x0000000080a00000|100%| O|  |TAMS 0x0000000080a00000, 0x0000000080900000| Untracked 
|  10|0x0000000080a00000, 0x0000000080b00000, 0x0000000080b00000|100%| O|  |TAMS 0x0000000080b00000, 0x0000000080a00000| Untracked 
|  11|0x0000000080b00000, 0x0000000080c00000, 0x0000000080c00000|100%| O|  |TAMS 0x0000000080c00000, 0x0000000080b00000| Untracked 
|  12|0x0000000080c00000, 0x0000000080d00000, 0x0000000080d00000|100%| O|  |TAMS 0x0000000080d00000, 0x0000000080c00000| Untracked 
|  13|0x0000000080d00000, 0x0000000080e00000, 0x0000000080e00000|100%| O|  |TAMS 0x0000000080e00000, 0x0000000080d00000| Untracked 
|  14|0x0000000080e00000, 0x0000000080f00000, 0x0000000080f00000|100%| O|  |TAMS 0x0000000080f00000, 0x0000000080e00000| Untracked 
|  15|0x0000000080f00000, 0x0000000081000000, 0x0000000081000000|100%| O|  |TAMS 0x0000000081000000, 0x0000000080f00000| Untracked 
|  16|0x0000000081000000, 0x0000000081100000, 0x0000000081100000|100%| O|  |TAMS 0x0000000081100000, 0x0000000081000000| Untracked 
|  17|0x0000000081100000, 0x0000000081200000, 0x0000000081200000|100%| O|  |TAMS 0x0000000081200000, 0x0000000081100000| Untracked 
|  18|0x0000000081200000, 0x0000000081300000, 0x0000000081300000|100%| O|  |TAMS 0x0000000081200000, 0x0000000081200000| Untracked 
|  19|0x0000000081300000, 0x0000000081400000, 0x0000000081400000|100%| O|  |TAMS 0x0000000081400000, 0x0000000081300000| Untracked 
|  20|0x0000000081400000, 0x0000000081500000, 0x0000000081500000|100%| O|  |TAMS 0x0000000081500000, 0x0000000081400000| Untracked 
|  21|0x0000000081500000, 0x0000000081500000, 0x0000000081600000|  0%| F|  |TAMS 0x0000000081500000, 0x0000000081500000| Untracked 
|  22|0x0000000081600000, 0x0000000081700000, 0x0000000081700000|100%| O|  |TAMS 0x0000000081700000, 0x0000000081600000| Untracked 
|  23|0x0000000081700000, 0x0000000081800000, 0x0000000081800000|100%| O|  |TAMS 0x0000000081800000, 0x0000000081700000| Untracked 
|  24|0x0000000081800000, 0x0000000081900000, 0x0000000081900000|100%| O|  |TAMS 0x0000000081900000, 0x0000000081800000| Untracked 
|  25|0x0000000081900000, 0x0000000081a00000, 0x0000000081a00000|100%| O|  |TAMS 0x0000000081900000, 0x0000000081900000| Untracked 
|  26|0x0000000081a00000, 0x0000000081b00000, 0x0000000081b00000|100%| O|  |TAMS 0x0000000081b00000, 0x0000000081a00000| Untracked 
|  27|0x0000000081b00000, 0x0000000081c00000, 0x0000000081c00000|100%| O|  |TAMS 0x0000000081c00000, 0x0000000081b00000| Untracked 
|  28|0x0000000081c00000, 0x0000000081d00000, 0x0000000081d00000|100%| O|  |TAMS 0x0000000081ca4a00, 0x0000000081c00000| Untracked 
|  29|0x0000000081d00000, 0x0000000081e00000, 0x0000000081e00000|100%| O|  |TAMS 0x0000000081d00000, 0x0000000081d00000| Untracked 
|  30|0x0000000081e00000, 0x0000000081f00000, 0x0000000081f00000|100%| O|  |TAMS 0x0000000081e00000, 0x0000000081e00000| Untracked 
|  31|0x0000000081f00000, 0x0000000082000000, 0x0000000082000000|100%| O|  |TAMS 0x0000000081f00000, 0x0000000081f00000| Untracked 
|  32|0x0000000082000000, 0x00000000820f3200, 0x0000000082100000| 94%| O|  |TAMS 0x0000000082000000, 0x0000000082000000| Untracked 
|  33|0x0000000082100000, 0x0000000082100000, 0x0000000082200000|  0%| F|  |TAMS 0x0000000082100000, 0x0000000082100000| Untracked 
|  34|0x0000000082200000, 0x0000000082200000, 0x0000000082300000|  0%| F|  |TAMS 0x0000000082200000, 0x0000000082200000| Untracked 
|  35|0x0000000082300000, 0x0000000082300000, 0x0000000082400000|  0%| F|  |TAMS 0x0000000082300000, 0x0000000082300000| Untracked 
|  36|0x0000000082400000, 0x0000000082400000, 0x0000000082500000|  0%| F|  |TAMS 0x0000000082400000, 0x0000000082400000| Untracked 
|  37|0x0000000082500000, 0x0000000082500000, 0x0000000082600000|  0%| F|  |TAMS 0x0000000082500000, 0x0000000082500000| Untracked 
|  38|0x0000000082600000, 0x0000000082600000, 0x0000000082700000|  0%| F|  |TAMS 0x0000000082600000, 0x0000000082600000| Untracked 
|  39|0x0000000082700000, 0x0000000082700000, 0x0000000082800000|  0%| F|  |TAMS 0x0000000082700000, 0x0000000082700000| Untracked 
|  40|0x0000000082800000, 0x0000000082800000, 0x0000000082900000|  0%| F|  |TAMS 0x0000000082800000, 0x0000000082800000| Untracked 
|  41|0x0000000082900000, 0x0000000082900000, 0x0000000082a00000|  0%| F|  |TAMS 0x0000000082900000, 0x0000000082900000| Untracked 
|  42|0x0000000082a00000, 0x0000000082a00000, 0x0000000082b00000|  0%| F|  |TAMS 0x0000000082a00000, 0x0000000082a00000| Untracked 
|  43|0x0000000082b00000, 0x0000000082b00000, 0x0000000082c00000|  0%| F|  |TAMS 0x0000000082b00000, 0x0000000082b00000| Untracked 
|  44|0x0000000082c00000, 0x0000000082c00000, 0x0000000082d00000|  0%| F|  |TAMS 0x0000000082c00000, 0x0000000082c00000| Untracked 
|  45|0x0000000082d00000, 0x0000000082d00000, 0x0000000082e00000|  0%| F|  |TAMS 0x0000000082d00000, 0x0000000082d00000| Untracked 
|  46|0x0000000082e00000, 0x0000000082e00000, 0x0000000082f00000|  0%| F|  |TAMS 0x0000000082e00000, 0x0000000082e00000| Untracked 
|  47|0x0000000082f00000, 0x0000000083000000, 0x0000000083000000|100%| S|CS|TAMS 0x0000000082f00000, 0x0000000082f00000| Complete 
|  48|0x0000000083000000, 0x0000000083100000, 0x0000000083100000|100%| S|CS|TAMS 0x0000000083000000, 0x0000000083000000| Complete 
|  49|0x0000000083100000, 0x0000000083200000, 0x0000000083200000|100%| S|CS|TAMS 0x0000000083100000, 0x0000000083100000| Complete 
|  50|0x0000000083200000, 0x0000000083200000, 0x0000000083300000|  0%| F|  |TAMS 0x0000000083200000, 0x0000000083200000| Untracked 
|  51|0x0000000083300000, 0x0000000083300000, 0x0000000083400000|  0%| F|  |TAMS 0x0000000083300000, 0x0000000083300000| Untracked 
|  52|0x0000000083400000, 0x0000000083400000, 0x0000000083500000|  0%| F|  |TAMS 0x0000000083400000, 0x0000000083400000| Untracked 
|  53|0x0000000083500000, 0x0000000083500000, 0x0000000083600000|  0%| F|  |TAMS 0x0000000083500000, 0x0000000083500000| Untracked 
|  54|0x0000000083600000, 0x0000000083600000, 0x0000000083700000|  0%| F|  |TAMS 0x0000000083600000, 0x0000000083600000| Untracked 
|  55|0x0000000083700000, 0x0000000083700000, 0x0000000083800000|  0%| F|  |TAMS 0x0000000083700000, 0x0000000083700000| Untracked 
|  56|0x0000000083800000, 0x0000000083800000, 0x0000000083900000|  0%| F|  |TAMS 0x0000000083800000, 0x0000000083800000| Untracked 
|  57|0x0000000083900000, 0x0000000083900000, 0x0000000083a00000|  0%| F|  |TAMS 0x0000000083900000, 0x0000000083900000| Untracked 
|  58|0x0000000083a00000, 0x0000000083a00000, 0x0000000083b00000|  0%| F|  |TAMS 0x0000000083a00000, 0x0000000083a00000| Untracked 
|  59|0x0000000083b00000, 0x0000000083b00000, 0x0000000083c00000|  0%| F|  |TAMS 0x0000000083b00000, 0x0000000083b00000| Untracked 
|  60|0x0000000083c00000, 0x0000000083c00000, 0x0000000083d00000|  0%| F|  |TAMS 0x0000000083c00000, 0x0000000083c00000| Untracked 
|  61|0x0000000083d00000, 0x0000000083d00000, 0x0000000083e00000|  0%| F|  |TAMS 0x0000000083d00000, 0x0000000083d00000| Untracked 
|  62|0x0000000083e00000, 0x0000000083e00000, 0x0000000083f00000|  0%| F|  |TAMS 0x0000000083e00000, 0x0000000083e00000| Untracked 
|  63|0x0000000083f00000, 0x0000000083f00000, 0x0000000084000000|  0%| F|  |TAMS 0x0000000083f00000, 0x0000000083f00000| Untracked 
|  64|0x0000000084000000, 0x0000000084000000, 0x0000000084100000|  0%| F|  |TAMS 0x0000000084000000, 0x0000000084000000| Untracked 
|  65|0x0000000084100000, 0x0000000084100000, 0x0000000084200000|  0%| F|  |TAMS 0x0000000084100000, 0x0000000084100000| Untracked 
|  66|0x0000000084200000, 0x0000000084200000, 0x0000000084300000|  0%| F|  |TAMS 0x0000000084200000, 0x0000000084200000| Untracked 
|  67|0x0000000084300000, 0x0000000084300000, 0x0000000084400000|  0%| F|  |TAMS 0x0000000084300000, 0x0000000084300000| Untracked 
|  68|0x0000000084400000, 0x0000000084400000, 0x0000000084500000|  0%| F|  |TAMS 0x0000000084400000, 0x0000000084400000| Untracked 
|  69|0x0000000084500000, 0x0000000084500000, 0x0000000084600000|  0%| F|  |TAMS 0x0000000084500000, 0x0000000084500000| Untracked 
|  70|0x0000000084600000, 0x0000000084600000, 0x0000000084700000|  0%| F|  |TAMS 0x0000000084600000, 0x0000000084600000| Untracked 
|  71|0x0000000084700000, 0x0000000084700000, 0x0000000084800000|  0%| F|  |TAMS 0x0000000084700000, 0x0000000084700000| Untracked 
|  72|0x0000000084800000, 0x0000000084800000, 0x0000000084900000|  0%| F|  |TAMS 0x0000000084800000, 0x0000000084800000| Untracked 
|  73|0x0000000084900000, 0x0000000084900000, 0x0000000084a00000|  0%| F|  |TAMS 0x0000000084900000, 0x0000000084900000| Untracked 
|  74|0x0000000084a00000, 0x0000000084a00000, 0x0000000084b00000|  0%| F|  |TAMS 0x0000000084a00000, 0x0000000084a00000| Untracked 
|  75|0x0000000084b00000, 0x0000000084b00000, 0x0000000084c00000|  0%| F|  |TAMS 0x0000000084b00000, 0x0000000084b00000| Untracked 
|  76|0x0000000084c00000, 0x0000000084c00000, 0x0000000084d00000|  0%| F|  |TAMS 0x0000000084c00000, 0x0000000084c00000| Untracked 
|  77|0x0000000084d00000, 0x0000000084d00000, 0x0000000084e00000|  0%| F|  |TAMS 0x0000000084d00000, 0x0000000084d00000| Untracked 
|  78|0x0000000084e00000, 0x0000000084e00000, 0x0000000084f00000|  0%| F|  |TAMS 0x0000000084e00000, 0x0000000084e00000| Untracked 
|  79|0x0000000084f00000, 0x0000000084f00000, 0x0000000085000000|  0%| F|  |TAMS 0x0000000084f00000, 0x0000000084f00000| Untracked 
|  80|0x0000000085000000, 0x0000000085000000, 0x0000000085100000|  0%| F|  |TAMS 0x0000000085000000, 0x0000000085000000| Untracked 
|  81|0x0000000085100000, 0x0000000085100000, 0x0000000085200000|  0%| F|  |TAMS 0x0000000085100000, 0x0000000085100000| Untracked 
|  82|0x0000000085200000, 0x0000000085200000, 0x0000000085300000|  0%| F|  |TAMS 0x0000000085200000, 0x0000000085200000| Untracked 
|  83|0x0000000085300000, 0x0000000085400000, 0x0000000085400000|100%| E|  |TAMS 0x0000000085300000, 0x0000000085300000| Complete 
|  84|0x0000000085400000, 0x0000000085500000, 0x0000000085500000|100%| E|CS|TAMS 0x0000000085400000, 0x0000000085400000| Complete 
|  85|0x0000000085500000, 0x0000000085600000, 0x0000000085600000|100%| E|CS|TAMS 0x0000000085500000, 0x0000000085500000| Complete 
|  86|0x0000000085600000, 0x0000000085700000, 0x0000000085700000|100%| E|CS|TAMS 0x0000000085600000, 0x0000000085600000| Complete 
|  87|0x0000000085700000, 0x0000000085800000, 0x0000000085800000|100%| E|CS|TAMS 0x0000000085700000, 0x0000000085700000| Complete 
|  88|0x0000000085800000, 0x0000000085900000, 0x0000000085900000|100%| E|CS|TAMS 0x0000000085800000, 0x0000000085800000| Complete 
|  89|0x0000000085900000, 0x0000000085a00000, 0x0000000085a00000|100%| E|CS|TAMS 0x0000000085900000, 0x0000000085900000| Complete 
|  90|0x0000000085a00000, 0x0000000085b00000, 0x0000000085b00000|100%| E|CS|TAMS 0x0000000085a00000, 0x0000000085a00000| Complete 
|  91|0x0000000085b00000, 0x0000000085c00000, 0x0000000085c00000|100%| E|CS|TAMS 0x0000000085b00000, 0x0000000085b00000| Complete 
|  92|0x0000000085c00000, 0x0000000085d00000, 0x0000000085d00000|100%| E|CS|TAMS 0x0000000085c00000, 0x0000000085c00000| Complete 
|  93|0x0000000085d00000, 0x0000000085e00000, 0x0000000085e00000|100%| E|CS|TAMS 0x0000000085d00000, 0x0000000085d00000| Complete 
|  94|0x0000000085e00000, 0x0000000085f00000, 0x0000000085f00000|100%| E|CS|TAMS 0x0000000085e00000, 0x0000000085e00000| Complete 
|  95|0x0000000085f00000, 0x0000000086000000, 0x0000000086000000|100%| E|CS|TAMS 0x0000000085f00000, 0x0000000085f00000| Complete 
|  96|0x0000000086000000, 0x0000000086100000, 0x0000000086100000|100%| E|CS|TAMS 0x0000000086000000, 0x0000000086000000| Complete 
|  97|0x0000000086100000, 0x0000000086200000, 0x0000000086200000|100%| E|CS|TAMS 0x0000000086100000, 0x0000000086100000| Complete 
|  98|0x0000000086200000, 0x0000000086300000, 0x0000000086300000|100%| E|CS|TAMS 0x0000000086200000, 0x0000000086200000| Complete 

Card table byte_map: [0x0000025667650000,0x0000025667a50000] _byte_map_base: 0x0000025667250000

Marking Bits (Prev, Next): (CMBitMap*) 0x000002564e49b3f0, (CMBitMap*) 0x000002564e49b430
 Prev Bits: [0x0000025667e50000, 0x0000025669e50000)
 Next Bits: [0x0000025669e50000, 0x000002566be50000)

Polling page: 0x000002564e6d0000

Metaspace:

Usage:
  Non-class:     41.04 MB used.
      Class:      6.84 MB used.
       Both:     47.88 MB used.

Virtual space:
  Non-class space:       64.00 MB reserved,      41.38 MB ( 65%) committed,  1 nodes.
      Class space:        1.00 GB reserved,       7.06 MB ( <1%) committed,  1 nodes.
             Both:        1.06 GB reserved,      48.44 MB (  4%) committed. 

Chunk freelists:
   Non-Class:  6.39 MB
       Class:  8.81 MB
        Both:  15.20 MB

MaxMetaspaceSize: unlimited
CompressedClassSpaceSize: 1.00 GB
Initial GC threshold: 21.00 MB
Current GC threshold: 59.00 MB
CDS: on
MetaspaceReclaimPolicy: balanced
 - commit_granule_bytes: 65536.
 - commit_granule_words: 8192.
 - virtual_space_node_default_size: 8388608.
 - enlarge_chunks_in_place: 1.
 - new_chunks_are_fully_committed: 0.
 - uncommit_free_chunks: 1.
 - use_allocation_guard: 0.
 - handle_deallocations: 1.


Internal statistics:

num_allocs_failed_limit: 6.
num_arena_births: 640.
num_arena_deaths: 0.
num_vsnodes_births: 2.
num_vsnodes_deaths: 0.
num_space_committed: 775.
num_space_uncommitted: 0.
num_chunks_returned_to_freelist: 6.
num_chunks_taken_from_freelist: 2595.
num_chunk_merges: 6.
num_chunk_splits: 1721.
num_chunks_enlarged: 1195.
num_inconsistent_stats: 0.

CodeHeap 'non-profiled nmethods': size=120000Kb used=2616Kb max_used=2616Kb free=117383Kb
 bounds [0x000002565fd20000, 0x000002565ffb0000, 0x0000025667250000]
CodeHeap 'profiled nmethods': size=120000Kb used=10250Kb max_used=10250Kb free=109749Kb
 bounds [0x0000025658250000, 0x0000025658c60000, 0x000002565f780000]
CodeHeap 'non-nmethods': size=5760Kb used=1647Kb max_used=1712Kb free=4113Kb
 bounds [0x000002565f780000, 0x000002565f9f0000, 0x000002565fd20000]
 total_blobs=5847 nmethods=5124 adapters=635
 compilation: enabled
              stopped_count=0, restarted_count=0
 full_count=0

Compilation events (20 events):
Event: 15.115 Thread 0x000002566e2e5da0 5140       2       org.gradle.internal.instantiation.generator.AsmBackedClassGenerator$ClassBuilderImpl$$Lambda$152/0x00000256011c7740::<init> (50 bytes)
Event: 15.116 Thread 0x000002566e2e5da0 nmethod 5140 0x0000025658c4cb10 code [0x0000025658c4ccc0, 0x0000025658c4d018]
Event: 15.116 Thread 0x000002566e2e5da0 5136       2       com.google.common.collect.LinkedHashMultimap::access$200 (6 bytes)
Event: 15.116 Thread 0x000002566e2e5da0 nmethod 5136 0x0000025658c4d110 code [0x0000025658c4d2c0, 0x0000025658c4d418]
Event: 15.116 Thread 0x000002566e2e5da0 5137       2       com.google.common.collect.LinkedHashMultimap::succeedsInValueSet (15 bytes)
Event: 15.116 Thread 0x000002566e2e5da0 nmethod 5137 0x0000025658c4d510 code [0x0000025658c4d6c0, 0x0000025658c4d818]
Event: 15.116 Thread 0x000002566e2e5da0 5138       2       com.google.common.collect.LinkedHashMultimap::access$400 (6 bytes)
Event: 15.116 Thread 0x000002566e2e5da0 nmethod 5138 0x0000025658c4d910 code [0x0000025658c4dac0, 0x0000025658c4dc78]
Event: 15.120 Thread 0x000002566e2e5da0 5142       2       org.gradle.api.internal.artifacts.repositories.resolver.AbstractResourcePattern::isOptionalToken (153 bytes)
Event: 15.121 Thread 0x000002566e2e5da0 nmethod 5142 0x0000025658c4dd90 code [0x0000025658c4dfc0, 0x0000025658c4e628]
Event: 15.121 Thread 0x000002566e2e5da0 5144       2       org.gradle.internal.resource.ExternalResourceName::isUpperCaseChar (18 bytes)
Event: 15.121 Thread 0x000002566e2e5da0 nmethod 5144 0x0000025658c4eb10 code [0x0000025658c4eca0, 0x0000025658c4edb8]
Event: 15.121 Thread 0x000002566e2e5da0 5145       2       com.google.common.base.Preconditions::checkElementIndex (25 bytes)
Event: 15.121 Thread 0x000002566e2e5da0 nmethod 5145 0x0000025658c4ee90 code [0x0000025658c4f040, 0x0000025658c4f218]
Event: 15.122 Thread 0x000002566e2e5da0 5143       1       org.gradle.internal.resource.ExternalResourceName::getPath (5 bytes)
Event: 15.122 Thread 0x000002566e2e5da0 nmethod 5143 0x000002565ffadc90 code [0x000002565ffade20, 0x000002565ffadef8]
Event: 15.122 Thread 0x000002566e2e5da0 5146       1       org.gradle.api.internal.attributes.DefaultImmutableAttributesContainer::hashCode (5 bytes)
Event: 15.122 Thread 0x000002566e2e5da0 nmethod 5146 0x000002565ffadf90 code [0x000002565ffae120, 0x000002565ffae1f8]
Event: 15.132 Thread 0x000002566e2e5da0 5147       2       com.google.common.base.Preconditions::checkNotNull (18 bytes)
Event: 15.133 Thread 0x000002566e2e5da0 nmethod 5147 0x0000025658c4f310 code [0x0000025658c4f4c0, 0x0000025658c4f6b8]

GC Heap History (20 events):
Event: 7.456 GC heap before
{Heap before GC invocations=7 (full 0):
 garbage-first heap   total 65536K, used 43680K [0x0000000080000000, 0x0000000100000000)
  region size 1024K, 25 young (25600K), 3 survivors (3072K)
 Metaspace       used 21178K, committed 21504K, reserved 1114112K
  class space    used 3111K, committed 3264K, reserved 1048576K
}
Event: 7.462 GC heap after
{Heap after GC invocations=8 (full 0):
 garbage-first heap   total 65536K, used 23604K [0x0000000080000000, 0x0000000100000000)
  region size 1024K, 3 young (3072K), 3 survivors (3072K)
 Metaspace       used 21178K, committed 21504K, reserved 1114112K
  class space    used 3111K, committed 3264K, reserved 1048576K
}
Event: 8.326 GC heap before
{Heap before GC invocations=9 (full 0):
 garbage-first heap   total 65536K, used 49204K [0x0000000080000000, 0x0000000100000000)
  region size 1024K, 29 young (29696K), 3 survivors (3072K)
 Metaspace       used 24722K, committed 25088K, reserved 1114112K
  class space    used 3646K, committed 3776K, reserved 1048576K
}
Event: 8.335 GC heap after
{Heap after GC invocations=10 (full 0):
 garbage-first heap   total 65536K, used 25013K [0x0000000080000000, 0x0000000100000000)
  region size 1024K, 3 young (3072K), 3 survivors (3072K)
 Metaspace       used 24722K, committed 25088K, reserved 1114112K
  class space    used 3646K, committed 3776K, reserved 1048576K
}
Event: 8.374 GC heap before
{Heap before GC invocations=10 (full 0):
 garbage-first heap   total 65536K, used 26037K [0x0000000080000000, 0x0000000100000000)
  region size 1024K, 4 young (4096K), 3 survivors (3072K)
 Metaspace       used 24862K, committed 25216K, reserved 1114112K
  class space    used 3675K, committed 3840K, reserved 1048576K
}
Event: 8.382 GC heap after
{Heap after GC invocations=11 (full 0):
 garbage-first heap   total 65536K, used 24753K [0x0000000080000000, 0x0000000100000000)
  region size 1024K, 1 young (1024K), 1 survivors (1024K)
 Metaspace       used 24862K, committed 25216K, reserved 1114112K
  class space    used 3675K, committed 3840K, reserved 1048576K
}
Event: 9.077 GC heap before
{Heap before GC invocations=11 (full 0):
 garbage-first heap   total 65536K, used 50353K [0x0000000080000000, 0x0000000100000000)
  region size 1024K, 27 young (27648K), 1 survivors (1024K)
 Metaspace       used 29660K, committed 30080K, reserved 1114112K
  class space    used 4152K, committed 4352K, reserved 1048576K
}
Event: 9.085 GC heap after
{Heap after GC invocations=12 (full 0):
 garbage-first heap   total 65536K, used 28022K [0x0000000080000000, 0x0000000100000000)
  region size 1024K, 4 young (4096K), 4 survivors (4096K)
 Metaspace       used 29660K, committed 30080K, reserved 1114112K
  class space    used 4152K, committed 4352K, reserved 1048576K
}
Event: 9.414 GC heap before
{Heap before GC invocations=12 (full 0):
 garbage-first heap   total 65536K, used 51574K [0x0000000080000000, 0x0000000100000000)
  region size 1024K, 26 young (26624K), 4 survivors (4096K)
 Metaspace       used 31658K, committed 32064K, reserved 1114112K
  class space    used 4340K, committed 4544K, reserved 1048576K
}
Event: 9.421 GC heap after
{Heap after GC invocations=13 (full 0):
 garbage-first heap   total 101376K, used 28930K [0x0000000080000000, 0x0000000100000000)
  region size 1024K, 2 young (2048K), 2 survivors (2048K)
 Metaspace       used 31658K, committed 32064K, reserved 1114112K
  class space    used 4340K, committed 4544K, reserved 1048576K
}
Event: 10.597 GC heap before
{Heap before GC invocations=13 (full 0):
 garbage-first heap   total 101376K, used 78082K [0x0000000080000000, 0x0000000100000000)
  region size 1024K, 50 young (51200K), 2 survivors (2048K)
 Metaspace       used 34241K, committed 34624K, reserved 1114112K
  class space    used 4766K, committed 4928K, reserved 1048576K
}
Event: 10.603 GC heap after
{Heap after GC invocations=14 (full 0):
 garbage-first heap   total 101376K, used 30923K [0x0000000080000000, 0x0000000100000000)
  region size 1024K, 4 young (4096K), 4 survivors (4096K)
 Metaspace       used 34241K, committed 34624K, reserved 1114112K
  class space    used 4766K, committed 4928K, reserved 1048576K
}
Event: 11.032 GC heap before
{Heap before GC invocations=14 (full 0):
 garbage-first heap   total 101376K, used 42187K [0x0000000080000000, 0x0000000100000000)
  region size 1024K, 16 young (16384K), 4 survivors (4096K)
 Metaspace       used 35651K, committed 36096K, reserved 1114112K
  class space    used 4969K, committed 5184K, reserved 1048576K
}
Event: 11.038 GC heap after
{Heap after GC invocations=15 (full 0):
 garbage-first heap   total 101376K, used 31676K [0x0000000080000000, 0x0000000100000000)
  region size 1024K, 5 young (5120K), 5 survivors (5120K)
 Metaspace       used 35651K, committed 36096K, reserved 1114112K
  class space    used 4969K, committed 5184K, reserved 1048576K
}
Event: 12.381 GC heap before
{Heap before GC invocations=16 (full 0):
 garbage-first heap   total 101376K, used 80828K [0x0000000080000000, 0x0000000100000000)
  region size 1024K, 53 young (54272K), 5 survivors (5120K)
 Metaspace       used 41335K, committed 41856K, reserved 1114112K
  class space    used 5844K, committed 6080K, reserved 1048576K
}
Event: 12.389 GC heap after
{Heap after GC invocations=17 (full 0):
 garbage-first heap   total 101376K, used 33041K [0x0000000080000000, 0x0000000100000000)
  region size 1024K, 5 young (5120K), 5 survivors (5120K)
 Metaspace       used 41335K, committed 41856K, reserved 1114112K
  class space    used 5844K, committed 6080K, reserved 1048576K
}
Event: 12.416 GC heap before
{Heap before GC invocations=17 (full 0):
 garbage-first heap   total 101376K, used 33041K [0x0000000080000000, 0x0000000100000000)
  region size 1024K, 6 young (6144K), 5 survivors (5120K)
 Metaspace       used 41482K, committed 42048K, reserved 1114112K
  class space    used 5866K, committed 6144K, reserved 1048576K
}
Event: 12.423 GC heap after
{Heap after GC invocations=18 (full 0):
 garbage-first heap   total 101376K, used 33545K [0x0000000080000000, 0x0000000100000000)
  region size 1024K, 1 young (1024K), 1 survivors (1024K)
 Metaspace       used 41482K, committed 42048K, reserved 1114112K
  class space    used 5866K, committed 6144K, reserved 1048576K
}
Event: 14.684 GC heap before
{Heap before GC invocations=18 (full 0):
 garbage-first heap   total 101376K, used 82697K [0x0000000080000000, 0x0000000100000000)
  region size 1024K, 49 young (50176K), 1 survivors (1024K)
 Metaspace       used 47397K, committed 47936K, reserved 1114112K
  class space    used 6735K, committed 6976K, reserved 1048576K
}
Event: 14.690 GC heap after
{Heap after GC invocations=19 (full 0):
 garbage-first heap   total 101376K, used 35788K [0x0000000080000000, 0x0000000100000000)
  region size 1024K, 3 young (3072K), 3 survivors (3072K)
 Metaspace       used 47397K, committed 47936K, reserved 1114112K
  class space    used 6735K, committed 6976K, reserved 1048576K
}

Dll operation events (15 events):
Event: 0.046 Loaded shared library C:\Users\Dell\.jdks\ms-17.0.17\bin\java.dll
Event: 0.206 Loaded shared library C:\Users\Dell\.jdks\ms-17.0.17\bin\jsvml.dll
Event: 0.348 Loaded shared library C:\Users\Dell\.jdks\ms-17.0.17\bin\zip.dll
Event: 0.353 Loaded shared library C:\Users\Dell\.jdks\ms-17.0.17\bin\instrument.dll
Event: 0.364 Loaded shared library C:\Users\Dell\.jdks\ms-17.0.17\bin\net.dll
Event: 0.367 Loaded shared library C:\Users\Dell\.jdks\ms-17.0.17\bin\nio.dll
Event: 0.373 Loaded shared library C:\Users\Dell\.jdks\ms-17.0.17\bin\zip.dll
Event: 0.916 Loaded shared library C:\Users\Dell\.jdks\ms-17.0.17\bin\jimage.dll
Event: 1.295 Loaded shared library C:\Users\Dell\.jdks\ms-17.0.17\bin\verify.dll
Event: 1.544 Loaded shared library C:\Users\Dell\.gradle\native\1def1411415f61bf3af743bc5b6707747c0891f09f0c88961ee8f79bc544acac\windows-amd64\native-platform.dll
Event: 1.574 Loaded shared library C:\Users\Dell\.gradle\native\0.2.7\x86_64-windows-gnu\gradle-fileevents.dll
Event: 3.341 Loaded shared library C:\Users\Dell\.jdks\ms-17.0.17\bin\management.dll
Event: 3.347 Loaded shared library C:\Users\Dell\.jdks\ms-17.0.17\bin\management_ext.dll
Event: 3.708 Loaded shared library C:\Users\Dell\.jdks\ms-17.0.17\bin\extnet.dll
Event: 4.853 Loaded shared library C:\Users\Dell\.jdks\ms-17.0.17\bin\sunmscapi.dll

Deoptimization events (20 events):
Event: 15.081 Thread 0x0000025673137420 Uncommon trap: trap_request=0xffffffc6 fr.pc=0x000002565fe8fdac relative=0x000000000000026c
Event: 15.081 Thread 0x0000025673137420 Uncommon trap: reason=bimorphic_or_optimized_type_check action=maybe_recompile pc=0x000002565fe8fdac method=com.google.common.base.CharMatcher.indexIn(Ljava/lang/CharSequence;I)I @ 31 c2
Event: 15.081 Thread 0x0000025673137420 DEOPT PACKING pc=0x000002565fe8fdac sp=0x00000069910f9600
Event: 15.081 Thread 0x0000025673137420 DEOPT UNPACKING pc=0x000002565f7d69a3 sp=0x00000069910f95a8 mode 2
Event: 15.081 Thread 0x0000025673137420 Uncommon trap: trap_request=0xffffffc6 fr.pc=0x000002565fe8fdac relative=0x000000000000026c
Event: 15.081 Thread 0x0000025673137420 Uncommon trap: reason=bimorphic_or_optimized_type_check action=maybe_recompile pc=0x000002565fe8fdac method=com.google.common.base.CharMatcher.indexIn(Ljava/lang/CharSequence;I)I @ 31 c2
Event: 15.081 Thread 0x0000025673137420 DEOPT PACKING pc=0x000002565fe8fdac sp=0x00000069910f9600
Event: 15.081 Thread 0x0000025673137420 DEOPT UNPACKING pc=0x000002565f7d69a3 sp=0x00000069910f95a8 mode 2
Event: 15.130 Thread 0x0000025673137420 Uncommon trap: trap_request=0xffffffbe fr.pc=0x000002565ff9c5a8 relative=0x00000000000009e8
Event: 15.130 Thread 0x0000025673137420 Uncommon trap: reason=profile_predicate action=maybe_recompile pc=0x000002565ff9c5a8 method=java.util.regex.Pattern$BnM.optimize(Ljava/util/regex/Pattern$Node;)Ljava/util/regex/Pattern$Node; @ 67 c2
Event: 15.130 Thread 0x0000025673137420 DEOPT PACKING pc=0x000002565ff9c5a8 sp=0x00000069910f7da0
Event: 15.130 Thread 0x0000025673137420 DEOPT UNPACKING pc=0x000002565f7d69a3 sp=0x00000069910f7cf0 mode 2
Event: 15.130 Thread 0x0000025673137420 Uncommon trap: trap_request=0xffffffbe fr.pc=0x000002565ff9c5a8 relative=0x00000000000009e8
Event: 15.130 Thread 0x0000025673137420 Uncommon trap: reason=profile_predicate action=maybe_recompile pc=0x000002565ff9c5a8 method=java.util.regex.Pattern$BnM.optimize(Ljava/util/regex/Pattern$Node;)Ljava/util/regex/Pattern$Node; @ 67 c2
Event: 15.130 Thread 0x0000025673137420 DEOPT PACKING pc=0x000002565ff9c5a8 sp=0x00000069910f7da0
Event: 15.130 Thread 0x0000025673137420 DEOPT UNPACKING pc=0x000002565f7d69a3 sp=0x00000069910f7cf0 mode 2
Event: 15.130 Thread 0x0000025673137420 Uncommon trap: trap_request=0xffffffbe fr.pc=0x000002565ff9c5a8 relative=0x00000000000009e8
Event: 15.130 Thread 0x0000025673137420 Uncommon trap: reason=profile_predicate action=maybe_recompile pc=0x000002565ff9c5a8 method=java.util.regex.Pattern$BnM.optimize(Ljava/util/regex/Pattern$Node;)Ljava/util/regex/Pattern$Node; @ 67 c2
Event: 15.130 Thread 0x0000025673137420 DEOPT PACKING pc=0x000002565ff9c5a8 sp=0x00000069910f7da0
Event: 15.131 Thread 0x0000025673137420 DEOPT UNPACKING pc=0x000002565f7d69a3 sp=0x00000069910f7cf0 mode 2

Classes loaded (20 events):
Event: 14.522 Loading class java/io/ObjectStreamClass$3
Event: 14.522 Loading class java/io/ObjectStreamClass$3 done
Event: 14.523 Loading class java/io/ObjectStreamClass$4
Event: 14.523 Loading class java/io/ObjectStreamClass$4 done
Event: 14.523 Loading class java/io/ObjectStreamClass$5
Event: 14.523 Loading class java/io/ObjectStreamClass$5 done
Event: 14.524 Loading class java/io/ObjectStreamClass$ClassDataSlot
Event: 14.524 Loading class java/io/ObjectStreamClass$ClassDataSlot done
Event: 14.527 Loading class jdk/internal/reflect/UnsafeQualifiedStaticLongFieldAccessorImpl
Event: 14.529 Loading class jdk/internal/reflect/UnsafeQualifiedStaticLongFieldAccessorImpl done
Event: 14.533 Loading class java/io/SerialCallbackContext
Event: 14.533 Loading class java/io/SerialCallbackContext done
Event: 14.656 Loading class java/util/DualPivotQuicksort
Event: 14.657 Loading class java/util/DualPivotQuicksort done
Event: 14.729 Loading class java/util/function/LongUnaryOperator
Event: 14.730 Loading class java/util/function/LongUnaryOperator done
Event: 14.822 Loading class java/util/concurrent/LinkedBlockingDeque$Itr
Event: 14.823 Loading class java/util/concurrent/LinkedBlockingDeque$AbstractItr
Event: 14.823 Loading class java/util/concurrent/LinkedBlockingDeque$AbstractItr done
Event: 14.823 Loading class java/util/concurrent/LinkedBlockingDeque$Itr done

Classes unloaded (0 events):
No events

Classes redefined (0 events):
No events

Internal exceptions (20 events):
Event: 11.540 Thread 0x0000025673137420 Exception <a 'java/lang/NoSuchMethodError'{0x0000000084928788}: 'void java.lang.invoke.DirectMethodHandle$Holder.invokeInterface(java.lang.Object, java.lang.Object)'> (0x0000000084928788) 
thrown [s\src\hotspot\share\interpreter\linkResolver.cpp, line 759]
Event: 11.542 Thread 0x0000025673137420 Exception <a 'java/lang/IncompatibleClassChangeError'{0x0000000084933b10}: Found class java.lang.Object, but interface was expected> (0x0000000084933b10) 
thrown [s\src\hotspot\share\interpreter\linkResolver.cpp, line 826]
Event: 11.596 Thread 0x0000025673137420 Exception <a 'java/lang/NoSuchMethodError'{0x0000000084720ff0}: 'java.lang.Object java.lang.invoke.DirectMethodHandle$Holder.newInvokeSpecial(java.lang.Object, int, java.lang.Object)'> (0x0000000084720ff0) 
thrown [s\src\hotspot\share\interpreter\linkResolver.cpp, line 759]
Event: 11.760 Thread 0x0000025673137420 Exception <a 'java/lang/NoSuchMethodError'{0x0000000084224238}: 'java.lang.Object java.lang.invoke.DirectMethodHandle$Holder.invokeSpecial(java.lang.Object, java.lang.Object, long, java.lang.Object, java.lang.Object)'> (0x0000000084224238) 
thrown [s\src\hotspot\share\interpreter\linkResolver.cpp, line 759]
Event: 11.784 Thread 0x0000025673137420 Exception <a 'java/lang/NoSuchMethodError'{0x00000000841083e8}: 'java.lang.Object java.lang.invoke.DirectMethodHandle$Holder.newInvokeSpecial(java.lang.Object, java.lang.Object, int, java.lang.Object)'> (0x00000000841083e8) 
thrown [s\src\hotspot\share\interpreter\linkResolver.cpp, line 759]
Event: 11.785 Thread 0x0000025673137420 Exception <a 'java/lang/NoSuchMethodError'{0x000000008410ceb0}: 'java.lang.Object java.lang.invoke.DirectMethodHandle$Holder.invokeSpecial(java.lang.Object, java.lang.Object, java.lang.Object, int, java.lang.Object)'> (0x000000008410ceb0) 
thrown [s\src\hotspot\share\interpreter\linkResolver.cpp, line 759]
Event: 13.350 Thread 0x0000025673137420 Exception <a 'sun/nio/fs/WindowsException'{0x0000000084f07960}> (0x0000000084f07960) 
thrown [s\src\hotspot\share\prims\jni.cpp, line 516]
Event: 13.352 Thread 0x0000025673137420 Exception <a 'sun/nio/fs/WindowsException'{0x0000000084f08fe8}> (0x0000000084f08fe8) 
thrown [s\src\hotspot\share\prims\jni.cpp, line 516]
Event: 13.386 Thread 0x0000025673137420 Exception <a 'java/lang/NoSuchMethodError'{0x0000000084e2a7a0}: 'java.lang.Object java.lang.invoke.DirectMethodHandle$Holder.newInvokeSpecial(java.lang.Object, java.lang.Object, java.lang.Object, int)'> (0x0000000084e2a7a0) 
thrown [s\src\hotspot\share\interpreter\linkResolver.cpp, line 759]
Event: 13.386 Thread 0x0000025673137420 Exception <a 'java/lang/NoSuchMethodError'{0x0000000084e2f2b8}: 'java.lang.Object java.lang.invoke.DirectMethodHandle$Holder.invokeSpecial(java.lang.Object, java.lang.Object, java.lang.Object, java.lang.Object, int)'> (0x0000000084e2f2b8) 
thrown [s\src\hotspot\share\interpreter\linkResolver.cpp, line 759]
Event: 13.387 Thread 0x0000025673137420 Exception <a 'java/lang/NoSuchMethodError'{0x0000000084e33730}: 'java.lang.Object java.lang.invoke.Invokers$Holder.linkToTargetMethod(java.lang.Object, java.lang.Object, int, java.lang.Object)'> (0x0000000084e33730) 
thrown [s\src\hotspot\share\interpreter\linkResolver.cpp, line 759]
Event: 13.414 Thread 0x0000025673137420 Exception <a 'sun/nio/fs/WindowsException'{0x0000000084d06c80}> (0x0000000084d06c80) 
thrown [s\src\hotspot\share\prims\jni.cpp, line 516]
Event: 13.504 Thread 0x0000025673137420 Exception <a 'java/lang/NoSuchMethodError'{0x0000000084a0b6d8}: 'int java.lang.invoke.DirectMethodHandle$Holder.invokeInterface(java.lang.Object, java.lang.Object, java.lang.Object, java.lang.Object, java.lang.Object)'> (0x0000000084a0b6d8) 
thrown [s\src\hotspot\share\interpreter\linkResolver.cpp, line 759]
Event: 14.175 Thread 0x0000025673137420 Exception <a 'java/lang/NoSuchMethodError'{0x0000000084241088}: 'void java.lang.invoke.DirectMethodHandle$Holder.invokeStatic(java.lang.Object, java.lang.Object, java.lang.Object, java.lang.Object, java.lang.Object, java.lang.Object, java.lang.Object)'> (0x0000000084241088) 
thrown [s\src\hotspot\share\interpreter\linkResolver.cpp, line 759]
Event: 14.523 Thread 0x00000256731364f0 Exception <a 'java/lang/NoSuchMethodError'{0x00000000838a4e40}: static Lorg/gradle/internal/build/event/types/DefaultOperationStartedProgressEvent;.<clinit>()V> (0x00000000838a4e40) 
thrown [s\src\hotspot\share\prims\jni.cpp, line 1112]
Event: 14.523 Thread 0x00000256731364f0 Exception <a 'java/lang/NoSuchMethodError'{0x00000000838a7ef0}: static Lorg/gradle/internal/build/event/types/AbstractProgressEvent;.<clinit>()V> (0x00000000838a7ef0) 
thrown [s\src\hotspot\share\prims\jni.cpp, line 1112]
Event: 14.526 Thread 0x00000256731364f0 Exception <a 'java/lang/NoSuchMethodError'{0x00000000838bb458}: static Lorg/gradle/internal/build/event/types/DefaultProjectConfigurationDescriptor;.<clinit>()V> (0x00000000838bb458) 
thrown [s\src\hotspot\share\prims\jni.cpp, line 1112]
Event: 14.527 Thread 0x00000256731364f0 Exception <a 'java/lang/NoSuchMethodError'{0x00000000838bdc48}: static Lorg/gradle/internal/build/event/types/DefaultOperationDescriptor;.<clinit>()V> (0x00000000838bdc48) 
thrown [s\src\hotspot\share\prims\jni.cpp, line 1112]
Event: 14.531 Thread 0x00000256731364f0 Exception <a 'java/lang/NoSuchMethodError'{0x0000000083715b38}: static Lorg/gradle/internal/operations/OperationIdentifier;.<clinit>()V> (0x0000000083715b38) 
thrown [s\src\hotspot\share\prims\jni.cpp, line 1112]
Event: 14.732 Thread 0x0000025673137420 Exception <a 'java/lang/NoSuchMethodError'{0x0000000086164310}: 'long java.lang.invoke.DirectMethodHandle$Holder.invokeStatic(java.lang.Object, long)'> (0x0000000086164310) 
thrown [s\src\hotspot\share\interpreter\linkResolver.cpp, line 759]

VM Operations (20 events):
Event: 11.174 Executing VM operation: HandshakeAllThreads
Event: 11.174 Executing VM operation: HandshakeAllThreads done
Event: 11.184 Executing VM operation: HandshakeAllThreads
Event: 11.184 Executing VM operation: HandshakeAllThreads done
Event: 11.716 Executing VM operation: HandshakeAllThreads
Event: 11.716 Executing VM operation: HandshakeAllThreads done
Event: 11.823 Executing VM operation: HandshakeAllThreads
Event: 11.823 Executing VM operation: HandshakeAllThreads done
Event: 12.381 Executing VM operation: G1CollectForAllocation
Event: 12.389 Executing VM operation: G1CollectForAllocation done
Event: 12.416 Executing VM operation: G1CollectForAllocation
Event: 12.423 Executing VM operation: G1CollectForAllocation done
Event: 13.429 Executing VM operation: Cleanup
Event: 13.430 Executing VM operation: Cleanup done
Event: 14.417 Executing VM operation: HandshakeAllThreads
Event: 14.417 Executing VM operation: HandshakeAllThreads done
Event: 14.434 Executing VM operation: ICBufferFull
Event: 14.435 Executing VM operation: ICBufferFull done
Event: 14.684 Executing VM operation: G1CollectForAllocation
Event: 14.690 Executing VM operation: G1CollectForAllocation done

Memory protections (0 events):
No events

Nmethod flushes (0 events):
No events

Events (20 events):
Event: 3.943 Thread 0x00000256506d50a0 Thread added: 0x00000256737bf350
Event: 4.819 Thread 0x00000256506d50a0 Thread added: 0x0000025673a00360
Event: 4.909 Thread 0x00000256737bf350 Thread added: 0x0000025673c1e8b0
Event: 4.914 Thread 0x0000025673c1e8b0 Thread added: 0x00000256736881c0
Event: 4.982 Thread 0x0000025673c1e8b0 Thread added: 0x0000025673134ba0
Event: 5.087 Thread 0x0000025673c1e8b0 Thread added: 0x0000025673137420
Event: 5.099 Thread 0x0000025673137420 Thread added: 0x0000025673136f10
Event: 5.103 Thread 0x0000025673137420 Thread added: 0x0000025673134690
Event: 5.106 Thread 0x0000025673137420 Thread added: 0x00000256731364f0
Event: 5.840 Thread 0x0000025673137420 Thread added: 0x00000256731355c0
Event: 5.905 Thread 0x0000025673137420 Thread added: 0x00000256731350b0
Event: 6.002 Thread 0x0000025673137420 Thread added: 0x0000025673135ad0
Event: 7.214 Thread 0x0000025673137420 Thread added: 0x0000025673136a00
Event: 7.272 Thread 0x0000025673137420 Thread added: 0x00000256752c05a0
Event: 7.606 Thread 0x0000025673137420 Thread added: 0x00000256752bd300
Event: 7.618 Thread 0x0000025673137420 Thread added: 0x00000256752baa80
Event: 10.257 Thread 0x0000025673137420 Thread added: 0x00000256752bc8e0
Event: 10.330 Thread 0x0000025673137420 Thread added: 0x00000256752bbec0
Event: 10.693 Thread 0x0000025673137420 Thread added: 0x00000256752baf90
Event: 10.843 Thread 0x0000025673137420 Thread added: 0x00000256752bb4a0


Dynamic libraries:
0x00007ff7cf4a0000 - 0x00007ff7cf4ae000 	C:\Users\Dell\.jdks\ms-17.0.17\bin\java.exe
0x00007fff0ec10000 - 0x00007fff0ee08000 	C:\Windows\SYSTEM32\ntdll.dll
0x00007fff0eb00000 - 0x00007fff0ebc2000 	C:\Windows\System32\KERNEL32.DLL
0x00007fff0c5f0000 - 0x00007fff0c8e6000 	C:\Windows\System32\KERNELBASE.dll
0x00007fff0c2a0000 - 0x00007fff0c3a0000 	C:\Windows\System32\ucrtbase.dll
0x00007fff05520000 - 0x00007fff0553e000 	C:\Users\Dell\.jdks\ms-17.0.17\bin\VCRUNTIME140.dll
0x00007fff05360000 - 0x00007fff05378000 	C:\Users\Dell\.jdks\ms-17.0.17\bin\jli.dll
0x00007fff0e0d0000 - 0x00007fff0e271000 	C:\Windows\System32\USER32.dll
0x00007fff0cc00000 - 0x00007fff0cc22000 	C:\Windows\System32\win32u.dll
0x00007fff0ead0000 - 0x00007fff0eafb000 	C:\Windows\System32\GDI32.dll
0x00007ffef9640000 - 0x00007ffef98db000 	C:\Windows\WinSxS\amd64_microsoft.windows.common-controls_6595b64144ccf1df_6.0.19041.6456_none_60b8a6cb71f64256\COMCTL32.dll
0x00007fff0c3d0000 - 0x00007fff0c4e9000 	C:\Windows\System32\gdi32full.dll
0x00007fff0e020000 - 0x00007fff0e0be000 	C:\Windows\System32\msvcrt.dll
0x00007fff0c8f0000 - 0x00007fff0c98d000 	C:\Windows\System32\msvcp_win.dll
0x00007fff0d510000 - 0x00007fff0d53f000 	C:\Windows\System32\IMM32.DLL
0x00007fff07ca0000 - 0x00007fff07cac000 	C:\Users\Dell\.jdks\ms-17.0.17\bin\vcruntime140_1.dll
0x00007ffef5660000 - 0x00007ffef56e9000 	C:\Users\Dell\.jdks\ms-17.0.17\bin\msvcp140.dll
0x00007ffed93c0000 - 0x00007ffeda03a000 	C:\Users\Dell\.jdks\ms-17.0.17\bin\server\jvm.dll
0x00007fff0d770000 - 0x00007fff0d821000 	C:\Windows\System32\ADVAPI32.dll
0x00007fff0d830000 - 0x00007fff0d8cf000 	C:\Windows\System32\sechost.dll
0x00007fff0d8d0000 - 0x00007fff0d9f0000 	C:\Windows\System32\RPCRT4.dll
0x00007fff0c3a0000 - 0x00007fff0c3c7000 	C:\Windows\System32\bcrypt.dll
0x00007fff0da90000 - 0x00007fff0dafb000 	C:\Windows\System32\WS2_32.dll
0x00007fff0b7d0000 - 0x00007fff0b81b000 	C:\Windows\SYSTEM32\POWRPROF.dll
0x00007ffef95a0000 - 0x00007ffef95c7000 	C:\Windows\SYSTEM32\WINMM.dll
0x00007fff097c0000 - 0x00007fff097ca000 	C:\Windows\SYSTEM32\VERSION.dll
0x00007fff0b6a0000 - 0x00007fff0b6b2000 	C:\Windows\SYSTEM32\UMPDC.dll
0x00007fff0aab0000 - 0x00007fff0aac2000 	C:\Windows\SYSTEM32\kernel.appcore.dll
0x00007fff07590000 - 0x00007fff0759a000 	C:\Users\Dell\.jdks\ms-17.0.17\bin\jimage.dll
0x00007fff09fd0000 - 0x00007fff0a1d1000 	C:\Windows\SYSTEM32\DBGHELP.DLL
0x00007fff038f0000 - 0x00007fff03924000 	C:\Windows\SYSTEM32\dbgcore.DLL
0x00007fff0c990000 - 0x00007fff0ca12000 	C:\Windows\System32\bcryptPrimitives.dll
0x00007fff04f80000 - 0x00007fff04f8f000 	C:\Users\Dell\.jdks\ms-17.0.17\bin\instrument.dll
0x00007ffefb070000 - 0x00007ffefb096000 	C:\Users\Dell\.jdks\ms-17.0.17\bin\java.dll
0x00007ffedff60000 - 0x00007ffee0036000 	C:\Users\Dell\.jdks\ms-17.0.17\bin\jsvml.dll
0x00007fff0cda0000 - 0x00007fff0d510000 	C:\Windows\System32\SHELL32.dll
0x00007fff0a1e0000 - 0x00007fff0a985000 	C:\Windows\SYSTEM32\windows.storage.dll
0x00007fff0e770000 - 0x00007fff0eac4000 	C:\Windows\System32\combase.dll
0x00007fff0bcd0000 - 0x00007fff0bcfb000 	C:\Windows\SYSTEM32\Wldp.dll
0x00007fff0e6a0000 - 0x00007fff0e76d000 	C:\Windows\System32\OLEAUT32.dll
0x00007fff0db00000 - 0x00007fff0dbad000 	C:\Windows\System32\SHCORE.dll
0x00007fff0e360000 - 0x00007fff0e3bb000 	C:\Windows\System32\shlwapi.dll
0x00007fff0c1d0000 - 0x00007fff0c1f4000 	C:\Windows\SYSTEM32\profapi.dll
0x00007fff04f50000 - 0x00007fff04f68000 	C:\Users\Dell\.jdks\ms-17.0.17\bin\zip.dll
0x00007fff04c90000 - 0x00007fff04cab000 	C:\Users\Dell\.jdks\ms-17.0.17\bin\net.dll
0x00007fff00ff0000 - 0x00007fff010fa000 	C:\Windows\SYSTEM32\WINHTTP.dll
0x00007fff0ba30000 - 0x00007fff0ba9a000 	C:\Windows\system32\mswsock.dll
0x00007fff01d90000 - 0x00007fff01da6000 	C:\Users\Dell\.jdks\ms-17.0.17\bin\nio.dll
0x00007fff04f00000 - 0x00007fff04f10000 	C:\Users\Dell\.jdks\ms-17.0.17\bin\verify.dll
0x00007ffefa9b0000 - 0x00007ffefa9d7000 	C:\Users\Dell\.gradle\native\1def1411415f61bf3af743bc5b6707747c0891f09f0c88961ee8f79bc544acac\windows-amd64\native-platform.dll
0x00007ffef53f0000 - 0x00007ffef5468000 	C:\Users\Dell\.gradle\native\0.2.7\x86_64-windows-gnu\gradle-fileevents.dll
0x00007fff04ce0000 - 0x00007fff04cea000 	C:\Users\Dell\.jdks\ms-17.0.17\bin\management.dll
0x00007fff04c00000 - 0x00007fff04c0c000 	C:\Users\Dell\.jdks\ms-17.0.17\bin\management_ext.dll
0x00007fff0e0c0000 - 0x00007fff0e0c8000 	C:\Windows\System32\PSAPI.DLL
0x00007fff0b6c0000 - 0x00007fff0b6fb000 	C:\Windows\SYSTEM32\IPHLPAPI.DLL
0x00007fff0cc90000 - 0x00007fff0cc98000 	C:\Windows\System32\NSI.dll
0x00007fff02760000 - 0x00007fff02777000 	C:\Windows\SYSTEM32\dhcpcsvc6.DLL
0x00007fff02da0000 - 0x00007fff02dbd000 	C:\Windows\SYSTEM32\dhcpcsvc.DLL
0x00007fff0b700000 - 0x00007fff0b7ca000 	C:\Windows\SYSTEM32\DNSAPI.dll
0x00007fff04b60000 - 0x00007fff04b69000 	C:\Users\Dell\.jdks\ms-17.0.17\bin\extnet.dll
0x00007fff0bc20000 - 0x00007fff0bc38000 	C:\Windows\SYSTEM32\CRYPTSP.dll
0x00007fff0b2e0000 - 0x00007fff0b318000 	C:\Windows\system32\rsaenh.dll
0x00007fff0c190000 - 0x00007fff0c1be000 	C:\Windows\SYSTEM32\USERENV.dll
0x00007fff0bc40000 - 0x00007fff0bc4c000 	C:\Windows\SYSTEM32\CRYPTBASE.dll
0x00007fff04a00000 - 0x00007fff04a0e000 	C:\Users\Dell\.jdks\ms-17.0.17\bin\sunmscapi.dll
0x00007fff0ca20000 - 0x00007fff0cb7d000 	C:\Windows\System32\CRYPT32.dll
0x00007fff0bd40000 - 0x00007fff0bd67000 	C:\Windows\SYSTEM32\ncrypt.dll
0x00007fff0bd00000 - 0x00007fff0bd3b000 	C:\Windows\SYSTEM32\NTASN1.dll
0x00007fff04a90000 - 0x00007fff04a97000 	C:\Windows\system32\wshunix.dll

dbghelp: loaded successfully - version: 4.0.5 - missing functions: none
symbol engine: initialized successfully - sym options: 0x614 - pdb path: .;C:\Users\Dell\.jdks\ms-17.0.17\bin;C:\Windows\SYSTEM32;C:\Windows\WinSxS\amd64_microsoft.windows.common-controls_6595b64144ccf1df_6.0.19041.6456_none_60b8a6cb71f64256;C:\Users\Dell\.jdks\ms-17.0.17\bin\server;C:\Users\Dell\.gradle\native\1def1411415f61bf3af743bc5b6707747c0891f09f0c88961ee8f79bc544acac\windows-amd64;C:\Users\Dell\.gradle\native\0.2.7\x86_64-windows-gnu

VM Arguments:
jvm_args: --add-opens=java.base/java.lang=ALL-UNNAMED --add-opens=java.base/java.lang.invoke=ALL-UNNAMED --add-opens=java.base/java.util=ALL-UNNAMED --add-opens=java.prefs/java.util.prefs=ALL-UNNAMED --add-exports=jdk.compiler/com.sun.tools.javac.api=ALL-UNNAMED --add-exports=jdk.compiler/com.sun.tools.javac.util=ALL-UNNAMED --add-opens=java.base/java.util=ALL-UNNAMED --add-opens=java.prefs/java.util.prefs=ALL-UNNAMED --add-opens=java.base/java.nio.charset=ALL-UNNAMED --add-opens=java.base/java.net=ALL-UNNAMED --add-opens=java.base/java.util.concurrent.atomic=ALL-UNNAMED --add-opens=java.xml/javax.xml.namespace=ALL-UNNAMED -Xmx2048m -Dfile.encoding=UTF-8 -Duser.country=US -Duser.language=en -Duser.variant -javaagent:C:\Users\Dell\.gradle\wrapper\dists\gradle-8.13-bin\5xuhj0ry160q40clulazy9h7d\gradle-8.13\lib\agents\gradle-instrumentation-agent-8.13.jar 
java_command: org.gradle.launcher.daemon.bootstrap.GradleDaemon 8.13
java_class_path (initial): C:\Users\Dell\.gradle\wrapper\dists\gradle-8.13-bin\5xuhj0ry160q40clulazy9h7d\gradle-8.13\lib\gradle-daemon-main-8.13.jar
Launcher Type: SUN_STANDARD

[Global flags]
     intx CICompilerCount                          = 3                                         {product} {ergonomic}
     uint ConcGCThreads                            = 1                                         {product} {ergonomic}
     uint G1ConcRefinementThreads                  = 4                                         {product} {ergonomic}
   size_t G1HeapRegionSize                         = 1048576                                   {product} {ergonomic}
    uintx GCDrainStackTargetSize                   = 64                                        {product} {ergonomic}
   size_t InitialHeapSize                          = 67108864                                  {product} {ergonomic}
   size_t MarkStackSize                            = 4194304                                   {product} {ergonomic}
   size_t MaxHeapSize                              = 2147483648                                {product} {command line}
   size_t MaxNewSize                               = 1287651328                                {product} {ergonomic}
   size_t MinHeapDeltaBytes                        = 1048576                                   {product} {ergonomic}
   size_t MinHeapSize                              = 8388608                                   {product} {ergonomic}
    uintx NonNMethodCodeHeapSize                   = 5832780                                {pd product} {ergonomic}
    uintx NonProfiledCodeHeapSize                  = 122912730                              {pd product} {ergonomic}
    uintx ProfiledCodeHeapSize                     = 122912730                              {pd product} {ergonomic}
    uintx ReservedCodeCacheSize                    = 251658240                              {pd product} {ergonomic}
     bool SegmentedCodeCache                       = true                                      {product} {ergonomic}
   size_t SoftMaxHeapSize                          = 2147483648                             {manageable} {ergonomic}
     bool UseCompressedClassPointers               = true                           {product lp64_product} {ergonomic}
     bool UseCompressedOops                        = true                           {product lp64_product} {ergonomic}
     bool UseG1GC                                  = true                                      {product} {ergonomic}
     bool UseLargePagesIndividualAllocation        = false                                  {pd product} {ergonomic}

Logging:
Log output configuration:
 #0: stdout all=warning uptime,level,tags
 #1: stderr all=off uptime,level,tags

Environment Variables:
PATH=C:\Program Files\Common Files\Oracle\Java\javapath;E:\oracle\product\10.2.0\db_1\bin;C:\Windows\system32;C:\Windows;C:\Windows\System32\Wbem;C:\Windows\System32\WindowsPowerShell\v1.0\;C:\Windows\System32\OpenSSH\;C:\Program Files (x86)\Intel\Intel(R) Management Engine Components\DAL;C:\Program Files\Intel\Intel(R) Management Engine Components\DAL;C:\Program Files\Microsoft SQL Server\150\Tools\Binn\;C:\Program Files\Microsoft SQL Server\Client SDK\ODBC\170\Tools\Binn\;C:\Program Files\dotnet\;C:\Program Files (x86)\Microsoft SQL Server\160\Tools\Binn\;C:\Program Files\Microsoft SQL Server\160\Tools\Binn\;C:\Program Files\Microsoft SQL Server\160\DTS\Binn\;C:\Users\Dell\AppData\Local\Microsoft\WindowsApps;C:\Users\Dell\.dotnet\tools;C:\Users\Dell\AppData\Local\GitHubDesktop\bin
USERNAME=Dell
OS=Windows_NT
PROCESSOR_IDENTIFIER=Intel64 Family 6 Model 142 Stepping 9, GenuineIntel
TMP=C:\Users\Dell\AppData\Local\Temp
TEMP=C:\Users\Dell\AppData\Local\Temp



Periodic native trim disabled


---------------  S Y S T E M  ---------------

OS:
 Windows 10 , 64 bit Build 19041 (10.0.19041.5915)
OS uptime: 0 days 10:11 hours

CPU: total 4 (initial active 4) (2 cores per cpu, 2 threads per core) family 6 model 142 stepping 9 microcode 0xea, cx8, cmov, fxsr, ht, mmx, 3dnowpref, sse, sse2, sse3, ssse3, sse4.1, sse4.2, popcnt, lzcnt, tsc, tscinvbit, avx, avx2, aes, erms, clmul, bmi1, bmi2, adx, fma, vzeroupper, clflush, clflushopt
Processor Information for the first 4 processors :
  Max Mhz: 2701, Current Mhz: 2701, Mhz Limit: 2701

Memory: 4k page, system-wide physical 3994M (276M free)
TotalPageFile size 16282M (AvailPageFile size 6M)
current process WorkingSet (physical memory assigned to process): 266M, peak: 266M
current process commit charge ("private bytes"): 298M, peak: 299M

vm_info: OpenJDK 64-Bit Server VM (17.0.17+10-LTS) for windows-amd64 JRE (17.0.17+10-LTS), built on Oct 13 2025 22:19:56 by "MicrosoftCorporation" with unknown MS VC++:1944

END.
