#
# There is insufficient memory for the Java Runtime Environment to continue.
# Native memory allocation (mmap) failed to map 13631488 bytes. Error detail: G1 virtual space
# Possible reasons:
#   The system is out of physical RAM or swap space
#   This process is running with CompressedOops enabled, and the Java Heap may be blocking the growth of the native heap
# Possible solutions:
#   Reduce memory load on the system
#   Increase physical memory or swap space
#   Check if swap backing store is full
#   Decrease Java heap size (-Xmx/-Xms)
#   Decrease number of Java threads
#   Decrease Java thread stack sizes (-Xss)
#   Set larger code cache with -XX:ReservedCodeCacheSize=
#   JVM is running with Unscaled Compressed Oops mode in which the Java heap is
#     placed in the first 4GB address space. The Java Heap base address is the
#     maximum limit for the native heap growth. Please use -XX:HeapBaseMinAddress
#     to set the Java Heap base and to place the Java Heap above 4GB virtual address.
# This output file may be truncated or incomplete.
#
#  Out of Memory Error (os_windows.cpp:3690), pid=12892, tid=6540
#
# JRE version: OpenJDK Runtime Environment Microsoft-12574423 (17.0.17+10) (build 17.0.17+10-LTS)
# Java VM: OpenJDK 64-Bit Server VM Microsoft-12574423 (17.0.17+10-LTS, mixed mode, sharing, tiered, compressed oops, compressed class ptrs, g1 gc, windows-amd64)
# No core dump will be written. Minidumps are not enabled by default on client versions of Windows
#

---------------  S U M M A R Y ------------

Command Line: --add-opens=java.base/java.lang=ALL-UNNAMED --add-opens=java.base/java.lang.invoke=ALL-UNNAMED --add-opens=java.base/java.util=ALL-UNNAMED --add-opens=java.prefs/java.util.prefs=ALL-UNNAMED --add-exports=jdk.compiler/com.sun.tools.javac.api=ALL-UNNAMED --add-exports=jdk.compiler/com.sun.tools.javac.util=ALL-UNNAMED --add-opens=java.base/java.util=ALL-UNNAMED --add-opens=java.prefs/java.util.prefs=ALL-UNNAMED --add-opens=java.base/java.nio.charset=ALL-UNNAMED --add-opens=java.base/java.net=ALL-UNNAMED --add-opens=java.base/java.util.concurrent.atomic=ALL-UNNAMED --add-opens=java.xml/javax.xml.namespace=ALL-UNNAMED -Xmx2048m -Dfile.encoding=UTF-8 -Duser.country=US -Duser.language=en -Duser.variant -javaagent:C:\Users\Dell\.gradle\wrapper\dists\gradle-8.13-bin\5xuhj0ry160q40clulazy9h7d\gradle-8.13\lib\agents\gradle-instrumentation-agent-8.13.jar org.gradle.launcher.daemon.bootstrap.GradleDaemon 8.13

Host: Intel(R) Core(TM) i5-7200U CPU @ 2.50GHz, 4 cores, 3G,  Windows 10 , 64 bit Build 19041 (10.0.19041.5915)
Time: Tue Nov 18 23:00:28 2025 Pacific Standard Time elapsed time: 8.770151 seconds (0d 0h 0m 8s)

---------------  T H R E A D  ---------------

Current thread (0x000001e0fe6e42f0):  VMThread "VM Thread" [stack: 0x000000bf9ee00000,0x000000bf9ef00000] [id=6540]

Stack: [0x000000bf9ee00000,0x000000bf9ef00000]
Native frames: (J=compiled Java code, j=interpreted, Vv=VM code, C=native code)
V  [jvm.dll+0x68c459]  (no source info available)
V  [jvm.dll+0x845e09]  (no source info available)
V  [jvm.dll+0x847b78]  (no source info available)
V  [jvm.dll+0x848203]  (no source info available)
V  [jvm.dll+0x24cf6f]  (no source info available)
V  [jvm.dll+0x68b859]  (no source info available)
V  [jvm.dll+0x67fe1a]  (no source info available)
V  [jvm.dll+0x3100f0]  (no source info available)
V  [jvm.dll+0x30ff92]  (no source info available)
V  [jvm.dll+0x3174e9]  (no source info available)
V  [jvm.dll+0x3697c9]  (no source info available)
V  [jvm.dll+0x3699fd]  (no source info available)
V  [jvm.dll+0x2e68fa]  (no source info available)
V  [jvm.dll+0x2e4cf1]  (no source info available)
V  [jvm.dll+0x2e448c]  (no source info available)
V  [jvm.dll+0x328e1b]  (no source info available)
V  [jvm.dll+0x84ca8d]  (no source info available)
V  [jvm.dll+0x84d7a3]  (no source info available)
V  [jvm.dll+0x84dcd4]  (no source info available)
V  [jvm.dll+0x84e0b8]  (no source info available)
V  [jvm.dll+0x84e1ae]  (no source info available)
V  [jvm.dll+0x7f5a5c]  (no source info available)
V  [jvm.dll+0x68d9f7]  (no source info available)
C  [ucrtbase.dll+0x21bb2]  (no source info available)
C  [KERNEL32.DLL+0x17374]  (no source info available)
C  [ntdll.dll+0x4cc91]  (no source info available)

VM_Operation (0x000000bfa04f8230): G1CollectForAllocation, mode: safepoint, requested by thread 0x000001e0e22ad200


---------------  P R O C E S S  ---------------

Threads class SMR info:
_java_thread_list=0x000001e0e606ddb0, length=30, elements={
0x000001e0fd5b1ba0, 0x000001e0fe6e9750, 0x000001e0fe6ea220, 0x000001e0fe6fc810,
0x000001e0fe6fd0e0, 0x000001e0fe6fd9b0, 0x000001e0fe700290, 0x000001e0fe700f40,
0x000001e0fe701900, 0x000001e0fe702210, 0x000001e09cb40860, 0x000001e09cc33b80,
0x000001e0e2c60a40, 0x000001e0e33426b0, 0x000001e0e3887840, 0x000001e0e2a32620,
0x000001e09cd309e0, 0x000001e0e22af060, 0x000001e0e22ad200, 0x000001e0e22adc20,
0x000001e0e22b04a0, 0x000001e0e22af570, 0x000001e0e22afa80, 0x000001e0e22ae130,
0x000001e0e22ae640, 0x000001e0e22ad710, 0x000001e0e22aeb50, 0x000001e0e22accf0,
0x000001e0e4296570, 0x000001e0e64002e0
}

Java Threads: ( => current thread )
  0x000001e0fd5b1ba0 JavaThread "main" [_thread_blocked, id=10200, stack(0x000000bf9e800000,0x000000bf9e900000)]
  0x000001e0fe6e9750 JavaThread "Reference Handler" daemon [_thread_blocked, id=11284, stack(0x000000bf9ef00000,0x000000bf9f000000)]
  0x000001e0fe6ea220 JavaThread "Finalizer" daemon [_thread_blocked, id=9620, stack(0x000000bf9f000000,0x000000bf9f100000)]
  0x000001e0fe6fc810 JavaThread "Signal Dispatcher" daemon [_thread_blocked, id=10020, stack(0x000000bf9f100000,0x000000bf9f200000)]
  0x000001e0fe6fd0e0 JavaThread "Attach Listener" daemon [_thread_blocked, id=12184, stack(0x000000bf9f200000,0x000000bf9f300000)]
  0x000001e0fe6fd9b0 JavaThread "Service Thread" daemon [_thread_blocked, id=3960, stack(0x000000bf9f300000,0x000000bf9f400000)]
  0x000001e0fe700290 JavaThread "Monitor Deflation Thread" daemon [_thread_blocked, id=11572, stack(0x000000bf9f400000,0x000000bf9f500000)]
  0x000001e0fe700f40 JavaThread "C2 CompilerThread0" daemon [_thread_in_native, id=3032, stack(0x000000bf9f500000,0x000000bf9f600000)]
  0x000001e0fe701900 JavaThread "C1 CompilerThread0" daemon [_thread_blocked, id=8532, stack(0x000000bf9f600000,0x000000bf9f700000)]
  0x000001e0fe702210 JavaThread "Sweeper thread" daemon [_thread_blocked, id=4520, stack(0x000000bf9f700000,0x000000bf9f800000)]
  0x000001e09cb40860 JavaThread "Common-Cleaner" daemon [_thread_blocked, id=7088, stack(0x000000bf9f800000,0x000000bf9f900000)]
  0x000001e09cc33b80 JavaThread "Notification Thread" daemon [_thread_blocked, id=12596, stack(0x000000bf9f900000,0x000000bf9fa00000)]
  0x000001e0e2c60a40 JavaThread "Daemon health stats" [_thread_blocked, id=4084, stack(0x000000bf9ff00000,0x000000bfa0000000)]
  0x000001e0e33426b0 JavaThread "Incoming local TCP Connector on port 49672" [_thread_in_native, id=2500, stack(0x000000bfa0000000,0x000000bfa0100000)]
  0x000001e0e3887840 JavaThread "Daemon periodic checks" [_thread_blocked, id=6916, stack(0x000000bf9fb00000,0x000000bf9fc00000)]
  0x000001e0e2a32620 JavaThread "Daemon" [_thread_blocked, id=3160, stack(0x000000bfa0100000,0x000000bfa0200000)]
  0x000001e09cd309e0 JavaThread "Handler for socket connection from /127.0.0.1:49672 to /127.0.0.1:49673" [_thread_in_native, id=12756, stack(0x000000bfa0200000,0x000000bfa0300000)]
  0x000001e0e22af060 JavaThread "Cancel handler" [_thread_blocked, id=7016, stack(0x000000bfa0300000,0x000000bfa0400000)]
  0x000001e0e22ad200 JavaThread "Daemon worker" [_thread_blocked, id=11824, stack(0x000000bfa0400000,0x000000bfa0500000)]
  0x000001e0e22adc20 JavaThread "Asynchronous log dispatcher for DefaultDaemonConnection: socket connection from /127.0.0.1:49672 to /127.0.0.1:49673" [_thread_blocked, id=12628, stack(0x000000bfa0500000,0x000000bfa0600000)]
  0x000001e0e22b04a0 JavaThread "Stdin handler" [_thread_blocked, id=1564, stack(0x000000bfa0600000,0x000000bfa0700000)]
  0x000001e0e22af570 JavaThread "Daemon client event forwarder" [_thread_blocked, id=7360, stack(0x000000bfa0700000,0x000000bfa0800000)]
  0x000001e0e22afa80 JavaThread "Cache worker for journal cache (C:\Users\Dell\.gradle\caches\journal-1)" [_thread_blocked, id=7432, stack(0x000000bfa0800000,0x000000bfa0900000)]
  0x000001e0e22ae130 JavaThread "File lock request listener" [_thread_in_native, id=3028, stack(0x000000bfa0900000,0x000000bfa0a00000)]
  0x000001e0e22ae640 JavaThread "Cache worker for file hash cache (C:\Users\Dell\.gradle\caches\8.13\fileHashes)" [_thread_blocked, id=4256, stack(0x000000bfa0a00000,0x000000bfa0b00000)]
  0x000001e0e22ad710 JavaThread "Cache worker for file hash cache (C:\Intel\kinderkingdoom77\KinderKingdom\.gradle\8.13\fileHashes)" [_thread_blocked, id=9304, stack(0x000000bfa0c00000,0x000000bfa0d00000)]
  0x000001e0e22aeb50 JavaThread "Cache worker for Build Output Cleanup Cache (C:\Intel\kinderkingdoom77\KinderKingdom\.gradle\buildOutputCleanup)" [_thread_blocked, id=3964, stack(0x000000bfa0d00000,0x000000bfa0e00000)]
  0x000001e0e22accf0 JavaThread "File watcher server" daemon [_thread_in_native, id=5816, stack(0x000000bfa0e00000,0x000000bfa0f00000)]
  0x000001e0e4296570 JavaThread "File watcher consumer" daemon [_thread_blocked, id=7100, stack(0x000000bfa0f00000,0x000000bfa1000000)]
  0x000001e0e64002e0 JavaThread "C2 CompilerThread1" daemon [_thread_in_native, id=3000, stack(0x000000bfa0b00000,0x000000bfa0c00000)]

Other Threads:
=>0x000001e0fe6e42f0 VMThread "VM Thread" [stack: 0x000000bf9ee00000,0x000000bf9ef00000] [id=6540]
  0x000001e0fd5b27b0 WatcherThread [stack: 0x000000bf9fa00000,0x000000bf9fb00000] [id=6324]
  0x000001e0fd60db40 GCTaskThread "GC Thread#0" [stack: 0x000000bf9e900000,0x000000bf9ea00000] [id=5004]
  0x000001e09ccf9070 GCTaskThread "GC Thread#1" [stack: 0x000000bf9fc00000,0x000000bf9fd00000] [id=5844]
  0x000001e09ce9dfb0 GCTaskThread "GC Thread#2" [stack: 0x000000bf9fd00000,0x000000bf9fe00000] [id=5504]
  0x000001e0e2d655f0 GCTaskThread "GC Thread#3" [stack: 0x000000bf9fe00000,0x000000bf9ff00000] [id=4788]
  0x000001e0fd61e850 ConcurrentGCThread "G1 Main Marker" [stack: 0x000000bf9ea00000,0x000000bf9eb00000] [id=11564]
  0x000001e0fd61f7c0 ConcurrentGCThread "G1 Conc#0" [stack: 0x000000bf9eb00000,0x000000bf9ec00000] [id=8568]
  0x000001e0fd66a3d0 ConcurrentGCThread "G1 Refine#0" [stack: 0x000000bf9ec00000,0x000000bf9ed00000] [id=11816]
  0x000001e0fd66abc0 ConcurrentGCThread "G1 Service" [stack: 0x000000bf9ed00000,0x000000bf9ee00000] [id=10724]

Threads with active compile tasks:
C2 CompilerThread0  8825 3765   !   4       java.net.URLClassLoader::findClass (47 bytes)
C2 CompilerThread1  8825 3766   !   4       java.net.URLClassLoader$1::run (81 bytes)

VM state: at safepoint (normal execution)

VM Mutex/Monitor currently owned by a thread:  ([mutex/lock_event])
[0x000001e0fd5ad230] Threads_lock - owner thread: 0x000001e0fe6e42f0
[0x000001e0fd5ac9c0] Heap_lock - owner thread: 0x000001e0e22ad200

Heap address: 0x0000000080000000, size: 2048 MB, Compressed Oops mode: 32-bit

CDS archive(s) mapped at: [0x000001e09d000000-0x000001e09dbb0000-0x000001e09dbb0000), size 12255232, SharedBaseAddress: 0x000001e09d000000, ArchiveRelocationMode: 1.
Compressed class space mapped at: 0x000001e09e000000-0x000001e0de000000, reserved size: 1073741824
Narrow klass base: 0x000001e09d000000, Narrow klass shift: 0, Narrow klass range: 0x100000000

GC Precious Log:
 CPUs: 4 total, 4 available
 Memory: 3994M
 Large Page Support: Disabled
 NUMA Support: Disabled
 Compressed Oops: Enabled (32-bit)
 Heap Region Size: 1M
 Heap Min Capacity: 8M
 Heap Initial Capacity: 64M
 Heap Max Capacity: 2G
 Pre-touch: Disabled
 Parallel Workers: 4
 Concurrent Workers: 1
 Concurrent Refinement Workers: 4
 Periodic GC: Disabled

Heap:
 garbage-first heap   total 65536K, used 31005K [0x0000000080000000, 0x0000000100000000)
  region size 1024K, 1 young (1024K), 1 survivors (1024K)
 Metaspace       used 31985K, committed 32448K, reserved 1114112K
  class space    used 4388K, committed 4608K, reserved 1048576K

Heap Regions: E=young(eden), S=young(survivor), O=old, HS=humongous(starts), HC=humongous(continues), CS=collection set, F=free, OA=open archive, CA=closed archive, TAMS=top-at-mark-start (previous, next)
|   0|0x0000000080000000, 0x0000000080100000, 0x0000000080100000|100%|HS|  |TAMS 0x0000000080100000, 0x0000000080100000| Complete 
|   1|0x0000000080100000, 0x0000000080200000, 0x0000000080200000|100%|HC|  |TAMS 0x0000000080200000, 0x0000000080200000| Complete 
|   2|0x0000000080200000, 0x0000000080300000, 0x0000000080300000|100%|HC|  |TAMS 0x0000000080300000, 0x0000000080300000| Complete 
|   3|0x0000000080300000, 0x0000000080400000, 0x0000000080400000|100%| O|  |TAMS 0x0000000080400000, 0x0000000080400000| Untracked 
|   4|0x0000000080400000, 0x0000000080500000, 0x0000000080500000|100%| O|  |TAMS 0x0000000080500000, 0x0000000080500000| Untracked 
|   5|0x0000000080500000, 0x0000000080600000, 0x0000000080600000|100%| O|  |TAMS 0x0000000080600000, 0x0000000080600000| Untracked 
|   6|0x0000000080600000, 0x0000000080700000, 0x0000000080700000|100%| O|  |TAMS 0x0000000080700000, 0x0000000080700000| Untracked 
|   7|0x0000000080700000, 0x0000000080800000, 0x0000000080800000|100%| O|  |TAMS 0x0000000080800000, 0x0000000080800000| Untracked 
|   8|0x0000000080800000, 0x0000000080900000, 0x0000000080900000|100%|HS|  |TAMS 0x0000000080900000, 0x0000000080900000| Complete 
|   9|0x0000000080900000, 0x0000000080a00000, 0x0000000080a00000|100%| O|  |TAMS 0x0000000080a00000, 0x0000000080a00000| Untracked 
|  10|0x0000000080a00000, 0x0000000080b00000, 0x0000000080b00000|100%| O|  |TAMS 0x0000000080b00000, 0x0000000080b00000| Untracked 
|  11|0x0000000080b00000, 0x0000000080c00000, 0x0000000080c00000|100%| O|  |TAMS 0x0000000080c00000, 0x0000000080c00000| Untracked 
|  12|0x0000000080c00000, 0x0000000080d00000, 0x0000000080d00000|100%| O|  |TAMS 0x0000000080d00000, 0x0000000080d00000| Untracked 
|  13|0x0000000080d00000, 0x0000000080e00000, 0x0000000080e00000|100%| O|  |TAMS 0x0000000080e00000, 0x0000000080e00000| Untracked 
|  14|0x0000000080e00000, 0x0000000080f00000, 0x0000000080f00000|100%| O|  |TAMS 0x0000000080f00000, 0x0000000080f00000| Untracked 
|  15|0x0000000080f00000, 0x0000000081000000, 0x0000000081000000|100%| O|  |TAMS 0x0000000081000000, 0x0000000081000000| Untracked 
|  16|0x0000000081000000, 0x0000000081100000, 0x0000000081100000|100%| O|  |TAMS 0x0000000081100000, 0x0000000081100000| Untracked 
|  17|0x0000000081100000, 0x0000000081200000, 0x0000000081200000|100%| O|  |TAMS 0x0000000081200000, 0x0000000081200000| Untracked 
|  18|0x0000000081200000, 0x0000000081300000, 0x0000000081300000|100%| O|  |TAMS 0x0000000081300000, 0x0000000081300000| Untracked 
|  19|0x0000000081300000, 0x0000000081400000, 0x0000000081400000|100%| O|  |TAMS 0x0000000081300000, 0x0000000081400000| Untracked 
|  20|0x0000000081400000, 0x0000000081500000, 0x0000000081500000|100%| O|  |TAMS 0x0000000081400000, 0x0000000081500000| Untracked 
|  21|0x0000000081500000, 0x0000000081600000, 0x0000000081600000|100%| O|  |TAMS 0x0000000081500000, 0x0000000081600000| Untracked 
|  22|0x0000000081600000, 0x0000000081700000, 0x0000000081700000|100%| O|  |TAMS 0x0000000081600000, 0x0000000081700000| Untracked 
|  23|0x0000000081700000, 0x0000000081800000, 0x0000000081800000|100%| O|  |TAMS 0x0000000081700000, 0x0000000081800000| Untracked 
|  24|0x0000000081800000, 0x0000000081800000, 0x0000000081900000|  0%| F|  |TAMS 0x0000000081800000, 0x0000000081800000| Untracked 
|  25|0x0000000081900000, 0x0000000081a00000, 0x0000000081a00000|100%| O|  |TAMS 0x0000000081900000, 0x0000000081900000| Untracked 
|  26|0x0000000081a00000, 0x0000000081b00000, 0x0000000081b00000|100%| O|  |TAMS 0x0000000081a00000, 0x0000000081b00000| Untracked 
|  27|0x0000000081b00000, 0x0000000081c00000, 0x0000000081c00000|100%| O|  |TAMS 0x0000000081b00000, 0x0000000081c00000| Untracked 
|  28|0x0000000081c00000, 0x0000000081d00000, 0x0000000081d00000|100%| O|  |TAMS 0x0000000081c00000, 0x0000000081d00000| Untracked 
|  29|0x0000000081d00000, 0x0000000081e00000, 0x0000000081e00000|100%| O|  |TAMS 0x0000000081d00000, 0x0000000081dafa00| Untracked 
|  30|0x0000000081e00000, 0x0000000081ecd200, 0x0000000081f00000| 80%| O|  |TAMS 0x0000000081e00000, 0x0000000081e00000| Untracked 
|  31|0x0000000081f00000, 0x0000000081f00000, 0x0000000082000000|  0%| F|  |TAMS 0x0000000081f00000, 0x0000000081f00000| Untracked 
|  32|0x0000000082000000, 0x0000000082000000, 0x0000000082100000|  0%| F|  |TAMS 0x0000000082000000, 0x0000000082000000| Untracked 
|  33|0x0000000082100000, 0x0000000082100000, 0x0000000082200000|  0%| F|  |TAMS 0x0000000082100000, 0x0000000082100000| Untracked 
|  34|0x0000000082200000, 0x0000000082200000, 0x0000000082300000|  0%| F|  |TAMS 0x0000000082200000, 0x0000000082200000| Untracked 
|  35|0x0000000082300000, 0x0000000082300000, 0x0000000082400000|  0%| F|  |TAMS 0x0000000082300000, 0x0000000082300000| Untracked 
|  36|0x0000000082400000, 0x0000000082400000, 0x0000000082500000|  0%| F|  |TAMS 0x0000000082400000, 0x0000000082400000| Untracked 
|  37|0x0000000082500000, 0x0000000082500000, 0x0000000082600000|  0%| F|  |TAMS 0x0000000082500000, 0x0000000082500000| Untracked 
|  38|0x0000000082600000, 0x0000000082600000, 0x0000000082700000|  0%| F|  |TAMS 0x0000000082600000, 0x0000000082600000| Untracked 
|  39|0x0000000082700000, 0x0000000082700000, 0x0000000082800000|  0%| F|  |TAMS 0x0000000082700000, 0x0000000082700000| Untracked 
|  40|0x0000000082800000, 0x0000000082800000, 0x0000000082900000|  0%| F|  |TAMS 0x0000000082800000, 0x0000000082800000| Untracked 
|  41|0x0000000082900000, 0x0000000082900000, 0x0000000082a00000|  0%| F|  |TAMS 0x0000000082900000, 0x0000000082900000| Untracked 
|  42|0x0000000082a00000, 0x0000000082a00000, 0x0000000082b00000|  0%| F|  |TAMS 0x0000000082a00000, 0x0000000082a00000| Untracked 
|  43|0x0000000082b00000, 0x0000000082b00000, 0x0000000082c00000|  0%| F|  |TAMS 0x0000000082b00000, 0x0000000082b00000| Untracked 
|  44|0x0000000082c00000, 0x0000000082c7a520, 0x0000000082d00000| 47%| S|CS|TAMS 0x0000000082c00000, 0x0000000082c00000| Complete 
|  45|0x0000000082d00000, 0x0000000082d00000, 0x0000000082e00000|  0%| F|  |TAMS 0x0000000082d00000, 0x0000000082d00000| Untracked 
|  46|0x0000000082e00000, 0x0000000082e00000, 0x0000000082f00000|  0%| F|  |TAMS 0x0000000082e00000, 0x0000000082e00000| Untracked 
|  47|0x0000000082f00000, 0x0000000082f00000, 0x0000000083000000|  0%| F|  |TAMS 0x0000000082f00000, 0x0000000082f00000| Untracked 
|  48|0x0000000083000000, 0x0000000083000000, 0x0000000083100000|  0%| F|  |TAMS 0x0000000083000000, 0x0000000083000000| Untracked 
|  49|0x0000000083100000, 0x0000000083100000, 0x0000000083200000|  0%| F|  |TAMS 0x0000000083100000, 0x0000000083100000| Untracked 
|  50|0x0000000083200000, 0x0000000083200000, 0x0000000083300000|  0%| F|  |TAMS 0x0000000083200000, 0x0000000083200000| Untracked 
|  51|0x0000000083300000, 0x0000000083300000, 0x0000000083400000|  0%| F|  |TAMS 0x0000000083300000, 0x0000000083300000| Untracked 
|  52|0x0000000083400000, 0x0000000083400000, 0x0000000083500000|  0%| F|  |TAMS 0x0000000083400000, 0x0000000083400000| Untracked 
|  53|0x0000000083500000, 0x0000000083500000, 0x0000000083600000|  0%| F|  |TAMS 0x0000000083500000, 0x0000000083500000| Untracked 
|  54|0x0000000083600000, 0x0000000083600000, 0x0000000083700000|  0%| F|  |TAMS 0x0000000083600000, 0x0000000083600000| Untracked 
|  55|0x0000000083700000, 0x0000000083700000, 0x0000000083800000|  0%| F|  |TAMS 0x0000000083700000, 0x0000000083700000| Untracked 
|  56|0x0000000083800000, 0x0000000083800000, 0x0000000083900000|  0%| F|  |TAMS 0x0000000083800000, 0x0000000083800000| Untracked 
|  57|0x0000000083900000, 0x0000000083900000, 0x0000000083a00000|  0%| F|  |TAMS 0x0000000083900000, 0x0000000083900000| Untracked 
|  58|0x0000000083a00000, 0x0000000083a00000, 0x0000000083b00000|  0%| F|  |TAMS 0x0000000083a00000, 0x0000000083a00000| Untracked 
|  59|0x0000000083b00000, 0x0000000083b00000, 0x0000000083c00000|  0%| F|  |TAMS 0x0000000083b00000, 0x0000000083b00000| Untracked 
|  60|0x0000000083c00000, 0x0000000083c00000, 0x0000000083d00000|  0%| F|  |TAMS 0x0000000083c00000, 0x0000000083c00000| Untracked 
|  61|0x0000000083d00000, 0x0000000083d00000, 0x0000000083e00000|  0%| F|  |TAMS 0x0000000083d00000, 0x0000000083d00000| Untracked 
|  62|0x0000000083e00000, 0x0000000083e00000, 0x0000000083f00000|  0%| F|  |TAMS 0x0000000083e00000, 0x0000000083e00000| Untracked 
|  63|0x0000000083f00000, 0x0000000083f00000, 0x0000000084000000|  0%| F|  |TAMS 0x0000000083f00000, 0x0000000083f00000| Untracked 

Card table byte_map: [0x000001e0fda70000,0x000001e0fde70000] _byte_map_base: 0x000001e0fd670000

Marking Bits (Prev, Next): (CMBitMap*) 0x000001e0fd60df60, (CMBitMap*) 0x000001e0fd60df20
 Prev Bits: [0x000001e098ac0000, 0x000001e09aac0000)
 Next Bits: [0x000001e096ac0000, 0x000001e098ac0000)

Polling page: 0x000001e0fb410000

Metaspace:

Usage:
  Non-class:     26.95 MB used.
      Class:      4.29 MB used.
       Both:     31.24 MB used.

Virtual space:
  Non-class space:       64.00 MB reserved,      27.19 MB ( 42%) committed,  1 nodes.
      Class space:        1.00 GB reserved,       4.50 MB ( <1%) committed,  1 nodes.
             Both:        1.06 GB reserved,      31.69 MB (  3%) committed. 

Chunk freelists:
   Non-Class:  4.04 MB
       Class:  11.37 MB
        Both:  15.41 MB

MaxMetaspaceSize: unlimited
CompressedClassSpaceSize: 1.00 GB
Initial GC threshold: 21.00 MB
Current GC threshold: 35.25 MB
CDS: on
MetaspaceReclaimPolicy: balanced
 - commit_granule_bytes: 65536.
 - commit_granule_words: 8192.
 - virtual_space_node_default_size: 8388608.
 - enlarge_chunks_in_place: 1.
 - new_chunks_are_fully_committed: 0.
 - uncommit_free_chunks: 1.
 - use_allocation_guard: 0.
 - handle_deallocations: 1.


Internal statistics:

num_allocs_failed_limit: 3.
num_arena_births: 466.
num_arena_deaths: 0.
num_vsnodes_births: 2.
num_vsnodes_deaths: 0.
num_space_committed: 507.
num_space_uncommitted: 0.
num_chunks_returned_to_freelist: 3.
num_chunks_taken_from_freelist: 1645.
num_chunk_merges: 3.
num_chunk_splits: 1090.
num_chunks_enlarged: 759.
num_inconsistent_stats: 0.

CodeHeap 'non-profiled nmethods': size=120000Kb used=2105Kb max_used=2105Kb free=117894Kb
 bounds [0x000001e08f590000, 0x000001e08f800000, 0x000001e096ac0000]
CodeHeap 'profiled nmethods': size=120000Kb used=7789Kb max_used=7789Kb free=112210Kb
 bounds [0x000001e087ac0000, 0x000001e088260000, 0x000001e08eff0000]
CodeHeap 'non-nmethods': size=5760Kb used=1604Kb max_used=1639Kb free=4155Kb
 bounds [0x000001e08eff0000, 0x000001e08f260000, 0x000001e08f590000]
 total_blobs=4514 nmethods=3842 adapters=584
 compilation: enabled
              stopped_count=0, restarted_count=0
 full_count=0

Compilation events (20 events):
Event: 8.691 Thread 0x000001e0fe701900 3840       1       org.gradle.internal.instantiation.generator.AbstractClassGenerator$PropertyMetadata::access$600 (5 bytes)
Event: 8.691 Thread 0x000001e0fe701900 nmethod 3840 0x000001e08f79e010 code [0x000001e08f79e1a0, 0x000001e08f79e258]
Event: 8.691 Thread 0x000001e0fe701900 3839       1       java.lang.reflect.Constructor::getSharedParameterTypes (5 bytes)
Event: 8.692 Thread 0x000001e0fe701900 nmethod 3839 0x000001e08f79e310 code [0x000001e08f79e4a0, 0x000001e08f79e578]
Event: 8.693 Thread 0x000001e0fe701900 3847       3       java.util.concurrent.ConcurrentLinkedQueue::poll (84 bytes)
Event: 8.697 Thread 0x000001e0fe701900 nmethod 3847 0x000001e088251810 code [0x000001e088251ee0, 0x000001e088255b68]
Event: 8.697 Thread 0x000001e0fe701900 3848       3       java.io.File::getName (42 bytes)
Event: 8.698 Thread 0x000001e0fe701900 nmethod 3848 0x000001e088256c10 code [0x000001e088256e60, 0x000001e088257678]
Event: 8.699 Thread 0x000001e0fe701900 3849       3       java.util.zip.ZipFile$Source$Key::equals (93 bytes)
Event: 8.700 Thread 0x000001e0fe701900 nmethod 3849 0x000001e088257a10 code [0x000001e088257cc0, 0x000001e088258be8]
Event: 8.731 Thread 0x000001e0fe701900 3852       3       java.util.concurrent.locks.AbstractQueuedSynchronizer$Node::clearStatus (12 bytes)
Event: 8.731 Thread 0x000001e0fe701900 nmethod 3852 0x000001e088258f90 code [0x000001e088259140, 0x000001e088259308]
Event: 8.731 Thread 0x000001e0fe701900 3854       3       java.util.concurrent.locks.AbstractQueuedSynchronizer$ConditionObject::awaitNanos (200 bytes)
Event: 8.733 Thread 0x000001e0fe701900 nmethod 3854 0x000001e088259390 code [0x000001e088259660, 0x000001e08825a418]
Event: 8.733 Thread 0x000001e0fe701900 3853       3       jdk.internal.misc.Unsafe::putIntOpaque (9 bytes)
Event: 8.733 Thread 0x000001e0fe701900 nmethod 3853 0x000001e08825a990 code [0x000001e08825ab20, 0x000001e08825ac38]
Event: 8.735 Thread 0x000001e0fe701900 3855       2       java.io.File::equals (28 bytes)
Event: 8.736 Thread 0x000001e0fe701900 nmethod 3855 0x000001e08825ad10 code [0x000001e08825aec0, 0x000001e08825b0e8]
Event: 8.743 Thread 0x000001e0fe701900 3856       2       java.lang.String$CaseInsensitiveComparator::compare (68 bytes)
Event: 8.744 Thread 0x000001e0fe701900 nmethod 3856 0x000001e08825b210 code [0x000001e08825b400, 0x000001e08825b638]

GC Heap History (20 events):
Event: 0.916 GC heap after
{Heap after GC invocations=2 (full 0):
 garbage-first heap   total 65536K, used 9728K [0x0000000080000000, 0x0000000100000000)
  region size 1024K, 3 young (3072K), 3 survivors (3072K)
 Metaspace       used 2252K, committed 2368K, reserved 1114112K
  class space    used 246K, committed 320K, reserved 1048576K
}
Event: 1.593 GC heap before
{Heap before GC invocations=2 (full 0):
 garbage-first heap   total 65536K, used 45568K [0x0000000080000000, 0x0000000100000000)
  region size 1024K, 38 young (38912K), 3 survivors (3072K)
 Metaspace       used 4416K, committed 4544K, reserved 1114112K
  class space    used 550K, committed 640K, reserved 1048576K
}
Event: 1.598 GC heap after
{Heap after GC invocations=3 (full 0):
 garbage-first heap   total 65536K, used 11295K [0x0000000080000000, 0x0000000100000000)
  region size 1024K, 4 young (4096K), 4 survivors (4096K)
 Metaspace       used 4416K, committed 4544K, reserved 1114112K
  class space    used 550K, committed 640K, reserved 1048576K
}
Event: 2.086 GC heap before
{Heap before GC invocations=3 (full 0):
 garbage-first heap   total 65536K, used 47135K [0x0000000080000000, 0x0000000100000000)
  region size 1024K, 37 young (37888K), 4 survivors (4096K)
 Metaspace       used 4684K, committed 4864K, reserved 1114112K
  class space    used 592K, committed 704K, reserved 1048576K
}
Event: 2.092 GC heap after
{Heap after GC invocations=4 (full 0):
 garbage-first heap   total 65536K, used 16024K [0x0000000080000000, 0x0000000100000000)
  region size 1024K, 5 young (5120K), 5 survivors (5120K)
 Metaspace       used 4684K, committed 4864K, reserved 1114112K
  class space    used 592K, committed 704K, reserved 1048576K
}
Event: 4.155 GC heap before
{Heap before GC invocations=4 (full 0):
 garbage-first heap   total 65536K, used 46744K [0x0000000080000000, 0x0000000100000000)
  region size 1024K, 35 young (35840K), 5 survivors (5120K)
 Metaspace       used 11096K, committed 11328K, reserved 1114112K
  class space    used 1495K, committed 1600K, reserved 1048576K
}
Event: 4.163 GC heap after
{Heap after GC invocations=5 (full 0):
 garbage-first heap   total 65536K, used 19745K [0x0000000080000000, 0x0000000100000000)
  region size 1024K, 4 young (4096K), 4 survivors (4096K)
 Metaspace       used 11096K, committed 11328K, reserved 1114112K
  class space    used 1495K, committed 1600K, reserved 1048576K
}
Event: 5.287 GC heap before
{Heap before GC invocations=5 (full 0):
 garbage-first heap   total 65536K, used 46369K [0x0000000080000000, 0x0000000100000000)
  region size 1024K, 31 young (31744K), 4 survivors (4096K)
 Metaspace       used 15463K, committed 15808K, reserved 1114112K
  class space    used 2151K, committed 2304K, reserved 1048576K
}
Event: 5.293 GC heap after
{Heap after GC invocations=6 (full 0):
 garbage-first heap   total 65536K, used 20983K [0x0000000080000000, 0x0000000100000000)
  region size 1024K, 2 young (2048K), 2 survivors (2048K)
 Metaspace       used 15463K, committed 15808K, reserved 1114112K
  class space    used 2151K, committed 2304K, reserved 1048576K
}
Event: 6.004 GC heap before
{Heap before GC invocations=6 (full 0):
 garbage-first heap   total 65536K, used 47607K [0x0000000080000000, 0x0000000100000000)
  region size 1024K, 29 young (29696K), 2 survivors (2048K)
 Metaspace       used 18649K, committed 18944K, reserved 1114112K
  class space    used 2709K, committed 2880K, reserved 1048576K
}
Event: 6.008 GC heap after
{Heap after GC invocations=7 (full 0):
 garbage-first heap   total 65536K, used 22380K [0x0000000080000000, 0x0000000100000000)
  region size 1024K, 3 young (3072K), 3 survivors (3072K)
 Metaspace       used 18649K, committed 18944K, reserved 1114112K
  class space    used 2709K, committed 2880K, reserved 1048576K
}
Event: 6.615 GC heap before
{Heap before GC invocations=7 (full 0):
 garbage-first heap   total 65536K, used 43884K [0x0000000080000000, 0x0000000100000000)
  region size 1024K, 25 young (25600K), 3 survivors (3072K)
 Metaspace       used 21172K, committed 21504K, reserved 1114112K
  class space    used 3109K, committed 3264K, reserved 1048576K
}
Event: 6.622 GC heap after
{Heap after GC invocations=8 (full 0):
 garbage-first heap   total 65536K, used 23750K [0x0000000080000000, 0x0000000100000000)
  region size 1024K, 3 young (3072K), 3 survivors (3072K)
 Metaspace       used 21172K, committed 21504K, reserved 1114112K
  class space    used 3109K, committed 3264K, reserved 1048576K
}
Event: 7.521 GC heap before
{Heap before GC invocations=9 (full 0):
 garbage-first heap   total 65536K, used 50374K [0x0000000080000000, 0x0000000100000000)
  region size 1024K, 29 young (29696K), 3 survivors (3072K)
 Metaspace       used 24722K, committed 25088K, reserved 1114112K
  class space    used 3644K, committed 3776K, reserved 1048576K
}
Event: 7.527 GC heap after
{Heap after GC invocations=10 (full 0):
 garbage-first heap   total 65536K, used 25142K [0x0000000080000000, 0x0000000100000000)
  region size 1024K, 3 young (3072K), 3 survivors (3072K)
 Metaspace       used 24722K, committed 25088K, reserved 1114112K
  class space    used 3644K, committed 3776K, reserved 1048576K
}
Event: 8.229 GC heap before
{Heap before GC invocations=10 (full 0):
 garbage-first heap   total 65536K, used 50742K [0x0000000080000000, 0x0000000100000000)
  region size 1024K, 29 young (29696K), 3 survivors (3072K)
 Metaspace       used 29628K, committed 30016K, reserved 1114112K
  class space    used 4151K, committed 4352K, reserved 1048576K
}
Event: 8.238 GC heap after
{Heap after GC invocations=11 (full 0):
 garbage-first heap   total 65536K, used 28398K [0x0000000080000000, 0x0000000100000000)
  region size 1024K, 4 young (4096K), 4 survivors (4096K)
 Metaspace       used 29628K, committed 30016K, reserved 1114112K
  class space    used 4151K, committed 4352K, reserved 1048576K
}
Event: 8.577 GC heap before
{Heap before GC invocations=11 (full 0):
 garbage-first heap   total 65536K, used 51950K [0x0000000080000000, 0x0000000100000000)
  region size 1024K, 26 young (26624K), 4 survivors (4096K)
 Metaspace       used 31415K, committed 31808K, reserved 1114112K
  class space    used 4324K, committed 4480K, reserved 1048576K
}
Event: 8.587 GC heap after
{Heap after GC invocations=12 (full 0):
 garbage-first heap   total 65536K, used 31604K [0x0000000080000000, 0x0000000100000000)
  region size 1024K, 3 young (3072K), 3 survivors (3072K)
 Metaspace       used 31415K, committed 31808K, reserved 1114112K
  class space    used 4324K, committed 4480K, reserved 1048576K
}
Event: 8.755 GC heap before
{Heap before GC invocations=12 (full 0):
 garbage-first heap   total 65536K, used 51060K [0x0000000080000000, 0x0000000100000000)
  region size 1024K, 22 young (22528K), 3 survivors (3072K)
 Metaspace       used 31985K, committed 32448K, reserved 1114112K
  class space    used 4388K, committed 4608K, reserved 1048576K
}

Dll operation events (15 events):
Event: 0.011 Loaded shared library C:\Users\Dell\.jdks\ms-17.0.17\bin\java.dll
Event: 0.040 Loaded shared library C:\Users\Dell\.jdks\ms-17.0.17\bin\jsvml.dll
Event: 0.159 Loaded shared library C:\Users\Dell\.jdks\ms-17.0.17\bin\zip.dll
Event: 0.165 Loaded shared library C:\Users\Dell\.jdks\ms-17.0.17\bin\instrument.dll
Event: 0.171 Loaded shared library C:\Users\Dell\.jdks\ms-17.0.17\bin\net.dll
Event: 0.173 Loaded shared library C:\Users\Dell\.jdks\ms-17.0.17\bin\nio.dll
Event: 0.177 Loaded shared library C:\Users\Dell\.jdks\ms-17.0.17\bin\zip.dll
Event: 0.534 Loaded shared library C:\Users\Dell\.jdks\ms-17.0.17\bin\jimage.dll
Event: 0.754 Loaded shared library C:\Users\Dell\.jdks\ms-17.0.17\bin\verify.dll
Event: 0.870 Loaded shared library C:\Users\Dell\.gradle\native\1def1411415f61bf3af743bc5b6707747c0891f09f0c88961ee8f79bc544acac\windows-amd64\native-platform.dll
Event: 0.885 Loaded shared library C:\Users\Dell\.gradle\native\0.2.7\x86_64-windows-gnu\gradle-fileevents.dll
Event: 2.362 Loaded shared library C:\Users\Dell\.jdks\ms-17.0.17\bin\management.dll
Event: 2.368 Loaded shared library C:\Users\Dell\.jdks\ms-17.0.17\bin\management_ext.dll
Event: 2.680 Loaded shared library C:\Users\Dell\.jdks\ms-17.0.17\bin\extnet.dll
Event: 3.732 Loaded shared library C:\Users\Dell\.jdks\ms-17.0.17\bin\sunmscapi.dll

Deoptimization events (20 events):
Event: 8.693 Thread 0x000001e0e22ad200 DEOPT PACKING pc=0x000001e08815975e sp=0x000000bfa04f95d0
Event: 8.693 Thread 0x000001e0e22ad200 DEOPT UNPACKING pc=0x000001e08f047143 sp=0x000000bfa04f8a98 mode 0
Event: 8.693 Thread 0x000001e0e22ad200 Uncommon trap: trap_request=0xffffffcc fr.pc=0x000001e08f781614 relative=0x00000000000023b4
Event: 8.693 Thread 0x000001e0e22ad200 Uncommon trap: reason=intrinsic_or_type_checked_inlining action=make_not_entrant pc=0x000001e08f781614 method=java.util.ArrayList$SubList.toArray([Ljava/lang/Object;)[Ljava/lang/Object; @ 58 c2
Event: 8.693 Thread 0x000001e0e22ad200 DEOPT PACKING pc=0x000001e08f781614 sp=0x000000bfa04f9730
Event: 8.693 Thread 0x000001e0e22ad200 DEOPT UNPACKING pc=0x000001e08f0469a3 sp=0x000000bfa04f9668 mode 2
Event: 8.694 Thread 0x000001e0e22ad200 Uncommon trap: trap_request=0xffffffbe fr.pc=0x000001e08f7930a8 relative=0x00000000000009e8
Event: 8.694 Thread 0x000001e0e22ad200 Uncommon trap: reason=profile_predicate action=maybe_recompile pc=0x000001e08f7930a8 method=java.util.regex.Pattern$BnM.optimize(Ljava/util/regex/Pattern$Node;)Ljava/util/regex/Pattern$Node; @ 67 c2
Event: 8.694 Thread 0x000001e0e22ad200 DEOPT PACKING pc=0x000001e08f7930a8 sp=0x000000bfa04f94f0
Event: 8.694 Thread 0x000001e0e22ad200 DEOPT UNPACKING pc=0x000001e08f0469a3 sp=0x000000bfa04f9440 mode 2
Event: 8.695 Thread 0x000001e0e22ad200 Uncommon trap: trap_request=0xffffffbe fr.pc=0x000001e08f7930a8 relative=0x00000000000009e8
Event: 8.695 Thread 0x000001e0e22ad200 Uncommon trap: reason=profile_predicate action=maybe_recompile pc=0x000001e08f7930a8 method=java.util.regex.Pattern$BnM.optimize(Ljava/util/regex/Pattern$Node;)Ljava/util/regex/Pattern$Node; @ 67 c2
Event: 8.695 Thread 0x000001e0e22ad200 DEOPT PACKING pc=0x000001e08f7930a8 sp=0x000000bfa04f94f0
Event: 8.695 Thread 0x000001e0e22ad200 DEOPT UNPACKING pc=0x000001e08f0469a3 sp=0x000000bfa04f9440 mode 2
Event: 8.701 Thread 0x000001e0e22ad200 Uncommon trap: trap_request=0xffffffbe fr.pc=0x000001e08f7930a8 relative=0x00000000000009e8
Event: 8.701 Thread 0x000001e0e22ad200 Uncommon trap: reason=profile_predicate action=maybe_recompile pc=0x000001e08f7930a8 method=java.util.regex.Pattern$BnM.optimize(Ljava/util/regex/Pattern$Node;)Ljava/util/regex/Pattern$Node; @ 67 c2
Event: 8.701 Thread 0x000001e0e22ad200 DEOPT PACKING pc=0x000001e08f7930a8 sp=0x000000bfa04f94f0
Event: 8.701 Thread 0x000001e0e22ad200 DEOPT UNPACKING pc=0x000001e08f0469a3 sp=0x000000bfa04f9440 mode 2
Event: 8.703 Thread 0x000001e0e22ad200 DEOPT PACKING pc=0x000001e08815975e sp=0x000000bfa04f9410
Event: 8.703 Thread 0x000001e0e22ad200 DEOPT UNPACKING pc=0x000001e08f047143 sp=0x000000bfa04f88d8 mode 0

Classes loaded (20 events):
Event: 8.166 Loading class jdk/internal/jimage/ImageReader$Resource
Event: 8.166 Loading class jdk/internal/jimage/ImageReader$Resource done
Event: 8.313 Loading class java/util/WeakHashMap$KeyIterator
Event: 8.314 Loading class java/util/WeakHashMap$HashIterator
Event: 8.314 Loading class java/util/WeakHashMap$HashIterator done
Event: 8.314 Loading class java/util/WeakHashMap$KeyIterator done
Event: 8.358 Loading class sun/nio/fs/WindowsPath$1
Event: 8.358 Loading class sun/nio/fs/WindowsPath$1 done
Event: 8.359 Loading class sun/nio/fs/WindowsException
Event: 8.359 Loading class sun/nio/fs/WindowsException done
Event: 8.410 Loading class java/util/Collections$SynchronizedRandomAccessList
Event: 8.410 Loading class java/util/Collections$SynchronizedList
Event: 8.411 Loading class java/util/Collections$SynchronizedList done
Event: 8.411 Loading class java/util/Collections$SynchronizedRandomAccessList done
Event: 8.446 Loading class java/lang/invoke/BoundMethodHandle$Species_LLLLLLLLLLLLLLLLLLLLLLLL
Event: 8.446 Loading class java/lang/invoke/BoundMethodHandle$Species_LLLLLLLLLLLLLLLLLLLLLLLL done
Event: 8.448 Loading class java/lang/invoke/BoundMethodHandle$Species_LLLLLLLLLLLLLLLLLLLLLLLLL
Event: 8.448 Loading class java/lang/invoke/BoundMethodHandle$Species_LLLLLLLLLLLLLLLLLLLLLLLLL done
Event: 8.451 Loading class java/lang/invoke/BoundMethodHandle$Species_LLLLLLLLLLLLLLLLLLLLLLLLLL
Event: 8.451 Loading class java/lang/invoke/BoundMethodHandle$Species_LLLLLLLLLLLLLLLLLLLLLLLLLL done

Classes unloaded (0 events):
No events

Classes redefined (0 events):
No events

Internal exceptions (20 events):
Event: 7.981 Thread 0x000001e0e22ad200 Exception <a 'java/lang/ClassNotFoundException'{0x0000000083120070}: java/lang/ObjectCustomizer> (0x0000000083120070) 
thrown [s\src\hotspot\share\classfile\systemDictionary.cpp, line 256]
Event: 7.986 Thread 0x000001e0e22ad200 Exception <a 'java/lang/IncompatibleClassChangeError'{0x0000000083130140}: Found class java.lang.Object, but interface was expected> (0x0000000083130140) 
thrown [s\src\hotspot\share\interpreter\linkResolver.cpp, line 826]
Event: 7.993 Thread 0x000001e0e22ad200 Exception <a 'java/lang/ClassNotFoundException'{0x00000000831561e8}: groovy/lang/MetaClassImplCustomizer> (0x00000000831561e8) 
thrown [s\src\hotspot\share\classfile\systemDictionary.cpp, line 256]
Event: 7.996 Thread 0x000001e0e22ad200 Exception <a 'java/lang/ClassNotFoundException'{0x000000008318e000}: groovy/lang/ExpandoMetaClassCustomizer> (0x000000008318e000) 
thrown [s\src\hotspot\share\classfile\systemDictionary.cpp, line 256]
Event: 8.105 Thread 0x000001e0e22ad200 Exception <a 'java/lang/NoSuchMethodError'{0x0000000082bc3868}: 'java.lang.Object java.lang.invoke.DirectMethodHandle$Holder.invokeStatic(java.lang.Object, int, java.lang.Object)'> (0x0000000082bc3868) 
thrown [s\src\hotspot\share\interpreter\linkResolver.cpp, line 759]
Event: 8.320 Thread 0x000001e0e22ad200 Exception <a 'java/lang/ClassNotFoundException'{0x00000000834a8aa8}: org/gradle/internal/extensibility/DefaultExtraPropertiesExtensionBeanInfo> (0x00000000834a8aa8) 
thrown [s\src\hotspot\share\classfile\systemDictionary.cpp, line 256]
Event: 8.321 Thread 0x000001e0e22ad200 Exception <a 'java/lang/ClassNotFoundException'{0x00000000834bff30}: groovy/lang/GroovyObjectSupportBeanInfo> (0x00000000834bff30) 
thrown [s\src\hotspot\share\classfile\systemDictionary.cpp, line 256]
Event: 8.323 Thread 0x000001e0e22ad200 Exception <a 'java/lang/ClassNotFoundException'{0x00000000834d7668}: groovy/lang/GroovyObjectSupportCustomizer> (0x00000000834d7668) 
thrown [s\src\hotspot\share\classfile\systemDictionary.cpp, line 256]
Event: 8.326 Thread 0x000001e0e22ad200 Exception <a 'java/lang/ClassNotFoundException'{0x00000000834f2b50}: org/gradle/internal/extensibility/DefaultExtraPropertiesExtensionCustomizer> (0x00000000834f2b50) 
thrown [s\src\hotspot\share\classfile\systemDictionary.cpp, line 256]
Event: 8.359 Thread 0x000001e0e22ad200 Exception <a 'sun/nio/fs/WindowsException'{0x0000000083205b60}> (0x0000000083205b60) 
thrown [s\src\hotspot\share\prims\jni.cpp, line 516]
Event: 8.360 Thread 0x000001e0e22ad200 Exception <a 'sun/nio/fs/WindowsException'{0x0000000083207060}> (0x0000000083207060) 
thrown [s\src\hotspot\share\prims\jni.cpp, line 516]
Event: 8.361 Thread 0x000001e0e22ad200 Exception <a 'sun/nio/fs/WindowsException'{0x0000000083208510}> (0x0000000083208510) 
thrown [s\src\hotspot\share\prims\jni.cpp, line 516]
Event: 8.362 Thread 0x000001e0e22ad200 Exception <a 'sun/nio/fs/WindowsException'{0x00000000832095f0}> (0x00000000832095f0) 
thrown [s\src\hotspot\share\prims\jni.cpp, line 516]
Event: 8.393 Thread 0x000001e0e22ad200 Exception <a 'java/lang/NoSuchMethodError'{0x00000000831119d8}: 'java.lang.Object java.lang.invoke.Invokers$Holder.invoker(java.lang.Object, java.lang.Object, java.lang.Object, java.lang.Object, java.lang.Object, java.lang.Object)'> (0x00000000831119d8) 
thrown [s\src\hotspot\share\interpreter\linkResolver.cpp, line 759]
Event: 8.431 Thread 0x000001e0e22ad200 Exception <a 'java/lang/NoSuchMethodError'{0x0000000083055bf0}: 'java.lang.Object java.lang.invoke.DelegatingMethodHandle$Holder.reinvoke_L(java.lang.Object, java.lang.Object, java.lang.Object, java.lang.Object, java.lang.Object, java.lang.Object, java.lang.Object, java.lang.Object, java.lang.Object, java.lang.Object, java.lang.Object, java.lang.Object, java.lang.Object, java.lang.Object, java.lang.Object, java.lang.Object, java.lang.Object, java.lang.Object, java.lang.Object, java.lang.Object, java.lang.O
Event: 8.433 Thread 0x000001e0e22ad200 Exception <a 'java/lang/NoSuchMethodError'{0x0000000083061ef8}: 'java.lang.Object java.lang.invoke.Invokers$Holder.invoker(java.lang.Object, java.lang.Object, java.lang.Object, java.lang.Object, java.lang.Object, java.lang.Object, java.lang.Object, java.lang.Object, java.lang.Object, java.lang.Object, java.lang.Object, java.lang.Object, java.lang.Object, java.lang.Object, java.lang.Object, java.lang.Object, java.lang.Object, java.lang.Object, java.lang.Object, java.lang.Object, java.lang.Object, java.lang.
Event: 8.433 Thread 0x000001e0e22ad200 Exception <a 'java/lang/NoSuchMethodError'{0x0000000083068d68}: 'java.lang.Object java.lang.invoke.DelegatingMethodHandle$Holder.delegate(java.lang.Object, java.lang.Object, java.lang.Object, java.lang.Object, java.lang.Object, java.lang.Object, java.lang.Object, java.lang.Object, java.lang.Object, java.lang.Object, java.lang.Object, java.lang.Object, java.lang.Object, java.lang.Object, java.lang.Object, java.lang.Object, java.lang.Object, java.lang.Object, java.lang.Object, java.lang.Object, java.lang.Obj
Event: 8.447 Thread 0x000001e0e22ad200 Exception <a 'java/lang/NoSuchMethodError'{0x0000000082f3e5a8}: 'java.lang.Object java.lang.invoke.DirectMethodHandle$Holder.invokeStatic(java.lang.Object, java.lang.Object, java.lang.Object, java.lang.Object, java.lang.Object, java.lang.Object, java.lang.Object, java.lang.Object, java.lang.Object, java.lang.Object, java.lang.Object, java.lang.Object, java.lang.Object, java.lang.Object, java.lang.Object, java.lang.Object, java.lang.Object, java.lang.Object, java.lang.Object, java.lang.Object, java.lang.Obj
Event: 8.450 Thread 0x000001e0e22ad200 Exception <a 'java/lang/NoSuchMethodError'{0x0000000082f72eb0}: 'java.lang.Object java.lang.invoke.DirectMethodHandle$Holder.invokeStatic(java.lang.Object, java.lang.Object, java.lang.Object, java.lang.Object, java.lang.Object, java.lang.Object, java.lang.Object, java.lang.Object, java.lang.Object, java.lang.Object, java.lang.Object, java.lang.Object, java.lang.Object, java.lang.Object, java.lang.Object, java.lang.Object, java.lang.Object, java.lang.Object, java.lang.Object, java.lang.Object, java.lang.Obj
Event: 8.453 Thread 0x000001e0e22ad200 Exception <a 'java/lang/NoSuchMethodError'{0x0000000082fa8ce8}: 'java.lang.Object java.lang.invoke.DirectMethodHandle$Holder.invokeStatic(java.lang.Object, java.lang.Object, java.lang.Object, java.lang.Object, java.lang.Object, java.lang.Object, java.lang.Object, java.lang.Object, java.lang.Object, java.lang.Object, java.lang.Object, java.lang.Object, java.lang.Object, java.lang.Object, java.lang.Object, java.lang.Object, java.lang.Object, java.lang.Object, java.lang.Object, java.lang.Object, java.lang.Obj

VM Operations (20 events):
Event: 7.557 Executing VM operation: HandshakeAllThreads done
Event: 7.824 Executing VM operation: HandshakeAllThreads
Event: 7.824 Executing VM operation: HandshakeAllThreads done
Event: 7.915 Executing VM operation: HandshakeAllThreads
Event: 7.915 Executing VM operation: HandshakeAllThreads done
Event: 8.054 Executing VM operation: HandshakeAllThreads
Event: 8.054 Executing VM operation: HandshakeAllThreads done
Event: 8.054 Executing VM operation: HandshakeAllThreads
Event: 8.054 Executing VM operation: HandshakeAllThreads done
Event: 8.059 Executing VM operation: HandshakeAllThreads
Event: 8.059 Executing VM operation: HandshakeAllThreads done
Event: 8.163 Executing VM operation: HandshakeAllThreads
Event: 8.163 Executing VM operation: HandshakeAllThreads done
Event: 8.229 Executing VM operation: G1CollectForAllocation
Event: 8.238 Executing VM operation: G1CollectForAllocation done
Event: 8.490 Executing VM operation: HandshakeAllThreads
Event: 8.490 Executing VM operation: HandshakeAllThreads done
Event: 8.577 Executing VM operation: G1CollectForAllocation
Event: 8.587 Executing VM operation: G1CollectForAllocation done
Event: 8.755 Executing VM operation: G1CollectForAllocation

Memory protections (0 events):
No events

Nmethod flushes (0 events):
No events

Events (20 events):
Event: 2.907 Thread 0x000001e0fd5b1ba0 Thread added: 0x000001e0e33426b0
Event: 3.429 Thread 0x000001e0e28a0470 Thread exited: 0x000001e0e28a0470
Event: 3.691 Thread 0x000001e0fd5b1ba0 Thread added: 0x000001e0e3887840
Event: 3.790 Thread 0x000001e0e33426b0 Thread added: 0x000001e0e2a32620
Event: 3.795 Thread 0x000001e0e2a32620 Thread added: 0x000001e09cd309e0
Event: 3.866 Thread 0x000001e0e2a32620 Thread added: 0x000001e0e22af060
Event: 3.984 Thread 0x000001e0e2a32620 Thread added: 0x000001e0e22ad200
Event: 3.996 Thread 0x000001e0e22ad200 Thread added: 0x000001e0e22adc20
Event: 4.001 Thread 0x000001e0e22ad200 Thread added: 0x000001e0e22b04a0
Event: 4.004 Thread 0x000001e0e22ad200 Thread added: 0x000001e0e22af570
Event: 4.796 Thread 0x000001e0e22ad200 Thread added: 0x000001e0e22afa80
Event: 4.838 Thread 0x000001e0e22ad200 Thread added: 0x000001e0e22ae130
Event: 4.882 Thread 0x000001e0e22ad200 Thread added: 0x000001e0e22ae640
Event: 5.876 Thread 0x000001e0fe701900 Thread added: 0x000001e0e4224fe0
Event: 6.369 Thread 0x000001e0e22ad200 Thread added: 0x000001e0e22ad710
Event: 6.424 Thread 0x000001e0e22ad200 Thread added: 0x000001e0e22aeb50
Event: 6.852 Thread 0x000001e0e22ad200 Thread added: 0x000001e0e22accf0
Event: 6.875 Thread 0x000001e0e22ad200 Thread added: 0x000001e0e4296570
Event: 7.276 Thread 0x000001e0e4224fe0 Thread exited: 0x000001e0e4224fe0
Event: 7.384 Thread 0x000001e0fe701900 Thread added: 0x000001e0e64002e0


Dynamic libraries:
0x00007ff749b50000 - 0x00007ff749b5e000 	C:\Users\Dell\.jdks\ms-17.0.17\bin\java.exe
0x00007fff0ec10000 - 0x00007fff0ee08000 	C:\Windows\SYSTEM32\ntdll.dll
0x00007fff0eb00000 - 0x00007fff0ebc2000 	C:\Windows\System32\KERNEL32.DLL
0x00007fff0c5f0000 - 0x00007fff0c8e6000 	C:\Windows\System32\KERNELBASE.dll
0x00007fff0c2a0000 - 0x00007fff0c3a0000 	C:\Windows\System32\ucrtbase.dll
0x00007fff05360000 - 0x00007fff0537e000 	C:\Users\Dell\.jdks\ms-17.0.17\bin\VCRUNTIME140.dll
0x00007fff05520000 - 0x00007fff05538000 	C:\Users\Dell\.jdks\ms-17.0.17\bin\jli.dll
0x00007fff0e0d0000 - 0x00007fff0e271000 	C:\Windows\System32\USER32.dll
0x00007ffef9640000 - 0x00007ffef98db000 	C:\Windows\WinSxS\amd64_microsoft.windows.common-controls_6595b64144ccf1df_6.0.19041.6456_none_60b8a6cb71f64256\COMCTL32.dll
0x00007fff0cc00000 - 0x00007fff0cc22000 	C:\Windows\System32\win32u.dll
0x00007fff0e020000 - 0x00007fff0e0be000 	C:\Windows\System32\msvcrt.dll
0x00007fff0ead0000 - 0x00007fff0eafb000 	C:\Windows\System32\GDI32.dll
0x00007fff0c3d0000 - 0x00007fff0c4e9000 	C:\Windows\System32\gdi32full.dll
0x00007fff0c8f0000 - 0x00007fff0c98d000 	C:\Windows\System32\msvcp_win.dll
0x00007fff0d510000 - 0x00007fff0d53f000 	C:\Windows\System32\IMM32.DLL
0x00007fff07ca0000 - 0x00007fff07cac000 	C:\Users\Dell\.jdks\ms-17.0.17\bin\vcruntime140_1.dll
0x00007ffef5660000 - 0x00007ffef56e9000 	C:\Users\Dell\.jdks\ms-17.0.17\bin\msvcp140.dll
0x00007ffed70e0000 - 0x00007ffed7d5a000 	C:\Users\Dell\.jdks\ms-17.0.17\bin\server\jvm.dll
0x00007fff0d770000 - 0x00007fff0d821000 	C:\Windows\System32\ADVAPI32.dll
0x00007fff0d830000 - 0x00007fff0d8cf000 	C:\Windows\System32\sechost.dll
0x00007fff0d8d0000 - 0x00007fff0d9f0000 	C:\Windows\System32\RPCRT4.dll
0x00007fff0c3a0000 - 0x00007fff0c3c7000 	C:\Windows\System32\bcrypt.dll
0x00007fff0da90000 - 0x00007fff0dafb000 	C:\Windows\System32\WS2_32.dll
0x00007ffef95a0000 - 0x00007ffef95c7000 	C:\Windows\SYSTEM32\WINMM.dll
0x00007fff0b7d0000 - 0x00007fff0b81b000 	C:\Windows\SYSTEM32\POWRPROF.dll
0x00007fff097c0000 - 0x00007fff097ca000 	C:\Windows\SYSTEM32\VERSION.dll
0x00007fff0b6a0000 - 0x00007fff0b6b2000 	C:\Windows\SYSTEM32\UMPDC.dll
0x00007fff0aab0000 - 0x00007fff0aac2000 	C:\Windows\SYSTEM32\kernel.appcore.dll
0x00007fff07590000 - 0x00007fff0759a000 	C:\Users\Dell\.jdks\ms-17.0.17\bin\jimage.dll
0x00007fff09fd0000 - 0x00007fff0a1d1000 	C:\Windows\SYSTEM32\DBGHELP.DLL
0x00007fff038f0000 - 0x00007fff03924000 	C:\Windows\SYSTEM32\dbgcore.DLL
0x00007fff0c990000 - 0x00007fff0ca12000 	C:\Windows\System32\bcryptPrimitives.dll
0x00007fff04f80000 - 0x00007fff04f8f000 	C:\Users\Dell\.jdks\ms-17.0.17\bin\instrument.dll
0x00007ffefa980000 - 0x00007ffefa9a6000 	C:\Users\Dell\.jdks\ms-17.0.17\bin\java.dll
0x00007ffee0040000 - 0x00007ffee0116000 	C:\Users\Dell\.jdks\ms-17.0.17\bin\jsvml.dll
0x00007fff0cda0000 - 0x00007fff0d510000 	C:\Windows\System32\SHELL32.dll
0x00007fff0a1e0000 - 0x00007fff0a985000 	C:\Windows\SYSTEM32\windows.storage.dll
0x00007fff0e770000 - 0x00007fff0eac4000 	C:\Windows\System32\combase.dll
0x00007fff0bcd0000 - 0x00007fff0bcfb000 	C:\Windows\SYSTEM32\Wldp.dll
0x00007fff0e6a0000 - 0x00007fff0e76d000 	C:\Windows\System32\OLEAUT32.dll
0x00007fff0db00000 - 0x00007fff0dbad000 	C:\Windows\System32\SHCORE.dll
0x00007fff0e360000 - 0x00007fff0e3bb000 	C:\Windows\System32\shlwapi.dll
0x00007fff0c1d0000 - 0x00007fff0c1f4000 	C:\Windows\SYSTEM32\profapi.dll
0x00007fff04f50000 - 0x00007fff04f68000 	C:\Users\Dell\.jdks\ms-17.0.17\bin\zip.dll
0x00007fff04c90000 - 0x00007fff04cab000 	C:\Users\Dell\.jdks\ms-17.0.17\bin\net.dll
0x00007fff00ff0000 - 0x00007fff010fa000 	C:\Windows\SYSTEM32\WINHTTP.dll
0x00007fff0ba30000 - 0x00007fff0ba9a000 	C:\Windows\system32\mswsock.dll
0x00007fff01d90000 - 0x00007fff01da6000 	C:\Users\Dell\.jdks\ms-17.0.17\bin\nio.dll
0x00007fff04f00000 - 0x00007fff04f10000 	C:\Users\Dell\.jdks\ms-17.0.17\bin\verify.dll
0x00007ffefa9b0000 - 0x00007ffefa9d7000 	C:\Users\Dell\.gradle\native\1def1411415f61bf3af743bc5b6707747c0891f09f0c88961ee8f79bc544acac\windows-amd64\native-platform.dll
0x00007ffef53f0000 - 0x00007ffef5468000 	C:\Users\Dell\.gradle\native\0.2.7\x86_64-windows-gnu\gradle-fileevents.dll
0x00007fff04ce0000 - 0x00007fff04cea000 	C:\Users\Dell\.jdks\ms-17.0.17\bin\management.dll
0x00007fff04c00000 - 0x00007fff04c0c000 	C:\Users\Dell\.jdks\ms-17.0.17\bin\management_ext.dll
0x00007fff0e0c0000 - 0x00007fff0e0c8000 	C:\Windows\System32\PSAPI.DLL
0x00007fff0b6c0000 - 0x00007fff0b6fb000 	C:\Windows\SYSTEM32\IPHLPAPI.DLL
0x00007fff0cc90000 - 0x00007fff0cc98000 	C:\Windows\System32\NSI.dll
0x00007fff02760000 - 0x00007fff02777000 	C:\Windows\SYSTEM32\dhcpcsvc6.DLL
0x00007fff02da0000 - 0x00007fff02dbd000 	C:\Windows\SYSTEM32\dhcpcsvc.DLL
0x00007fff0b700000 - 0x00007fff0b7ca000 	C:\Windows\SYSTEM32\DNSAPI.dll
0x00007fff04b60000 - 0x00007fff04b69000 	C:\Users\Dell\.jdks\ms-17.0.17\bin\extnet.dll
0x00007fff0bc20000 - 0x00007fff0bc38000 	C:\Windows\SYSTEM32\CRYPTSP.dll
0x00007fff0b2e0000 - 0x00007fff0b318000 	C:\Windows\system32\rsaenh.dll
0x00007fff0c190000 - 0x00007fff0c1be000 	C:\Windows\SYSTEM32\USERENV.dll
0x00007fff0bc40000 - 0x00007fff0bc4c000 	C:\Windows\SYSTEM32\CRYPTBASE.dll
0x00007fff04a00000 - 0x00007fff04a0e000 	C:\Users\Dell\.jdks\ms-17.0.17\bin\sunmscapi.dll
0x00007fff0ca20000 - 0x00007fff0cb7d000 	C:\Windows\System32\CRYPT32.dll
0x00007fff0bd40000 - 0x00007fff0bd67000 	C:\Windows\SYSTEM32\ncrypt.dll
0x00007fff0bd00000 - 0x00007fff0bd3b000 	C:\Windows\SYSTEM32\NTASN1.dll
0x00007fff04a90000 - 0x00007fff04a97000 	C:\Windows\system32\wshunix.dll

dbghelp: loaded successfully - version: 4.0.5 - missing functions: none
symbol engine: initialized successfully - sym options: 0x614 - pdb path: .;C:\Users\Dell\.jdks\ms-17.0.17\bin;C:\Windows\SYSTEM32;C:\Windows\WinSxS\amd64_microsoft.windows.common-controls_6595b64144ccf1df_6.0.19041.6456_none_60b8a6cb71f64256;C:\Users\Dell\.jdks\ms-17.0.17\bin\server;C:\Users\Dell\.gradle\native\1def1411415f61bf3af743bc5b6707747c0891f09f0c88961ee8f79bc544acac\windows-amd64;C:\Users\Dell\.gradle\native\0.2.7\x86_64-windows-gnu

VM Arguments:
jvm_args: --add-opens=java.base/java.lang=ALL-UNNAMED --add-opens=java.base/java.lang.invoke=ALL-UNNAMED --add-opens=java.base/java.util=ALL-UNNAMED --add-opens=java.prefs/java.util.prefs=ALL-UNNAMED --add-exports=jdk.compiler/com.sun.tools.javac.api=ALL-UNNAMED --add-exports=jdk.compiler/com.sun.tools.javac.util=ALL-UNNAMED --add-opens=java.base/java.util=ALL-UNNAMED --add-opens=java.prefs/java.util.prefs=ALL-UNNAMED --add-opens=java.base/java.nio.charset=ALL-UNNAMED --add-opens=java.base/java.net=ALL-UNNAMED --add-opens=java.base/java.util.concurrent.atomic=ALL-UNNAMED --add-opens=java.xml/javax.xml.namespace=ALL-UNNAMED -Xmx2048m -Dfile.encoding=UTF-8 -Duser.country=US -Duser.language=en -Duser.variant -javaagent:C:\Users\Dell\.gradle\wrapper\dists\gradle-8.13-bin\5xuhj0ry160q40clulazy9h7d\gradle-8.13\lib\agents\gradle-instrumentation-agent-8.13.jar 
java_command: org.gradle.launcher.daemon.bootstrap.GradleDaemon 8.13
java_class_path (initial): C:\Users\Dell\.gradle\wrapper\dists\gradle-8.13-bin\5xuhj0ry160q40clulazy9h7d\gradle-8.13\lib\gradle-daemon-main-8.13.jar
Launcher Type: SUN_STANDARD

[Global flags]
     intx CICompilerCount                          = 3                                         {product} {ergonomic}
     uint ConcGCThreads                            = 1                                         {product} {ergonomic}
     uint G1ConcRefinementThreads                  = 4                                         {product} {ergonomic}
   size_t G1HeapRegionSize                         = 1048576                                   {product} {ergonomic}
    uintx GCDrainStackTargetSize                   = 64                                        {product} {ergonomic}
   size_t InitialHeapSize                          = 67108864                                  {product} {ergonomic}
   size_t MarkStackSize                            = 4194304                                   {product} {ergonomic}
   size_t MaxHeapSize                              = 2147483648                                {product} {command line}
   size_t MaxNewSize                               = 1287651328                                {product} {ergonomic}
   size_t MinHeapDeltaBytes                        = 1048576                                   {product} {ergonomic}
   size_t MinHeapSize                              = 8388608                                   {product} {ergonomic}
    uintx NonNMethodCodeHeapSize                   = 5832780                                {pd product} {ergonomic}
    uintx NonProfiledCodeHeapSize                  = 122912730                              {pd product} {ergonomic}
    uintx ProfiledCodeHeapSize                     = 122912730                              {pd product} {ergonomic}
    uintx ReservedCodeCacheSize                    = 251658240                              {pd product} {ergonomic}
     bool SegmentedCodeCache                       = true                                      {product} {ergonomic}
   size_t SoftMaxHeapSize                          = 2147483648                             {manageable} {ergonomic}
     bool UseCompressedClassPointers               = true                           {product lp64_product} {ergonomic}
     bool UseCompressedOops                        = true                           {product lp64_product} {ergonomic}
     bool UseG1GC                                  = true                                      {product} {ergonomic}
     bool UseLargePagesIndividualAllocation        = false                                  {pd product} {ergonomic}

Logging:
Log output configuration:
 #0: stdout all=warning uptime,level,tags
 #1: stderr all=off uptime,level,tags

Environment Variables:
PATH=C:\Program Files\Common Files\Oracle\Java\javapath;E:\oracle\product\10.2.0\db_1\bin;C:\Windows\system32;C:\Windows;C:\Windows\System32\Wbem;C:\Windows\System32\WindowsPowerShell\v1.0\;C:\Windows\System32\OpenSSH\;C:\Program Files (x86)\Intel\Intel(R) Management Engine Components\DAL;C:\Program Files\Intel\Intel(R) Management Engine Components\DAL;C:\Program Files\Microsoft SQL Server\150\Tools\Binn\;C:\Program Files\Microsoft SQL Server\Client SDK\ODBC\170\Tools\Binn\;C:\Program Files\dotnet\;C:\Program Files (x86)\Microsoft SQL Server\160\Tools\Binn\;C:\Program Files\Microsoft SQL Server\160\Tools\Binn\;C:\Program Files\Microsoft SQL Server\160\DTS\Binn\;C:\Users\Dell\AppData\Local\Microsoft\WindowsApps;C:\Users\Dell\.dotnet\tools;C:\Users\Dell\AppData\Local\GitHubDesktop\bin
USERNAME=Dell
OS=Windows_NT
PROCESSOR_IDENTIFIER=Intel64 Family 6 Model 142 Stepping 9, GenuineIntel
TMP=C:\Users\Dell\AppData\Local\Temp
TEMP=C:\Users\Dell\AppData\Local\Temp



Periodic native trim disabled


---------------  S Y S T E M  ---------------

OS:
 Windows 10 , 64 bit Build 19041 (10.0.19041.5915)
OS uptime: 0 days 10:13 hours

CPU: total 4 (initial active 4) (2 cores per cpu, 2 threads per core) family 6 model 142 stepping 9 microcode 0xea, cx8, cmov, fxsr, ht, mmx, 3dnowpref, sse, sse2, sse3, ssse3, sse4.1, sse4.2, popcnt, lzcnt, tsc, tscinvbit, avx, avx2, aes, erms, clmul, bmi1, bmi2, adx, fma, vzeroupper, clflush, clflushopt
Processor Information for the first 4 processors :
  Max Mhz: 2701, Current Mhz: 2701, Mhz Limit: 2701

Memory: 4k page, system-wide physical 3994M (389M free)
TotalPageFile size 16282M (AvailPageFile size 11M)
current process WorkingSet (physical memory assigned to process): 230M, peak: 230M
current process commit charge ("private bytes"): 262M, peak: 274M

vm_info: OpenJDK 64-Bit Server VM (17.0.17+10-LTS) for windows-amd64 JRE (17.0.17+10-LTS), built on Oct 13 2025 22:19:56 by "MicrosoftCorporation" with unknown MS VC++:1944

END.
