#
# There is insufficient memory for the Java Runtime Environment to continue.
# Native memory allocation (mmap) failed to map 171966464 bytes. Error detail: G1 virtual space
# Possible reasons:
#   The system is out of physical RAM or swap space
#   This process is running with CompressedOops enabled, and the Java Heap may be blocking the growth of the native heap
# Possible solutions:
#   Reduce memory load on the system
#   Increase physical memory or swap space
#   Check if swap backing store is full
#   Decrease Java heap size (-Xmx/-Xms)
#   Decrease number of Java threads
#   Decrease Java thread stack sizes (-Xss)
#   Set larger code cache with -XX:ReservedCodeCacheSize=
#   JVM is running with Unscaled Compressed Oops mode in which the Java heap is
#     placed in the first 4GB address space. The Java Heap base address is the
#     maximum limit for the native heap growth. Please use -XX:HeapBaseMinAddress
#     to set the Java Heap base and to place the Java Heap above 4GB virtual address.
# This output file may be truncated or incomplete.
#
#  Out of Memory Error (os_windows.cpp:3690), pid=10628, tid=1248
#
# JRE version: OpenJDK Runtime Environment Microsoft-12574423 (17.0.17+10) (build 17.0.17+10-LTS)
# Java VM: OpenJDK 64-Bit Server VM Microsoft-12574423 (17.0.17+10-LTS, mixed mode, sharing, tiered, compressed oops, compressed class ptrs, g1 gc, windows-amd64)
# No core dump will be written. Minidumps are not enabled by default on client versions of Windows
#

---------------  S U M M A R Y ------------

Command Line: --add-opens=java.base/java.lang=ALL-UNNAMED --add-opens=java.base/java.lang.invoke=ALL-UNNAMED --add-opens=java.base/java.util=ALL-UNNAMED --add-opens=java.prefs/java.util.prefs=ALL-UNNAMED --add-exports=jdk.compiler/com.sun.tools.javac.api=ALL-UNNAMED --add-exports=jdk.compiler/com.sun.tools.javac.util=ALL-UNNAMED --add-opens=java.base/java.util=ALL-UNNAMED --add-opens=java.prefs/java.util.prefs=ALL-UNNAMED --add-opens=java.base/java.nio.charset=ALL-UNNAMED --add-opens=java.base/java.net=ALL-UNNAMED --add-opens=java.base/java.util.concurrent.atomic=ALL-UNNAMED --add-opens=java.xml/javax.xml.namespace=ALL-UNNAMED -Xmx2048m -Dfile.encoding=UTF-8 -Duser.country=US -Duser.language=en -Duser.variant -javaagent:C:\Users\Dell\.gradle\wrapper\dists\gradle-8.13-bin\5xuhj0ry160q40clulazy9h7d\gradle-8.13\lib\agents\gradle-instrumentation-agent-8.13.jar org.gradle.launcher.daemon.bootstrap.GradleDaemon 8.13

Host: Intel(R) Core(TM) i5-7200U CPU @ 2.50GHz, 4 cores, 3G,  Windows 10 , 64 bit Build 19041 (10.0.19041.5915)
Time: Tue Nov 18 22:52:17 2025 Pacific Standard Time elapsed time: 20.052737 seconds (0d 0h 0m 20s)

---------------  T H R E A D  ---------------

Current thread (0x0000026a2e7f4280):  VMThread "VM Thread" [stack: 0x000000f3fae00000,0x000000f3faf00000] [id=1248]

Stack: [0x000000f3fae00000,0x000000f3faf00000]
Native frames: (J=compiled Java code, j=interpreted, Vv=VM code, C=native code)
V  [jvm.dll+0x68c459]  (no source info available)
V  [jvm.dll+0x845e09]  (no source info available)
V  [jvm.dll+0x847b78]  (no source info available)
V  [jvm.dll+0x848203]  (no source info available)
V  [jvm.dll+0x24cf6f]  (no source info available)
V  [jvm.dll+0x68b859]  (no source info available)
V  [jvm.dll+0x67fe1a]  (no source info available)
V  [jvm.dll+0x3100f0]  (no source info available)
V  [jvm.dll+0x30ff92]  (no source info available)
V  [jvm.dll+0x3174e9]  (no source info available)
V  [jvm.dll+0x3697c9]  (no source info available)
V  [jvm.dll+0x3699fd]  (no source info available)
V  [jvm.dll+0x2e68fa]  (no source info available)
V  [jvm.dll+0x2e4cf1]  (no source info available)
V  [jvm.dll+0x2e448c]  (no source info available)
V  [jvm.dll+0x328e1b]  (no source info available)
V  [jvm.dll+0x84ca8d]  (no source info available)
V  [jvm.dll+0x84d7a3]  (no source info available)
V  [jvm.dll+0x84dcd4]  (no source info available)
V  [jvm.dll+0x84e0b8]  (no source info available)
V  [jvm.dll+0x84e1ae]  (no source info available)
V  [jvm.dll+0x7f5a5c]  (no source info available)
V  [jvm.dll+0x68d9f7]  (no source info available)
C  [ucrtbase.dll+0x21bb2]  (no source info available)
C  [KERNEL32.DLL+0x17374]  (no source info available)
C  [ntdll.dll+0x4cc91]  (no source info available)

VM_Operation (0x000000f3fc4f1720): G1CollectForAllocation, mode: safepoint, requested by thread 0x0000026a754687f0


---------------  P R O C E S S  ---------------

Threads class SMR info:
_java_thread_list=0x0000026a7862b520, length=44, elements={
0x0000026a10bc7260, 0x0000026a2e7fac50, 0x0000026a2e7fb9e0, 0x0000026a2e80ad40,
0x0000026a2e80b810, 0x0000026a2e80e0f0, 0x0000026a2e810dd0, 0x0000026a2e81baa0,
0x0000026a2e821970, 0x0000026a2e852a50, 0x0000026a2e7e5120, 0x0000026a2eaaac00,
0x0000026a752e1170, 0x0000026a74d0b6f0, 0x0000026a75687010, 0x0000026a755324f0,
0x0000026a75532da0, 0x0000026a754678c0, 0x0000026a754687f0, 0x0000026a75466990,
0x0000026a75465040, 0x0000026a75466480, 0x0000026a75467dd0, 0x0000026a75465a60,
0x0000026a75466ea0, 0x0000026a75465f70, 0x0000026a754682e0, 0x0000026a754673b0,
0x0000026a74174c20, 0x0000026a74179d20, 0x0000026a74176060, 0x0000026a74175640,
0x0000026a74179300, 0x0000026a74178df0, 0x0000026a741774a0, 0x0000026a741788e0,
0x0000026a74179810, 0x0000026a741779b0, 0x0000026a74175130, 0x0000026a741783d0,
0x0000026a74174200, 0x0000026a7417a230, 0x0000026a74172dc0, 0x0000026a74176a80
}

Java Threads: ( => current thread )
  0x0000026a10bc7260 JavaThread "main" [_thread_blocked, id=7276, stack(0x000000f3fa800000,0x000000f3fa900000)]
  0x0000026a2e7fac50 JavaThread "Reference Handler" daemon [_thread_blocked, id=9164, stack(0x000000f3faf00000,0x000000f3fb000000)]
  0x0000026a2e7fb9e0 JavaThread "Finalizer" daemon [_thread_blocked, id=4920, stack(0x000000f3fb000000,0x000000f3fb100000)]
  0x0000026a2e80ad40 JavaThread "Signal Dispatcher" daemon [_thread_blocked, id=3368, stack(0x000000f3fb100000,0x000000f3fb200000)]
  0x0000026a2e80b810 JavaThread "Attach Listener" daemon [_thread_blocked, id=12724, stack(0x000000f3fb200000,0x000000f3fb300000)]
  0x0000026a2e80e0f0 JavaThread "Service Thread" daemon [_thread_blocked, id=10172, stack(0x000000f3fb300000,0x000000f3fb400000)]
  0x0000026a2e810dd0 JavaThread "Monitor Deflation Thread" daemon [_thread_blocked, id=6924, stack(0x000000f3fb400000,0x000000f3fb500000)]
  0x0000026a2e81baa0 JavaThread "C2 CompilerThread0" daemon [_thread_blocked, id=11884, stack(0x000000f3fb500000,0x000000f3fb600000)]
  0x0000026a2e821970 JavaThread "C1 CompilerThread0" daemon [_thread_blocked, id=2068, stack(0x000000f3fb600000,0x000000f3fb700000)]
  0x0000026a2e852a50 JavaThread "Sweeper thread" daemon [_thread_blocked, id=11476, stack(0x000000f3fb700000,0x000000f3fb800000)]
  0x0000026a2e7e5120 JavaThread "Common-Cleaner" daemon [_thread_blocked, id=10132, stack(0x000000f3fb800000,0x000000f3fb900000)]
  0x0000026a2eaaac00 JavaThread "Notification Thread" daemon [_thread_blocked, id=9948, stack(0x000000f3fb900000,0x000000f3fba00000)]
  0x0000026a752e1170 JavaThread "Daemon health stats" [_thread_blocked, id=6984, stack(0x000000f3fbe00000,0x000000f3fbf00000)]
  0x0000026a74d0b6f0 JavaThread "Incoming local TCP Connector on port 49616" [_thread_in_native, id=6812, stack(0x000000f3fbf00000,0x000000f3fc000000)]
  0x0000026a75687010 JavaThread "Daemon periodic checks" [_thread_blocked, id=6276, stack(0x000000f3fc000000,0x000000f3fc100000)]
  0x0000026a755324f0 JavaThread "Daemon" [_thread_blocked, id=8796, stack(0x000000f3fc100000,0x000000f3fc200000)]
  0x0000026a75532da0 JavaThread "Handler for socket connection from /127.0.0.1:49616 to /127.0.0.1:49617" [_thread_in_native, id=12236, stack(0x000000f3fc200000,0x000000f3fc300000)]
  0x0000026a754678c0 JavaThread "Cancel handler" [_thread_blocked, id=5908, stack(0x000000f3fc300000,0x000000f3fc400000)]
  0x0000026a754687f0 JavaThread "Daemon worker" [_thread_blocked, id=9552, stack(0x000000f3fc400000,0x000000f3fc500000)]
  0x0000026a75466990 JavaThread "Asynchronous log dispatcher for DefaultDaemonConnection: socket connection from /127.0.0.1:49616 to /127.0.0.1:49617" [_thread_blocked, id=924, stack(0x000000f3fc500000,0x000000f3fc600000)]
  0x0000026a75465040 JavaThread "Stdin handler" [_thread_blocked, id=6700, stack(0x000000f3fc600000,0x000000f3fc700000)]
  0x0000026a75466480 JavaThread "Daemon client event forwarder" [_thread_blocked, id=13252, stack(0x000000f3fc700000,0x000000f3fc800000)]
  0x0000026a75467dd0 JavaThread "Cache worker for journal cache (C:\Users\Dell\.gradle\caches\journal-1)" [_thread_blocked, id=10376, stack(0x000000f3fc800000,0x000000f3fc900000)]
  0x0000026a75465a60 JavaThread "File lock request listener" [_thread_in_native, id=9884, stack(0x000000f3fc900000,0x000000f3fca00000)]
  0x0000026a75466ea0 JavaThread "Cache worker for file hash cache (C:\Users\Dell\.gradle\caches\8.13\fileHashes)" [_thread_blocked, id=11720, stack(0x000000f3fca00000,0x000000f3fcb00000)]
  0x0000026a75465f70 JavaThread "Cache worker for file hash cache (C:\Intel\kinderkingdoom77\KinderKingdom\.gradle\8.13\fileHashes)" [_thread_blocked, id=5408, stack(0x000000f3fcb00000,0x000000f3fcc00000)]
  0x0000026a754682e0 JavaThread "Cache worker for Build Output Cleanup Cache (C:\Intel\kinderkingdoom77\KinderKingdom\.gradle\buildOutputCleanup)" [_thread_blocked, id=6776, stack(0x000000f3fcc00000,0x000000f3fcd00000)]
  0x0000026a754673b0 JavaThread "File watcher server" daemon [_thread_in_native, id=68, stack(0x000000f3fcd00000,0x000000f3fce00000)]
  0x0000026a74174c20 JavaThread "File watcher consumer" daemon [_thread_blocked, id=8580, stack(0x000000f3fce00000,0x000000f3fcf00000)]
  0x0000026a74179d20 JavaThread "Cache worker for checksums cache (C:\Intel\kinderkingdoom77\KinderKingdom\.gradle\8.13\checksums)" [_thread_blocked, id=1904, stack(0x000000f3fcf00000,0x000000f3fd000000)]
  0x0000026a74176060 JavaThread "Cache worker for file content cache (C:\Users\Dell\.gradle\caches\8.13\fileContent)" [_thread_blocked, id=12956, stack(0x000000f3fd000000,0x000000f3fd100000)]
  0x0000026a74175640 JavaThread "Cache worker for cache directory md-supplier (C:\Users\Dell\.gradle\caches\8.13\md-supplier)" [_thread_blocked, id=4696, stack(0x000000f3fd100000,0x000000f3fd200000)]
  0x0000026a74179300 JavaThread "Cache worker for cache directory md-rule (C:\Users\Dell\.gradle\caches\8.13\md-rule)" [_thread_blocked, id=6116, stack(0x000000f3fd200000,0x000000f3fd300000)]
  0x0000026a74178df0 JavaThread "Unconstrained build operations" [_thread_blocked, id=12452, stack(0x000000f3fd300000,0x000000f3fd400000)]
  0x0000026a741774a0 JavaThread "Unconstrained build operations Thread 2" [_thread_blocked, id=11160, stack(0x000000f3fd400000,0x000000f3fd500000)]
  0x0000026a741788e0 JavaThread "Unconstrained build operations Thread 3" [_thread_blocked, id=12424, stack(0x000000f3fd500000,0x000000f3fd600000)]
  0x0000026a74179810 JavaThread "Unconstrained build operations Thread 4" [_thread_blocked, id=7972, stack(0x000000f3fd600000,0x000000f3fd700000)]
  0x0000026a741779b0 JavaThread "Unconstrained build operations Thread 5" [_thread_blocked, id=2284, stack(0x000000f3fd700000,0x000000f3fd800000)]
  0x0000026a74175130 JavaThread "Unconstrained build operations Thread 6" [_thread_blocked, id=6132, stack(0x000000f3fd800000,0x000000f3fd900000)]
  0x0000026a741783d0 JavaThread "Unconstrained build operations Thread 7" [_thread_blocked, id=10204, stack(0x000000f3fd900000,0x000000f3fda00000)]
  0x0000026a74174200 JavaThread "Unconstrained build operations Thread 8" [_thread_blocked, id=6768, stack(0x000000f3fda00000,0x000000f3fdb00000)]
  0x0000026a7417a230 JavaThread "Unconstrained build operations Thread 9" [_thread_blocked, id=9676, stack(0x000000f3fdb00000,0x000000f3fdc00000)]
  0x0000026a74172dc0 JavaThread "build event listener" [_thread_blocked, id=12228, stack(0x000000f3fdc00000,0x000000f3fdd00000)]
  0x0000026a74176a80 JavaThread "Memory manager" [_thread_blocked, id=9048, stack(0x000000f3fdd00000,0x000000f3fde00000)]

Other Threads:
=>0x0000026a2e7f4280 VMThread "VM Thread" [stack: 0x000000f3fae00000,0x000000f3faf00000] [id=1248]
  0x0000026a10bc8130 WatcherThread [stack: 0x000000f3fba00000,0x000000f3fbb00000] [id=3496]
  0x0000026a10c1f950 GCTaskThread "GC Thread#0" [stack: 0x000000f3fa900000,0x000000f3faa00000] [id=11272]
  0x0000026a2eab9960 GCTaskThread "GC Thread#1" [stack: 0x000000f3fbb00000,0x000000f3fbc00000] [id=9848]
  0x0000026a2eb25890 GCTaskThread "GC Thread#2" [stack: 0x000000f3fbc00000,0x000000f3fbd00000] [id=12488]
  0x0000026a2eb049a0 GCTaskThread "GC Thread#3" [stack: 0x000000f3fbd00000,0x000000f3fbe00000] [id=12064]
  0x0000026a10c30890 ConcurrentGCThread "G1 Main Marker" [stack: 0x000000f3faa00000,0x000000f3fab00000] [id=12700]
  0x0000026a10c311c0 ConcurrentGCThread "G1 Conc#0" [stack: 0x000000f3fab00000,0x000000f3fac00000] [id=13224]
  0x0000026a10c7ec90 ConcurrentGCThread "G1 Refine#0" [stack: 0x000000f3fac00000,0x000000f3fad00000] [id=1988]
  0x0000026a2e6b2520 ConcurrentGCThread "G1 Service" [stack: 0x000000f3fad00000,0x000000f3fae00000] [id=8312]

Threads with active compile tasks:
C2 CompilerThread0  20104 8762       4       java.lang.invoke.MethodType::makeImpl (109 bytes)

VM state: at safepoint (normal execution)

VM Mutex/Monitor currently owned by a thread:  ([mutex/lock_event])
[0x0000026a10bc2490] Threads_lock - owner thread: 0x0000026a2e7f4280
[0x0000026a10bc3060] Heap_lock - owner thread: 0x0000026a754687f0

Heap address: 0x0000000080000000, size: 2048 MB, Compressed Oops mode: 32-bit

CDS archive(s) mapped at: [0x0000026a2f000000-0x0000026a2fbb0000-0x0000026a2fbb0000), size 12255232, SharedBaseAddress: 0x0000026a2f000000, ArchiveRelocationMode: 1.
Compressed class space mapped at: 0x0000026a30000000-0x0000026a70000000, reserved size: 1073741824
Narrow klass base: 0x0000026a2f000000, Narrow klass shift: 0, Narrow klass range: 0x100000000

GC Precious Log:
 CPUs: 4 total, 4 available
 Memory: 3994M
 Large Page Support: Disabled
 NUMA Support: Disabled
 Compressed Oops: Enabled (32-bit)
 Heap Region Size: 1M
 Heap Min Capacity: 8M
 Heap Initial Capacity: 64M
 Heap Max Capacity: 2G
 Pre-touch: Disabled
 Parallel Workers: 4
 Concurrent Workers: 1
 Concurrent Refinement Workers: 4
 Periodic GC: Disabled

Heap:
 garbage-first heap   total 155648K, used 78318K [0x0000000080000000, 0x0000000100000000)
  region size 1024K, 1 young (1024K), 1 survivors (1024K)
 Metaspace       used 64615K, committed 65280K, reserved 1114112K
  class space    used 8879K, committed 9216K, reserved 1048576K

Heap Regions: E=young(eden), S=young(survivor), O=old, HS=humongous(starts), HC=humongous(continues), CS=collection set, F=free, OA=open archive, CA=closed archive, TAMS=top-at-mark-start (previous, next)
|   0|0x0000000080000000, 0x0000000080100000, 0x0000000080100000|100%|HS|  |TAMS 0x0000000080100000, 0x0000000080000000| Complete 
|   1|0x0000000080100000, 0x0000000080200000, 0x0000000080200000|100%|HC|  |TAMS 0x0000000080200000, 0x0000000080100000| Complete 
|   2|0x0000000080200000, 0x0000000080300000, 0x0000000080300000|100%|HC|  |TAMS 0x0000000080300000, 0x0000000080200000| Complete 
|   3|0x0000000080300000, 0x0000000080400000, 0x0000000080400000|100%| O|  |TAMS 0x0000000080400000, 0x0000000080300000| Untracked 
|   4|0x0000000080400000, 0x0000000080500000, 0x0000000080500000|100%| O|  |TAMS 0x0000000080500000, 0x0000000080400000| Untracked 
|   5|0x0000000080500000, 0x0000000080600000, 0x0000000080600000|100%| O|  |TAMS 0x0000000080600000, 0x0000000080500000| Untracked 
|   6|0x0000000080600000, 0x0000000080700000, 0x0000000080700000|100%| O|  |TAMS 0x0000000080700000, 0x0000000080600000| Untracked 
|   7|0x0000000080700000, 0x0000000080800000, 0x0000000080800000|100%| O|  |TAMS 0x0000000080800000, 0x0000000080700000| Untracked 
|   8|0x0000000080800000, 0x0000000080900000, 0x0000000080900000|100%|HS|  |TAMS 0x0000000080900000, 0x0000000080800000| Complete 
|   9|0x0000000080900000, 0x0000000080a00000, 0x0000000080a00000|100%| O|  |TAMS 0x0000000080a00000, 0x0000000080900000| Untracked 
|  10|0x0000000080a00000, 0x0000000080b00000, 0x0000000080b00000|100%| O|  |TAMS 0x0000000080b00000, 0x0000000080a00000| Untracked 
|  11|0x0000000080b00000, 0x0000000080c00000, 0x0000000080c00000|100%| O|  |TAMS 0x0000000080c00000, 0x0000000080b00000| Untracked 
|  12|0x0000000080c00000, 0x0000000080d00000, 0x0000000080d00000|100%| O|  |TAMS 0x0000000080d00000, 0x0000000080c00000| Untracked 
|  13|0x0000000080d00000, 0x0000000080e00000, 0x0000000080e00000|100%| O|  |TAMS 0x0000000080e00000, 0x0000000080d00000| Untracked 
|  14|0x0000000080e00000, 0x0000000080f00000, 0x0000000080f00000|100%| O|  |TAMS 0x0000000080f00000, 0x0000000080e00000| Untracked 
|  15|0x0000000080f00000, 0x0000000081000000, 0x0000000081000000|100%| O|  |TAMS 0x0000000081000000, 0x0000000080f00000| Untracked 
|  16|0x0000000081000000, 0x0000000081100000, 0x0000000081100000|100%| O|  |TAMS 0x0000000081100000, 0x0000000081000000| Untracked 
|  17|0x0000000081100000, 0x0000000081200000, 0x0000000081200000|100%| O|  |TAMS 0x0000000081200000, 0x0000000081100000| Untracked 
|  18|0x0000000081200000, 0x0000000081300000, 0x0000000081300000|100%| O|  |TAMS 0x0000000081300000, 0x0000000081200000| Untracked 
|  19|0x0000000081300000, 0x0000000081400000, 0x0000000081400000|100%| O|  |TAMS 0x0000000081400000, 0x0000000081300000| Untracked 
|  20|0x0000000081400000, 0x0000000081500000, 0x0000000081500000|100%| O|  |TAMS 0x0000000081500000, 0x0000000081400000| Untracked 
|  21|0x0000000081500000, 0x0000000081600000, 0x0000000081600000|100%| O|  |TAMS 0x0000000081600000, 0x0000000081500000| Untracked 
|  22|0x0000000081600000, 0x0000000081700000, 0x0000000081700000|100%| O|  |TAMS 0x0000000081700000, 0x0000000081600000| Untracked 
|  23|0x0000000081700000, 0x0000000081800000, 0x0000000081800000|100%| O|  |TAMS 0x0000000081700000, 0x0000000081700000| Untracked 
|  24|0x0000000081800000, 0x0000000081900000, 0x0000000081900000|100%| O|  |TAMS 0x0000000081900000, 0x0000000081800000| Untracked 
|  25|0x0000000081900000, 0x0000000081a00000, 0x0000000081a00000|100%| O|  |TAMS 0x0000000081960c00, 0x0000000081900000| Untracked 
|  26|0x0000000081a00000, 0x0000000081b00000, 0x0000000081b00000|100%| O|  |TAMS 0x0000000081b00000, 0x0000000081a00000| Untracked 
|  27|0x0000000081b00000, 0x0000000081c00000, 0x0000000081c00000|100%| O|  |TAMS 0x0000000081c00000, 0x0000000081b00000| Untracked 
|  28|0x0000000081c00000, 0x0000000081d00000, 0x0000000081d00000|100%| O|  |TAMS 0x0000000081d00000, 0x0000000081c00000| Untracked 
|  29|0x0000000081d00000, 0x0000000081e00000, 0x0000000081e00000|100%| O|  |TAMS 0x0000000081e00000, 0x0000000081d00000| Untracked 
|  30|0x0000000081e00000, 0x0000000081f00000, 0x0000000081f00000|100%| O|  |TAMS 0x0000000081f00000, 0x0000000081e00000| Untracked 
|  31|0x0000000081f00000, 0x0000000082000000, 0x0000000082000000|100%| O|  |TAMS 0x0000000082000000, 0x0000000081f00000| Untracked 
|  32|0x0000000082000000, 0x0000000082100000, 0x0000000082100000|100%| O|  |TAMS 0x0000000082100000, 0x0000000082000000| Untracked 
|  33|0x0000000082100000, 0x0000000082200000, 0x0000000082200000|100%| O|  |TAMS 0x0000000082200000, 0x0000000082100000| Untracked 
|  34|0x0000000082200000, 0x0000000082200000, 0x0000000082300000|  0%| F|  |TAMS 0x0000000082200000, 0x0000000082200000| Untracked 
|  35|0x0000000082300000, 0x0000000082400000, 0x0000000082400000|100%| O|  |TAMS 0x0000000082400000, 0x0000000082300000| Untracked 
|  36|0x0000000082400000, 0x0000000082500000, 0x0000000082500000|100%| O|  |TAMS 0x0000000082500000, 0x0000000082400000| Untracked 
|  37|0x0000000082500000, 0x0000000082600000, 0x0000000082600000|100%| O|  |TAMS 0x0000000082600000, 0x0000000082500000| Untracked 
|  38|0x0000000082600000, 0x0000000082700000, 0x0000000082700000|100%| O|  |TAMS 0x0000000082700000, 0x0000000082600000| Untracked 
|  39|0x0000000082700000, 0x0000000082800000, 0x0000000082800000|100%| O|  |TAMS 0x0000000082800000, 0x0000000082700000| Untracked 
|  40|0x0000000082800000, 0x0000000082900000, 0x0000000082900000|100%| O|  |TAMS 0x0000000082900000, 0x0000000082800000| Untracked 
|  41|0x0000000082900000, 0x0000000082a00000, 0x0000000082a00000|100%| O|  |TAMS 0x0000000082a00000, 0x0000000082900000| Untracked 
|  42|0x0000000082a00000, 0x0000000082b00000, 0x0000000082b00000|100%| O|  |TAMS 0x0000000082b00000, 0x0000000082a00000| Untracked 
|  43|0x0000000082b00000, 0x0000000082c00000, 0x0000000082c00000|100%| O|  |TAMS 0x0000000082c00000, 0x0000000082b00000| Untracked 
|  44|0x0000000082c00000, 0x0000000082d00000, 0x0000000082d00000|100%| O|  |TAMS 0x0000000082d00000, 0x0000000082c00000| Untracked 
|  45|0x0000000082d00000, 0x0000000082e00000, 0x0000000082e00000|100%|HS|  |TAMS 0x0000000082e00000, 0x0000000082d00000| Complete 
|  46|0x0000000082e00000, 0x0000000082f00000, 0x0000000082f00000|100%|HS|  |TAMS 0x0000000082f00000, 0x0000000082e00000| Complete 
|  47|0x0000000082f00000, 0x0000000083000000, 0x0000000083000000|100%|HS|  |TAMS 0x0000000083000000, 0x0000000082f00000| Complete 
|  48|0x0000000083000000, 0x0000000083100000, 0x0000000083100000|100%|HC|  |TAMS 0x0000000083100000, 0x0000000083000000| Complete 
|  49|0x0000000083100000, 0x0000000083200000, 0x0000000083200000|100%|HS|  |TAMS 0x0000000083200000, 0x0000000083100000| Complete 
|  50|0x0000000083200000, 0x0000000083300000, 0x0000000083300000|100%|HC|  |TAMS 0x0000000083300000, 0x0000000083200000| Complete 
|  51|0x0000000083300000, 0x0000000083400000, 0x0000000083400000|100%|HS|  |TAMS 0x0000000083400000, 0x0000000083300000| Complete 
|  52|0x0000000083400000, 0x0000000083500000, 0x0000000083500000|100%|HS|  |TAMS 0x0000000083500000, 0x0000000083400000| Complete 
|  53|0x0000000083500000, 0x0000000083600000, 0x0000000083600000|100%|HC|  |TAMS 0x0000000083600000, 0x0000000083500000| Complete 
|  54|0x0000000083600000, 0x0000000083700000, 0x0000000083700000|100%|HC|  |TAMS 0x0000000083700000, 0x0000000083600000| Complete 
|  55|0x0000000083700000, 0x0000000083800000, 0x0000000083800000|100%|HC|  |TAMS 0x0000000083800000, 0x0000000083700000| Complete 
|  56|0x0000000083800000, 0x0000000083900000, 0x0000000083900000|100%|HS|  |TAMS 0x0000000083900000, 0x0000000083800000| Complete 
|  57|0x0000000083900000, 0x0000000083a00000, 0x0000000083a00000|100%| O|  |TAMS 0x0000000083a00000, 0x0000000083900000| Untracked 
|  58|0x0000000083a00000, 0x0000000083b00000, 0x0000000083b00000|100%|HS|  |TAMS 0x0000000083b00000, 0x0000000083a00000| Complete 
|  59|0x0000000083b00000, 0x0000000083c00000, 0x0000000083c00000|100%| O|  |TAMS 0x0000000083c00000, 0x0000000083b00000| Untracked 
|  60|0x0000000083c00000, 0x0000000083d00000, 0x0000000083d00000|100%| O|  |TAMS 0x0000000083d00000, 0x0000000083c00000| Untracked 
|  61|0x0000000083d00000, 0x0000000083e00000, 0x0000000083e00000|100%| O|  |TAMS 0x0000000083e00000, 0x0000000083d00000| Untracked 
|  62|0x0000000083e00000, 0x0000000083f00000, 0x0000000083f00000|100%| O|  |TAMS 0x0000000083f00000, 0x0000000083e00000| Untracked 
|  63|0x0000000083f00000, 0x0000000084000000, 0x0000000084000000|100%|HS|  |TAMS 0x0000000084000000, 0x0000000083f00000| Complete 
|  64|0x0000000084000000, 0x0000000084100000, 0x0000000084100000|100%| O|  |TAMS 0x0000000084100000, 0x0000000084000000| Untracked 
|  65|0x0000000084100000, 0x0000000084200000, 0x0000000084200000|100%| O|  |TAMS 0x0000000084100000, 0x0000000084100000| Untracked 
|  66|0x0000000084200000, 0x0000000084300000, 0x0000000084300000|100%| O|  |TAMS 0x0000000084200000, 0x0000000084200000| Untracked 
|  67|0x0000000084300000, 0x0000000084400000, 0x0000000084400000|100%| O|  |TAMS 0x0000000084300000, 0x0000000084300000| Untracked 
|  68|0x0000000084400000, 0x0000000084500000, 0x0000000084500000|100%|HS|  |TAMS 0x0000000084400000, 0x0000000084400000| Complete 
|  69|0x0000000084500000, 0x0000000084600000, 0x0000000084600000|100%| O|  |TAMS 0x0000000084500000, 0x0000000084500000| Untracked 
|  70|0x0000000084600000, 0x0000000084700000, 0x0000000084700000|100%| O|  |TAMS 0x0000000084600000, 0x0000000084600000| Untracked 
|  71|0x0000000084700000, 0x0000000084800000, 0x0000000084800000|100%| O|  |TAMS 0x0000000084800000, 0x0000000084700000| Untracked 
|  72|0x0000000084800000, 0x0000000084900000, 0x0000000084900000|100%| O|  |TAMS 0x0000000084900000, 0x0000000084800000| Untracked 
|  73|0x0000000084900000, 0x0000000084900000, 0x0000000084a00000|  0%| F|  |TAMS 0x0000000084900000, 0x0000000084900000| Untracked 
|  74|0x0000000084a00000, 0x0000000084a00000, 0x0000000084b00000|  0%| F|  |TAMS 0x0000000084a00000, 0x0000000084a00000| Untracked 
|  75|0x0000000084b00000, 0x0000000084b00000, 0x0000000084c00000|  0%| F|  |TAMS 0x0000000084b00000, 0x0000000084b00000| Untracked 
|  76|0x0000000084c00000, 0x0000000084c00000, 0x0000000084d00000|  0%| F|  |TAMS 0x0000000084c00000, 0x0000000084c00000| Untracked 
|  77|0x0000000084d00000, 0x0000000084d00000, 0x0000000084e00000|  0%| F|  |TAMS 0x0000000084d00000, 0x0000000084d00000| Untracked 
|  78|0x0000000084e00000, 0x0000000084e00000, 0x0000000084f00000|  0%| F|  |TAMS 0x0000000084e00000, 0x0000000084e00000| Untracked 
|  79|0x0000000084f00000, 0x0000000084f00000, 0x0000000085000000|  0%| F|  |TAMS 0x0000000084f00000, 0x0000000084f00000| Untracked 
|  80|0x0000000085000000, 0x0000000085000000, 0x0000000085100000|  0%| F|  |TAMS 0x0000000085000000, 0x0000000085000000| Untracked 
|  81|0x0000000085100000, 0x0000000085100000, 0x0000000085200000|  0%| F|  |TAMS 0x0000000085100000, 0x0000000085100000| Untracked 
|  82|0x0000000085200000, 0x0000000085200000, 0x0000000085300000|  0%| F|  |TAMS 0x0000000085200000, 0x0000000085200000| Untracked 
|  83|0x0000000085300000, 0x0000000085300000, 0x0000000085400000|  0%| F|  |TAMS 0x0000000085300000, 0x0000000085300000| Untracked 
|  84|0x0000000085400000, 0x0000000085400000, 0x0000000085500000|  0%| F|  |TAMS 0x0000000085400000, 0x0000000085400000| Untracked 
|  85|0x0000000085500000, 0x0000000085500000, 0x0000000085600000|  0%| F|  |TAMS 0x0000000085500000, 0x0000000085500000| Untracked 
|  86|0x0000000085600000, 0x0000000085600000, 0x0000000085700000|  0%| F|  |TAMS 0x0000000085600000, 0x0000000085600000| Untracked 
|  87|0x0000000085700000, 0x0000000085700000, 0x0000000085800000|  0%| F|  |TAMS 0x0000000085700000, 0x0000000085700000| Untracked 
|  88|0x0000000085800000, 0x0000000085800000, 0x0000000085900000|  0%| F|  |TAMS 0x0000000085800000, 0x0000000085800000| Untracked 
|  89|0x0000000085900000, 0x0000000085900000, 0x0000000085a00000|  0%| F|  |TAMS 0x0000000085900000, 0x0000000085900000| Untracked 
|  90|0x0000000085a00000, 0x0000000085a00000, 0x0000000085b00000|  0%| F|  |TAMS 0x0000000085a00000, 0x0000000085a00000| Untracked 
|  91|0x0000000085b00000, 0x0000000085b00000, 0x0000000085c00000|  0%| F|  |TAMS 0x0000000085b00000, 0x0000000085b00000| Untracked 
|  92|0x0000000085c00000, 0x0000000085c00000, 0x0000000085d00000|  0%| F|  |TAMS 0x0000000085c00000, 0x0000000085c00000| Untracked 
|  93|0x0000000085d00000, 0x0000000085d00000, 0x0000000085e00000|  0%| F|  |TAMS 0x0000000085d00000, 0x0000000085d00000| Untracked 
|  94|0x0000000085e00000, 0x0000000085e00000, 0x0000000085f00000|  0%| F|  |TAMS 0x0000000085e00000, 0x0000000085e00000| Untracked 
|  95|0x0000000085f00000, 0x0000000085f00000, 0x0000000086000000|  0%| F|  |TAMS 0x0000000085f00000, 0x0000000085f00000| Untracked 
|  96|0x0000000086000000, 0x0000000086000000, 0x0000000086100000|  0%| F|  |TAMS 0x0000000086000000, 0x0000000086000000| Untracked 
|  97|0x0000000086100000, 0x0000000086100000, 0x0000000086200000|  0%| F|  |TAMS 0x0000000086100000, 0x0000000086100000| Untracked 
|  98|0x0000000086200000, 0x0000000086200000, 0x0000000086300000|  0%| F|  |TAMS 0x0000000086200000, 0x0000000086200000| Untracked 
|  99|0x0000000086300000, 0x0000000086300000, 0x0000000086400000|  0%| F|  |TAMS 0x0000000086300000, 0x0000000086300000| Untracked 
| 100|0x0000000086400000, 0x0000000086400000, 0x0000000086500000|  0%| F|  |TAMS 0x0000000086400000, 0x0000000086400000| Untracked 
| 101|0x0000000086500000, 0x0000000086500000, 0x0000000086600000|  0%| F|  |TAMS 0x0000000086500000, 0x0000000086500000| Untracked 
| 102|0x0000000086600000, 0x0000000086600000, 0x0000000086700000|  0%| F|  |TAMS 0x0000000086600000, 0x0000000086600000| Untracked 
| 103|0x0000000086700000, 0x0000000086700000, 0x0000000086800000|  0%| F|  |TAMS 0x0000000086700000, 0x0000000086700000| Untracked 
| 104|0x0000000086800000, 0x0000000086800000, 0x0000000086900000|  0%| F|  |TAMS 0x0000000086800000, 0x0000000086800000| Untracked 
| 105|0x0000000086900000, 0x0000000086900000, 0x0000000086a00000|  0%| F|  |TAMS 0x0000000086900000, 0x0000000086900000| Untracked 
| 106|0x0000000086a00000, 0x0000000086a00000, 0x0000000086b00000|  0%| F|  |TAMS 0x0000000086a00000, 0x0000000086a00000| Untracked 
| 107|0x0000000086b00000, 0x0000000086b00000, 0x0000000086c00000|  0%| F|  |TAMS 0x0000000086b00000, 0x0000000086b00000| Untracked 
| 108|0x0000000086c00000, 0x0000000086c00000, 0x0000000086d00000|  0%| F|  |TAMS 0x0000000086c00000, 0x0000000086c00000| Untracked 
| 109|0x0000000086d00000, 0x0000000086d00000, 0x0000000086e00000|  0%| F|  |TAMS 0x0000000086d00000, 0x0000000086d00000| Untracked 
| 110|0x0000000086e00000, 0x0000000086e00000, 0x0000000086f00000|  0%| F|  |TAMS 0x0000000086e00000, 0x0000000086e00000| Untracked 
| 111|0x0000000086f00000, 0x0000000086f00000, 0x0000000087000000|  0%| F|  |TAMS 0x0000000086f00000, 0x0000000086f00000| Untracked 
| 112|0x0000000087000000, 0x0000000087000000, 0x0000000087100000|  0%| F|  |TAMS 0x0000000087000000, 0x0000000087000000| Untracked 
| 113|0x0000000087100000, 0x0000000087100000, 0x0000000087200000|  0%| F|  |TAMS 0x0000000087100000, 0x0000000087100000| Untracked 
| 114|0x0000000087200000, 0x0000000087200000, 0x0000000087300000|  0%| F|  |TAMS 0x0000000087200000, 0x0000000087200000| Untracked 
| 115|0x0000000087300000, 0x0000000087300000, 0x0000000087400000|  0%| F|  |TAMS 0x0000000087300000, 0x0000000087300000| Untracked 
| 116|0x0000000087400000, 0x0000000087400000, 0x0000000087500000|  0%| F|  |TAMS 0x0000000087400000, 0x0000000087400000| Untracked 
| 117|0x0000000087500000, 0x0000000087500000, 0x0000000087600000|  0%| F|  |TAMS 0x0000000087500000, 0x0000000087500000| Untracked 
| 118|0x0000000087600000, 0x0000000087600000, 0x0000000087700000|  0%| F|  |TAMS 0x0000000087600000, 0x0000000087600000| Untracked 
| 119|0x0000000087700000, 0x0000000087700000, 0x0000000087800000|  0%| F|  |TAMS 0x0000000087700000, 0x0000000087700000| Untracked 
| 120|0x0000000087800000, 0x0000000087800000, 0x0000000087900000|  0%| F|  |TAMS 0x0000000087800000, 0x0000000087800000| Untracked 
| 121|0x0000000087900000, 0x0000000087900000, 0x0000000087a00000|  0%| F|  |TAMS 0x0000000087900000, 0x0000000087900000| Untracked 
| 122|0x0000000087a00000, 0x0000000087a00000, 0x0000000087b00000|  0%| F|  |TAMS 0x0000000087a00000, 0x0000000087a00000| Untracked 
| 123|0x0000000087b00000, 0x0000000087b00000, 0x0000000087c00000|  0%| F|  |TAMS 0x0000000087b00000, 0x0000000087b00000| Untracked 
| 124|0x0000000087c00000, 0x0000000087c00000, 0x0000000087d00000|  0%| F|  |TAMS 0x0000000087c00000, 0x0000000087c00000| Untracked 
| 125|0x0000000087d00000, 0x0000000087d00000, 0x0000000087e00000|  0%| F|  |TAMS 0x0000000087d00000, 0x0000000087d00000| Untracked 
| 126|0x0000000087e00000, 0x0000000087e00000, 0x0000000087f00000|  0%| F|  |TAMS 0x0000000087e00000, 0x0000000087e00000| Untracked 
| 127|0x0000000087f00000, 0x0000000087f00000, 0x0000000088000000|  0%| F|  |TAMS 0x0000000087f00000, 0x0000000087f00000| Untracked 
| 128|0x0000000088000000, 0x0000000088000000, 0x0000000088100000|  0%| F|  |TAMS 0x0000000088000000, 0x0000000088000000| Untracked 
| 129|0x0000000088100000, 0x0000000088100000, 0x0000000088200000|  0%| F|  |TAMS 0x0000000088100000, 0x0000000088100000| Untracked 
| 130|0x0000000088200000, 0x0000000088200000, 0x0000000088300000|  0%| F|  |TAMS 0x0000000088200000, 0x0000000088200000| Untracked 
| 131|0x0000000088300000, 0x0000000088300000, 0x0000000088400000|  0%| F|  |TAMS 0x0000000088300000, 0x0000000088300000| Untracked 
| 132|0x0000000088400000, 0x0000000088400000, 0x0000000088500000|  0%| F|  |TAMS 0x0000000088400000, 0x0000000088400000| Untracked 
| 133|0x0000000088500000, 0x0000000088500000, 0x0000000088600000|  0%| F|  |TAMS 0x0000000088500000, 0x0000000088500000| Untracked 
| 134|0x0000000088600000, 0x0000000088600000, 0x0000000088700000|  0%| F|  |TAMS 0x0000000088600000, 0x0000000088600000| Untracked 
| 135|0x0000000088700000, 0x0000000088700000, 0x0000000088800000|  0%| F|  |TAMS 0x0000000088700000, 0x0000000088700000| Untracked 
| 136|0x0000000088800000, 0x0000000088800000, 0x0000000088900000|  0%| F|  |TAMS 0x0000000088800000, 0x0000000088800000| Untracked 
| 137|0x0000000088900000, 0x0000000088900000, 0x0000000088a00000|  0%| F|  |TAMS 0x0000000088900000, 0x0000000088900000| Untracked 
| 138|0x0000000088a00000, 0x0000000088a00000, 0x0000000088b00000|  0%| F|  |TAMS 0x0000000088a00000, 0x0000000088a00000| Untracked 
| 139|0x0000000088b00000, 0x0000000088b00000, 0x0000000088c00000|  0%| F|  |TAMS 0x0000000088b00000, 0x0000000088b00000| Untracked 
| 140|0x0000000088c00000, 0x0000000088c00000, 0x0000000088d00000|  0%| F|  |TAMS 0x0000000088c00000, 0x0000000088c00000| Untracked 
| 141|0x0000000088d00000, 0x0000000088d00000, 0x0000000088e00000|  0%| F|  |TAMS 0x0000000088d00000, 0x0000000088d00000| Untracked 
| 142|0x0000000088e00000, 0x0000000088e00000, 0x0000000088f00000|  0%| F|  |TAMS 0x0000000088e00000, 0x0000000088e00000| Untracked 
| 143|0x0000000088f00000, 0x0000000088f00000, 0x0000000089000000|  0%| F|  |TAMS 0x0000000088f00000, 0x0000000088f00000| Untracked 
| 144|0x0000000089000000, 0x000000008907bac8, 0x0000000089100000| 48%| S|CS|TAMS 0x0000000089000000, 0x0000000089000000| Complete 
| 145|0x0000000089100000, 0x0000000089100000, 0x0000000089200000|  0%| F|  |TAMS 0x0000000089100000, 0x0000000089100000| Untracked 
| 146|0x0000000089200000, 0x0000000089200000, 0x0000000089300000|  0%| F|  |TAMS 0x0000000089200000, 0x0000000089200000| Untracked 
| 147|0x0000000089300000, 0x0000000089300000, 0x0000000089400000|  0%| F|  |TAMS 0x0000000089300000, 0x0000000089300000| Untracked 
|2044|0x00000000ffc00000, 0x00000000ffd00000, 0x00000000ffd00000|100%| O|  |TAMS 0x00000000ffd00000, 0x00000000ffc00000| Untracked 
|2045|0x00000000ffd00000, 0x00000000ffe00000, 0x00000000ffe00000|100%| O|  |TAMS 0x00000000ffe00000, 0x00000000ffd00000| Untracked 
|2046|0x00000000ffe00000, 0x00000000fff00000, 0x00000000fff00000|100%| O|  |TAMS 0x00000000fff00000, 0x00000000ffe00000| Untracked 
|2047|0x00000000fff00000, 0x0000000100000000, 0x0000000100000000|100%| O|  |TAMS 0x0000000100000000, 0x00000000fff00000| Untracked 

Card table byte_map: [0x0000026a27b40000,0x0000026a27f40000] _byte_map_base: 0x0000026a27740000

Marking Bits (Prev, Next): (CMBitMap*) 0x0000026a0ea6b8d0, (CMBitMap*) 0x0000026a0ea6b910
 Prev Bits: [0x0000026a28340000, 0x0000026a2a340000)
 Next Bits: [0x0000026a2a340000, 0x0000026a2c340000)

Polling page: 0x0000026a0e8f0000

Metaspace:

Usage:
  Non-class:     54.43 MB used.
      Class:      8.67 MB used.
       Both:     63.10 MB used.

Virtual space:
  Non-class space:       64.00 MB reserved,      54.75 MB ( 86%) committed,  1 nodes.
      Class space:        1.00 GB reserved,       9.00 MB ( <1%) committed,  1 nodes.
             Both:        1.06 GB reserved,      63.75 MB (  6%) committed. 

Chunk freelists:
   Non-Class:  8.73 MB
       Class:  6.86 MB
        Both:  15.59 MB

MaxMetaspaceSize: unlimited
CompressedClassSpaceSize: 1.00 GB
Initial GC threshold: 21.00 MB
Current GC threshold: 103.44 MB
CDS: on
MetaspaceReclaimPolicy: balanced
 - commit_granule_bytes: 65536.
 - commit_granule_words: 8192.
 - virtual_space_node_default_size: 8388608.
 - enlarge_chunks_in_place: 1.
 - new_chunks_are_fully_committed: 0.
 - uncommit_free_chunks: 1.
 - use_allocation_guard: 0.
 - handle_deallocations: 1.


Internal statistics:

num_allocs_failed_limit: 6.
num_arena_births: 784.
num_arena_deaths: 0.
num_vsnodes_births: 2.
num_vsnodes_deaths: 0.
num_space_committed: 1020.
num_space_uncommitted: 0.
num_chunks_returned_to_freelist: 6.
num_chunks_taken_from_freelist: 3407.
num_chunk_merges: 6.
num_chunk_splits: 2254.
num_chunks_enlarged: 1528.
num_inconsistent_stats: 0.

CodeHeap 'non-profiled nmethods': size=120000Kb used=3284Kb max_used=3284Kb free=116715Kb
 bounds [0x0000026a20210000, 0x0000026a20550000, 0x0000026a27740000]
CodeHeap 'profiled nmethods': size=120000Kb used=13789Kb max_used=13789Kb free=106210Kb
 bounds [0x0000026a18740000, 0x0000026a194c0000, 0x0000026a1fc70000]
CodeHeap 'non-nmethods': size=5760Kb used=1675Kb max_used=1754Kb free=4084Kb
 bounds [0x0000026a1fc70000, 0x0000026a1fee0000, 0x0000026a20210000]
 total_blobs=8711 nmethods=7953 adapters=670
 compilation: enabled
              stopped_count=0, restarted_count=0
 full_count=0

Compilation events (20 events):
Event: 20.011 Thread 0x0000026a2e821970 9046       2       org.objectweb.asm.ByteVector::putInt (74 bytes)
Event: 20.011 Thread 0x0000026a2e821970 nmethod 9046 0x0000026a194b4d90 code [0x0000026a194b4f40, 0x0000026a194b5148]
Event: 20.012 Thread 0x0000026a2e821970 9047       1       org.objectweb.asm.MethodWriter::hasAsmInstructions (5 bytes)
Event: 20.012 Thread 0x0000026a2e821970 nmethod 9047 0x0000026a20544290 code [0x0000026a20544420, 0x0000026a205444f8]
Event: 20.013 Thread 0x0000026a2e821970 9048       2       sun.reflect.generics.scope.AbstractScope::lookup (66 bytes)
Event: 20.013 Thread 0x0000026a2e821970 nmethod 9048 0x0000026a194b5310 code [0x0000026a194b5500, 0x0000026a194b5868]
Event: 20.013 Thread 0x0000026a2e821970 9049       1       sun.reflect.generics.tree.ClassSignature::getSuperInterfaces (5 bytes)
Event: 20.013 Thread 0x0000026a2e821970 nmethod 9049 0x0000026a20544590 code [0x0000026a20544720, 0x0000026a205447f8]
Event: 20.026 Thread 0x0000026a2e821970 9050       1       kotlin.collections.EmptyList::getSize (2 bytes)
Event: 20.026 Thread 0x0000026a2e821970 nmethod 9050 0x0000026a20544890 code [0x0000026a20544a20, 0x0000026a20544af8]
Event: 20.027 Thread 0x0000026a2e821970 9051       2       org.objectweb.asm.MethodWriter::visitAbstractType (8 bytes)
Event: 20.027 Thread 0x0000026a2e821970 nmethod 9051 0x0000026a194b5a90 code [0x0000026a194b5c20, 0x0000026a194b5d58]
Event: 20.027 Thread 0x0000026a2e821970 9052 %     3       org.objectweb.asm.ByteVector::putUTF8 @ 76 (144 bytes)
Event: 20.028 Thread 0x0000026a2e821970 nmethod 9052% 0x0000026a194b5e90 code [0x0000026a194b6120, 0x0000026a194b6d88]
Event: 20.028 Thread 0x0000026a2e821970 9053       1       org.objectweb.asm.SymbolTable::getClassName (5 bytes)
Event: 20.028 Thread 0x0000026a2e821970 nmethod 9053 0x0000026a20544b90 code [0x0000026a20544d20, 0x0000026a20544df8]
Event: 20.028 Thread 0x0000026a2e821970 9055       2       java.util.TreeMap::rotateRight (96 bytes)
Event: 20.028 Thread 0x0000026a2e821970 nmethod 9055 0x0000026a194b7310 code [0x0000026a194b74e0, 0x0000026a194b7918]
Event: 20.029 Thread 0x0000026a2e821970 9056       1       org.gradle.internal.instantiation.generator.AsmBackedClassGenerator$ClassBuilderImpl::access$7600 (5 bytes)
Event: 20.029 Thread 0x0000026a2e821970 nmethod 9056 0x0000026a20544e90 code [0x0000026a20545020, 0x0000026a205450d8]

GC Heap History (20 events):
Event: 15.916 GC heap after
{Heap after GC invocations=23 (full 0):
 garbage-first heap   total 95232K, used 47428K [0x0000000080000000, 0x0000000100000000)
  region size 1024K, 4 young (4096K), 4 survivors (4096K)
 Metaspace       used 51589K, committed 52096K, reserved 1114112K
  class space    used 7246K, committed 7488K, reserved 1048576K
}
Event: 16.199 GC heap before
{Heap before GC invocations=24 (full 0):
 garbage-first heap   total 97280K, used 75076K [0x0000000080000000, 0x0000000100000000)
  region size 1024K, 32 young (32768K), 4 survivors (4096K)
 Metaspace       used 51601K, committed 52096K, reserved 1114112K
  class space    used 7247K, committed 7488K, reserved 1048576K
}
Event: 16.204 GC heap after
{Heap after GC invocations=25 (full 0):
 garbage-first heap   total 97280K, used 47736K [0x0000000080000000, 0x0000000100000000)
  region size 1024K, 3 young (3072K), 3 survivors (3072K)
 Metaspace       used 51601K, committed 52096K, reserved 1114112K
  class space    used 7247K, committed 7488K, reserved 1048576K
}
Event: 16.477 GC heap before
{Heap before GC invocations=25 (full 0):
 garbage-first heap   total 97280K, used 76408K [0x0000000080000000, 0x0000000100000000)
  region size 1024K, 32 young (32768K), 3 survivors (3072K)
 Metaspace       used 51601K, committed 52096K, reserved 1114112K
  class space    used 7247K, committed 7488K, reserved 1048576K
}
Event: 16.482 GC heap after
{Heap after GC invocations=26 (full 0):
 garbage-first heap   total 116736K, used 48755K [0x0000000080000000, 0x0000000100000000)
  region size 1024K, 4 young (4096K), 4 survivors (4096K)
 Metaspace       used 51601K, committed 52096K, reserved 1114112K
  class space    used 7247K, committed 7488K, reserved 1048576K
}
Event: 17.676 GC heap before
{Heap before GC invocations=27 (full 0):
 garbage-first heap   total 116736K, used 107123K [0x0000000080000000, 0x0000000100000000)
  region size 1024K, 47 young (48128K), 4 survivors (4096K)
 Metaspace       used 53761K, committed 54336K, reserved 1114112K
  class space    used 7547K, committed 7808K, reserved 1048576K
}
Event: 17.685 GC heap after
{Heap after GC invocations=28 (full 0):
 garbage-first heap   total 120832K, used 71221K [0x0000000080000000, 0x0000000100000000)
  region size 1024K, 6 young (6144K), 6 survivors (6144K)
 Metaspace       used 53761K, committed 54336K, reserved 1114112K
  class space    used 7547K, committed 7808K, reserved 1048576K
}
Event: 17.694 GC heap before
{Heap before GC invocations=28 (full 0):
 garbage-first heap   total 120832K, used 72245K [0x0000000080000000, 0x0000000100000000)
  region size 1024K, 7 young (7168K), 6 survivors (6144K)
 Metaspace       used 53794K, committed 54400K, reserved 1114112K
  class space    used 7550K, committed 7808K, reserved 1048576K
}
Event: 17.702 GC heap after
{Heap after GC invocations=29 (full 0):
 garbage-first heap   total 120832K, used 71404K [0x0000000080000000, 0x0000000100000000)
  region size 1024K, 1 young (1024K), 1 survivors (1024K)
 Metaspace       used 53794K, committed 54400K, reserved 1114112K
  class space    used 7550K, committed 7808K, reserved 1048576K
}
Event: 18.225 GC heap before
{Heap before GC invocations=29 (full 0):
 garbage-first heap   total 120832K, used 95980K [0x0000000080000000, 0x0000000100000000)
  region size 1024K, 26 young (26624K), 1 survivors (1024K)
 Metaspace       used 55904K, committed 56512K, reserved 1114112K
  class space    used 7805K, committed 8064K, reserved 1048576K
}
Event: 18.229 GC heap after
{Heap after GC invocations=30 (full 0):
 garbage-first heap   total 120832K, used 72142K [0x0000000080000000, 0x0000000100000000)
  region size 1024K, 2 young (2048K), 2 survivors (2048K)
 Metaspace       used 55904K, committed 56512K, reserved 1114112K
  class space    used 7805K, committed 8064K, reserved 1048576K
}
Event: 18.668 GC heap before
{Heap before GC invocations=31 (full 0):
 garbage-first heap   total 135168K, used 96718K [0x0000000080000000, 0x0000000100000000)
  region size 1024K, 26 young (26624K), 2 survivors (2048K)
 Metaspace       used 58351K, committed 59072K, reserved 1114112K
  class space    used 8050K, committed 8384K, reserved 1048576K
}
Event: 18.671 GC heap after
{Heap after GC invocations=32 (full 0):
 garbage-first heap   total 135168K, used 72132K [0x0000000080000000, 0x0000000100000000)
  region size 1024K, 2 young (2048K), 2 survivors (2048K)
 Metaspace       used 58351K, committed 59072K, reserved 1114112K
  class space    used 8050K, committed 8384K, reserved 1048576K
}
Event: 18.731 GC heap before
{Heap before GC invocations=32 (full 0):
 garbage-first heap   total 135168K, used 75204K [0x0000000080000000, 0x0000000100000000)
  region size 1024K, 6 young (6144K), 2 survivors (2048K)
 Metaspace       used 58814K, committed 59520K, reserved 1114112K
  class space    used 8091K, committed 8448K, reserved 1048576K
}
Event: 18.737 GC heap after
{Heap after GC invocations=33 (full 0):
 garbage-first heap   total 135168K, used 71657K [0x0000000080000000, 0x0000000100000000)
  region size 1024K, 1 young (1024K), 1 survivors (1024K)
 Metaspace       used 58814K, committed 59520K, reserved 1114112K
  class space    used 8091K, committed 8448K, reserved 1048576K
}
Event: 19.473 GC heap before
{Heap before GC invocations=33 (full 0):
 garbage-first heap   total 135168K, used 106473K [0x0000000080000000, 0x0000000100000000)
  region size 1024K, 36 young (36864K), 1 survivors (1024K)
 Metaspace       used 62915K, committed 63552K, reserved 1114112K
  class space    used 8637K, committed 8960K, reserved 1048576K
}
Event: 19.482 GC heap after
{Heap after GC invocations=34 (full 0):
 garbage-first heap   total 135168K, used 74179K [0x0000000080000000, 0x0000000100000000)
  region size 1024K, 4 young (4096K), 4 survivors (4096K)
 Metaspace       used 62915K, committed 63552K, reserved 1114112K
  class space    used 8637K, committed 8960K, reserved 1048576K
}
Event: 19.992 GC heap before
{Heap before GC invocations=35 (full 0):
 garbage-first heap   total 155648K, used 113091K [0x0000000080000000, 0x0000000100000000)
  region size 1024K, 37 young (37888K), 4 survivors (4096K)
 Metaspace       used 64423K, committed 65024K, reserved 1114112K
  class space    used 8857K, committed 9152K, reserved 1048576K
}
Event: 20.000 GC heap after
{Heap after GC invocations=36 (full 0):
 garbage-first heap   total 155648K, used 78435K [0x0000000080000000, 0x0000000100000000)
  region size 1024K, 4 young (4096K), 4 survivors (4096K)
 Metaspace       used 64423K, committed 65024K, reserved 1114112K
  class space    used 8857K, committed 9152K, reserved 1048576K
}
Event: 20.035 GC heap before
{Heap before GC invocations=36 (full 0):
 garbage-first heap   total 155648K, used 81507K [0x0000000080000000, 0x0000000100000000)
  region size 1024K, 7 young (7168K), 4 survivors (4096K)
 Metaspace       used 64615K, committed 65280K, reserved 1114112K
  class space    used 8879K, committed 9216K, reserved 1048576K
}

Dll operation events (15 events):
Event: 0.011 Loaded shared library C:\Users\Dell\.jdks\ms-17.0.17\bin\java.dll
Event: 0.035 Loaded shared library C:\Users\Dell\.jdks\ms-17.0.17\bin\jsvml.dll
Event: 0.123 Loaded shared library C:\Users\Dell\.jdks\ms-17.0.17\bin\zip.dll
Event: 0.126 Loaded shared library C:\Users\Dell\.jdks\ms-17.0.17\bin\instrument.dll
Event: 0.137 Loaded shared library C:\Users\Dell\.jdks\ms-17.0.17\bin\net.dll
Event: 0.140 Loaded shared library C:\Users\Dell\.jdks\ms-17.0.17\bin\nio.dll
Event: 0.144 Loaded shared library C:\Users\Dell\.jdks\ms-17.0.17\bin\zip.dll
Event: 0.564 Loaded shared library C:\Users\Dell\.jdks\ms-17.0.17\bin\jimage.dll
Event: 0.879 Loaded shared library C:\Users\Dell\.jdks\ms-17.0.17\bin\verify.dll
Event: 1.012 Loaded shared library C:\Users\Dell\.gradle\native\1def1411415f61bf3af743bc5b6707747c0891f09f0c88961ee8f79bc544acac\windows-amd64\native-platform.dll
Event: 1.039 Loaded shared library C:\Users\Dell\.gradle\native\0.2.7\x86_64-windows-gnu\gradle-fileevents.dll
Event: 2.736 Loaded shared library C:\Users\Dell\.jdks\ms-17.0.17\bin\management.dll
Event: 2.744 Loaded shared library C:\Users\Dell\.jdks\ms-17.0.17\bin\management_ext.dll
Event: 3.118 Loaded shared library C:\Users\Dell\.jdks\ms-17.0.17\bin\extnet.dll
Event: 4.153 Loaded shared library C:\Users\Dell\.jdks\ms-17.0.17\bin\sunmscapi.dll

Deoptimization events (20 events):
Event: 19.544 Thread 0x0000026a754687f0 DEOPT PACKING pc=0x0000026a19453286 sp=0x000000f3fc4f2530
Event: 19.544 Thread 0x0000026a754687f0 DEOPT UNPACKING pc=0x0000026a1fcc7143 sp=0x000000f3fc4f19c0 mode 0
Event: 19.544 Thread 0x0000026a754687f0 DEOPT PACKING pc=0x0000026a19453286 sp=0x000000f3fc4f26d0
Event: 19.544 Thread 0x0000026a754687f0 DEOPT UNPACKING pc=0x0000026a1fcc7143 sp=0x000000f3fc4f1b60 mode 0
Event: 19.554 Thread 0x0000026a754687f0 DEOPT PACKING pc=0x0000026a1945d77e sp=0x000000f3fc4f1f70
Event: 19.554 Thread 0x0000026a754687f0 DEOPT UNPACKING pc=0x0000026a1fcc7143 sp=0x000000f3fc4f13f0 mode 0
Event: 19.689 Thread 0x0000026a754687f0 DEOPT PACKING pc=0x0000026a19222ba9 sp=0x000000f3fc4f5ab0
Event: 19.689 Thread 0x0000026a754687f0 DEOPT UNPACKING pc=0x0000026a1fcc7143 sp=0x000000f3fc4f4fc0 mode 0
Event: 19.705 Thread 0x0000026a754687f0 DEOPT PACKING pc=0x0000026a19222bca sp=0x000000f3fc4f5cb0
Event: 19.705 Thread 0x0000026a754687f0 DEOPT UNPACKING pc=0x0000026a1fcc7143 sp=0x000000f3fc4f51c0 mode 0
Event: 19.731 Thread 0x0000026a754687f0 DEOPT PACKING pc=0x0000026a19222ba9 sp=0x000000f3fc4f5e20
Event: 19.731 Thread 0x0000026a754687f0 DEOPT UNPACKING pc=0x0000026a1fcc7143 sp=0x000000f3fc4f5330 mode 0
Event: 19.844 Thread 0x0000026a754687f0 Uncommon trap: trap_request=0xffffffc6 fr.pc=0x0000026a202382a0 relative=0x0000000000000060
Event: 19.844 Thread 0x0000026a754687f0 Uncommon trap: reason=bimorphic_or_optimized_type_check action=maybe_recompile pc=0x0000026a202382a0 method=java.util.AbstractQueue.add(Ljava/lang/Object;)Z @ 2 c2
Event: 19.844 Thread 0x0000026a754687f0 DEOPT PACKING pc=0x0000026a202382a0 sp=0x000000f3fc4f6e00
Event: 19.844 Thread 0x0000026a754687f0 DEOPT UNPACKING pc=0x0000026a1fcc69a3 sp=0x000000f3fc4f6dc8 mode 2
Event: 19.844 Thread 0x0000026a754687f0 Uncommon trap: trap_request=0xffffffc6 fr.pc=0x0000026a202382a0 relative=0x0000000000000060
Event: 19.844 Thread 0x0000026a754687f0 Uncommon trap: reason=bimorphic_or_optimized_type_check action=maybe_recompile pc=0x0000026a202382a0 method=java.util.AbstractQueue.add(Ljava/lang/Object;)Z @ 2 c2
Event: 19.844 Thread 0x0000026a754687f0 DEOPT PACKING pc=0x0000026a202382a0 sp=0x000000f3fc4f6e00
Event: 19.844 Thread 0x0000026a754687f0 DEOPT UNPACKING pc=0x0000026a1fcc69a3 sp=0x000000f3fc4f6dc8 mode 2

Classes loaded (20 events):
Event: 19.453 Loading class java/security/interfaces/XECKey
Event: 19.453 Loading class java/security/interfaces/XECKey done
Event: 19.453 Loading class sun/security/util/KeyUtil
Event: 19.454 Loading class sun/security/util/KeyUtil done
Event: 19.454 Loading class sun/security/util/Length
Event: 19.454 Loading class sun/security/util/Length done
Event: 19.454 Loading class javax/crypto/SecretKey
Event: 19.455 Loading class javax/crypto/SecretKey done
Event: 19.456 Loading class java/util/Base64
Event: 19.456 Loading class java/util/Base64 done
Event: 19.456 Loading class java/util/Base64$Decoder
Event: 19.456 Loading class java/util/Base64$Decoder done
Event: 19.456 Loading class java/util/Base64$Encoder
Event: 19.457 Loading class java/util/Base64$Encoder done
Event: 19.459 Loading class java/util/jar/JarVerifier$VerifierStream
Event: 19.459 Loading class java/util/jar/JarVerifier$VerifierStream done
Event: 19.460 Loading class sun/security/util/ManifestEntryVerifier$SunProviderHolder
Event: 19.460 Loading class sun/security/util/ManifestEntryVerifier$SunProviderHolder done
Event: 19.610 Loading class java/security/KeyStore$ProtectionParameter
Event: 19.610 Loading class java/security/KeyStore$ProtectionParameter done

Classes unloaded (0 events):
No events

Classes redefined (0 events):
No events

Internal exceptions (20 events):
Event: 14.163 Thread 0x0000026a754687f0 Exception <a 'java/lang/NoSuchMethodError'{0x0000000084fdc0c0}: 'java.lang.Object java.lang.invoke.DirectMethodHandle$Holder.newInvokeSpecial(java.lang.Object, java.lang.Object, java.lang.Object, java.lang.Object, int, java.lang.Object)'> (0x0000000084fdc0c0) 
thrown [s\src\hotspot\share\interpreter\linkResolver.cpp, line 759]
Event: 14.164 Thread 0x0000026a754687f0 Exception <a 'java/lang/NoSuchMethodError'{0x0000000084fe4f50}: 'java.lang.Object java.lang.invoke.Invokers$Holder.linkToTargetMethod(java.lang.Object, java.lang.Object, java.lang.Object, int, java.lang.Object, java.lang.Object)'> (0x0000000084fe4f50) 
thrown [s\src\hotspot\share\interpreter\linkResolver.cpp, line 759]
Event: 14.890 Thread 0x0000026a754687f0 Exception <a 'java/lang/NoSuchMethodError'{0x000000008476f2b0}: 'java.lang.Object java.lang.invoke.DirectMethodHandle$Holder.invokeSpecialIFC(java.lang.Object, java.lang.Object, java.lang.Object)'> (0x000000008476f2b0) 
thrown [s\src\hotspot\share\interpreter\linkResolver.cpp, line 759]
Event: 16.535 Thread 0x0000026a754687f0 Exception <a 'java/lang/NoSuchMethodError'{0x0000000086f71f30}: 'long java.lang.invoke.DirectMethodHandle$Holder.invokeVirtual(java.lang.Object, java.lang.Object)'> (0x0000000086f71f30) 
thrown [s\src\hotspot\share\interpreter\linkResolver.cpp, line 759]
Event: 16.546 Thread 0x0000026a75466480 Exception <a 'java/lang/NoSuchMethodError'{0x0000000086fae128}: static Lorg/gradle/internal/build/event/types/DefaultOperationFinishedProgressEvent;.<clinit>()V> (0x0000000086fae128) 
thrown [s\src\hotspot\share\prims\jni.cpp, line 1112]
Event: 16.549 Thread 0x0000026a75466480 Exception <a 'java/lang/NoSuchMethodError'{0x0000000086fd8520}: static Lorg/gradle/internal/build/event/types/DefaultProjectConfigurationSuccessResult;.<clinit>()V> (0x0000000086fd8520) 
thrown [s\src\hotspot\share\prims\jni.cpp, line 1112]
Event: 16.550 Thread 0x0000026a75466480 Exception <a 'java/lang/NoSuchMethodError'{0x0000000086fd9ab8}: static Lorg/gradle/internal/build/event/types/AbstractProjectConfigurationResult;.<clinit>()V> (0x0000000086fd9ab8) 
thrown [s\src\hotspot\share\prims\jni.cpp, line 1112]
Event: 16.550 Thread 0x0000026a75466480 Exception <a 'java/lang/NoSuchMethodError'{0x0000000086fdb200}: static Lorg/gradle/internal/build/event/types/AbstractOperationResult;.<clinit>()V> (0x0000000086fdb200) 
thrown [s\src\hotspot\share\prims\jni.cpp, line 1112]
Event: 16.550 Thread 0x0000026a75466480 Exception <a 'java/lang/NoSuchMethodError'{0x0000000086fdc678}: static Lorg/gradle/internal/build/event/types/AbstractResult;.<clinit>()V> (0x0000000086fdc678) 
thrown [s\src\hotspot\share\prims\jni.cpp, line 1112]
Event: 16.552 Thread 0x0000026a75466480 Exception <a 'java/lang/NoSuchMethodError'{0x0000000086ff5318}: static Lorg/gradle/internal/build/event/types/DefaultPluginApplicationResult;.<clinit>()V> (0x0000000086ff5318) 
thrown [s\src\hotspot\share\prims\jni.cpp, line 1112]
Event: 16.553 Thread 0x0000026a75466480 Exception <a 'java/lang/NoSuchMethodError'{0x0000000086e01d28}: static Lorg/gradle/internal/build/event/types/DefaultBinaryPluginIdentifier;.<clinit>()V> (0x0000000086e01d28) 
thrown [s\src\hotspot\share\prims\jni.cpp, line 1112]
Event: 16.556 Thread 0x0000026a75466480 Exception <a 'java/lang/NoSuchMethodError'{0x0000000086e1baf0}: static Lorg/gradle/internal/build/event/types/DefaultScriptPluginIdentifier;.<clinit>()V> (0x0000000086e1baf0) 
thrown [s\src\hotspot\share\prims\jni.cpp, line 1112]
Event: 16.802 Thread 0x0000026a754687f0 Exception <a 'java/lang/NoSuchMethodError'{0x00000000867f9460}: 'void java.lang.invoke.Invokers$Holder.invoke_MT(java.lang.Object, java.lang.Object, java.lang.Object, java.lang.Object)'> (0x00000000867f9460) 
thrown [s\src\hotspot\share\interpreter\linkResolver.cpp, line 759]
Event: 16.817 Thread 0x0000026a754687f0 Exception <a 'java/lang/NoSuchMethodError'{0x0000000086670788}: 'java.lang.Object java.lang.invoke.DirectMethodHandle$Holder.invokeStaticInit(java.lang.Object, java.lang.Object, java.lang.Object, java.lang.Object, java.lang.Object, java.lang.Object, java.lang.Object)'> (0x0000000086670788) 
thrown [s\src\hotspot\share\interpreter\linkResolver.cpp, line 759]
Event: 16.825 Thread 0x0000026a754687f0 Exception <a 'java/lang/NoSuchMethodError'{0x000000008669ad18}: 'java.lang.Object java.lang.invoke.DirectMethodHandle$Holder.invokeSpecial(java.lang.Object, java.lang.Object, java.lang.Object, int, java.lang.Object, java.lang.Object)'> (0x000000008669ad18) 
thrown [s\src\hotspot\share\interpreter\linkResolver.cpp, line 759]
Event: 17.188 Thread 0x0000026a754687f0 Exception <a 'java/lang/ClassNotFoundException'{0x0000000085c53818}: sun/misc/SharedSecrets> (0x0000000085c53818) 
thrown [s\src\hotspot\share\classfile\systemDictionary.cpp, line 256]
Event: 17.188 Thread 0x0000026a754687f0 Exception <a 'java/lang/ClassNotFoundException'{0x0000000085c54df0}: org/gradle/api/internal/plugins/DefaultObjectConfigurationActionBeanInfo> (0x0000000085c54df0) 
thrown [s\src\hotspot\share\classfile\systemDictionary.cpp, line 256]
Event: 17.190 Thread 0x0000026a754687f0 Exception <a 'java/lang/ClassNotFoundException'{0x0000000085c6a988}: org/gradle/api/internal/plugins/DefaultObjectConfigurationActionCustomizer> (0x0000000085c6a988) 
thrown [s\src\hotspot\share\classfile\systemDictionary.cpp, line 256]
Event: 19.169 Thread 0x0000026a754687f0 Exception <a 'java/lang/NoSuchMethodError'{0x00000000868fa928}: 'void java.lang.invoke.DirectMethodHandle$Holder.invokeVirtual(java.lang.Object, java.lang.Object)'> (0x00000000868fa928) 
thrown [s\src\hotspot\share\interpreter\linkResolver.cpp, line 759]
Event: 19.361 Thread 0x0000026a754687f0 Implicit null exception at 0x0000026a203b06ac to 0x0000026a203b07e2

VM Operations (20 events):
Event: 18.626 Executing VM operation: HandshakeAllThreads done
Event: 18.668 Executing VM operation: G1CollectForAllocation
Event: 18.671 Executing VM operation: G1CollectForAllocation done
Event: 18.731 Executing VM operation: G1CollectForAllocation
Event: 18.737 Executing VM operation: G1CollectForAllocation done
Event: 19.069 Executing VM operation: HandshakeAllThreads
Event: 19.069 Executing VM operation: HandshakeAllThreads done
Event: 19.316 Executing VM operation: HandshakeAllThreads
Event: 19.316 Executing VM operation: HandshakeAllThreads done
Event: 19.373 Executing VM operation: HandshakeAllThreads
Event: 19.373 Executing VM operation: HandshakeAllThreads done
Event: 19.473 Executing VM operation: G1TryInitiateConcMark
Event: 19.482 Executing VM operation: G1TryInitiateConcMark done
Event: 19.597 Executing VM operation: G1PauseRemark
Event: 19.602 Executing VM operation: G1PauseRemark done
Event: 19.650 Executing VM operation: G1PauseCleanup
Event: 19.650 Executing VM operation: G1PauseCleanup done
Event: 19.992 Executing VM operation: G1CollectForAllocation
Event: 20.000 Executing VM operation: G1CollectForAllocation done
Event: 20.035 Executing VM operation: G1CollectForAllocation

Memory protections (0 events):
No events

Nmethod flushes (20 events):
Event: 15.170 Thread 0x0000026a2e852a50 flushing  nmethod 0x0000026a19245910
Event: 15.170 Thread 0x0000026a2e852a50 flushing  nmethod 0x0000026a19246c10
Event: 15.170 Thread 0x0000026a2e852a50 flushing  nmethod 0x0000026a19247c90
Event: 15.170 Thread 0x0000026a2e852a50 flushing  nmethod 0x0000026a19249910
Event: 15.170 Thread 0x0000026a2e852a50 flushing  nmethod 0x0000026a1924bf10
Event: 15.170 Thread 0x0000026a2e852a50 flushing  nmethod 0x0000026a1925e310
Event: 15.170 Thread 0x0000026a2e852a50 flushing  nmethod 0x0000026a1925ff10
Event: 15.170 Thread 0x0000026a2e852a50 flushing  nmethod 0x0000026a19278a90
Event: 15.170 Thread 0x0000026a2e852a50 flushing  nmethod 0x0000026a1927f710
Event: 15.170 Thread 0x0000026a2e852a50 flushing  nmethod 0x0000026a192b4490
Event: 18.628 Thread 0x0000026a2e852a50 flushing  nmethod 0x0000026a187c7090
Event: 18.628 Thread 0x0000026a2e852a50 flushing  nmethod 0x0000026a187f0290
Event: 18.630 Thread 0x0000026a2e852a50 flushing  nmethod 0x0000026a18991c90
Event: 18.637 Thread 0x0000026a2e852a50 flushing  nmethod 0x0000026a190ea210
Event: 18.639 Thread 0x0000026a2e852a50 flushing  nmethod 0x0000026a191f7190
Event: 18.639 Thread 0x0000026a2e852a50 flushing  nmethod 0x0000026a191f7590
Event: 18.639 Thread 0x0000026a2e852a50 flushing  nmethod 0x0000026a191f8110
Event: 18.639 Thread 0x0000026a2e852a50 flushing  nmethod 0x0000026a191f8890
Event: 18.639 Thread 0x0000026a2e852a50 flushing  nmethod 0x0000026a1921dd10
Event: 18.639 Thread 0x0000026a2e852a50 flushing  nmethod 0x0000026a19245090

Events (20 events):
Event: 5.120 Thread 0x0000026a754687f0 Thread added: 0x0000026a75466ea0
Event: 6.604 Thread 0x0000026a754687f0 Thread added: 0x0000026a75465f70
Event: 6.664 Thread 0x0000026a754687f0 Thread added: 0x0000026a754682e0
Event: 7.009 Thread 0x0000026a754687f0 Thread added: 0x0000026a754673b0
Event: 7.020 Thread 0x0000026a754687f0 Thread added: 0x0000026a74174c20
Event: 9.233 Thread 0x0000026a754687f0 Thread added: 0x0000026a74179d20
Event: 9.304 Thread 0x0000026a754687f0 Thread added: 0x0000026a74176060
Event: 9.809 Thread 0x0000026a754687f0 Thread added: 0x0000026a74175640
Event: 9.902 Thread 0x0000026a754687f0 Thread added: 0x0000026a74179300
Event: 13.989 Thread 0x0000026a754687f0 Thread added: 0x0000026a74178df0
Event: 13.989 Thread 0x0000026a754687f0 Thread added: 0x0000026a741774a0
Event: 13.990 Thread 0x0000026a754687f0 Thread added: 0x0000026a741788e0
Event: 14.223 Thread 0x0000026a754687f0 Thread added: 0x0000026a74179810
Event: 14.226 Thread 0x0000026a754687f0 Thread added: 0x0000026a741779b0
Event: 14.228 Thread 0x0000026a754687f0 Thread added: 0x0000026a74175130
Event: 14.891 Thread 0x0000026a754687f0 Thread added: 0x0000026a741783d0
Event: 14.892 Thread 0x0000026a754687f0 Thread added: 0x0000026a74174200
Event: 14.892 Thread 0x0000026a754687f0 Thread added: 0x0000026a7417a230
Event: 18.505 Thread 0x0000026a754687f0 Thread added: 0x0000026a74172dc0
Event: 19.127 Thread 0x0000026a754687f0 Thread added: 0x0000026a74176a80


Dynamic libraries:
0x00007ff669b70000 - 0x00007ff669b7e000 	C:\Users\Dell\.jdks\ms-17.0.17\bin\java.exe
0x00007fff0ec10000 - 0x00007fff0ee08000 	C:\Windows\SYSTEM32\ntdll.dll
0x00007fff0eb00000 - 0x00007fff0ebc2000 	C:\Windows\System32\KERNEL32.DLL
0x00007fff0c5f0000 - 0x00007fff0c8e6000 	C:\Windows\System32\KERNELBASE.dll
0x00007fff0c2a0000 - 0x00007fff0c3a0000 	C:\Windows\System32\ucrtbase.dll
0x00007fff04f50000 - 0x00007fff04f6e000 	C:\Users\Dell\.jdks\ms-17.0.17\bin\VCRUNTIME140.dll
0x00007fff04c90000 - 0x00007fff04ca8000 	C:\Users\Dell\.jdks\ms-17.0.17\bin\jli.dll
0x00007fff0e0d0000 - 0x00007fff0e271000 	C:\Windows\System32\USER32.dll
0x00007ffef9640000 - 0x00007ffef98db000 	C:\Windows\WinSxS\amd64_microsoft.windows.common-controls_6595b64144ccf1df_6.0.19041.6456_none_60b8a6cb71f64256\COMCTL32.dll
0x00007fff0cc00000 - 0x00007fff0cc22000 	C:\Windows\System32\win32u.dll
0x00007fff0e020000 - 0x00007fff0e0be000 	C:\Windows\System32\msvcrt.dll
0x00007fff0ead0000 - 0x00007fff0eafb000 	C:\Windows\System32\GDI32.dll
0x00007fff0c3d0000 - 0x00007fff0c4e9000 	C:\Windows\System32\gdi32full.dll
0x00007fff0c8f0000 - 0x00007fff0c98d000 	C:\Windows\System32\msvcp_win.dll
0x00007fff0d510000 - 0x00007fff0d53f000 	C:\Windows\System32\IMM32.DLL
0x00007fff07ca0000 - 0x00007fff07cac000 	C:\Users\Dell\.jdks\ms-17.0.17\bin\vcruntime140_1.dll
0x00007ffef53e0000 - 0x00007ffef5469000 	C:\Users\Dell\.jdks\ms-17.0.17\bin\msvcp140.dll
0x00007ffedd3c0000 - 0x00007ffede03a000 	C:\Users\Dell\.jdks\ms-17.0.17\bin\server\jvm.dll
0x00007fff0d770000 - 0x00007fff0d821000 	C:\Windows\System32\ADVAPI32.dll
0x00007fff0d830000 - 0x00007fff0d8cf000 	C:\Windows\System32\sechost.dll
0x00007fff0d8d0000 - 0x00007fff0d9f0000 	C:\Windows\System32\RPCRT4.dll
0x00007fff0c3a0000 - 0x00007fff0c3c7000 	C:\Windows\System32\bcrypt.dll
0x00007fff0da90000 - 0x00007fff0dafb000 	C:\Windows\System32\WS2_32.dll
0x00007fff0b7d0000 - 0x00007fff0b81b000 	C:\Windows\SYSTEM32\POWRPROF.dll
0x00007ffef95a0000 - 0x00007ffef95c7000 	C:\Windows\SYSTEM32\WINMM.dll
0x00007fff097c0000 - 0x00007fff097ca000 	C:\Windows\SYSTEM32\VERSION.dll
0x00007fff0b6a0000 - 0x00007fff0b6b2000 	C:\Windows\SYSTEM32\UMPDC.dll
0x00007fff0aab0000 - 0x00007fff0aac2000 	C:\Windows\SYSTEM32\kernel.appcore.dll
0x00007fff07590000 - 0x00007fff0759a000 	C:\Users\Dell\.jdks\ms-17.0.17\bin\jimage.dll
0x00007fff09fd0000 - 0x00007fff0a1d1000 	C:\Windows\SYSTEM32\DBGHELP.DLL
0x00007fff038f0000 - 0x00007fff03924000 	C:\Windows\SYSTEM32\dbgcore.DLL
0x00007fff0c990000 - 0x00007fff0ca12000 	C:\Windows\System32\bcryptPrimitives.dll
0x00007fff04f80000 - 0x00007fff04f8f000 	C:\Users\Dell\.jdks\ms-17.0.17\bin\instrument.dll
0x00007ffefaf30000 - 0x00007ffefaf56000 	C:\Users\Dell\.jdks\ms-17.0.17\bin\java.dll
0x00007ffee04a0000 - 0x00007ffee0576000 	C:\Users\Dell\.jdks\ms-17.0.17\bin\jsvml.dll
0x00007fff0cda0000 - 0x00007fff0d510000 	C:\Windows\System32\SHELL32.dll
0x00007fff0a1e0000 - 0x00007fff0a985000 	C:\Windows\SYSTEM32\windows.storage.dll
0x00007fff0e770000 - 0x00007fff0eac4000 	C:\Windows\System32\combase.dll
0x00007fff0bcd0000 - 0x00007fff0bcfb000 	C:\Windows\SYSTEM32\Wldp.dll
0x00007fff0e6a0000 - 0x00007fff0e76d000 	C:\Windows\System32\OLEAUT32.dll
0x00007fff0db00000 - 0x00007fff0dbad000 	C:\Windows\System32\SHCORE.dll
0x00007fff0e360000 - 0x00007fff0e3bb000 	C:\Windows\System32\shlwapi.dll
0x00007fff0c1d0000 - 0x00007fff0c1f4000 	C:\Windows\SYSTEM32\profapi.dll
0x00007ffefc020000 - 0x00007ffefc038000 	C:\Users\Dell\.jdks\ms-17.0.17\bin\zip.dll
0x00007ffefaf10000 - 0x00007ffefaf2b000 	C:\Users\Dell\.jdks\ms-17.0.17\bin\net.dll
0x00007fff00ff0000 - 0x00007fff010fa000 	C:\Windows\SYSTEM32\WINHTTP.dll
0x00007fff0ba30000 - 0x00007fff0ba9a000 	C:\Windows\system32\mswsock.dll
0x00007ffefaef0000 - 0x00007ffefaf06000 	C:\Users\Dell\.jdks\ms-17.0.17\bin\nio.dll
0x00007fff04f00000 - 0x00007fff04f10000 	C:\Users\Dell\.jdks\ms-17.0.17\bin\verify.dll
0x00007ffefa9b0000 - 0x00007ffefa9d7000 	C:\Users\Dell\.gradle\native\1def1411415f61bf3af743bc5b6707747c0891f09f0c88961ee8f79bc544acac\windows-amd64\native-platform.dll
0x00007ffeee290000 - 0x00007ffeee308000 	C:\Users\Dell\.gradle\native\0.2.7\x86_64-windows-gnu\gradle-fileevents.dll
0x00007fff04ce0000 - 0x00007fff04cea000 	C:\Users\Dell\.jdks\ms-17.0.17\bin\management.dll
0x00007fff04c00000 - 0x00007fff04c0c000 	C:\Users\Dell\.jdks\ms-17.0.17\bin\management_ext.dll
0x00007fff0e0c0000 - 0x00007fff0e0c8000 	C:\Windows\System32\PSAPI.DLL
0x00007fff0b6c0000 - 0x00007fff0b6fb000 	C:\Windows\SYSTEM32\IPHLPAPI.DLL
0x00007fff0cc90000 - 0x00007fff0cc98000 	C:\Windows\System32\NSI.dll
0x00007fff02760000 - 0x00007fff02777000 	C:\Windows\SYSTEM32\dhcpcsvc6.DLL
0x00007fff02da0000 - 0x00007fff02dbd000 	C:\Windows\SYSTEM32\dhcpcsvc.DLL
0x00007fff0b700000 - 0x00007fff0b7ca000 	C:\Windows\SYSTEM32\DNSAPI.dll
0x00007fff04b60000 - 0x00007fff04b69000 	C:\Users\Dell\.jdks\ms-17.0.17\bin\extnet.dll
0x00007fff0bc20000 - 0x00007fff0bc38000 	C:\Windows\SYSTEM32\CRYPTSP.dll
0x00007fff0b2e0000 - 0x00007fff0b318000 	C:\Windows\system32\rsaenh.dll
0x00007fff0c190000 - 0x00007fff0c1be000 	C:\Windows\SYSTEM32\USERENV.dll
0x00007fff0bc40000 - 0x00007fff0bc4c000 	C:\Windows\SYSTEM32\CRYPTBASE.dll
0x00007fff04a00000 - 0x00007fff04a0e000 	C:\Users\Dell\.jdks\ms-17.0.17\bin\sunmscapi.dll
0x00007fff0ca20000 - 0x00007fff0cb7d000 	C:\Windows\System32\CRYPT32.dll
0x00007fff0bd40000 - 0x00007fff0bd67000 	C:\Windows\SYSTEM32\ncrypt.dll
0x00007fff0bd00000 - 0x00007fff0bd3b000 	C:\Windows\SYSTEM32\NTASN1.dll
0x00007fff04a90000 - 0x00007fff04a97000 	C:\Windows\system32\wshunix.dll

dbghelp: loaded successfully - version: 4.0.5 - missing functions: none
symbol engine: initialized successfully - sym options: 0x614 - pdb path: .;C:\Users\Dell\.jdks\ms-17.0.17\bin;C:\Windows\SYSTEM32;C:\Windows\WinSxS\amd64_microsoft.windows.common-controls_6595b64144ccf1df_6.0.19041.6456_none_60b8a6cb71f64256;C:\Users\Dell\.jdks\ms-17.0.17\bin\server;C:\Users\Dell\.gradle\native\1def1411415f61bf3af743bc5b6707747c0891f09f0c88961ee8f79bc544acac\windows-amd64;C:\Users\Dell\.gradle\native\0.2.7\x86_64-windows-gnu

VM Arguments:
jvm_args: --add-opens=java.base/java.lang=ALL-UNNAMED --add-opens=java.base/java.lang.invoke=ALL-UNNAMED --add-opens=java.base/java.util=ALL-UNNAMED --add-opens=java.prefs/java.util.prefs=ALL-UNNAMED --add-exports=jdk.compiler/com.sun.tools.javac.api=ALL-UNNAMED --add-exports=jdk.compiler/com.sun.tools.javac.util=ALL-UNNAMED --add-opens=java.base/java.util=ALL-UNNAMED --add-opens=java.prefs/java.util.prefs=ALL-UNNAMED --add-opens=java.base/java.nio.charset=ALL-UNNAMED --add-opens=java.base/java.net=ALL-UNNAMED --add-opens=java.base/java.util.concurrent.atomic=ALL-UNNAMED --add-opens=java.xml/javax.xml.namespace=ALL-UNNAMED -Xmx2048m -Dfile.encoding=UTF-8 -Duser.country=US -Duser.language=en -Duser.variant -javaagent:C:\Users\Dell\.gradle\wrapper\dists\gradle-8.13-bin\5xuhj0ry160q40clulazy9h7d\gradle-8.13\lib\agents\gradle-instrumentation-agent-8.13.jar 
java_command: org.gradle.launcher.daemon.bootstrap.GradleDaemon 8.13
java_class_path (initial): C:\Users\Dell\.gradle\wrapper\dists\gradle-8.13-bin\5xuhj0ry160q40clulazy9h7d\gradle-8.13\lib\gradle-daemon-main-8.13.jar
Launcher Type: SUN_STANDARD

[Global flags]
     intx CICompilerCount                          = 3                                         {product} {ergonomic}
     uint ConcGCThreads                            = 1                                         {product} {ergonomic}
     uint G1ConcRefinementThreads                  = 4                                         {product} {ergonomic}
   size_t G1HeapRegionSize                         = 1048576                                   {product} {ergonomic}
    uintx GCDrainStackTargetSize                   = 64                                        {product} {ergonomic}
   size_t InitialHeapSize                          = 67108864                                  {product} {ergonomic}
   size_t MarkStackSize                            = 4194304                                   {product} {ergonomic}
   size_t MaxHeapSize                              = 2147483648                                {product} {command line}
   size_t MaxNewSize                               = 1287651328                                {product} {ergonomic}
   size_t MinHeapDeltaBytes                        = 1048576                                   {product} {ergonomic}
   size_t MinHeapSize                              = 8388608                                   {product} {ergonomic}
    uintx NonNMethodCodeHeapSize                   = 5832780                                {pd product} {ergonomic}
    uintx NonProfiledCodeHeapSize                  = 122912730                              {pd product} {ergonomic}
    uintx ProfiledCodeHeapSize                     = 122912730                              {pd product} {ergonomic}
    uintx ReservedCodeCacheSize                    = 251658240                              {pd product} {ergonomic}
     bool SegmentedCodeCache                       = true                                      {product} {ergonomic}
   size_t SoftMaxHeapSize                          = 2147483648                             {manageable} {ergonomic}
     bool UseCompressedClassPointers               = true                           {product lp64_product} {ergonomic}
     bool UseCompressedOops                        = true                           {product lp64_product} {ergonomic}
     bool UseG1GC                                  = true                                      {product} {ergonomic}
     bool UseLargePagesIndividualAllocation        = false                                  {pd product} {ergonomic}

Logging:
Log output configuration:
 #0: stdout all=warning uptime,level,tags
 #1: stderr all=off uptime,level,tags

Environment Variables:
PATH=C:\Program Files\Common Files\Oracle\Java\javapath;E:\oracle\product\10.2.0\db_1\bin;C:\Windows\system32;C:\Windows;C:\Windows\System32\Wbem;C:\Windows\System32\WindowsPowerShell\v1.0\;C:\Windows\System32\OpenSSH\;C:\Program Files (x86)\Intel\Intel(R) Management Engine Components\DAL;C:\Program Files\Intel\Intel(R) Management Engine Components\DAL;C:\Program Files\Microsoft SQL Server\150\Tools\Binn\;C:\Program Files\Microsoft SQL Server\Client SDK\ODBC\170\Tools\Binn\;C:\Program Files\dotnet\;C:\Program Files (x86)\Microsoft SQL Server\160\Tools\Binn\;C:\Program Files\Microsoft SQL Server\160\Tools\Binn\;C:\Program Files\Microsoft SQL Server\160\DTS\Binn\;C:\Users\Dell\AppData\Local\Microsoft\WindowsApps;C:\Users\Dell\.dotnet\tools;C:\Users\Dell\AppData\Local\GitHubDesktop\bin
USERNAME=Dell
OS=Windows_NT
PROCESSOR_IDENTIFIER=Intel64 Family 6 Model 142 Stepping 9, GenuineIntel
TMP=C:\Users\Dell\AppData\Local\Temp
TEMP=C:\Users\Dell\AppData\Local\Temp



Periodic native trim disabled


---------------  S Y S T E M  ---------------

OS:
 Windows 10 , 64 bit Build 19041 (10.0.19041.5915)
OS uptime: 0 days 10:05 hours

CPU: total 4 (initial active 4) (2 cores per cpu, 2 threads per core) family 6 model 142 stepping 9 microcode 0xea, cx8, cmov, fxsr, ht, mmx, 3dnowpref, sse, sse2, sse3, ssse3, sse4.1, sse4.2, popcnt, lzcnt, tsc, tscinvbit, avx, avx2, aes, erms, clmul, bmi1, bmi2, adx, fma, vzeroupper, clflush, clflushopt
Processor Information for the first 4 processors :
  Max Mhz: 2701, Current Mhz: 2701, Mhz Limit: 2701

Memory: 4k page, system-wide physical 3994M (348M free)
TotalPageFile size 16282M (AvailPageFile size 111M)
current process WorkingSet (physical memory assigned to process): 328M, peak: 329M
current process commit charge ("private bytes"): 398M, peak: 562M

vm_info: OpenJDK 64-Bit Server VM (17.0.17+10-LTS) for windows-amd64 JRE (17.0.17+10-LTS), built on Oct 13 2025 22:19:56 by "MicrosoftCorporation" with unknown MS VC++:1944

END.
