#
# There is insufficient memory for the Java Runtime Environment to continue.
# Native memory allocation (mmap) failed to map 155189248 bytes. Error detail: G1 virtual space
# Possible reasons:
#   The system is out of physical RAM or swap space
#   This process is running with CompressedOops enabled, and the Java Heap may be blocking the growth of the native heap
# Possible solutions:
#   Reduce memory load on the system
#   Increase physical memory or swap space
#   Check if swap backing store is full
#   Decrease Java heap size (-Xmx/-Xms)
#   Decrease number of Java threads
#   Decrease Java thread stack sizes (-Xss)
#   Set larger code cache with -XX:ReservedCodeCacheSize=
#   JVM is running with Unscaled Compressed Oops mode in which the Java heap is
#     placed in the first 4GB address space. The Java Heap base address is the
#     maximum limit for the native heap growth. Please use -XX:HeapBaseMinAddress
#     to set the Java Heap base and to place the Java Heap above 4GB virtual address.
# This output file may be truncated or incomplete.
#
#  Out of Memory Error (os_windows.cpp:3690), pid=13260, tid=11836
#
# JRE version: OpenJDK Runtime Environment Microsoft-12574423 (17.0.17+10) (build 17.0.17+10-LTS)
# Java VM: OpenJDK 64-Bit Server VM Microsoft-12574423 (17.0.17+10-LTS, mixed mode, sharing, tiered, compressed oops, compressed class ptrs, g1 gc, windows-amd64)
# No core dump will be written. Minidumps are not enabled by default on client versions of Windows
#

---------------  S U M M A R Y ------------

Command Line: --add-opens=java.base/java.lang=ALL-UNNAMED --add-opens=java.base/java.lang.invoke=ALL-UNNAMED --add-opens=java.base/java.util=ALL-UNNAMED --add-opens=java.prefs/java.util.prefs=ALL-UNNAMED --add-exports=jdk.compiler/com.sun.tools.javac.api=ALL-UNNAMED --add-exports=jdk.compiler/com.sun.tools.javac.util=ALL-UNNAMED --add-opens=java.base/java.util=ALL-UNNAMED --add-opens=java.prefs/java.util.prefs=ALL-UNNAMED --add-opens=java.base/java.nio.charset=ALL-UNNAMED --add-opens=java.base/java.net=ALL-UNNAMED --add-opens=java.base/java.util.concurrent.atomic=ALL-UNNAMED --add-opens=java.xml/javax.xml.namespace=ALL-UNNAMED -Xmx2048m -Dfile.encoding=UTF-8 -Duser.country=US -Duser.language=en -Duser.variant -javaagent:C:\Users\Dell\.gradle\wrapper\dists\gradle-8.13-bin\5xuhj0ry160q40clulazy9h7d\gradle-8.13\lib\agents\gradle-instrumentation-agent-8.13.jar org.gradle.launcher.daemon.bootstrap.GradleDaemon 8.13

Host: Intel(R) Core(TM) i5-7200U CPU @ 2.50GHz, 4 cores, 3G,  Windows 10 , 64 bit Build 19041 (10.0.19041.5915)
Time: Tue Nov 18 23:05:02 2025 Pacific Standard Time elapsed time: 32.176132 seconds (0d 0h 0m 32s)

---------------  T H R E A D  ---------------

Current thread (0x000002206751f260):  VMThread "VM Thread" [stack: 0x0000007301e00000,0x0000007301f00000] [id=11836]

Stack: [0x0000007301e00000,0x0000007301f00000]
Native frames: (J=compiled Java code, j=interpreted, Vv=VM code, C=native code)
V  [jvm.dll+0x68c459]  (no source info available)
V  [jvm.dll+0x845e09]  (no source info available)
V  [jvm.dll+0x847b78]  (no source info available)
V  [jvm.dll+0x848203]  (no source info available)
V  [jvm.dll+0x24cf6f]  (no source info available)
V  [jvm.dll+0x68b859]  (no source info available)
V  [jvm.dll+0x67fe1a]  (no source info available)
V  [jvm.dll+0x3100f0]  (no source info available)
V  [jvm.dll+0x30ff92]  (no source info available)
V  [jvm.dll+0x3174e9]  (no source info available)
V  [jvm.dll+0x3697c9]  (no source info available)
V  [jvm.dll+0x3699fd]  (no source info available)
V  [jvm.dll+0x2e68fa]  (no source info available)
V  [jvm.dll+0x2e4cf1]  (no source info available)
V  [jvm.dll+0x2e448c]  (no source info available)
V  [jvm.dll+0x3291f1]  (no source info available)
V  [jvm.dll+0x84ca8d]  (no source info available)
V  [jvm.dll+0x84d7a3]  (no source info available)
V  [jvm.dll+0x84dcd4]  (no source info available)
V  [jvm.dll+0x84e0b8]  (no source info available)
V  [jvm.dll+0x84e1ae]  (no source info available)
V  [jvm.dll+0x7f5a5c]  (no source info available)
V  [jvm.dll+0x68d9f7]  (no source info available)
C  [ucrtbase.dll+0x21bb2]  (no source info available)
C  [KERNEL32.DLL+0x17374]  (no source info available)
C  [ntdll.dll+0x4cc91]  (no source info available)

VM_Operation (0x00000073035f8250): G1TryInitiateConcMark, mode: safepoint, requested by thread 0x000002206762c530


---------------  P R O C E S S  ---------------

Threads class SMR info:
_java_thread_list=0x000002206edc4980, length=42, elements={
0x000002204992eec0, 0x0000022067525880, 0x0000022067526db0, 0x0000022067538220,
0x0000022067538cf0, 0x000002206753b5d0, 0x000002206753e650, 0x000002206753f250,
0x00000220675413c0, 0x00000220675b6100, 0x0000022067512480, 0x0000022067730530,
0x000002206c07b520, 0x000002206caa5040, 0x000002206d007240, 0x000002206d7c8700,
0x000002206cd821f0, 0x000002206762e390, 0x000002206762c530, 0x000002206762ca40,
0x000002206762f2c0, 0x000002206762f7d0, 0x000002206762de80, 0x000002206762cf50,
0x000002206762e8a0, 0x000002206762d970, 0x000002206762edb0, 0x000002206762c020,
0x00000220678fe060, 0x0000022067904ab0, 0x00000220678ffec0, 0x00000220679008e0,
0x0000022067901300, 0x00000220679045a0, 0x0000022067902230, 0x00000220679003d0,
0x0000022067903670, 0x0000022067900df0, 0x00000220678ff4a0, 0x0000022067902c50,
0x0000022067901810, 0x0000022067903160
}

Java Threads: ( => current thread )
  0x000002204992eec0 JavaThread "main" [_thread_blocked, id=8468, stack(0x0000007301800000,0x0000007301900000)]
  0x0000022067525880 JavaThread "Reference Handler" daemon [_thread_blocked, id=7372, stack(0x0000007301f00000,0x0000007302000000)]
  0x0000022067526db0 JavaThread "Finalizer" daemon [_thread_blocked, id=9692, stack(0x0000007302000000,0x0000007302100000)]
  0x0000022067538220 JavaThread "Signal Dispatcher" daemon [_thread_blocked, id=11876, stack(0x0000007302100000,0x0000007302200000)]
  0x0000022067538cf0 JavaThread "Attach Listener" daemon [_thread_blocked, id=7444, stack(0x0000007302200000,0x0000007302300000)]
  0x000002206753b5d0 JavaThread "Service Thread" daemon [_thread_blocked, id=2748, stack(0x0000007302300000,0x0000007302400000)]
  0x000002206753e650 JavaThread "Monitor Deflation Thread" daemon [_thread_blocked, id=5532, stack(0x0000007302400000,0x0000007302500000)]
  0x000002206753f250 JavaThread "C2 CompilerThread0" daemon [_thread_blocked, id=5808, stack(0x0000007302500000,0x0000007302600000)]
  0x00000220675413c0 JavaThread "C1 CompilerThread0" daemon [_thread_blocked, id=7528, stack(0x0000007302600000,0x0000007302700000)]
  0x00000220675b6100 JavaThread "Sweeper thread" daemon [_thread_blocked, id=7280, stack(0x0000007302700000,0x0000007302800000)]
  0x0000022067512480 JavaThread "Common-Cleaner" daemon [_thread_blocked, id=11936, stack(0x0000007302800000,0x0000007302900000)]
  0x0000022067730530 JavaThread "Notification Thread" daemon [_thread_blocked, id=1060, stack(0x0000007302900000,0x0000007302a00000)]
  0x000002206c07b520 JavaThread "Daemon health stats" [_thread_blocked, id=5676, stack(0x0000007302f00000,0x0000007303000000)]
  0x000002206caa5040 JavaThread "Incoming local TCP Connector on port 49694" [_thread_in_native, id=9360, stack(0x0000007303000000,0x0000007303100000)]
  0x000002206d007240 JavaThread "Daemon periodic checks" [_thread_blocked, id=10108, stack(0x0000007303100000,0x0000007303200000)]
  0x000002206d7c8700 JavaThread "Daemon" [_thread_blocked, id=3464, stack(0x0000007303200000,0x0000007303300000)]
  0x000002206cd821f0 JavaThread "Handler for socket connection from /127.0.0.1:49694 to /127.0.0.1:49695" [_thread_in_native, id=9380, stack(0x0000007303300000,0x0000007303400000)]
  0x000002206762e390 JavaThread "Cancel handler" [_thread_blocked, id=10172, stack(0x0000007303400000,0x0000007303500000)]
  0x000002206762c530 JavaThread "Daemon worker" [_thread_blocked, id=7524, stack(0x0000007303500000,0x0000007303600000)]
  0x000002206762ca40 JavaThread "Asynchronous log dispatcher for DefaultDaemonConnection: socket connection from /127.0.0.1:49694 to /127.0.0.1:49695" [_thread_blocked, id=13296, stack(0x0000007303600000,0x0000007303700000)]
  0x000002206762f2c0 JavaThread "Stdin handler" [_thread_blocked, id=9004, stack(0x0000007303700000,0x0000007303800000)]
  0x000002206762f7d0 JavaThread "Daemon client event forwarder" [_thread_blocked, id=4736, stack(0x0000007303800000,0x0000007303900000)]
  0x000002206762de80 JavaThread "Cache worker for journal cache (C:\Users\Dell\.gradle\caches\journal-1)" [_thread_blocked, id=2388, stack(0x0000007303900000,0x0000007303a00000)]
  0x000002206762cf50 JavaThread "File lock request listener" [_thread_in_native, id=7860, stack(0x0000007303a00000,0x0000007303b00000)]
  0x000002206762e8a0 JavaThread "Cache worker for file hash cache (C:\Users\Dell\.gradle\caches\8.13\fileHashes)" [_thread_blocked, id=8372, stack(0x0000007303b00000,0x0000007303c00000)]
  0x000002206762d970 JavaThread "Cache worker for file hash cache (C:\Intel\kinderkingdoom77\KinderKingdom\.gradle\8.13\fileHashes)" [_thread_blocked, id=9292, stack(0x0000007303c00000,0x0000007303d00000)]
  0x000002206762edb0 JavaThread "Cache worker for Build Output Cleanup Cache (C:\Intel\kinderkingdoom77\KinderKingdom\.gradle\buildOutputCleanup)" [_thread_blocked, id=460, stack(0x0000007303d00000,0x0000007303e00000)]
  0x000002206762c020 JavaThread "File watcher server" daemon [_thread_in_native, id=11272, stack(0x0000007303e00000,0x0000007303f00000)]
  0x00000220678fe060 JavaThread "File watcher consumer" daemon [_thread_blocked, id=11496, stack(0x0000007303f00000,0x0000007304000000)]
  0x0000022067904ab0 JavaThread "Cache worker for checksums cache (C:\Intel\kinderkingdoom77\KinderKingdom\.gradle\8.13\checksums)" [_thread_blocked, id=1808, stack(0x0000007304000000,0x0000007304100000)]
  0x00000220678ffec0 JavaThread "Cache worker for file content cache (C:\Users\Dell\.gradle\caches\8.13\fileContent)" [_thread_blocked, id=9180, stack(0x0000007304100000,0x0000007304200000)]
  0x00000220679008e0 JavaThread "Cache worker for cache directory md-supplier (C:\Users\Dell\.gradle\caches\8.13\md-supplier)" [_thread_blocked, id=6256, stack(0x0000007304200000,0x0000007304300000)]
  0x0000022067901300 JavaThread "Cache worker for cache directory md-rule (C:\Users\Dell\.gradle\caches\8.13\md-rule)" [_thread_blocked, id=4128, stack(0x0000007304300000,0x0000007304400000)]
  0x00000220679045a0 JavaThread "Unconstrained build operations" [_thread_blocked, id=8180, stack(0x0000007304400000,0x0000007304500000)]
  0x0000022067902230 JavaThread "Unconstrained build operations Thread 2" [_thread_blocked, id=11500, stack(0x0000007304500000,0x0000007304600000)]
  0x00000220679003d0 JavaThread "Unconstrained build operations Thread 3" [_thread_blocked, id=6196, stack(0x0000007304600000,0x0000007304700000)]
  0x0000022067903670 JavaThread "Unconstrained build operations Thread 4" [_thread_blocked, id=4692, stack(0x0000007304700000,0x0000007304800000)]
  0x0000022067900df0 JavaThread "Unconstrained build operations Thread 5" [_thread_blocked, id=8580, stack(0x0000007304800000,0x0000007304900000)]
  0x00000220678ff4a0 JavaThread "Unconstrained build operations Thread 6" [_thread_blocked, id=6776, stack(0x0000007304900000,0x0000007304a00000)]
  0x0000022067902c50 JavaThread "Unconstrained build operations Thread 7" [_thread_blocked, id=2284, stack(0x0000007304a00000,0x0000007304b00000)]
  0x0000022067901810 JavaThread "Unconstrained build operations Thread 8" [_thread_blocked, id=7972, stack(0x0000007304b00000,0x0000007304c00000)]
  0x0000022067903160 JavaThread "Unconstrained build operations Thread 9" [_thread_blocked, id=12424, stack(0x0000007304c00000,0x0000007304d00000)]

Other Threads:
=>0x000002206751f260 VMThread "VM Thread" [stack: 0x0000007301e00000,0x0000007301f00000] [id=11836]
  0x000002204992fe80 WatcherThread [stack: 0x0000007302a00000,0x0000007302b00000] [id=6984]
  0x0000022049989510 GCTaskThread "GC Thread#0" [stack: 0x0000007301900000,0x0000007301a00000] [id=7852]
  0x00000220677bdc90 GCTaskThread "GC Thread#1" [stack: 0x0000007302b00000,0x0000007302c00000] [id=10168]
  0x00000220679b9cb0 GCTaskThread "GC Thread#2" [stack: 0x0000007302c00000,0x0000007302d00000] [id=852]
  0x000002206c9b9940 GCTaskThread "GC Thread#3" [stack: 0x0000007302d00000,0x0000007302e00000] [id=4280]
  0x000002204999b390 ConcurrentGCThread "G1 Main Marker" [stack: 0x0000007301a00000,0x0000007301b00000] [id=7696]
  0x000002204999c460 ConcurrentGCThread "G1 Conc#0" [stack: 0x0000007301b00000,0x0000007301c00000] [id=1264]
  0x00000220499ddad0 ConcurrentGCThread "G1 Refine#0" [stack: 0x0000007301c00000,0x0000007301d00000] [id=11076]
  0x000002206c886ee0 ConcurrentGCThread "G1 Refine#1" [stack: 0x0000007302e00000,0x0000007302f00000] [id=7332]
  0x00000220499de420 ConcurrentGCThread "G1 Service" [stack: 0x0000007301d00000,0x0000007301e00000] [id=13008]

Threads with active compile tasks:
C2 CompilerThread0  32251 7983       4       com.google.common.collect.RegularImmutableMap::fromEntryArrayCheckingBucketOverflow (282 bytes)
C1 CompilerThread0  32251 7992       3       org.gradle.internal.service.DefaultServiceRegistry$ConstructorService::createServiceInstance (12 bytes)

VM state: at safepoint (normal execution)

VM Mutex/Monitor currently owned by a thread:  ([mutex/lock_event])
[0x000002204992b2f0] Threads_lock - owner thread: 0x000002206751f260
[0x000002204992ade0] Heap_lock - owner thread: 0x000002206762c530

Heap address: 0x0000000080000000, size: 2048 MB, Compressed Oops mode: 32-bit

CDS archive(s) mapped at: [0x0000022000000000-0x0000022000bb0000-0x0000022000bb0000), size 12255232, SharedBaseAddress: 0x0000022000000000, ArchiveRelocationMode: 1.
Compressed class space mapped at: 0x0000022001000000-0x0000022041000000, reserved size: 1073741824
Narrow klass base: 0x0000022000000000, Narrow klass shift: 0, Narrow klass range: 0x100000000

GC Precious Log:
 CPUs: 4 total, 4 available
 Memory: 3994M
 Large Page Support: Disabled
 NUMA Support: Disabled
 Compressed Oops: Enabled (32-bit)
 Heap Region Size: 1M
 Heap Min Capacity: 8M
 Heap Initial Capacity: 64M
 Heap Max Capacity: 2G
 Pre-touch: Disabled
 Parallel Workers: 4
 Concurrent Workers: 1
 Concurrent Refinement Workers: 4
 Periodic GC: Disabled

Heap:
 garbage-first heap   total 99328K, used 49542K [0x0000000080000000, 0x0000000100000000)
  region size 1024K, 1 young (1024K), 1 survivors (1024K)
 Metaspace       used 51851K, committed 52480K, reserved 1114112K
  class space    used 7277K, committed 7552K, reserved 1048576K

Heap Regions: E=young(eden), S=young(survivor), O=old, HS=humongous(starts), HC=humongous(continues), CS=collection set, F=free, OA=open archive, CA=closed archive, TAMS=top-at-mark-start (previous, next)
|   0|0x0000000080000000, 0x0000000080100000, 0x0000000080100000|100%|HS|  |TAMS 0x0000000080100000, 0x0000000080100000| Complete 
|   1|0x0000000080100000, 0x0000000080200000, 0x0000000080200000|100%|HC|  |TAMS 0x0000000080200000, 0x0000000080200000| Complete 
|   2|0x0000000080200000, 0x0000000080300000, 0x0000000080300000|100%|HC|  |TAMS 0x0000000080300000, 0x0000000080300000| Complete 
|   3|0x0000000080300000, 0x0000000080400000, 0x0000000080400000|100%| O|  |TAMS 0x0000000080400000, 0x0000000080400000| Untracked 
|   4|0x0000000080400000, 0x0000000080500000, 0x0000000080500000|100%| O|  |TAMS 0x0000000080500000, 0x0000000080500000| Untracked 
|   5|0x0000000080500000, 0x0000000080600000, 0x0000000080600000|100%| O|  |TAMS 0x0000000080600000, 0x0000000080600000| Untracked 
|   6|0x0000000080600000, 0x0000000080700000, 0x0000000080700000|100%| O|  |TAMS 0x0000000080700000, 0x0000000080700000| Untracked 
|   7|0x0000000080700000, 0x0000000080800000, 0x0000000080800000|100%|HS|  |TAMS 0x0000000080800000, 0x0000000080800000| Complete 
|   8|0x0000000080800000, 0x0000000080900000, 0x0000000080900000|100%| O|  |TAMS 0x0000000080900000, 0x0000000080900000| Untracked 
|   9|0x0000000080900000, 0x0000000080a00000, 0x0000000080a00000|100%| O|  |TAMS 0x0000000080a00000, 0x0000000080a00000| Untracked 
|  10|0x0000000080a00000, 0x0000000080b00000, 0x0000000080b00000|100%| O|  |TAMS 0x0000000080b00000, 0x0000000080b00000| Untracked 
|  11|0x0000000080b00000, 0x0000000080c00000, 0x0000000080c00000|100%| O|  |TAMS 0x0000000080c00000, 0x0000000080c00000| Untracked 
|  12|0x0000000080c00000, 0x0000000080d00000, 0x0000000080d00000|100%| O|  |TAMS 0x0000000080d00000, 0x0000000080d00000| Untracked 
|  13|0x0000000080d00000, 0x0000000080e00000, 0x0000000080e00000|100%| O|  |TAMS 0x0000000080e00000, 0x0000000080e00000| Untracked 
|  14|0x0000000080e00000, 0x0000000080f00000, 0x0000000080f00000|100%| O|  |TAMS 0x0000000080f00000, 0x0000000080f00000| Untracked 
|  15|0x0000000080f00000, 0x0000000081000000, 0x0000000081000000|100%| O|  |TAMS 0x0000000081000000, 0x0000000081000000| Untracked 
|  16|0x0000000081000000, 0x0000000081100000, 0x0000000081100000|100%| O|  |TAMS 0x0000000081100000, 0x0000000081100000| Untracked 
|  17|0x0000000081100000, 0x0000000081200000, 0x0000000081200000|100%| O|  |TAMS 0x0000000081200000, 0x0000000081200000| Untracked 
|  18|0x0000000081200000, 0x0000000081300000, 0x0000000081300000|100%| O|  |TAMS 0x0000000081300000, 0x0000000081300000| Untracked 
|  19|0x0000000081300000, 0x0000000081400000, 0x0000000081400000|100%| O|  |TAMS 0x0000000081400000, 0x0000000081400000| Untracked 
|  20|0x0000000081400000, 0x0000000081500000, 0x0000000081500000|100%| O|  |TAMS 0x0000000081500000, 0x0000000081500000| Untracked 
|  21|0x0000000081500000, 0x0000000081600000, 0x0000000081600000|100%| O|  |TAMS 0x0000000081600000, 0x0000000081600000| Untracked 
|  22|0x0000000081600000, 0x0000000081700000, 0x0000000081700000|100%| O|  |TAMS 0x0000000081700000, 0x0000000081700000| Untracked 
|  23|0x0000000081700000, 0x0000000081800000, 0x0000000081800000|100%| O|  |TAMS 0x0000000081800000, 0x0000000081800000| Untracked 
|  24|0x0000000081800000, 0x0000000081900000, 0x0000000081900000|100%| O|  |TAMS 0x0000000081900000, 0x0000000081900000| Untracked 
|  25|0x0000000081900000, 0x0000000081a00000, 0x0000000081a00000|100%| O|  |TAMS 0x0000000081a00000, 0x0000000081a00000| Untracked 
|  26|0x0000000081a00000, 0x0000000081b00000, 0x0000000081b00000|100%| O|  |TAMS 0x0000000081b00000, 0x0000000081b00000| Untracked 
|  27|0x0000000081b00000, 0x0000000081c00000, 0x0000000081c00000|100%| O|  |TAMS 0x0000000081c00000, 0x0000000081c00000| Untracked 
|  28|0x0000000081c00000, 0x0000000081d00000, 0x0000000081d00000|100%| O|  |TAMS 0x0000000081d00000, 0x0000000081d00000| Untracked 
|  29|0x0000000081d00000, 0x0000000081e00000, 0x0000000081e00000|100%| O|  |TAMS 0x0000000081e00000, 0x0000000081e00000| Untracked 
|  30|0x0000000081e00000, 0x0000000081f00000, 0x0000000081f00000|100%| O|  |TAMS 0x0000000081f00000, 0x0000000081f00000| Untracked 
|  31|0x0000000081f00000, 0x0000000082000000, 0x0000000082000000|100%| O|  |TAMS 0x0000000082000000, 0x0000000082000000| Untracked 
|  32|0x0000000082000000, 0x0000000082100000, 0x0000000082100000|100%| O|  |TAMS 0x0000000082100000, 0x0000000082100000| Untracked 
|  33|0x0000000082100000, 0x0000000082200000, 0x0000000082200000|100%| O|  |TAMS 0x0000000082200000, 0x0000000082200000| Untracked 
|  34|0x0000000082200000, 0x0000000082300000, 0x0000000082300000|100%| O|  |TAMS 0x0000000082300000, 0x0000000082300000| Untracked 
|  35|0x0000000082300000, 0x0000000082400000, 0x0000000082400000|100%| O|  |TAMS 0x0000000082400000, 0x0000000082400000| Untracked 
|  36|0x0000000082400000, 0x0000000082500000, 0x0000000082500000|100%| O|  |TAMS 0x0000000082500000, 0x0000000082500000| Untracked 
|  37|0x0000000082500000, 0x0000000082600000, 0x0000000082600000|100%| O|  |TAMS 0x0000000082600000, 0x0000000082600000| Untracked 
|  38|0x0000000082600000, 0x0000000082700000, 0x0000000082700000|100%| O|  |TAMS 0x0000000082700000, 0x0000000082700000| Untracked 
|  39|0x0000000082700000, 0x0000000082800000, 0x0000000082800000|100%| O|  |TAMS 0x0000000082800000, 0x0000000082800000| Untracked 
|  40|0x0000000082800000, 0x0000000082900000, 0x0000000082900000|100%| O|  |TAMS 0x0000000082900000, 0x0000000082900000| Untracked 
|  41|0x0000000082900000, 0x0000000082a00000, 0x0000000082a00000|100%| O|  |TAMS 0x0000000082a00000, 0x0000000082a00000| Untracked 
|  42|0x0000000082a00000, 0x0000000082b00000, 0x0000000082b00000|100%| O|  |TAMS 0x0000000082b00000, 0x0000000082b00000| Untracked 
|  43|0x0000000082b00000, 0x0000000082c00000, 0x0000000082c00000|100%| O|  |TAMS 0x0000000082b00000, 0x0000000082c00000| Untracked 
|  44|0x0000000082c00000, 0x0000000082c00000, 0x0000000082d00000|  0%| F|  |TAMS 0x0000000082c00000, 0x0000000082c00000| Untracked 
|  45|0x0000000082d00000, 0x0000000082e00000, 0x0000000082e00000|100%| O|  |TAMS 0x0000000082e00000, 0x0000000082e00000| Untracked 
|  46|0x0000000082e00000, 0x0000000082e00000, 0x0000000082f00000|  0%| F|  |TAMS 0x0000000082e00000, 0x0000000082e00000| Untracked 
|  47|0x0000000082f00000, 0x0000000083000000, 0x0000000083000000|100%| O|  |TAMS 0x0000000082f00000, 0x0000000083000000| Untracked 
|  48|0x0000000083000000, 0x0000000083100000, 0x0000000083100000|100%| O|  |TAMS 0x0000000083000000, 0x0000000083100000| Untracked 
|  49|0x0000000083100000, 0x0000000083200000, 0x0000000083200000|100%| O|  |TAMS 0x0000000083100000, 0x0000000083200000| Untracked 
|  50|0x0000000083200000, 0x0000000083223a00, 0x0000000083300000| 13%| O|  |TAMS 0x0000000083200000, 0x0000000083223a00| Untracked 
|  51|0x0000000083300000, 0x0000000083300000, 0x0000000083400000|  0%| F|  |TAMS 0x0000000083300000, 0x0000000083300000| Untracked 
|  52|0x0000000083400000, 0x0000000083400000, 0x0000000083500000|  0%| F|  |TAMS 0x0000000083400000, 0x0000000083400000| Untracked 
|  53|0x0000000083500000, 0x0000000083500000, 0x0000000083600000|  0%| F|  |TAMS 0x0000000083500000, 0x0000000083500000| Untracked 
|  54|0x0000000083600000, 0x0000000083600000, 0x0000000083700000|  0%| F|  |TAMS 0x0000000083600000, 0x0000000083600000| Untracked 
|  55|0x0000000083700000, 0x0000000083700000, 0x0000000083800000|  0%| F|  |TAMS 0x0000000083700000, 0x0000000083700000| Untracked 
|  56|0x0000000083800000, 0x0000000083800000, 0x0000000083900000|  0%| F|  |TAMS 0x0000000083800000, 0x0000000083800000| Untracked 
|  57|0x0000000083900000, 0x0000000083900000, 0x0000000083a00000|  0%| F|  |TAMS 0x0000000083900000, 0x0000000083900000| Untracked 
|  58|0x0000000083a00000, 0x0000000083a00000, 0x0000000083b00000|  0%| F|  |TAMS 0x0000000083a00000, 0x0000000083a00000| Untracked 
|  59|0x0000000083b00000, 0x0000000083b00000, 0x0000000083c00000|  0%| F|  |TAMS 0x0000000083b00000, 0x0000000083b00000| Untracked 
|  60|0x0000000083c00000, 0x0000000083c00000, 0x0000000083d00000|  0%| F|  |TAMS 0x0000000083c00000, 0x0000000083c00000| Untracked 
|  61|0x0000000083d00000, 0x0000000083d00000, 0x0000000083e00000|  0%| F|  |TAMS 0x0000000083d00000, 0x0000000083d00000| Untracked 
|  62|0x0000000083e00000, 0x0000000083e00000, 0x0000000083f00000|  0%| F|  |TAMS 0x0000000083e00000, 0x0000000083e00000| Untracked 
|  63|0x0000000083f00000, 0x0000000083f00000, 0x0000000084000000|  0%| F|  |TAMS 0x0000000083f00000, 0x0000000083f00000| Untracked 
|  64|0x0000000084000000, 0x0000000084000000, 0x0000000084100000|  0%| F|  |TAMS 0x0000000084000000, 0x0000000084000000| Untracked 
|  65|0x0000000084100000, 0x0000000084100000, 0x0000000084200000|  0%| F|  |TAMS 0x0000000084100000, 0x0000000084100000| Untracked 
|  66|0x0000000084200000, 0x0000000084200000, 0x0000000084300000|  0%| F|  |TAMS 0x0000000084200000, 0x0000000084200000| Untracked 
|  67|0x0000000084300000, 0x0000000084300000, 0x0000000084400000|  0%| F|  |TAMS 0x0000000084300000, 0x0000000084300000| Untracked 
|  68|0x0000000084400000, 0x0000000084400000, 0x0000000084500000|  0%| F|  |TAMS 0x0000000084400000, 0x0000000084400000| Untracked 
|  69|0x0000000084500000, 0x0000000084500000, 0x0000000084600000|  0%| F|  |TAMS 0x0000000084500000, 0x0000000084500000| Untracked 
|  70|0x0000000084600000, 0x0000000084600000, 0x0000000084700000|  0%| F|  |TAMS 0x0000000084600000, 0x0000000084600000| Untracked 
|  71|0x0000000084700000, 0x0000000084700000, 0x0000000084800000|  0%| F|  |TAMS 0x0000000084700000, 0x0000000084700000| Untracked 
|  72|0x0000000084800000, 0x0000000084800000, 0x0000000084900000|  0%| F|  |TAMS 0x0000000084800000, 0x0000000084800000| Untracked 
|  73|0x0000000084900000, 0x0000000084900000, 0x0000000084a00000|  0%| F|  |TAMS 0x0000000084900000, 0x0000000084900000| Untracked 
|  74|0x0000000084a00000, 0x0000000084a00000, 0x0000000084b00000|  0%| F|  |TAMS 0x0000000084a00000, 0x0000000084a00000| Untracked 
|  75|0x0000000084b00000, 0x0000000084b00000, 0x0000000084c00000|  0%| F|  |TAMS 0x0000000084b00000, 0x0000000084b00000| Untracked 
|  76|0x0000000084c00000, 0x0000000084c00000, 0x0000000084d00000|  0%| F|  |TAMS 0x0000000084c00000, 0x0000000084c00000| Untracked 
|  77|0x0000000084d00000, 0x0000000084d00000, 0x0000000084e00000|  0%| F|  |TAMS 0x0000000084d00000, 0x0000000084d00000| Untracked 
|  78|0x0000000084e00000, 0x0000000084e00000, 0x0000000084f00000|  0%| F|  |TAMS 0x0000000084e00000, 0x0000000084e00000| Untracked 
|  79|0x0000000084f00000, 0x0000000084f00000, 0x0000000085000000|  0%| F|  |TAMS 0x0000000084f00000, 0x0000000084f00000| Untracked 
|  80|0x0000000085000000, 0x0000000085000000, 0x0000000085100000|  0%| F|  |TAMS 0x0000000085000000, 0x0000000085000000| Untracked 
|  81|0x0000000085100000, 0x0000000085100000, 0x0000000085200000|  0%| F|  |TAMS 0x0000000085100000, 0x0000000085100000| Untracked 
|  82|0x0000000085200000, 0x0000000085200000, 0x0000000085300000|  0%| F|  |TAMS 0x0000000085200000, 0x0000000085200000| Untracked 
|  83|0x0000000085300000, 0x0000000085300000, 0x0000000085400000|  0%| F|  |TAMS 0x0000000085300000, 0x0000000085300000| Untracked 
|  84|0x0000000085400000, 0x0000000085400000, 0x0000000085500000|  0%| F|  |TAMS 0x0000000085400000, 0x0000000085400000| Untracked 
|  85|0x0000000085500000, 0x0000000085500000, 0x0000000085600000|  0%| F|  |TAMS 0x0000000085500000, 0x0000000085500000| Untracked 
|  86|0x0000000085600000, 0x0000000085600000, 0x0000000085700000|  0%| F|  |TAMS 0x0000000085600000, 0x0000000085600000| Untracked 
|  87|0x0000000085700000, 0x0000000085700000, 0x0000000085800000|  0%| F|  |TAMS 0x0000000085700000, 0x0000000085700000| Untracked 
|  88|0x0000000085800000, 0x0000000085800000, 0x0000000085900000|  0%| F|  |TAMS 0x0000000085800000, 0x0000000085800000| Untracked 
|  89|0x0000000085900000, 0x0000000085900000, 0x0000000085a00000|  0%| F|  |TAMS 0x0000000085900000, 0x0000000085900000| Untracked 
|  90|0x0000000085a00000, 0x0000000085a00000, 0x0000000085b00000|  0%| F|  |TAMS 0x0000000085a00000, 0x0000000085a00000| Untracked 
|  91|0x0000000085b00000, 0x0000000085b00000, 0x0000000085c00000|  0%| F|  |TAMS 0x0000000085b00000, 0x0000000085b00000| Untracked 
|  92|0x0000000085c00000, 0x0000000085c00000, 0x0000000085d00000|  0%| F|  |TAMS 0x0000000085c00000, 0x0000000085c00000| Untracked 
|  93|0x0000000085d00000, 0x0000000085d3e0d0, 0x0000000085e00000| 24%| S|CS|TAMS 0x0000000085d00000, 0x0000000085d00000| Complete 
|  94|0x0000000085e00000, 0x0000000085e00000, 0x0000000085f00000|  0%| F|  |TAMS 0x0000000085e00000, 0x0000000085e00000| Untracked 
|  95|0x0000000085f00000, 0x0000000085f00000, 0x0000000086000000|  0%| F|  |TAMS 0x0000000085f00000, 0x0000000085f00000| Untracked 
|  96|0x0000000086000000, 0x0000000086000000, 0x0000000086100000|  0%| F|  |TAMS 0x0000000086000000, 0x0000000086000000| Untracked 

Card table byte_map: [0x00000220608b0000,0x0000022060cb0000] _byte_map_base: 0x00000220604b0000

Marking Bits (Prev, Next): (CMBitMap*) 0x000002204998aa60, (CMBitMap*) 0x000002204998aaa0
 Prev Bits: [0x00000220610b0000, 0x00000220630b0000)
 Next Bits: [0x00000220630b0000, 0x00000220650b0000)

Polling page: 0x0000022047660000

Metaspace:

Usage:
  Non-class:     43.53 MB used.
      Class:      7.11 MB used.
       Both:     50.64 MB used.

Virtual space:
  Non-class space:       64.00 MB reserved,      43.88 MB ( 69%) committed,  1 nodes.
      Class space:        1.00 GB reserved,       7.38 MB ( <1%) committed,  1 nodes.
             Both:        1.06 GB reserved,      51.25 MB (  5%) committed. 

Chunk freelists:
   Non-Class:  4.17 MB
       Class:  8.55 MB
        Both:  12.72 MB

MaxMetaspaceSize: unlimited
CompressedClassSpaceSize: 1.00 GB
Initial GC threshold: 21.00 MB
Current GC threshold: 84.94 MB
CDS: on
MetaspaceReclaimPolicy: balanced
 - commit_granule_bytes: 65536.
 - commit_granule_words: 8192.
 - virtual_space_node_default_size: 8388608.
 - enlarge_chunks_in_place: 1.
 - new_chunks_are_fully_committed: 0.
 - uncommit_free_chunks: 1.
 - use_allocation_guard: 0.
 - handle_deallocations: 1.


Internal statistics:

num_allocs_failed_limit: 6.
num_arena_births: 688.
num_arena_deaths: 0.
num_vsnodes_births: 2.
num_vsnodes_deaths: 0.
num_space_committed: 820.
num_space_uncommitted: 0.
num_chunks_returned_to_freelist: 6.
num_chunks_taken_from_freelist: 2807.
num_chunk_merges: 6.
num_chunk_splits: 1833.
num_chunks_enlarged: 1230.
num_inconsistent_stats: 0.

CodeHeap 'non-profiled nmethods': size=120000Kb used=3485Kb max_used=3485Kb free=116514Kb
 bounds [0x0000022058f80000, 0x00000220592f0000, 0x00000220604b0000]
CodeHeap 'profiled nmethods': size=120000Kb used=13426Kb max_used=13426Kb free=106573Kb
 bounds [0x00000220514b0000, 0x00000220521d0000, 0x00000220589e0000]
CodeHeap 'non-nmethods': size=5760Kb used=1657Kb max_used=1760Kb free=4102Kb
 bounds [0x00000220589e0000, 0x0000022058c50000, 0x0000022058f80000]
 total_blobs=7904 nmethods=7168 adapters=647
 compilation: enabled
              stopped_count=0, restarted_count=0
 full_count=0

Compilation events (20 events):
Event: 32.141 Thread 0x00000220675413c0 nmethod 7979 0x00000220521c4a90 code [0x00000220521c4d00, 0x00000220521c5678]
Event: 32.141 Thread 0x00000220675413c0 7981       3       org.gradle.internal.fingerprint.classpath.impl.ClasspathFingerprintingStrategy$ClasspathFingerprintingVisitor$1::visitRegularFile (132 bytes)
Event: 32.142 Thread 0x00000220675413c0 nmethod 7981 0x00000220521c5990 code [0x00000220521c5c40, 0x00000220521c6a28]
Event: 32.143 Thread 0x00000220675413c0 7980       3       org.apache.commons.io.FilenameUtils::indexOfLastSeparator (26 bytes)
Event: 32.143 Thread 0x00000220675413c0 nmethod 7980 0x00000220521c7010 code [0x00000220521c7260, 0x00000220521c7af8]
Event: 32.143 Thread 0x00000220675413c0 7982       3       org.apache.commons.io.FilenameUtils::indexOfExtension (61 bytes)
Event: 32.145 Thread 0x00000220675413c0 nmethod 7982 0x00000220521c7e10 code [0x00000220521c80e0, 0x00000220521c8e78]
Event: 32.145 Thread 0x000002206753f250 nmethod 7977 0x00000220592e6710 code [0x00000220592e68a0, 0x00000220592e6bf8]
Event: 32.145 Thread 0x000002206753f250 7983       4       com.google.common.collect.RegularImmutableMap::fromEntryArrayCheckingBucketOverflow (282 bytes)
Event: 32.154 Thread 0x00000220675413c0 7986       1       org.gradle.api.internal.artifacts.configurations.DefaultConfiguration::getName (5 bytes)
Event: 32.154 Thread 0x00000220675413c0 nmethod 7986 0x00000220592e6d90 code [0x00000220592e6f20, 0x00000220592e6ff8]
Event: 32.156 Thread 0x00000220675413c0 7987   !   3       org.gradle.internal.typeconversion.ErrorHandlingNotationParser::parseNotation (98 bytes)
Event: 32.157 Thread 0x00000220675413c0 nmethod 7987 0x00000220521c9310 code [0x00000220521c96c0, 0x00000220521cb138]
Event: 32.157 Thread 0x00000220675413c0 7991       3       org.gradle.internal.instantiation.generator.AbstractClassGenerator$GeneratedClassImpl$GeneratedConstructorImpl::newInstance (15 bytes)
Event: 32.158 Thread 0x00000220675413c0 nmethod 7991 0x00000220521cb990 code [0x00000220521cbb40, 0x00000220521cbd08]
Event: 32.158 Thread 0x00000220675413c0 7989       3       java.lang.Class::getSimpleName (26 bytes)
Event: 32.158 Thread 0x00000220675413c0 nmethod 7989 0x00000220521cbe10 code [0x00000220521cbfc0, 0x00000220521cc1d8]
Event: 32.158 Thread 0x00000220675413c0 7990       3       org.gradle.internal.service.DefaultServiceRegistry$ConstructorService::getParameterTypes (8 bytes)
Event: 32.159 Thread 0x00000220675413c0 nmethod 7990 0x00000220521cc310 code [0x00000220521cc5c0, 0x00000220521cd628]
Event: 32.159 Thread 0x00000220675413c0 7992       3       org.gradle.internal.service.DefaultServiceRegistry$ConstructorService::createServiceInstance (12 bytes)

GC Heap History (20 events):
Event: 28.585 GC heap after
{Heap after GC invocations=23 (full 0):
 garbage-first heap   total 78848K, used 45355K [0x0000000080000000, 0x0000000100000000)
  region size 1024K, 3 young (3072K), 3 survivors (3072K)
 Metaspace       used 51085K, committed 51648K, reserved 1114112K
  class space    used 7216K, committed 7488K, reserved 1048576K
}
Event: 28.951 GC heap before
{Heap before GC invocations=23 (full 0):
 garbage-first heap   total 78848K, used 61739K [0x0000000080000000, 0x0000000100000000)
  region size 1024K, 20 young (20480K), 3 survivors (3072K)
 Metaspace       used 51221K, committed 51776K, reserved 1114112K
  class space    used 7219K, committed 7488K, reserved 1048576K
}
Event: 28.958 GC heap after
{Heap after GC invocations=24 (full 0):
 garbage-first heap   total 78848K, used 45978K [0x0000000080000000, 0x0000000100000000)
  region size 1024K, 3 young (3072K), 3 survivors (3072K)
 Metaspace       used 51221K, committed 51776K, reserved 1114112K
  class space    used 7219K, committed 7488K, reserved 1048576K
}
Event: 29.518 GC heap before
{Heap before GC invocations=25 (full 0):
 garbage-first heap   total 80896K, used 62362K [0x0000000080000000, 0x0000000100000000)
  region size 1024K, 20 young (20480K), 3 survivors (3072K)
 Metaspace       used 51461K, committed 52032K, reserved 1114112K
  class space    used 7242K, committed 7488K, reserved 1048576K
}
Event: 29.523 GC heap after
{Heap after GC invocations=26 (full 0):
 garbage-first heap   total 80896K, used 46523K [0x0000000080000000, 0x0000000100000000)
  region size 1024K, 3 young (3072K), 3 survivors (3072K)
 Metaspace       used 51461K, committed 52032K, reserved 1114112K
  class space    used 7242K, committed 7488K, reserved 1048576K
}
Event: 29.557 GC heap before
{Heap before GC invocations=26 (full 0):
 garbage-first heap   total 80896K, used 46523K [0x0000000080000000, 0x0000000100000000)
  region size 1024K, 4 young (4096K), 3 survivors (3072K)
 Metaspace       used 51469K, committed 52032K, reserved 1114112K
  class space    used 7242K, committed 7488K, reserved 1048576K
}
Event: 29.564 GC heap after
{Heap after GC invocations=27 (full 0):
 garbage-first heap   total 97280K, used 46157K [0x0000000080000000, 0x0000000100000000)
  region size 1024K, 1 young (1024K), 1 survivors (1024K)
 Metaspace       used 51469K, committed 52032K, reserved 1114112K
  class space    used 7242K, committed 7488K, reserved 1048576K
}
Event: 30.472 GC heap before
{Heap before GC invocations=27 (full 0):
 garbage-first heap   total 97280K, used 74829K [0x0000000080000000, 0x0000000100000000)
  region size 1024K, 30 young (30720K), 1 survivors (1024K)
 Metaspace       used 51611K, committed 52160K, reserved 1114112K
  class space    used 7242K, committed 7488K, reserved 1048576K
}
Event: 30.480 GC heap after
{Heap after GC invocations=28 (full 0):
 garbage-first heap   total 97280K, used 48815K [0x0000000080000000, 0x0000000100000000)
  region size 1024K, 4 young (4096K), 4 survivors (4096K)
 Metaspace       used 51611K, committed 52160K, reserved 1114112K
  class space    used 7242K, committed 7488K, reserved 1048576K
}
Event: 31.219 GC heap before
{Heap before GC invocations=29 (full 0):
 garbage-first heap   total 97280K, used 74415K [0x0000000080000000, 0x0000000100000000)
  region size 1024K, 31 young (31744K), 4 survivors (4096K)
 Metaspace       used 51620K, committed 52160K, reserved 1114112K
  class space    used 7242K, committed 7488K, reserved 1048576K
}
Event: 31.224 GC heap after
{Heap after GC invocations=30 (full 0):
 garbage-first heap   total 97280K, used 48502K [0x0000000080000000, 0x0000000100000000)
  region size 1024K, 4 young (4096K), 4 survivors (4096K)
 Metaspace       used 51620K, committed 52160K, reserved 1114112K
  class space    used 7242K, committed 7488K, reserved 1048576K
}
Event: 31.233 GC heap before
{Heap before GC invocations=30 (full 0):
 garbage-first heap   total 97280K, used 49526K [0x0000000080000000, 0x0000000100000000)
  region size 1024K, 5 young (5120K), 4 survivors (4096K)
 Metaspace       used 51620K, committed 52160K, reserved 1114112K
  class space    used 7242K, committed 7488K, reserved 1048576K
}
Event: 31.238 GC heap after
{Heap after GC invocations=31 (full 0):
 garbage-first heap   total 97280K, used 47871K [0x0000000080000000, 0x0000000100000000)
  region size 1024K, 1 young (1024K), 1 survivors (1024K)
 Metaspace       used 51620K, committed 52160K, reserved 1114112K
  class space    used 7242K, committed 7488K, reserved 1048576K
}
Event: 31.648 GC heap before
{Heap before GC invocations=31 (full 0):
 garbage-first heap   total 97280K, used 75519K [0x0000000080000000, 0x0000000100000000)
  region size 1024K, 29 young (29696K), 1 survivors (1024K)
 Metaspace       used 51623K, committed 52160K, reserved 1114112K
  class space    used 7243K, committed 7488K, reserved 1048576K
}
Event: 31.653 GC heap after
{Heap after GC invocations=32 (full 0):
 garbage-first heap   total 97280K, used 50476K [0x0000000080000000, 0x0000000100000000)
  region size 1024K, 3 young (3072K), 3 survivors (3072K)
 Metaspace       used 51623K, committed 52160K, reserved 1114112K
  class space    used 7243K, committed 7488K, reserved 1048576K
}
Event: 32.110 GC heap before
{Heap before GC invocations=33 (full 0):
 garbage-first heap   total 99328K, used 76760K [0x0000000080000000, 0x0000000100000000)
  region size 1024K, 30 young (30720K), 3 survivors (3072K)
 Metaspace       used 51835K, committed 52480K, reserved 1114112K
  class space    used 7276K, committed 7552K, reserved 1048576K
}
Event: 32.115 GC heap after
{Heap after GC invocations=34 (full 0):
 garbage-first heap   total 99328K, used 51315K [0x0000000080000000, 0x0000000100000000)
  region size 1024K, 4 young (4096K), 4 survivors (4096K)
 Metaspace       used 51835K, committed 52480K, reserved 1114112K
  class space    used 7276K, committed 7552K, reserved 1048576K
}
Event: 32.126 GC heap before
{Heap before GC invocations=34 (full 0):
 garbage-first heap   total 99328K, used 52339K [0x0000000080000000, 0x0000000100000000)
  region size 1024K, 5 young (5120K), 4 survivors (4096K)
 Metaspace       used 51839K, committed 52480K, reserved 1114112K
  class space    used 7276K, committed 7552K, reserved 1048576K
}
Event: 32.130 GC heap after
{Heap after GC invocations=35 (full 0):
 garbage-first heap   total 99328K, used 49923K [0x0000000080000000, 0x0000000100000000)
  region size 1024K, 1 young (1024K), 1 survivors (1024K)
 Metaspace       used 51839K, committed 52480K, reserved 1114112K
  class space    used 7276K, committed 7552K, reserved 1048576K
}
Event: 32.160 GC heap before
{Heap before GC invocations=35 (full 0):
 garbage-first heap   total 99328K, used 50947K [0x0000000080000000, 0x0000000100000000)
  region size 1024K, 3 young (3072K), 1 survivors (1024K)
 Metaspace       used 51851K, committed 52480K, reserved 1114112K
  class space    used 7277K, committed 7552K, reserved 1048576K
}

Dll operation events (15 events):
Event: 0.061 Loaded shared library C:\Users\Dell\.jdks\ms-17.0.17\bin\java.dll
Event: 0.181 Loaded shared library C:\Users\Dell\.jdks\ms-17.0.17\bin\jsvml.dll
Event: 0.353 Loaded shared library C:\Users\Dell\.jdks\ms-17.0.17\bin\zip.dll
Event: 0.374 Loaded shared library C:\Users\Dell\.jdks\ms-17.0.17\bin\instrument.dll
Event: 0.400 Loaded shared library C:\Users\Dell\.jdks\ms-17.0.17\bin\net.dll
Event: 0.425 Loaded shared library C:\Users\Dell\.jdks\ms-17.0.17\bin\nio.dll
Event: 0.436 Loaded shared library C:\Users\Dell\.jdks\ms-17.0.17\bin\zip.dll
Event: 1.672 Loaded shared library C:\Users\Dell\.jdks\ms-17.0.17\bin\jimage.dll
Event: 2.402 Loaded shared library C:\Users\Dell\.jdks\ms-17.0.17\bin\verify.dll
Event: 2.901 Loaded shared library C:\Users\Dell\.gradle\native\1def1411415f61bf3af743bc5b6707747c0891f09f0c88961ee8f79bc544acac\windows-amd64\native-platform.dll
Event: 2.999 Loaded shared library C:\Users\Dell\.gradle\native\0.2.7\x86_64-windows-gnu\gradle-fileevents.dll
Event: 5.689 Loaded shared library C:\Users\Dell\.jdks\ms-17.0.17\bin\management.dll
Event: 5.702 Loaded shared library C:\Users\Dell\.jdks\ms-17.0.17\bin\management_ext.dll
Event: 7.116 Loaded shared library C:\Users\Dell\.jdks\ms-17.0.17\bin\extnet.dll
Event: 8.889 Loaded shared library C:\Users\Dell\.jdks\ms-17.0.17\bin\sunmscapi.dll

Deoptimization events (20 events):
Event: 32.110 Thread 0x000002206762c530 DEOPT PACKING pc=0x0000022051e79c31 sp=0x00000073035f8e60
Event: 32.110 Thread 0x000002206762c530 DEOPT UNPACKING pc=0x0000022058a37143 sp=0x00000073035f8358 mode 0
Event: 32.110 Thread 0x000002206762c530 DEOPT PACKING pc=0x0000022051e79c31 sp=0x00000073035f8f10
Event: 32.110 Thread 0x000002206762c530 DEOPT UNPACKING pc=0x0000022058a37143 sp=0x00000073035f8408 mode 0
Event: 32.117 Thread 0x000002206762c530 Uncommon trap: trap_request=0xffffff45 fr.pc=0x0000022058fe714c relative=0x000000000000092c
Event: 32.117 Thread 0x000002206762c530 Uncommon trap: reason=unstable_if action=reinterpret pc=0x0000022058fe714c method=org.gradle.internal.snapshot.VfsRelativePath.compareToFirstSegment(Ljava/lang/String;Lorg/gradle/internal/snapshot/CaseSensitivity;)I @ 134 c2
Event: 32.117 Thread 0x000002206762c530 DEOPT PACKING pc=0x0000022058fe714c sp=0x00000073035f8590
Event: 32.117 Thread 0x000002206762c530 DEOPT UNPACKING pc=0x0000022058a369a3 sp=0x00000073035f8438 mode 2
Event: 32.117 Thread 0x000002206762c530 Uncommon trap: trap_request=0xffffff45 fr.pc=0x0000022058fe87ec relative=0x000000000000084c
Event: 32.117 Thread 0x000002206762c530 Uncommon trap: reason=unstable_if action=reinterpret pc=0x0000022058fe87ec method=org.gradle.internal.snapshot.VfsRelativePath.compareToFirstSegment(Ljava/lang/String;Lorg/gradle/internal/snapshot/CaseSensitivity;)I @ 134 c2
Event: 32.117 Thread 0x000002206762c530 DEOPT PACKING pc=0x0000022058fe87ec sp=0x00000073035f84b0
Event: 32.117 Thread 0x000002206762c530 DEOPT UNPACKING pc=0x0000022058a369a3 sp=0x00000073035f8430 mode 2
Event: 32.155 Thread 0x000002206762c530 Uncommon trap: trap_request=0xfffffff4 fr.pc=0x00000220590f83fc relative=0x000000000000069c
Event: 32.155 Thread 0x000002206762c530 Uncommon trap: reason=null_check action=make_not_entrant pc=0x00000220590f83fc method=org.gradle.util.internal.SimpleMapInterner.intern(Ljava/lang/Object;)Ljava/lang/Object; @ 2 c2
Event: 32.155 Thread 0x000002206762c530 DEOPT PACKING pc=0x00000220590f83fc sp=0x00000073035f91f0
Event: 32.155 Thread 0x000002206762c530 DEOPT UNPACKING pc=0x0000022058a369a3 sp=0x00000073035f91b8 mode 2
Event: 32.155 Thread 0x000002206762c530 Uncommon trap: trap_request=0xffffff45 fr.pc=0x0000022058fa4d20 relative=0x00000000000006c0
Event: 32.155 Thread 0x000002206762c530 Uncommon trap: reason=unstable_if action=reinterpret pc=0x0000022058fa4d20 method=org.gradle.util.internal.SimpleMapInterner.intern(Ljava/lang/String;)Ljava/lang/String; @ 1 c2
Event: 32.155 Thread 0x000002206762c530 DEOPT PACKING pc=0x0000022058fa4d20 sp=0x00000073035f9180
Event: 32.155 Thread 0x000002206762c530 DEOPT UNPACKING pc=0x0000022058a369a3 sp=0x00000073035f9148 mode 2

Classes loaded (20 events):
Event: 23.685 Loading class java/io/SerialCallbackContext
Event: 23.686 Loading class java/io/SerialCallbackContext done
Event: 24.301 Loading class java/util/DualPivotQuicksort
Event: 24.302 Loading class java/util/DualPivotQuicksort done
Event: 24.421 Loading class java/util/function/LongUnaryOperator
Event: 24.422 Loading class java/util/function/LongUnaryOperator done
Event: 27.352 Loading class java/util/Collections$ReverseComparator
Event: 27.353 Loading class java/util/Collections$ReverseComparator done
Event: 27.353 Loading class java/util/Collections$ReverseComparator2
Event: 27.353 Loading class java/util/Collections$ReverseComparator2 done
Event: 27.676 Loading class sun/reflect/ReflectionFactory
Event: 27.676 Loading class sun/reflect/ReflectionFactory done
Event: 27.677 Loading class sun/reflect/ReflectionFactory$1
Event: 27.677 Loading class sun/reflect/ReflectionFactory$1 done
Event: 29.794 Loading class jdk/internal/access/foreign/MemorySegmentProxy
Event: 29.794 Loading class jdk/internal/access/foreign/MemorySegmentProxy done
Event: 32.036 Loading class java/util/stream/SortedOps$RefSortingSink
Event: 32.037 Loading class java/util/stream/SortedOps$RefSortingSink done
Event: 32.053 Loading class java/time/Ser
Event: 32.054 Loading class java/time/Ser done

Classes unloaded (0 events):
No events

Classes redefined (0 events):
No events

Internal exceptions (20 events):
Event: 25.617 Thread 0x000002206762c530 Exception <a 'java/lang/NoSuchMethodError'{0x0000000083290030}: 'void java.lang.invoke.DirectMethodHandle$Holder.invokeStatic(java.lang.Object, java.lang.Object, java.lang.Object, int, java.lang.Object)'> (0x0000000083290030) 
thrown [s\src\hotspot\share\interpreter\linkResolver.cpp, line 759]
Event: 27.681 Thread 0x000002206762c530 Exception <a 'java/lang/NoSuchMethodError'{0x000000008372be00}: 'java.lang.Object java.lang.invoke.DirectMethodHandle$Holder.newInvokeSpecial(java.lang.Object, java.lang.Object, java.lang.Object, java.lang.Object, int, java.lang.Object)'> (0x000000008372be00) 
thrown [s\src\hotspot\share\interpreter\linkResolver.cpp, line 759]
Event: 27.681 Thread 0x000002206762c530 Exception <a 'java/lang/NoSuchMethodError'{0x0000000083734c90}: 'java.lang.Object java.lang.invoke.Invokers$Holder.linkToTargetMethod(java.lang.Object, java.lang.Object, java.lang.Object, int, java.lang.Object, java.lang.Object)'> (0x0000000083734c90) 
thrown [s\src\hotspot\share\interpreter\linkResolver.cpp, line 759]
Event: 29.029 Thread 0x000002206762c530 Exception <a 'java/lang/NoSuchMethodError'{0x0000000084b51290}: 'java.lang.Object java.lang.invoke.DirectMethodHandle$Holder.invokeSpecialIFC(java.lang.Object, java.lang.Object, java.lang.Object)'> (0x0000000084b51290) 
thrown [s\src\hotspot\share\interpreter\linkResolver.cpp, line 759]
Event: 30.885 Thread 0x0000022067902c50 Implicit null exception at 0x00000220590befee to 0x00000220590bfa18
Event: 30.937 Thread 0x000002206762c530 Implicit null exception at 0x00000220590befee to 0x00000220590bfa18
Event: 30.950 Thread 0x0000022067902c50 Implicit null exception at 0x00000220590befee to 0x00000220590bfa18
Event: 30.981 Thread 0x0000022067901810 Implicit null exception at 0x00000220590befee to 0x00000220590bfa18
Event: 31.052 Thread 0x0000022067902c50 Implicit null exception at 0x00000220592b620a to 0x00000220592b6b40
Event: 32.034 Thread 0x000002206762c530 Exception <a 'java/lang/NoSuchMethodError'{0x00000000849b51c8}: 'long java.lang.invoke.DirectMethodHandle$Holder.invokeVirtual(java.lang.Object, java.lang.Object)'> (0x00000000849b51c8) 
thrown [s\src\hotspot\share\interpreter\linkResolver.cpp, line 759]
Event: 32.043 Thread 0x000002206762f7d0 Exception <a 'java/lang/NoSuchMethodError'{0x00000000849eaf08}: static Lorg/gradle/internal/build/event/types/DefaultOperationFinishedProgressEvent;.<clinit>()V> (0x00000000849eaf08) 
thrown [s\src\hotspot\share\prims\jni.cpp, line 1112]
Event: 32.046 Thread 0x000002206762f7d0 Exception <a 'java/lang/NoSuchMethodError'{0x0000000084827d08}: static Lorg/gradle/internal/build/event/types/DefaultProjectConfigurationSuccessResult;.<clinit>()V> (0x0000000084827d08) 
thrown [s\src\hotspot\share\prims\jni.cpp, line 1112]
Event: 32.047 Thread 0x000002206762f7d0 Exception <a 'java/lang/NoSuchMethodError'{0x00000000848292a0}: static Lorg/gradle/internal/build/event/types/AbstractProjectConfigurationResult;.<clinit>()V> (0x00000000848292a0) 
thrown [s\src\hotspot\share\prims\jni.cpp, line 1112]
Event: 32.047 Thread 0x000002206762f7d0 Exception <a 'java/lang/NoSuchMethodError'{0x000000008482a9e8}: static Lorg/gradle/internal/build/event/types/AbstractOperationResult;.<clinit>()V> (0x000000008482a9e8) 
thrown [s\src\hotspot\share\prims\jni.cpp, line 1112]
Event: 32.047 Thread 0x000002206762f7d0 Exception <a 'java/lang/NoSuchMethodError'{0x000000008482be60}: static Lorg/gradle/internal/build/event/types/AbstractResult;.<clinit>()V> (0x000000008482be60) 
thrown [s\src\hotspot\share\prims\jni.cpp, line 1112]
Event: 32.051 Thread 0x000002206762f7d0 Exception <a 'java/lang/NoSuchMethodError'{0x00000000848574c0}: static Lorg/gradle/internal/build/event/types/DefaultPluginApplicationResult;.<clinit>()V> (0x00000000848574c0) 
thrown [s\src\hotspot\share\prims\jni.cpp, line 1112]
Event: 32.052 Thread 0x000002206762f7d0 Exception <a 'java/lang/NoSuchMethodError'{0x0000000084864078}: static Lorg/gradle/internal/build/event/types/DefaultBinaryPluginIdentifier;.<clinit>()V> (0x0000000084864078) 
thrown [s\src\hotspot\share\prims\jni.cpp, line 1112]
Event: 32.057 Thread 0x000002206762f7d0 Exception <a 'java/lang/NoSuchMethodError'{0x00000000848b64b8}: static Lorg/gradle/internal/build/event/types/DefaultScriptPluginIdentifier;.<clinit>()V> (0x00000000848b64b8) 
thrown [s\src\hotspot\share\prims\jni.cpp, line 1112]
Event: 32.155 Thread 0x000002206762c530 Implicit null exception at 0x00000220590f7d8f to 0x00000220590f83ec
Event: 32.155 Thread 0x000002206762c530 Implicit null exception at 0x0000022058fa4694 to 0x0000022058fa4d08

VM Operations (20 events):
Event: 30.480 Executing VM operation: G1CollectForAllocation done
Event: 30.594 Executing VM operation: G1PauseRemark
Event: 30.600 Executing VM operation: G1PauseRemark done
Event: 30.648 Executing VM operation: G1PauseCleanup
Event: 30.648 Executing VM operation: G1PauseCleanup done
Event: 31.219 Executing VM operation: G1CollectForAllocation
Event: 31.224 Executing VM operation: G1CollectForAllocation done
Event: 31.233 Executing VM operation: G1CollectForAllocation
Event: 31.238 Executing VM operation: G1CollectForAllocation done
Event: 31.648 Executing VM operation: G1CollectForAllocation
Event: 31.653 Executing VM operation: G1CollectForAllocation done
Event: 31.786 Executing VM operation: G1PauseRemark
Event: 31.791 Executing VM operation: G1PauseRemark done
Event: 31.841 Executing VM operation: G1PauseCleanup
Event: 31.841 Executing VM operation: G1PauseCleanup done
Event: 32.110 Executing VM operation: G1CollectForAllocation
Event: 32.115 Executing VM operation: G1CollectForAllocation done
Event: 32.126 Executing VM operation: G1CollectForAllocation
Event: 32.130 Executing VM operation: G1CollectForAllocation done
Event: 32.160 Executing VM operation: G1TryInitiateConcMark

Memory protections (0 events):
No events

Nmethod flushes (20 events):
Event: 27.138 Thread 0x00000220675b6100 flushing  nmethod 0x0000022051f40990
Event: 27.138 Thread 0x00000220675b6100 flushing  nmethod 0x0000022051f41210
Event: 27.138 Thread 0x00000220675b6100 flushing  nmethod 0x0000022051f41610
Event: 27.138 Thread 0x00000220675b6100 flushing  nmethod 0x0000022051f41b10
Event: 27.138 Thread 0x00000220675b6100 flushing  nmethod 0x0000022051f42c10
Event: 27.138 Thread 0x00000220675b6100 flushing  nmethod 0x0000022051f44a90
Event: 27.138 Thread 0x00000220675b6100 flushing  nmethod 0x0000022051f45510
Event: 27.138 Thread 0x00000220675b6100 flushing  nmethod 0x0000022051f46210
Event: 27.138 Thread 0x00000220675b6100 flushing  nmethod 0x0000022051f46b90
Event: 27.138 Thread 0x00000220675b6100 flushing  nmethod 0x0000022051f46f10
Event: 27.138 Thread 0x00000220675b6100 flushing  nmethod 0x0000022051f48190
Event: 27.139 Thread 0x00000220675b6100 flushing  nmethod 0x0000022051f50b10
Event: 27.139 Thread 0x00000220675b6100 flushing  nmethod 0x0000022051f53910
Event: 27.139 Thread 0x00000220675b6100 flushing  nmethod 0x0000022051f53c90
Event: 27.139 Thread 0x00000220675b6100 flushing  nmethod 0x0000022051f54610
Event: 27.139 Thread 0x00000220675b6100 flushing  nmethod 0x0000022051f56a10
Event: 27.139 Thread 0x00000220675b6100 flushing  nmethod 0x0000022051f5fb90
Event: 27.139 Thread 0x00000220675b6100 flushing  nmethod 0x0000022051f5ff10
Event: 27.139 Thread 0x00000220675b6100 flushing  nmethod 0x0000022051f70f90
Event: 27.139 Thread 0x00000220675b6100 flushing  nmethod 0x0000022051f72990

Events (20 events):
Event: 10.329 Thread 0x000002206762c530 Thread added: 0x000002206762de80
Event: 10.389 Thread 0x000002206762c530 Thread added: 0x000002206762cf50
Event: 10.443 Thread 0x000002206762c530 Thread added: 0x000002206762e8a0
Event: 12.906 Thread 0x000002206762c530 Thread added: 0x000002206762d970
Event: 13.271 Thread 0x000002206762c530 Thread added: 0x000002206762edb0
Event: 14.262 Thread 0x000002206762c530 Thread added: 0x000002206762c020
Event: 14.278 Thread 0x000002206762c530 Thread added: 0x00000220678fe060
Event: 18.686 Thread 0x000002206762c530 Thread added: 0x0000022067904ab0
Event: 18.834 Thread 0x000002206762c530 Thread added: 0x00000220678ffec0
Event: 19.348 Thread 0x000002206762c530 Thread added: 0x00000220679008e0
Event: 19.471 Thread 0x000002206762c530 Thread added: 0x0000022067901300
Event: 27.480 Thread 0x000002206762c530 Thread added: 0x00000220679045a0
Event: 27.480 Thread 0x000002206762c530 Thread added: 0x0000022067902230
Event: 27.480 Thread 0x000002206762c530 Thread added: 0x00000220679003d0
Event: 27.737 Thread 0x000002206762c530 Thread added: 0x0000022067903670
Event: 27.741 Thread 0x000002206762c530 Thread added: 0x0000022067900df0
Event: 27.745 Thread 0x000002206762c530 Thread added: 0x00000220678ff4a0
Event: 29.031 Thread 0x000002206762c530 Thread added: 0x0000022067902c50
Event: 29.032 Thread 0x000002206762c530 Thread added: 0x0000022067901810
Event: 29.035 Thread 0x000002206762c530 Thread added: 0x0000022067903160


Dynamic libraries:
0x00007ff696780000 - 0x00007ff69678e000 	C:\Users\Dell\.jdks\ms-17.0.17\bin\java.exe
0x00007fff0ec10000 - 0x00007fff0ee08000 	C:\Windows\SYSTEM32\ntdll.dll
0x00007fff0eb00000 - 0x00007fff0ebc2000 	C:\Windows\System32\KERNEL32.DLL
0x00007fff0c5f0000 - 0x00007fff0c8e6000 	C:\Windows\System32\KERNELBASE.dll
0x00007fff0c2a0000 - 0x00007fff0c3a0000 	C:\Windows\System32\ucrtbase.dll
0x00007fff05360000 - 0x00007fff05378000 	C:\Users\Dell\.jdks\ms-17.0.17\bin\jli.dll
0x00007fff05520000 - 0x00007fff0553e000 	C:\Users\Dell\.jdks\ms-17.0.17\bin\VCRUNTIME140.dll
0x00007fff0e0d0000 - 0x00007fff0e271000 	C:\Windows\System32\USER32.dll
0x00007fff0cc00000 - 0x00007fff0cc22000 	C:\Windows\System32\win32u.dll
0x00007ffef9640000 - 0x00007ffef98db000 	C:\Windows\WinSxS\amd64_microsoft.windows.common-controls_6595b64144ccf1df_6.0.19041.6456_none_60b8a6cb71f64256\COMCTL32.dll
0x00007fff0e020000 - 0x00007fff0e0be000 	C:\Windows\System32\msvcrt.dll
0x00007fff0ead0000 - 0x00007fff0eafb000 	C:\Windows\System32\GDI32.dll
0x00007fff0c3d0000 - 0x00007fff0c4e9000 	C:\Windows\System32\gdi32full.dll
0x00007fff0c8f0000 - 0x00007fff0c98d000 	C:\Windows\System32\msvcp_win.dll
0x00007fff0d510000 - 0x00007fff0d53f000 	C:\Windows\System32\IMM32.DLL
0x00007fff07ca0000 - 0x00007fff07cac000 	C:\Users\Dell\.jdks\ms-17.0.17\bin\vcruntime140_1.dll
0x00007ffefaea0000 - 0x00007ffefaf29000 	C:\Users\Dell\.jdks\ms-17.0.17\bin\msvcp140.dll
0x00007ffed7580000 - 0x00007ffed81fa000 	C:\Users\Dell\.jdks\ms-17.0.17\bin\server\jvm.dll
0x00007fff0d770000 - 0x00007fff0d821000 	C:\Windows\System32\ADVAPI32.dll
0x00007fff0d830000 - 0x00007fff0d8cf000 	C:\Windows\System32\sechost.dll
0x00007fff0d8d0000 - 0x00007fff0d9f0000 	C:\Windows\System32\RPCRT4.dll
0x00007fff0c3a0000 - 0x00007fff0c3c7000 	C:\Windows\System32\bcrypt.dll
0x00007fff0da90000 - 0x00007fff0dafb000 	C:\Windows\System32\WS2_32.dll
0x00007fff0b7d0000 - 0x00007fff0b81b000 	C:\Windows\SYSTEM32\POWRPROF.dll
0x00007ffef95a0000 - 0x00007ffef95c7000 	C:\Windows\SYSTEM32\WINMM.dll
0x00007fff097c0000 - 0x00007fff097ca000 	C:\Windows\SYSTEM32\VERSION.dll
0x00007fff0b6a0000 - 0x00007fff0b6b2000 	C:\Windows\SYSTEM32\UMPDC.dll
0x00007fff0aab0000 - 0x00007fff0aac2000 	C:\Windows\SYSTEM32\kernel.appcore.dll
0x00007fff07590000 - 0x00007fff0759a000 	C:\Users\Dell\.jdks\ms-17.0.17\bin\jimage.dll
0x00007fff09fd0000 - 0x00007fff0a1d1000 	C:\Windows\SYSTEM32\DBGHELP.DLL
0x00007fff038f0000 - 0x00007fff03924000 	C:\Windows\SYSTEM32\dbgcore.DLL
0x00007fff0c990000 - 0x00007fff0ca12000 	C:\Windows\System32\bcryptPrimitives.dll
0x00007fff04f80000 - 0x00007fff04f8f000 	C:\Users\Dell\.jdks\ms-17.0.17\bin\instrument.dll
0x00007fff03c20000 - 0x00007fff03c46000 	C:\Users\Dell\.jdks\ms-17.0.17\bin\java.dll
0x00007ffee0040000 - 0x00007ffee0116000 	C:\Users\Dell\.jdks\ms-17.0.17\bin\jsvml.dll
0x00007fff0cda0000 - 0x00007fff0d510000 	C:\Windows\System32\SHELL32.dll
0x00007fff0a1e0000 - 0x00007fff0a985000 	C:\Windows\SYSTEM32\windows.storage.dll
0x00007fff0e770000 - 0x00007fff0eac4000 	C:\Windows\System32\combase.dll
0x00007fff0bcd0000 - 0x00007fff0bcfb000 	C:\Windows\SYSTEM32\Wldp.dll
0x00007fff0e6a0000 - 0x00007fff0e76d000 	C:\Windows\System32\OLEAUT32.dll
0x00007fff0db00000 - 0x00007fff0dbad000 	C:\Windows\System32\SHCORE.dll
0x00007fff0e360000 - 0x00007fff0e3bb000 	C:\Windows\System32\shlwapi.dll
0x00007fff0c1d0000 - 0x00007fff0c1f4000 	C:\Windows\SYSTEM32\profapi.dll
0x00007fff04f50000 - 0x00007fff04f68000 	C:\Users\Dell\.jdks\ms-17.0.17\bin\zip.dll
0x00007fff04c90000 - 0x00007fff04cab000 	C:\Users\Dell\.jdks\ms-17.0.17\bin\net.dll
0x00007fff00ff0000 - 0x00007fff010fa000 	C:\Windows\SYSTEM32\WINHTTP.dll
0x00007fff0ba30000 - 0x00007fff0ba9a000 	C:\Windows\system32\mswsock.dll
0x00007fff01d90000 - 0x00007fff01da6000 	C:\Users\Dell\.jdks\ms-17.0.17\bin\nio.dll
0x00007fff04f00000 - 0x00007fff04f10000 	C:\Users\Dell\.jdks\ms-17.0.17\bin\verify.dll
0x00007ffefa9b0000 - 0x00007ffefa9d7000 	C:\Users\Dell\.gradle\native\1def1411415f61bf3af743bc5b6707747c0891f09f0c88961ee8f79bc544acac\windows-amd64\native-platform.dll
0x00007ffef5670000 - 0x00007ffef56e8000 	C:\Users\Dell\.gradle\native\0.2.7\x86_64-windows-gnu\gradle-fileevents.dll
0x00007fff04ce0000 - 0x00007fff04cea000 	C:\Users\Dell\.jdks\ms-17.0.17\bin\management.dll
0x00007fff04c00000 - 0x00007fff04c0c000 	C:\Users\Dell\.jdks\ms-17.0.17\bin\management_ext.dll
0x00007fff0e0c0000 - 0x00007fff0e0c8000 	C:\Windows\System32\PSAPI.DLL
0x00007fff0b6c0000 - 0x00007fff0b6fb000 	C:\Windows\SYSTEM32\IPHLPAPI.DLL
0x00007fff0cc90000 - 0x00007fff0cc98000 	C:\Windows\System32\NSI.dll
0x00007fff02760000 - 0x00007fff02777000 	C:\Windows\SYSTEM32\dhcpcsvc6.DLL
0x00007fff02da0000 - 0x00007fff02dbd000 	C:\Windows\SYSTEM32\dhcpcsvc.DLL
0x00007fff0b700000 - 0x00007fff0b7ca000 	C:\Windows\SYSTEM32\DNSAPI.dll
0x00007fff04b60000 - 0x00007fff04b69000 	C:\Users\Dell\.jdks\ms-17.0.17\bin\extnet.dll
0x00007fff0bc20000 - 0x00007fff0bc38000 	C:\Windows\SYSTEM32\CRYPTSP.dll
0x00007fff0b2e0000 - 0x00007fff0b318000 	C:\Windows\system32\rsaenh.dll
0x00007fff0c190000 - 0x00007fff0c1be000 	C:\Windows\SYSTEM32\USERENV.dll
0x00007fff0bc40000 - 0x00007fff0bc4c000 	C:\Windows\SYSTEM32\CRYPTBASE.dll
0x00007fff04a00000 - 0x00007fff04a0e000 	C:\Users\Dell\.jdks\ms-17.0.17\bin\sunmscapi.dll
0x00007fff0ca20000 - 0x00007fff0cb7d000 	C:\Windows\System32\CRYPT32.dll
0x00007fff0bd40000 - 0x00007fff0bd67000 	C:\Windows\SYSTEM32\ncrypt.dll
0x00007fff0bd00000 - 0x00007fff0bd3b000 	C:\Windows\SYSTEM32\NTASN1.dll
0x00007fff04a90000 - 0x00007fff04a97000 	C:\Windows\system32\wshunix.dll

dbghelp: loaded successfully - version: 4.0.5 - missing functions: none
symbol engine: initialized successfully - sym options: 0x614 - pdb path: .;C:\Users\Dell\.jdks\ms-17.0.17\bin;C:\Windows\SYSTEM32;C:\Windows\WinSxS\amd64_microsoft.windows.common-controls_6595b64144ccf1df_6.0.19041.6456_none_60b8a6cb71f64256;C:\Users\Dell\.jdks\ms-17.0.17\bin\server;C:\Users\Dell\.gradle\native\1def1411415f61bf3af743bc5b6707747c0891f09f0c88961ee8f79bc544acac\windows-amd64;C:\Users\Dell\.gradle\native\0.2.7\x86_64-windows-gnu

VM Arguments:
jvm_args: --add-opens=java.base/java.lang=ALL-UNNAMED --add-opens=java.base/java.lang.invoke=ALL-UNNAMED --add-opens=java.base/java.util=ALL-UNNAMED --add-opens=java.prefs/java.util.prefs=ALL-UNNAMED --add-exports=jdk.compiler/com.sun.tools.javac.api=ALL-UNNAMED --add-exports=jdk.compiler/com.sun.tools.javac.util=ALL-UNNAMED --add-opens=java.base/java.util=ALL-UNNAMED --add-opens=java.prefs/java.util.prefs=ALL-UNNAMED --add-opens=java.base/java.nio.charset=ALL-UNNAMED --add-opens=java.base/java.net=ALL-UNNAMED --add-opens=java.base/java.util.concurrent.atomic=ALL-UNNAMED --add-opens=java.xml/javax.xml.namespace=ALL-UNNAMED -Xmx2048m -Dfile.encoding=UTF-8 -Duser.country=US -Duser.language=en -Duser.variant -javaagent:C:\Users\Dell\.gradle\wrapper\dists\gradle-8.13-bin\5xuhj0ry160q40clulazy9h7d\gradle-8.13\lib\agents\gradle-instrumentation-agent-8.13.jar 
java_command: org.gradle.launcher.daemon.bootstrap.GradleDaemon 8.13
java_class_path (initial): C:\Users\Dell\.gradle\wrapper\dists\gradle-8.13-bin\5xuhj0ry160q40clulazy9h7d\gradle-8.13\lib\gradle-daemon-main-8.13.jar
Launcher Type: SUN_STANDARD

[Global flags]
     intx CICompilerCount                          = 3                                         {product} {ergonomic}
     uint ConcGCThreads                            = 1                                         {product} {ergonomic}
     uint G1ConcRefinementThreads                  = 4                                         {product} {ergonomic}
   size_t G1HeapRegionSize                         = 1048576                                   {product} {ergonomic}
    uintx GCDrainStackTargetSize                   = 64                                        {product} {ergonomic}
   size_t InitialHeapSize                          = 67108864                                  {product} {ergonomic}
   size_t MarkStackSize                            = 4194304                                   {product} {ergonomic}
   size_t MaxHeapSize                              = 2147483648                                {product} {command line}
   size_t MaxNewSize                               = 1287651328                                {product} {ergonomic}
   size_t MinHeapDeltaBytes                        = 1048576                                   {product} {ergonomic}
   size_t MinHeapSize                              = 8388608                                   {product} {ergonomic}
    uintx NonNMethodCodeHeapSize                   = 5832780                                {pd product} {ergonomic}
    uintx NonProfiledCodeHeapSize                  = 122912730                              {pd product} {ergonomic}
    uintx ProfiledCodeHeapSize                     = 122912730                              {pd product} {ergonomic}
    uintx ReservedCodeCacheSize                    = 251658240                              {pd product} {ergonomic}
     bool SegmentedCodeCache                       = true                                      {product} {ergonomic}
   size_t SoftMaxHeapSize                          = 2147483648                             {manageable} {ergonomic}
     bool UseCompressedClassPointers               = true                           {product lp64_product} {ergonomic}
     bool UseCompressedOops                        = true                           {product lp64_product} {ergonomic}
     bool UseG1GC                                  = true                                      {product} {ergonomic}
     bool UseLargePagesIndividualAllocation        = false                                  {pd product} {ergonomic}

Logging:
Log output configuration:
 #0: stdout all=warning uptime,level,tags
 #1: stderr all=off uptime,level,tags

Environment Variables:
PATH=C:\Program Files\Common Files\Oracle\Java\javapath;E:\oracle\product\10.2.0\db_1\bin;C:\Windows\system32;C:\Windows;C:\Windows\System32\Wbem;C:\Windows\System32\WindowsPowerShell\v1.0\;C:\Windows\System32\OpenSSH\;C:\Program Files (x86)\Intel\Intel(R) Management Engine Components\DAL;C:\Program Files\Intel\Intel(R) Management Engine Components\DAL;C:\Program Files\Microsoft SQL Server\150\Tools\Binn\;C:\Program Files\Microsoft SQL Server\Client SDK\ODBC\170\Tools\Binn\;C:\Program Files\dotnet\;C:\Program Files (x86)\Microsoft SQL Server\160\Tools\Binn\;C:\Program Files\Microsoft SQL Server\160\Tools\Binn\;C:\Program Files\Microsoft SQL Server\160\DTS\Binn\;C:\Users\Dell\AppData\Local\Microsoft\WindowsApps;C:\Users\Dell\.dotnet\tools;C:\Users\Dell\AppData\Local\GitHubDesktop\bin
USERNAME=Dell
OS=Windows_NT
PROCESSOR_IDENTIFIER=Intel64 Family 6 Model 142 Stepping 9, GenuineIntel
TMP=C:\Users\Dell\AppData\Local\Temp
TEMP=C:\Users\Dell\AppData\Local\Temp



Periodic native trim disabled


---------------  S Y S T E M  ---------------

OS:
 Windows 10 , 64 bit Build 19041 (10.0.19041.5915)
OS uptime: 0 days 10:18 hours

CPU: total 4 (initial active 4) (2 cores per cpu, 2 threads per core) family 6 model 142 stepping 9 microcode 0xea, cx8, cmov, fxsr, ht, mmx, 3dnowpref, sse, sse2, sse3, ssse3, sse4.1, sse4.2, popcnt, lzcnt, tsc, tscinvbit, avx, avx2, aes, erms, clmul, bmi1, bmi2, adx, fma, vzeroupper, clflush, clflushopt
Processor Information for the first 4 processors :
  Max Mhz: 2701, Current Mhz: 2701, Mhz Limit: 2701

Memory: 4k page, system-wide physical 3994M (236M free)
TotalPageFile size 16282M (AvailPageFile size 47M)
current process WorkingSet (physical memory assigned to process): 219M, peak: 245M
current process commit charge ("private bytes"): 291M, peak: 439M

vm_info: OpenJDK 64-Bit Server VM (17.0.17+10-LTS) for windows-amd64 JRE (17.0.17+10-LTS), built on Oct 13 2025 22:19:56 by "MicrosoftCorporation" with unknown MS VC++:1944

END.
